2023-07-27 00:11:50,061 DEBUG [ForkJoinPool.commonPool-worker-1] o.h.p.e.AbstractEntityPersister [AbstractEntityPersister.java:2880] - Static SQL for entity: de.fhdw.freefeser.app.databases.entities.AppChatbot
2023-07-27 00:11:50,069 DEBUG [ForkJoinPool.commonPool-worker-1] o.h.p.e.AbstractEntityPersister [AbstractEntityPersister.java:2885] -  Version select: /* get version de.fhdw.freefeser.app.databases.entities.AppChatbot */ select id from AppChatbot where id=?
2023-07-27 00:11:50,069 DEBUG [ForkJoinPool.commonPool-worker-1] o.h.p.e.AbstractEntityPersister [AbstractEntityPersister.java:2891] -  Insert (0): /* insert for de.fhdw.freefeser.app.databases.entities.AppChatbot */insert into AppChatbot (active,botname,id) values (?,?,?)
2023-07-27 00:11:50,070 DEBUG [ForkJoinPool.commonPool-worker-1] o.h.p.e.AbstractEntityPersister [AbstractEntityPersister.java:2898] -  Update (0): /* update for de.fhdw.freefeser.app.databases.entities.AppChatbot */update AppChatbot set active=?,botname=? where id=?
2023-07-27 00:11:50,071 DEBUG [ForkJoinPool.commonPool-worker-1] o.h.p.e.AbstractEntityPersister [AbstractEntityPersister.java:2904] -  Delete (0): /* delete for de.fhdw.freefeser.app.databases.entities.AppChatbot */delete from AppChatbot where id=?
2023-07-27 00:11:50,101 DEBUG [ForkJoinPool.commonPool-worker-1] o.h.o.s.a.create [SqlAliasBaseImpl.java:34] - Created new SQL alias : a1_0
2023-07-27 00:11:50,109 DEBUG [ForkJoinPool.commonPool-worker-1] o.h.o.s.a.create [SimpleFromClauseAccessImpl.java:98] - Registration of TableGroup [StandardTableGroup(de.fhdw.freefeser.app.databases.entities.AppChatbot)] with identifierForTableGroup [de.fhdw.freefeser.app.databases.entities.AppChatbot] for NavigablePath [de.fhdw.freefeser.app.databases.entities.AppChatbot] 
2023-07-27 00:11:50,144 DEBUG [ForkJoinPool.commonPool-worker-1] o.h.o.r.g.AST [DomainResultGraphPrinter.java:70] - DomainResult Graph:
 \-EntityResultImpl [de.fhdw.freefeser.app.databases.entities.AppChatbot]
 |  +-BasicFetch [de.fhdw.freefeser.app.databases.entities.AppChatbot.active]
 |  \-BasicFetch [de.fhdw.freefeser.app.databases.entities.AppChatbot.botname]

2023-07-27 00:11:50,151 DEBUG [ForkJoinPool.commonPool-worker-1] o.h.o.s.a.tree [SqlTreePrinter.java:46] - SQL AST Tree:
    SelectStatement {
      FromClause {
        StandardTableGroup (a1 : de.fhdw.freefeser.app.databases.entities.AppChatbot) {
          primaryTableReference : AppChatbot as a1_0
        }
      }
    }

2023-07-27 00:11:50,175 DEBUG [ForkJoinPool.commonPool-worker-1] o.h.p.e.AbstractEntityPersister [AbstractEntityPersister.java:2880] - Static SQL for entity: de.fhdw.freefeser.app.databases.entities.AppChatMessage
2023-07-27 00:11:50,176 DEBUG [ForkJoinPool.commonPool-worker-1] o.h.p.e.AbstractEntityPersister [AbstractEntityPersister.java:2885] -  Version select: /* get version de.fhdw.freefeser.app.databases.entities.AppChatMessage */ select id from AppChatMessage where id=?
2023-07-27 00:11:50,176 DEBUG [ForkJoinPool.commonPool-worker-1] o.h.p.e.AbstractEntityPersister [AbstractEntityPersister.java:2891] -  Insert (0): /* insert for de.fhdw.freefeser.app.databases.entities.AppChatMessage */insert into AppChatMessage (chatbot_id,text,timestamp,user_id,id) values (?,?,?,?,?)
2023-07-27 00:11:50,176 DEBUG [ForkJoinPool.commonPool-worker-1] o.h.p.e.AbstractEntityPersister [AbstractEntityPersister.java:2898] -  Update (0): /* update for de.fhdw.freefeser.app.databases.entities.AppChatMessage */update AppChatMessage set chatbot_id=?,text=?,timestamp=?,user_id=? where id=?
2023-07-27 00:11:50,176 DEBUG [ForkJoinPool.commonPool-worker-1] o.h.p.e.AbstractEntityPersister [AbstractEntityPersister.java:2904] -  Delete (0): /* delete for de.fhdw.freefeser.app.databases.entities.AppChatMessage */delete from AppChatMessage where id=?
2023-07-27 00:11:50,176 DEBUG [ForkJoinPool.commonPool-worker-1] o.h.o.s.a.create [SqlAliasBaseImpl.java:34] - Created new SQL alias : a1_0
2023-07-27 00:11:50,176 DEBUG [ForkJoinPool.commonPool-worker-1] o.h.o.s.a.create [SimpleFromClauseAccessImpl.java:98] - Registration of TableGroup [StandardTableGroup(de.fhdw.freefeser.app.databases.entities.AppChatMessage)] with identifierForTableGroup [de.fhdw.freefeser.app.databases.entities.AppChatMessage] for NavigablePath [de.fhdw.freefeser.app.databases.entities.AppChatMessage] 
2023-07-27 00:11:50,185 DEBUG [ForkJoinPool.commonPool-worker-1] o.h.o.s.a.create [SimpleFromClauseAccessImpl.java:98] - Registration of TableGroup [org.hibernate.sql.ast.tree.from.LazyTableGroup@3b656522] with identifierForTableGroup [de.fhdw.freefeser.app.databases.entities.AppChatMessage.chatbot] for NavigablePath [de.fhdw.freefeser.app.databases.entities.AppChatMessage.chatbot] 
2023-07-27 00:11:50,190 DEBUG [ForkJoinPool.commonPool-worker-1] o.h.o.s.a.create [SimpleFromClauseAccessImpl.java:98] - Registration of TableGroup [org.hibernate.sql.ast.tree.from.LazyTableGroup@7be1b79b] with identifierForTableGroup [de.fhdw.freefeser.app.databases.entities.AppChatMessage.user] for NavigablePath [de.fhdw.freefeser.app.databases.entities.AppChatMessage.user] 
2023-07-27 00:11:50,191 DEBUG [ForkJoinPool.commonPool-worker-1] o.h.o.r.g.AST [DomainResultGraphPrinter.java:70] - DomainResult Graph:
 \-EntityResultImpl [de.fhdw.freefeser.app.databases.entities.AppChatMessage]
 |  +-EntityDelayedFetchImpl [de.fhdw.freefeser.app.databases.entities.AppChatMessage.chatbot]
 |  +-BasicFetch [de.fhdw.freefeser.app.databases.entities.AppChatMessage.text]
 |  +-BasicFetch [de.fhdw.freefeser.app.databases.entities.AppChatMessage.timestamp]
 |  \-EntityDelayedFetchImpl [de.fhdw.freefeser.app.databases.entities.AppChatMessage.user]

2023-07-27 00:11:50,194 DEBUG [ForkJoinPool.commonPool-worker-1] o.h.o.s.a.tree [SqlTreePrinter.java:46] - SQL AST Tree:
    SelectStatement {
      FromClause {
        StandardTableGroup (a1 : de.fhdw.freefeser.app.databases.entities.AppChatMessage) {
          primaryTableReference : AppChatMessage as a1_0
          TableGroupJoins {
            left  join LazyTableGroup (c1 : de.fhdw.freefeser.app.databases.entities.AppChatMessage.chatbot) {
            }
            left  join LazyTableGroup (u1 : de.fhdw.freefeser.app.databases.entities.AppChatMessage.user) {
            }
          }
        }
      }
    }

2023-07-27 00:11:50,196 DEBUG [ForkJoinPool.commonPool-worker-1] o.h.p.e.AbstractEntityPersister [AbstractEntityPersister.java:2880] - Static SQL for entity: de.fhdw.freefeser.app.databases.entities.AppUser
2023-07-27 00:11:50,197 DEBUG [ForkJoinPool.commonPool-worker-1] o.h.p.e.AbstractEntityPersister [AbstractEntityPersister.java:2885] -  Version select: /* get version de.fhdw.freefeser.app.databases.entities.AppUser */ select id from AppUser where id=?
2023-07-27 00:11:50,197 DEBUG [ForkJoinPool.commonPool-worker-1] o.h.p.e.AbstractEntityPersister [AbstractEntityPersister.java:2891] -  Insert (0): /* insert for de.fhdw.freefeser.app.databases.entities.AppUser */insert into AppUser (password,username,id) values (?,?,?)
2023-07-27 00:11:50,197 DEBUG [ForkJoinPool.commonPool-worker-1] o.h.p.e.AbstractEntityPersister [AbstractEntityPersister.java:2898] -  Update (0): /* update for de.fhdw.freefeser.app.databases.entities.AppUser */update AppUser set password=?,username=? where id=?
2023-07-27 00:11:50,197 DEBUG [ForkJoinPool.commonPool-worker-1] o.h.p.e.AbstractEntityPersister [AbstractEntityPersister.java:2904] -  Delete (0): /* delete for de.fhdw.freefeser.app.databases.entities.AppUser */delete from AppUser where id=?
2023-07-27 00:11:50,197 DEBUG [ForkJoinPool.commonPool-worker-1] o.h.o.s.a.create [SqlAliasBaseImpl.java:34] - Created new SQL alias : a1_0
2023-07-27 00:11:50,197 DEBUG [ForkJoinPool.commonPool-worker-1] o.h.o.s.a.create [SimpleFromClauseAccessImpl.java:98] - Registration of TableGroup [StandardTableGroup(de.fhdw.freefeser.app.databases.entities.AppUser)] with identifierForTableGroup [de.fhdw.freefeser.app.databases.entities.AppUser] for NavigablePath [de.fhdw.freefeser.app.databases.entities.AppUser] 
2023-07-27 00:11:50,198 DEBUG [ForkJoinPool.commonPool-worker-1] o.h.o.r.g.AST [DomainResultGraphPrinter.java:70] - DomainResult Graph:
 \-EntityResultImpl [de.fhdw.freefeser.app.databases.entities.AppUser]
 |  +-BasicFetch [de.fhdw.freefeser.app.databases.entities.AppUser.password]
 |  \-BasicFetch [de.fhdw.freefeser.app.databases.entities.AppUser.username]

2023-07-27 00:11:50,198 DEBUG [ForkJoinPool.commonPool-worker-1] o.h.o.s.a.tree [SqlTreePrinter.java:46] - SQL AST Tree:
    SelectStatement {
      FromClause {
        StandardTableGroup (a1 : de.fhdw.freefeser.app.databases.entities.AppUser) {
          primaryTableReference : AppUser as a1_0
        }
      }
    }

2023-07-27 00:11:50,245 DEBUG [ForkJoinPool.commonPool-worker-1] o.h.s.i.SessionFactoryServiceRegistryImpl [SessionFactoryServiceRegistryImpl.java:91] - EventListenerRegistry access via ServiceRegistry is deprecated.  Use `sessionFactory.getEventEngine().getListenerRegistry()` instead
2023-07-27 00:11:50,246 DEBUG [ForkJoinPool.commonPool-worker-1] o.h.e.i.EntityCopyObserverFactoryInitiator [EntityCopyObserverFactoryInitiator.java:39] - Configured EntityCopyObserver strategy: disallow
2023-07-27 00:11:50,260 DEBUG [ForkJoinPool.commonPool-worker-1] o.h.t.s.TypeConfiguration$Scope [TypeConfiguration.java:203] - Scoping TypeConfiguration [org.hibernate.type.spi.TypeConfiguration@13006588] to SessionFactoryImplementor [org.hibernate.internal.SessionFactoryImpl@4a2e18b1]
2023-07-27 00:11:50,261 DEBUG [ForkJoinPool.commonPool-worker-1] o.h.q.n.NamedObjectRepository [NamedObjectRepositoryImpl.java:234] - Checking 0 named HQL queries
2023-07-27 00:11:50,261 DEBUG [ForkJoinPool.commonPool-worker-1] o.h.q.n.NamedObjectRepository [NamedObjectRepositoryImpl.java:251] - Checking 0 named SQL queries
2023-07-27 00:11:50,294 INFO [ForkJoinPool.commonPool-worker-1] o.h.o.c.access [DdlTransactionIsolatorNonJtaImpl.java:52] - HHH10001501: Connection obtained from JdbcConnectionAccess [org.hibernate.engine.jdbc.env.internal.JdbcEnvironmentInitiator$ConnectionProviderJdbcConnectionAccess@62823b3b] for (non-JTA) DDL execution was not in auto-commit mode; the Connection 'local transaction' will be committed and the Connection will be set into auto-commit mode.
2023-07-27 00:11:50,371 DEBUG [ForkJoinPool.commonPool-worker-1] o.h.m.Table [StandardTableMigrator.java:101] - No alter strings for table : AppChatbot
2023-07-27 00:11:50,375 DEBUG [ForkJoinPool.commonPool-worker-1] o.h.SQL [SqlStatementLogger.java:133] - 
    alter table if exists AppChatMessage 
       alter column timestamp set data type timestamp(6)
2023-07-27 00:11:50,383 DEBUG [ForkJoinPool.commonPool-worker-1] o.h.m.Table [StandardTableMigrator.java:101] - No alter strings for table : AppUser
2023-07-27 00:11:50,410 DEBUG [ForkJoinPool.commonPool-worker-1] o.h.i.SessionFactoryRegistry [SessionFactoryRegistry.java:52] - Initializing SessionFactoryRegistry : org.hibernate.internal.SessionFactoryRegistry@64bdd89
2023-07-27 00:11:50,410 DEBUG [ForkJoinPool.commonPool-worker-1] o.h.i.SessionFactoryRegistry [SessionFactoryRegistry.java:74] - Registering SessionFactory: 6c41d538-5a36-463d-8edd-f8e3552334f3 (<unnamed>)
2023-07-27 00:11:50,410 DEBUG [ForkJoinPool.commonPool-worker-1] o.h.i.SessionFactoryRegistry [SessionFactoryRegistry.java:81] - Not binding SessionFactory to JNDI, no JNDI name configured
2023-07-27 00:11:50,410 DEBUG [ForkJoinPool.commonPool-worker-1] o.h.i.SessionFactoryImpl [SessionFactoryImpl.java:311] - Instantiated SessionFactory
2023-07-27 00:11:50,467 DEBUG [ForkJoinPool.commonPool-worker-1] o.h.s.i.StatisticsInitiator [StatisticsInitiator.java:88] - Statistics initialized [enabled=false]
2023-07-27 00:11:50,475 DEBUG [ForkJoinPool.commonPool-worker-1] o.h.o.q.hql [StandardHqlTranslator.java:75] - HQL : FROM AppUser u WHERE u.username = :username
2023-07-27 00:11:50,745 DEBUG [ForkJoinPool.commonPool-worker-1] o.h.q.h.i.SemanticQueryBuilder [SemanticQueryBuilder.java:1904] - Handling root path - AppUser
2023-07-27 00:11:50,755 DEBUG [ForkJoinPool.commonPool-worker-1] o.h.q.h.i.SemanticQueryBuilder [SemanticQueryBuilder.java:1151] - Encountered implicit select clause : FROMAppUseruWHEREu.username=:username
2023-07-27 00:11:50,771 DEBUG [ForkJoinPool.commonPool-worker-1] o.h.o.q.s.creation [AbstractSqmExpression.java:57] - Applying inferable type to SqmExpression [SqmNamedParameter(username)] : null -> BasicSqmPathSource(username : String)
2023-07-27 00:11:50,787 DEBUG [ForkJoinPool.commonPool-worker-1] o.h.o.q.s.ast [SqmTreePrinter.java:168] - SqmStatement Tree :
    -> [select]
      -> [query-spec]
        -> [select]
          -> [selection]
            -> [root] - `de.fhdw.freefeser.app.databases.entities.AppUser(u)`
            <- [root] - `de.fhdw.freefeser.app.databases.entities.AppUser(u)`
          <- [selection]
        <- [select]
        -> [from]
          -> [root] - `de.fhdw.freefeser.app.databases.entities.AppUser(u)`
          <- [root] - `de.fhdw.freefeser.app.databases.entities.AppUser(u)`
        <- [from]
        -> [where]
          -> [EQUAL]
              -> [basic-path] - `de.fhdw.freefeser.app.databases.entities.AppUser(u).username`
              :username
          <- [EQUAL]
        <- [where]
      <- [query-spec]
    <- [select]

2023-07-27 00:11:50,872 DEBUG [ForkJoinPool.commonPool-worker-1] o.h.o.s.a.create [SqlAliasBaseImpl.java:34] - Created new SQL alias : a1_0
2023-07-27 00:11:50,873 DEBUG [ForkJoinPool.commonPool-worker-1] o.h.o.s.a.create [SimpleFromClauseAccessImpl.java:98] - Registration of TableGroup [StandardTableGroup(de.fhdw.freefeser.app.databases.entities.AppUser(u))] with identifierForTableGroup [de.fhdw.freefeser.app.databases.entities.AppUser] for NavigablePath [de.fhdw.freefeser.app.databases.entities.AppUser] 
2023-07-27 00:11:50,887 DEBUG [ForkJoinPool.commonPool-worker-1] o.h.q.s.s.BaseSqmToSqlAstConverter [BaseSqmToSqlAstConverter.java:5718] - Determining mapping-model type for SqmParameter : SqmNamedParameter(username)
2023-07-27 00:11:50,889 DEBUG [ForkJoinPool.commonPool-worker-1] o.h.q.s.s.BaseSqmToSqlAstConverter [BaseSqmToSqlAstConverter.java:5608] - Determining mapping-model type for SqmPath : SqmBasicValuedSimplePath(de.fhdw.freefeser.app.databases.entities.AppUser(u).username) 
2023-07-27 00:11:50,902 DEBUG [ForkJoinPool.commonPool-worker-1] o.h.o.r.g.AST [DomainResultGraphPrinter.java:70] - DomainResult Graph:
 \-EntityResultImpl [de.fhdw.freefeser.app.databases.entities.AppUser(u)]
 |  +-BasicFetch [de.fhdw.freefeser.app.databases.entities.AppUser(u).password]
 |  \-BasicFetch [de.fhdw.freefeser.app.databases.entities.AppUser(u).username]

2023-07-27 00:11:50,903 DEBUG [ForkJoinPool.commonPool-worker-1] o.h.o.s.a.tree [SqlTreePrinter.java:46] - SQL AST Tree:
    SelectStatement {
      FromClause {
        StandardTableGroup (a1 : de.fhdw.freefeser.app.databases.entities.AppUser(u)) {
          primaryTableReference : AppUser as a1_0
        }
      }
    }

2023-07-27 00:11:50,924 DEBUG [ForkJoinPool.commonPool-worker-1] o.h.o.s.exec [JdbcSelectExecutorStandardImpl.java:455] - Skipping reading Query result cache data: cache-enabled = false, cache-mode = NORMAL
2023-07-27 00:11:50,942 DEBUG [ForkJoinPool.commonPool-worker-1] o.h.o.results [ResultsHelper.java:148] - Initializer list
2023-07-27 00:11:50,944 DEBUG [ForkJoinPool.commonPool-worker-1] o.h.o.results [ResultsHelper.java:150] -     de.fhdw.freefeser.app.databases.entities.AppUser(u) -> EntityResultInitializer(de.fhdw.freefeser.app.databases.entities.AppUser(u))@2146714708 (SingleTableEntityPersister(de.fhdw.freefeser.app.databases.entities.AppUser))
2023-07-27 00:11:50,951 DEBUG [ForkJoinPool.commonPool-worker-1] o.h.SQL [SqlStatementLogger.java:133] - 
    /* 
FROM
    AppUser u 
WHERE
    u.username = :username */ select
        a1_0.id,
        a1_0.password,
        a1_0.username 
    from
        AppUser a1_0 
    where
        a1_0.username=?
2023-07-27 00:11:50,968 DEBUG [ForkJoinPool.commonPool-worker-1] o.h.o.results [BasicResultAssembler.java:62] - Extracted JDBC value [0] - [e3349bd9-76dd-41e9-a4ba-ada5152d2b9a]
2023-07-27 00:11:50,971 DEBUG [ForkJoinPool.commonPool-worker-1] o.h.o.r.l.entity [AbstractEntityInitializer.java:299] - (EntityResultInitializer) Hydrated EntityKey (de.fhdw.freefeser.app.databases.entities.AppUser(u)): e3349bd9-76dd-41e9-a4ba-ada5152d2b9a
2023-07-27 00:11:50,976 DEBUG [ForkJoinPool.commonPool-worker-1] o.h.o.r.l.entity [AbstractEntityInitializer.java:678] - (EntityResultInitializer) Created new entity instance [de.fhdw.freefeser.app.databases.entities.AppUser(u)#e3349bd9-76dd-41e9-a4ba-ada5152d2b9a] : 1670468591
2023-07-27 00:11:50,977 DEBUG [ForkJoinPool.commonPool-worker-1] o.h.o.results [BasicResultAssembler.java:62] - Extracted JDBC value [1] - [1234]
2023-07-27 00:11:50,977 DEBUG [ForkJoinPool.commonPool-worker-1] o.h.o.results [BasicResultAssembler.java:62] - Extracted JDBC value [2] - [philipp]
2023-07-27 00:11:50,991 DEBUG [ForkJoinPool.commonPool-worker-1] o.h.o.r.l.entity [AbstractEntityInitializer.java:878] - (EntityResultInitializer) Done materializing entityInstance : de.fhdw.freefeser.app.databases.entities.AppUser(u)#e3349bd9-76dd-41e9-a4ba-ada5152d2b9a
2023-07-27 00:11:50,992 DEBUG [ForkJoinPool.commonPool-worker-1] o.h.o.r.loading [StandardRowReader.java:93] - Calling top-level assembler (0 / 1) : org.hibernate.sql.results.graph.entity.internal.EntityAssembler@3d065965
