2023-07-27 00:25:15,001 DEBUG [ForkJoinPool.commonPool-worker-1] o.h.t.d.j.s.JdbcTypeRegistry [JdbcTypeRegistry.java:64] - addDescriptor(3100, NumericTypeDescriptor) replaced previous registration(org.hibernate.dialect.H2DurationIntervalSecondJdbcType@18c8bcd8)
2023-07-27 00:25:15,009 DEBUG [ForkJoinPool.commonPool-worker-1] o.h.t.s.TypeConfiguration$Scope [TypeConfiguration.java:191] - Scoping TypeConfiguration [org.hibernate.type.spi.TypeConfiguration@24379a19] to MetadataBuildingContext [org.hibernate.boot.internal.MetadataBuildingContextRootImpl@620cf521]
2023-07-27 00:25:15,057 DEBUG [ForkJoinPool.commonPool-worker-1] o.h.b.m.r.Namespace [Namespace.java:64] - Created database namespace [logicalName=Name{catalog=null, schema=null}, physicalName=Name{catalog=null, schema=null}]
2023-07-27 00:25:15,097 DEBUG [ForkJoinPool.commonPool-worker-1] o.h.b.m.i.EntityBinder [EntityBinder.java:206] - Binding entity from annotated class: de.fhdw.freefeser.app.databases.entities.AppChatbot
2023-07-27 00:25:15,112 DEBUG [ForkJoinPool.commonPool-worker-1] o.h.b.m.i.EntityBinder [EntityBinder.java:1224] - Import with entity name AppChatbot
2023-07-27 00:25:15,123 DEBUG [ForkJoinPool.commonPool-worker-1] o.h.b.m.i.EntityBinder [EntityBinder.java:1769] - Bind entity de.fhdw.freefeser.app.databases.entities.AppChatbot on table AppChatbot
2023-07-27 00:25:15,135 DEBUG [ForkJoinPool.commonPool-worker-1] o.h.b.m.i.AnnotatedColumn [AnnotatedColumn.java:249] - Binding column: AnnotatedDiscriminatorColumn(column='DTYPE')
2023-07-27 00:25:15,166 DEBUG [ForkJoinPool.commonPool-worker-1] o.h.b.m.i.AnnotatedColumn [AnnotatedColumn.java:249] - Binding column: AnnotatedColumn()
2023-07-27 00:25:15,168 DEBUG [ForkJoinPool.commonPool-worker-1] o.h.b.i.ClassLoaderAccessImpl [ClassLoaderAccessImpl.java:60] - Not known whether passed class name [de.fhdw.freefeser.app.databases.entities.AppChatbot] is safe
2023-07-27 00:25:15,169 DEBUG [ForkJoinPool.commonPool-worker-1] o.h.b.i.ClassLoaderAccessImpl [ClassLoaderAccessImpl.java:62] - No temp ClassLoader provided; using live ClassLoader for loading potentially unsafe class : de.fhdw.freefeser.app.databases.entities.AppChatbot
2023-07-27 00:25:15,176 DEBUG [ForkJoinPool.commonPool-worker-1] o.h.b.m.i.PropertyBinder [PropertyBinder.java:248] - MetadataSourceProcessor property id with lazy=false
2023-07-27 00:25:15,184 DEBUG [ForkJoinPool.commonPool-worker-1] o.h.b.m.i.AbstractPropertyHolder [AbstractPropertyHolder.java:107] - Attempting to locate auto-apply AttributeConverter for property [de.fhdw.freefeser.app.databases.entities.AppChatbot:id]
2023-07-27 00:25:15,195 DEBUG [ForkJoinPool.commonPool-worker-1] o.h.b.m.i.BasicValueBinder [BasicValueBinder.java:1196] - building BasicValue for id
2023-07-27 00:25:15,204 DEBUG [ForkJoinPool.commonPool-worker-1] o.h.m.BasicValue [BasicValue.java:259] - Skipping column re-registration: AppChatbot.id
2023-07-27 00:25:15,207 DEBUG [ForkJoinPool.commonPool-worker-1] o.h.b.m.i.PropertyBinder [PropertyBinder.java:388] - Building property id
2023-07-27 00:25:15,216 DEBUG [ForkJoinPool.commonPool-worker-1] o.h.b.m.i.BinderHelper [GeneratorBinder.java:73] - #makeIdGenerator(BasicValue([Column(id)]), id, org.hibernate.id.UUIDGenerator, , ...)
2023-07-27 00:25:15,219 DEBUG [ForkJoinPool.commonPool-worker-1] o.h.b.m.i.AnnotatedColumn [AnnotatedColumn.java:249] - Binding column: AnnotatedColumn()
2023-07-27 00:25:15,220 DEBUG [ForkJoinPool.commonPool-worker-1] o.h.b.m.i.PropertyBinder [PropertyBinder.java:248] - MetadataSourceProcessor property active with lazy=false
2023-07-27 00:25:15,220 DEBUG [ForkJoinPool.commonPool-worker-1] o.h.b.m.i.AbstractPropertyHolder [AbstractPropertyHolder.java:107] - Attempting to locate auto-apply AttributeConverter for property [de.fhdw.freefeser.app.databases.entities.AppChatbot:active]
2023-07-27 00:25:15,221 DEBUG [ForkJoinPool.commonPool-worker-1] o.h.b.m.i.BasicValueBinder [BasicValueBinder.java:1196] - building BasicValue for active
2023-07-27 00:25:15,221 DEBUG [ForkJoinPool.commonPool-worker-1] o.h.m.BasicValue [BasicValue.java:259] - Skipping column re-registration: AppChatbot.active
2023-07-27 00:25:15,222 DEBUG [ForkJoinPool.commonPool-worker-1] o.h.b.m.i.PropertyBinder [PropertyBinder.java:388] - Building property active
2023-07-27 00:25:15,222 DEBUG [ForkJoinPool.commonPool-worker-1] o.h.b.m.i.AnnotatedColumn [AnnotatedColumn.java:249] - Binding column: AnnotatedColumn()
2023-07-27 00:25:15,223 DEBUG [ForkJoinPool.commonPool-worker-1] o.h.b.m.i.PropertyBinder [PropertyBinder.java:248] - MetadataSourceProcessor property botname with lazy=false
2023-07-27 00:25:15,223 DEBUG [ForkJoinPool.commonPool-worker-1] o.h.b.m.i.AbstractPropertyHolder [AbstractPropertyHolder.java:107] - Attempting to locate auto-apply AttributeConverter for property [de.fhdw.freefeser.app.databases.entities.AppChatbot:botname]
2023-07-27 00:25:15,223 DEBUG [ForkJoinPool.commonPool-worker-1] o.h.b.m.i.BasicValueBinder [BasicValueBinder.java:1196] - building BasicValue for botname
2023-07-27 00:25:15,223 DEBUG [ForkJoinPool.commonPool-worker-1] o.h.m.BasicValue [BasicValue.java:259] - Skipping column re-registration: AppChatbot.botname
2023-07-27 00:25:15,224 DEBUG [ForkJoinPool.commonPool-worker-1] o.h.b.m.i.PropertyBinder [PropertyBinder.java:388] - Building property botname
2023-07-27 00:25:15,236 DEBUG [ForkJoinPool.commonPool-worker-1] o.h.b.m.i.EntityBinder [EntityBinder.java:206] - Binding entity from annotated class: de.fhdw.freefeser.app.databases.entities.AppChatMessage
2023-07-27 00:25:15,236 DEBUG [ForkJoinPool.commonPool-worker-1] o.h.b.m.i.EntityBinder [EntityBinder.java:1224] - Import with entity name AppChatMessage
2023-07-27 00:25:15,237 DEBUG [ForkJoinPool.commonPool-worker-1] o.h.b.m.i.EntityBinder [EntityBinder.java:1769] - Bind entity de.fhdw.freefeser.app.databases.entities.AppChatMessage on table AppChatMessage
2023-07-27 00:25:15,237 DEBUG [ForkJoinPool.commonPool-worker-1] o.h.b.m.i.AnnotatedColumn [AnnotatedColumn.java:249] - Binding column: AnnotatedDiscriminatorColumn(column='DTYPE')
2023-07-27 00:25:15,245 DEBUG [ForkJoinPool.commonPool-worker-1] o.h.b.m.i.AnnotatedColumn [AnnotatedColumn.java:249] - Binding column: AnnotatedColumn(column='id')
2023-07-27 00:25:15,245 DEBUG [ForkJoinPool.commonPool-worker-1] o.h.b.i.ClassLoaderAccessImpl [ClassLoaderAccessImpl.java:60] - Not known whether passed class name [de.fhdw.freefeser.app.databases.entities.AppChatMessage] is safe
2023-07-27 00:25:15,245 DEBUG [ForkJoinPool.commonPool-worker-1] o.h.b.i.ClassLoaderAccessImpl [ClassLoaderAccessImpl.java:62] - No temp ClassLoader provided; using live ClassLoader for loading potentially unsafe class : de.fhdw.freefeser.app.databases.entities.AppChatMessage
2023-07-27 00:25:15,245 DEBUG [ForkJoinPool.commonPool-worker-1] o.h.b.m.i.PropertyBinder [PropertyBinder.java:248] - MetadataSourceProcessor property id with lazy=false
2023-07-27 00:25:15,245 DEBUG [ForkJoinPool.commonPool-worker-1] o.h.b.m.i.AbstractPropertyHolder [AbstractPropertyHolder.java:107] - Attempting to locate auto-apply AttributeConverter for property [de.fhdw.freefeser.app.databases.entities.AppChatMessage:id]
2023-07-27 00:25:15,246 DEBUG [ForkJoinPool.commonPool-worker-1] o.h.b.m.i.BasicValueBinder [BasicValueBinder.java:1196] - building BasicValue for id
2023-07-27 00:25:15,246 DEBUG [ForkJoinPool.commonPool-worker-1] o.h.m.BasicValue [BasicValue.java:259] - Skipping column re-registration: AppChatMessage.id
2023-07-27 00:25:15,246 DEBUG [ForkJoinPool.commonPool-worker-1] o.h.b.m.i.PropertyBinder [PropertyBinder.java:388] - Building property id
2023-07-27 00:25:15,246 DEBUG [ForkJoinPool.commonPool-worker-1] o.h.b.m.i.BinderHelper [GeneratorBinder.java:73] - #makeIdGenerator(BasicValue([Column(id)]), id, org.hibernate.id.UUIDGenerator, , ...)
2023-07-27 00:25:15,248 DEBUG [ForkJoinPool.commonPool-worker-1] o.h.b.m.i.AnnotatedColumn [AnnotatedColumn.java:249] - Binding column: AnnotatedJoinColumn()
2023-07-27 00:25:15,249 DEBUG [ForkJoinPool.commonPool-worker-1] o.h.b.m.i.AnnotatedColumn [AnnotatedColumn.java:249] - Binding column: AnnotatedColumn()
2023-07-27 00:25:15,255 DEBUG [ForkJoinPool.commonPool-worker-1] o.h.b.m.i.PropertyBinder [PropertyBinder.java:388] - Building property chatbot
2023-07-27 00:25:15,256 DEBUG [ForkJoinPool.commonPool-worker-1] o.h.b.m.i.AnnotatedColumn [AnnotatedColumn.java:249] - Binding column: AnnotatedColumn(column='text')
2023-07-27 00:25:15,256 DEBUG [ForkJoinPool.commonPool-worker-1] o.h.b.m.i.PropertyBinder [PropertyBinder.java:248] - MetadataSourceProcessor property text with lazy=false
2023-07-27 00:25:15,256 DEBUG [ForkJoinPool.commonPool-worker-1] o.h.b.m.i.AbstractPropertyHolder [AbstractPropertyHolder.java:107] - Attempting to locate auto-apply AttributeConverter for property [de.fhdw.freefeser.app.databases.entities.AppChatMessage:text]
2023-07-27 00:25:15,256 DEBUG [ForkJoinPool.commonPool-worker-1] o.h.b.m.i.BasicValueBinder [BasicValueBinder.java:1196] - building BasicValue for text
2023-07-27 00:25:15,257 DEBUG [ForkJoinPool.commonPool-worker-1] o.h.m.BasicValue [BasicValue.java:259] - Skipping column re-registration: AppChatMessage.text
2023-07-27 00:25:15,257 DEBUG [ForkJoinPool.commonPool-worker-1] o.h.b.m.i.PropertyBinder [PropertyBinder.java:388] - Building property text
2023-07-27 00:25:15,258 DEBUG [ForkJoinPool.commonPool-worker-1] o.h.b.m.i.AnnotatedColumn [AnnotatedColumn.java:249] - Binding column: AnnotatedColumn(column='timestamp')
2023-07-27 00:25:15,260 DEBUG [ForkJoinPool.commonPool-worker-1] o.h.b.m.i.PropertyBinder [PropertyBinder.java:248] - MetadataSourceProcessor property timestamp with lazy=false
2023-07-27 00:25:15,261 DEBUG [ForkJoinPool.commonPool-worker-1] o.h.b.m.i.AbstractPropertyHolder [AbstractPropertyHolder.java:107] - Attempting to locate auto-apply AttributeConverter for property [de.fhdw.freefeser.app.databases.entities.AppChatMessage:timestamp]
2023-07-27 00:25:15,261 DEBUG [ForkJoinPool.commonPool-worker-1] o.h.b.m.i.BasicValueBinder [BasicValueBinder.java:1196] - building BasicValue for timestamp
2023-07-27 00:25:15,261 DEBUG [ForkJoinPool.commonPool-worker-1] o.h.m.BasicValue [BasicValue.java:259] - Skipping column re-registration: AppChatMessage.timestamp
2023-07-27 00:25:15,261 DEBUG [ForkJoinPool.commonPool-worker-1] o.h.b.m.i.PropertyBinder [PropertyBinder.java:388] - Building property timestamp
2023-07-27 00:25:15,262 DEBUG [ForkJoinPool.commonPool-worker-1] o.h.b.m.i.AnnotatedColumn [AnnotatedColumn.java:249] - Binding column: AnnotatedJoinColumn()
2023-07-27 00:25:15,262 DEBUG [ForkJoinPool.commonPool-worker-1] o.h.b.m.i.AnnotatedColumn [AnnotatedColumn.java:249] - Binding column: AnnotatedColumn()
2023-07-27 00:25:15,263 DEBUG [ForkJoinPool.commonPool-worker-1] o.h.b.m.i.PropertyBinder [PropertyBinder.java:388] - Building property user
2023-07-27 00:25:15,264 DEBUG [ForkJoinPool.commonPool-worker-1] o.h.b.m.i.EntityBinder [EntityBinder.java:206] - Binding entity from annotated class: de.fhdw.freefeser.app.databases.entities.AppUser
2023-07-27 00:25:15,265 DEBUG [ForkJoinPool.commonPool-worker-1] o.h.b.m.i.EntityBinder [EntityBinder.java:1224] - Import with entity name AppUser
2023-07-27 00:25:15,266 DEBUG [ForkJoinPool.commonPool-worker-1] o.h.b.m.i.EntityBinder [EntityBinder.java:1769] - Bind entity de.fhdw.freefeser.app.databases.entities.AppUser on table AppUser
2023-07-27 00:25:15,267 DEBUG [ForkJoinPool.commonPool-worker-1] o.h.b.m.i.AnnotatedColumn [AnnotatedColumn.java:249] - Binding column: AnnotatedDiscriminatorColumn(column='DTYPE')
2023-07-27 00:25:15,268 DEBUG [ForkJoinPool.commonPool-worker-1] o.h.b.m.i.AnnotatedColumn [AnnotatedColumn.java:249] - Binding column: AnnotatedColumn()
2023-07-27 00:25:15,268 DEBUG [ForkJoinPool.commonPool-worker-1] o.h.b.i.ClassLoaderAccessImpl [ClassLoaderAccessImpl.java:60] - Not known whether passed class name [de.fhdw.freefeser.app.databases.entities.AppUser] is safe
2023-07-27 00:25:15,269 DEBUG [ForkJoinPool.commonPool-worker-1] o.h.b.i.ClassLoaderAccessImpl [ClassLoaderAccessImpl.java:62] - No temp ClassLoader provided; using live ClassLoader for loading potentially unsafe class : de.fhdw.freefeser.app.databases.entities.AppUser
2023-07-27 00:25:15,269 DEBUG [ForkJoinPool.commonPool-worker-1] o.h.b.m.i.PropertyBinder [PropertyBinder.java:248] - MetadataSourceProcessor property id with lazy=false
2023-07-27 00:25:15,269 DEBUG [ForkJoinPool.commonPool-worker-1] o.h.b.m.i.AbstractPropertyHolder [AbstractPropertyHolder.java:107] - Attempting to locate auto-apply AttributeConverter for property [de.fhdw.freefeser.app.databases.entities.AppUser:id]
2023-07-27 00:25:15,269 DEBUG [ForkJoinPool.commonPool-worker-1] o.h.b.m.i.BasicValueBinder [BasicValueBinder.java:1196] - building BasicValue for id
2023-07-27 00:25:15,269 DEBUG [ForkJoinPool.commonPool-worker-1] o.h.m.BasicValue [BasicValue.java:259] - Skipping column re-registration: AppUser.id
2023-07-27 00:25:15,269 DEBUG [ForkJoinPool.commonPool-worker-1] o.h.b.m.i.PropertyBinder [PropertyBinder.java:388] - Building property id
2023-07-27 00:25:15,269 DEBUG [ForkJoinPool.commonPool-worker-1] o.h.b.m.i.BinderHelper [GeneratorBinder.java:73] - #makeIdGenerator(BasicValue([Column(id)]), id, org.hibernate.id.UUIDGenerator, , ...)
2023-07-27 00:25:15,270 DEBUG [ForkJoinPool.commonPool-worker-1] o.h.b.m.i.AnnotatedColumn [AnnotatedColumn.java:249] - Binding column: AnnotatedColumn()
2023-07-27 00:25:15,270 DEBUG [ForkJoinPool.commonPool-worker-1] o.h.b.m.i.PropertyBinder [PropertyBinder.java:248] - MetadataSourceProcessor property password with lazy=false
2023-07-27 00:25:15,270 DEBUG [ForkJoinPool.commonPool-worker-1] o.h.b.m.i.AbstractPropertyHolder [AbstractPropertyHolder.java:107] - Attempting to locate auto-apply AttributeConverter for property [de.fhdw.freefeser.app.databases.entities.AppUser:password]
2023-07-27 00:25:15,270 DEBUG [ForkJoinPool.commonPool-worker-1] o.h.b.m.i.BasicValueBinder [BasicValueBinder.java:1196] - building BasicValue for password
2023-07-27 00:25:15,270 DEBUG [ForkJoinPool.commonPool-worker-1] o.h.m.BasicValue [BasicValue.java:259] - Skipping column re-registration: AppUser.password
2023-07-27 00:25:15,271 DEBUG [ForkJoinPool.commonPool-worker-1] o.h.b.m.i.PropertyBinder [PropertyBinder.java:388] - Building property password
2023-07-27 00:25:15,271 DEBUG [ForkJoinPool.commonPool-worker-1] o.h.b.m.i.AnnotatedColumn [AnnotatedColumn.java:249] - Binding column: AnnotatedColumn()
2023-07-27 00:25:15,271 DEBUG [ForkJoinPool.commonPool-worker-1] o.h.b.m.i.PropertyBinder [PropertyBinder.java:248] - MetadataSourceProcessor property username with lazy=false
2023-07-27 00:25:15,271 DEBUG [ForkJoinPool.commonPool-worker-1] o.h.b.m.i.AbstractPropertyHolder [AbstractPropertyHolder.java:107] - Attempting to locate auto-apply AttributeConverter for property [de.fhdw.freefeser.app.databases.entities.AppUser:username]
2023-07-27 00:25:15,271 DEBUG [ForkJoinPool.commonPool-worker-1] o.h.b.m.i.BasicValueBinder [BasicValueBinder.java:1196] - building BasicValue for username
2023-07-27 00:25:15,271 DEBUG [ForkJoinPool.commonPool-worker-1] o.h.m.BasicValue [BasicValue.java:259] - Skipping column re-registration: AppUser.username
2023-07-27 00:25:15,272 DEBUG [ForkJoinPool.commonPool-worker-1] o.h.b.m.i.PropertyBinder [PropertyBinder.java:388] - Building property username
2023-07-27 00:25:15,273 DEBUG [ForkJoinPool.commonPool-worker-1] o.h.b.m.i.BasicValueBinder [BasicValueBinder.java:1270] - Starting `BasicValueBinder#fillSimpleValue` for id
2023-07-27 00:25:15,275 DEBUG [ForkJoinPool.commonPool-worker-1] o.h.b.m.i.BasicValueBinder [BasicValueBinder.java:1270] - Starting `BasicValueBinder#fillSimpleValue` for active
2023-07-27 00:25:15,275 DEBUG [ForkJoinPool.commonPool-worker-1] o.h.b.m.i.BasicValueBinder [BasicValueBinder.java:1270] - Starting `BasicValueBinder#fillSimpleValue` for botname
2023-07-27 00:25:15,275 DEBUG [ForkJoinPool.commonPool-worker-1] o.h.b.m.i.BasicValueBinder [BasicValueBinder.java:1270] - Starting `BasicValueBinder#fillSimpleValue` for id
2023-07-27 00:25:15,276 DEBUG [ForkJoinPool.commonPool-worker-1] o.h.b.m.i.BasicValueBinder [BasicValueBinder.java:1270] - Starting `BasicValueBinder#fillSimpleValue` for text
2023-07-27 00:25:15,276 DEBUG [ForkJoinPool.commonPool-worker-1] o.h.b.m.i.BasicValueBinder [BasicValueBinder.java:1270] - Starting `BasicValueBinder#fillSimpleValue` for timestamp
2023-07-27 00:25:15,276 DEBUG [ForkJoinPool.commonPool-worker-1] o.h.b.m.i.BasicValueBinder [BasicValueBinder.java:1270] - Starting `BasicValueBinder#fillSimpleValue` for id
2023-07-27 00:25:15,277 DEBUG [ForkJoinPool.commonPool-worker-1] o.h.b.m.i.BasicValueBinder [BasicValueBinder.java:1270] - Starting `BasicValueBinder#fillSimpleValue` for password
2023-07-27 00:25:15,277 DEBUG [ForkJoinPool.commonPool-worker-1] o.h.b.m.i.BasicValueBinder [BasicValueBinder.java:1270] - Starting `BasicValueBinder#fillSimpleValue` for username
2023-07-27 00:25:15,286 DEBUG [ForkJoinPool.commonPool-worker-1] o.h.m.PrimaryKey [PrimaryKey.java:40] - Forcing column [id] to be non-null as it is part of the primary key for table [appchatbot]
2023-07-27 00:25:15,286 DEBUG [ForkJoinPool.commonPool-worker-1] o.h.m.PrimaryKey [PrimaryKey.java:40] - Forcing column [id] to be non-null as it is part of the primary key for table [appchatmessage]
2023-07-27 00:25:15,287 DEBUG [ForkJoinPool.commonPool-worker-1] o.h.m.PrimaryKey [PrimaryKey.java:40] - Forcing column [id] to be non-null as it is part of the primary key for table [appuser]
2023-07-27 00:25:15,289 DEBUG [ForkJoinPool.commonPool-worker-1] o.h.b.i.InFlightMetadataCollectorImpl [InFlightMetadataCollectorImpl.java:1991] - Resolving reference to class: de.fhdw.freefeser.app.databases.entities.AppChatbot
2023-07-27 00:25:15,293 DEBUG [ForkJoinPool.commonPool-worker-1] o.h.b.i.InFlightMetadataCollectorImpl [InFlightMetadataCollectorImpl.java:1991] - Resolving reference to class: de.fhdw.freefeser.app.databases.entities.AppUser
2023-07-27 00:25:15,311 DEBUG [ForkJoinPool.commonPool-worker-1] o.h.b.i.InFlightMetadataCollectorImpl [InFlightMetadataCollectorImpl.java:1991] - Resolving reference to class: de.fhdw.freefeser.app.databases.entities.AppChatbot
2023-07-27 00:25:15,312 DEBUG [ForkJoinPool.commonPool-worker-1] o.h.b.i.InFlightMetadataCollectorImpl [InFlightMetadataCollectorImpl.java:1991] - Resolving reference to class: de.fhdw.freefeser.app.databases.entities.AppUser
2023-07-27 00:25:15,337 INFO [ForkJoinPool.commonPool-worker-1] o.h.b.i.BytecodeProviderInitiator [BytecodeProviderInitiator.java:53] - HHH000021: Bytecode provider name : bytebuddy
2023-07-27 00:25:15,569 DEBUG [ForkJoinPool.commonPool-worker-1] o.h.i.SessionFactoryImpl [SessionFactoryImpl.java:208] - Building session factory
2023-07-27 00:25:15,628 DEBUG [ForkJoinPool.commonPool-worker-1] o.h.s.i.SessionFactoryServiceRegistryImpl [SessionFactoryServiceRegistryImpl.java:91] - EventListenerRegistry access via ServiceRegistry is deprecated.  Use `sessionFactory.getEventEngine().getListenerRegistry()` instead
2023-07-27 00:25:15,629 DEBUG [ForkJoinPool.commonPool-worker-1] o.h.i.SessionFactoryImpl [SessionFactoryImpl.java:225] - Instantiating SessionFactory with settings: {hibernate.format_sql=true, java.specification.version=20, sun.cpu.isalist=amd64, hibernate.c3p0.idle_test_period=300, sun.jnu.encoding=Cp1252, hibernate.dialect=org.hibernate.dialect.H2Dialect, hibernate.c3p0.min_size=5, java.class.path=C:\Users\phili\OneDrive - bib & FHDW\Softwaremodelling and Architecture\FreeFeser\freefeser-app\target\classes;C:\Users\phili\OneDrive - bib & FHDW\Softwaremodelling and Architecture\FreeFeser\freefeser-api\target\classes;C:\Users\phili\.m2\repository\org\hibernate\orm\hibernate-core\6.2.6.Final\hibernate-core-6.2.6.Final.jar;C:\Users\phili\.m2\repository\jakarta\persistence\jakarta.persistence-api\3.1.0\jakarta.persistence-api-3.1.0.jar;C:\Users\phili\.m2\repository\jakarta\transaction\jakarta.transaction-api\2.0.1\jakarta.transaction-api-2.0.1.jar;C:\Users\phili\.m2\repository\org\jboss\logging\jboss-logging\3.5.0.Final\jboss-logging-3.5.0.Final.jar;C:\Users\phili\.m2\repository\org\hibernate\common\hibernate-commons-annotations\6.0.6.Final\hibernate-commons-annotations-6.0.6.Final.jar;C:\Users\phili\.m2\repository\io\smallrye\jandex\3.0.5\jandex-3.0.5.jar;C:\Users\phili\.m2\repository\com\fasterxml\classmate\1.5.1\classmate-1.5.1.jar;C:\Users\phili\.m2\repository\net\bytebuddy\byte-buddy\1.12.18\byte-buddy-1.12.18.jar;C:\Users\phili\.m2\repository\jakarta\xml\bind\jakarta.xml.bind-api\4.0.0\jakarta.xml.bind-api-4.0.0.jar;C:\Users\phili\.m2\repository\jakarta\activation\jakarta.activation-api\2.1.0\jakarta.activation-api-2.1.0.jar;C:\Users\phili\.m2\repository\org\glassfish\jaxb\jaxb-runtime\4.0.2\jaxb-runtime-4.0.2.jar;C:\Users\phili\.m2\repository\org\glassfish\jaxb\jaxb-core\4.0.2\jaxb-core-4.0.2.jar;C:\Users\phili\.m2\repository\org\eclipse\angus\angus-activation\2.0.0\angus-activation-2.0.0.jar;C:\Users\phili\.m2\repository\org\glassfish\jaxb\txw2\4.0.2\txw2-4.0.2.jar;C:\Users\phili\.m2\repository\com\sun\istack\istack-commons-runtime\4.1.1\istack-commons-runtime-4.1.1.jar;C:\Users\phili\.m2\repository\jakarta\inject\jakarta.inject-api\2.0.1\jakarta.inject-api-2.0.1.jar;C:\Users\phili\.m2\repository\org\antlr\antlr4-runtime\4.10.1\antlr4-runtime-4.10.1.jar;C:\Users\phili\.m2\repository\org\hibernate\orm\hibernate-c3p0\6.2.6.Final\hibernate-c3p0-6.2.6.Final.jar;C:\Users\phili\.m2\repository\com\mchange\c3p0\0.9.5.5\c3p0-0.9.5.5.jar;C:\Users\phili\.m2\repository\com\mchange\mchange-commons-java\0.2.19\mchange-commons-java-0.2.19.jar;C:\Users\phili\.m2\repository\com\h2database\h2\2.2.220\h2-2.2.220.jar;C:\Users\phili\.m2\repository\com\google\code\gson\gson\2.10.1\gson-2.10.1.jar;C:\Users\phili\.m2\repository\org\slf4j\slf4j-api\2.0.7\slf4j-api-2.0.7.jar;C:\Users\phili\.m2\repository\ch\qos\logback\logback-classic\1.4.8\logback-classic-1.4.8.jar;C:\Users\phili\.m2\repository\ch\qos\logback\logback-core\1.4.8\logback-core-1.4.8.jar;C:\Users\phili\.m2\repository\edu\stanford\nlp\stanford-corenlp\4.4.0\stanford-corenlp-4.4.0.jar;C:\Users\phili\.m2\repository\com\apple\AppleJavaExtensions\1.4\AppleJavaExtensions-1.4.jar;C:\Users\phili\.m2\repository\de\jollyday\jollyday\0.4.9\jollyday-0.4.9.jar;C:\Users\phili\.m2\repository\org\apache\commons\commons-lang3\3.3.1\commons-lang3-3.3.1.jar;C:\Users\phili\.m2\repository\org\apache\lucene\lucene-queryparser\7.5.0\lucene-queryparser-7.5.0.jar;C:\Users\phili\.m2\repository\org\apache\lucene\lucene-queries\7.5.0\lucene-queries-7.5.0.jar;C:\Users\phili\.m2\repository\org\apache\lucene\lucene-sandbox\7.5.0\lucene-sandbox-7.5.0.jar;C:\Users\phili\.m2\repository\org\apache\lucene\lucene-analyzers-common\7.5.0\lucene-analyzers-common-7.5.0.jar;C:\Users\phili\.m2\repository\org\apache\lucene\lucene-core\7.5.0\lucene-core-7.5.0.jar;C:\Users\phili\.m2\repository\javax\servlet\javax.servlet-api\3.0.1\javax.servlet-api-3.0.1.jar;C:\Users\phili\.m2\repository\xom\xom\1.3.7\xom-1.3.7.jar;C:\Users\phili\.m2\repository\xerces\xercesImpl\2.8.0\xercesImpl-2.8.0.jar;C:\Users\phili\.m2\repository\xml-apis\xml-apis\1.3.03\xml-apis-1.3.03.jar;C:\Users\phili\.m2\repository\xalan\xalan\2.7.2\xalan-2.7.2.jar;C:\Users\phili\.m2\repository\xalan\serializer\2.7.2\serializer-2.7.2.jar;C:\Users\phili\.m2\repository\joda-time\joda-time\2.10.5\joda-time-2.10.5.jar;C:\Users\phili\.m2\repository\org\ejml\ejml-core\0.39\ejml-core-0.39.jar;C:\Users\phili\.m2\repository\com\google\code\findbugs\jsr305\3.0.2\jsr305-3.0.2.jar;C:\Users\phili\.m2\repository\org\ejml\ejml-ddense\0.39\ejml-ddense-0.39.jar;C:\Users\phili\.m2\repository\org\ejml\ejml-simple\0.39\ejml-simple-0.39.jar;C:\Users\phili\.m2\repository\org\ejml\ejml-fdense\0.39\ejml-fdense-0.39.jar;C:\Users\phili\.m2\repository\org\ejml\ejml-cdense\0.39\ejml-cdense-0.39.jar;C:\Users\phili\.m2\repository\org\ejml\ejml-zdense\0.39\ejml-zdense-0.39.jar;C:\Users\phili\.m2\repository\org\ejml\ejml-dsparse\0.39\ejml-dsparse-0.39.jar;C:\Users\phili\.m2\repository\org\ejml\ejml-fsparse\0.39\ejml-fsparse-0.39.jar;C:\Users\phili\.m2\repository\org\glassfish\javax.json\1.0.4\javax.json-1.0.4.jar;C:\Users\phili\.m2\repository\com\google\protobuf\protobuf-java\3.11.4\protobuf-java-3.11.4.jar;C:\Users\phili\.m2\repository\javax\activation\javax.activation-api\1.2.0\javax.activation-api-1.2.0.jar;C:\Users\phili\.m2\repository\javax\xml\bind\jaxb-api\2.4.0-b180830.0359\jaxb-api-2.4.0-b180830.0359.jar;C:\Users\phili\.m2\repository\com\sun\xml\bind\jaxb-core\2.3.0.1\jaxb-core-2.3.0.1.jar;C:\Users\phili\.m2\repository\com\sun\xml\bind\jaxb-impl\2.4.0-b180830.0438\jaxb-impl-2.4.0-b180830.0438.jar;C:\Users\phili\.m2\repository\edu\stanford\nlp\stanford-corenlp\4.4.0\stanford-corenlp-4.4.0-models.jar;C:\Users\phili\.m2\repository\edu\stanford\nlp\stanford-corenlp\4.4.0\stanford-corenlp-4.4.0-models-german.jar;C:\Users\phili\.m2\repository\edu\stanford\nlp\stanford-corenlp\4.4.0\stanford-corenlp-4.4.0-models-english.jar;C:\Users\phili\AppData\Local\JetBrains\Toolbox\apps\IDEA-U\ch-0\231.8109.175\lib\idea_rt.jar, java.vm.vendor=Oracle Corporation, sun.arch.data.model=64, user.variant=, java.vendor.url=https://java.oracle.com/, user.timezone=Europe/Berlin, java.vm.specification.version=20, os.name=Windows 11, hibernate.c3p0.acquire_increment=1, sun.java.launcher=SUN_STANDARD, user.country=DE, sun.boot.library.path=C:\Users\phili\.jdks\openjdk-20\bin, sun.java.command=de.fhdw.freefeser.app.FreeFeserApp, hibernate.use_sql_comments=true, hibernate.connection.provider_class=org.hibernate.c3p0.internal.C3P0ConnectionProvider, jdk.debug=release, sun.cpu.endian=little, user.home=C:\Users\phili, hibernate.c3p0.max_statements=50, user.language=de, sun.stderr.encoding=UTF-8, java.specification.vendor=Oracle Corporation, java.version.date=2023-03-21, java.home=C:\Users\phili\.jdks\openjdk-20, file.separator=\, java.vm.compressedOopsMode=Zero based, sun.stdout.encoding=UTF-8, line.separator=
, hibernate.c3p0.timeout=1800, java.vm.specification.vendor=Oracle Corporation, java.specification.name=Java Platform API Specification, intellij.debug.agent=true, hibernate.hbm2ddl.auto=update, user.script=, sun.management.compiler=HotSpot 64-Bit Tiered Compilers, hibernate.c3p0.max_size=20, java.runtime.version=20+36-2344, user.name=phili, stdout.encoding=UTF-8, path.separator=;, hibernate.connection.username=****, os.version=10.0, java.runtime.name=OpenJDK Runtime Environment, hibernate.connection.url=jdbc:h2:file:./datafiles/testdb;DB_CLOSE_DELAY=-1;DB_CLOSE_ON_EXIT=FALSE, file.encoding=UTF-8, java.vm.name=OpenJDK 64-Bit Server VM, hibernate.show_sql=true, hibernate.current_session_context_class=thread, hibernate.connection.driver_class=org.h2.Driver, java.vendor.url.bug=https://bugreport.java.com/bugreport/, java.io.tmpdir=C:\Users\phili\AppData\Local\Temp\, java.version=20, jboss.modules.system.pkgs=com.intellij.rt, user.dir=C:\Users\phili\OneDrive - bib & FHDW\Softwaremodelling and Architecture\FreeFeser, os.arch=amd64, java.vm.specification.name=Java Virtual Machine Specification, hibernate.connection.password=****, sun.os.patch.level=, hibernate.boot.CfgXmlAccessService.key=org.hibernate.boot.cfgxml.spi.LoadedConfig@53d18549, native.encoding=Cp1252, java.library.path=C:\Users\phili\.jdks\openjdk-20\bin;C:\WINDOWS\Sun\Java\bin;C:\WINDOWS\system32;C:\WINDOWS;C:\Windows\system32;C:\Windows;C:\Windows\System32\Wbem;C:\Windows\System32\WindowsPowerShell\v1.0\;C:\Windows\System32\OpenSSH\;C:\Program Files (x86)\NVIDIA Corporation\PhysX\Common;C:\Program Files\NVIDIA Corporation\NVIDIA NvDLISR;C:\WINDOWS\system32;C:\WINDOWS;C:\WINDOWS\System32\Wbem;C:\WINDOWS\System32\WindowsPowerShell\v1.0\;C:\WINDOWS\System32\OpenSSH\;C:\Program Files\Git\cmd;C:\Users\phili\AppData\Roaming\nvm;C:\Program Files\nodejs;C:\Program Files\dotnet\;C:\Program Files\WireGuard\;C:\Users\phili\AppData\Local\Microsoft\WindowsApps;C:\Users\phili\AppData\Local\JetBrains\Toolbox\scripts;C:\Users\phili\AppData\Local\Programs\Microsoft VS Code\bin;C:\Users\phili\.dotnet\tools;C:\Users\phili\.jdks\openjdk-19.0.2\bin;., stderr.encoding=UTF-8, java.vendor=Oracle Corporation, java.vm.info=mixed mode, sharing, java.vm.version=20+36-2344, hibernate.bytecode.use_reflection_optimizer=true, sun.io.unicode.encoding=UnicodeLittle, java.class.version=64.0}
2023-07-27 00:25:15,635 DEBUG [ForkJoinPool.commonPool-worker-1] o.h.i.SessionFactoryImpl [SessionFactoryImpl.java:239] - Session factory constructed with filter configurations : {}
2023-07-27 00:25:15,692 DEBUG [ForkJoinPool.commonPool-worker-1] o.h.q.s.f.SqmFunctionRegistry [SqmFunctionRegistry.java:90] - Registered SqmFunctionTemplate [NamedSqmFunctionTemplate(max)] under max; prior registration was null
2023-07-27 00:25:15,692 DEBUG [ForkJoinPool.commonPool-worker-1] o.h.q.s.f.SqmFunctionRegistry [SqmFunctionRegistry.java:90] - Registered SqmFunctionTemplate [NamedSqmFunctionTemplate(min)] under min; prior registration was null
2023-07-27 00:25:15,694 DEBUG [ForkJoinPool.commonPool-worker-1] o.h.q.s.f.SqmFunctionRegistry [SqmFunctionRegistry.java:90] - Registered SqmFunctionTemplate [NamedSqmFunctionTemplate(sum)] under sum; prior registration was null
2023-07-27 00:25:15,694 DEBUG [ForkJoinPool.commonPool-worker-1] o.h.q.s.f.SqmFunctionRegistry [SqmFunctionRegistry.java:90] - Registered SqmFunctionTemplate [NamedSqmFunctionTemplate(avg)] under avg; prior registration was null
2023-07-27 00:25:15,695 DEBUG [ForkJoinPool.commonPool-worker-1] o.h.q.s.f.SqmFunctionRegistry [SqmFunctionRegistry.java:90] - Registered SqmFunctionTemplate [org.hibernate.dialect.function.CountFunction@18507634] under count; prior registration was null
2023-07-27 00:25:15,697 DEBUG [ForkJoinPool.commonPool-worker-1] o.h.q.s.f.SqmFunctionRegistry [SqmFunctionRegistry.java:90] - Registered SqmFunctionTemplate [org.hibernate.dialect.function.EveryAnyEmulation@f5c6a26] under every; prior registration was null
2023-07-27 00:25:15,697 DEBUG [ForkJoinPool.commonPool-worker-1] o.h.q.s.f.SqmFunctionRegistry [SqmFunctionRegistry.java:90] - Registered SqmFunctionTemplate [org.hibernate.dialect.function.EveryAnyEmulation@2864f76d] under any; prior registration was null
2023-07-27 00:25:15,697 DEBUG [ForkJoinPool.commonPool-worker-1] o.h.q.s.f.SqmFunctionRegistry [SqmFunctionRegistry.java:90] - Registered SqmFunctionTemplate [NamedSqmFunctionTemplate(floor)] under floor; prior registration was null
2023-07-27 00:25:15,697 DEBUG [ForkJoinPool.commonPool-worker-1] o.h.q.s.f.SqmFunctionRegistry [SqmFunctionRegistry.java:90] - Registered SqmFunctionTemplate [NamedSqmFunctionTemplate(ceiling)] under ceiling; prior registration was null
2023-07-27 00:25:15,697 DEBUG [ForkJoinPool.commonPool-worker-1] o.h.q.s.f.SqmFunctionRegistry [SqmFunctionRegistry.java:90] - Registered SqmFunctionTemplate [NamedSqmFunctionTemplate(mod)] under mod; prior registration was null
2023-07-27 00:25:15,697 DEBUG [ForkJoinPool.commonPool-worker-1] o.h.q.s.f.SqmFunctionRegistry [SqmFunctionRegistry.java:90] - Registered SqmFunctionTemplate [NamedSqmFunctionTemplate(abs)] under abs; prior registration was null
2023-07-27 00:25:15,697 DEBUG [ForkJoinPool.commonPool-worker-1] o.h.q.s.f.SqmFunctionRegistry [SqmFunctionRegistry.java:90] - Registered SqmFunctionTemplate [NamedSqmFunctionTemplate(sign)] under sign; prior registration was null
2023-07-27 00:25:15,698 DEBUG [ForkJoinPool.commonPool-worker-1] o.h.q.s.f.SqmFunctionRegistry [SqmFunctionRegistry.java:90] - Registered SqmFunctionTemplate [NamedSqmFunctionTemplate(sqrt)] under sqrt; prior registration was null
2023-07-27 00:25:15,698 DEBUG [ForkJoinPool.commonPool-worker-1] o.h.q.s.f.SqmFunctionRegistry [SqmFunctionRegistry.java:90] - Registered SqmFunctionTemplate [NamedSqmFunctionTemplate(ln)] under ln; prior registration was null
2023-07-27 00:25:15,698 DEBUG [ForkJoinPool.commonPool-worker-1] o.h.q.s.f.SqmFunctionRegistry [SqmFunctionRegistry.java:90] - Registered SqmFunctionTemplate [NamedSqmFunctionTemplate(exp)] under exp; prior registration was null
2023-07-27 00:25:15,698 DEBUG [ForkJoinPool.commonPool-worker-1] o.h.q.s.f.SqmFunctionRegistry [SqmFunctionRegistry.java:90] - Registered SqmFunctionTemplate [NamedSqmFunctionTemplate(power)] under power; prior registration was null
2023-07-27 00:25:15,698 DEBUG [ForkJoinPool.commonPool-worker-1] o.h.q.s.f.SqmFunctionRegistry [SqmFunctionRegistry.java:90] - Registered SqmFunctionTemplate [NamedSqmFunctionTemplate(round)] under round; prior registration was null
2023-07-27 00:25:15,698 DEBUG [ForkJoinPool.commonPool-worker-1] o.h.q.s.f.SqmFunctionRegistry [SqmFunctionRegistry.java:90] - Registered SqmFunctionTemplate [NamedSqmFunctionTemplate(sin)] under sin; prior registration was null
2023-07-27 00:25:15,699 DEBUG [ForkJoinPool.commonPool-worker-1] o.h.q.s.f.SqmFunctionRegistry [SqmFunctionRegistry.java:90] - Registered SqmFunctionTemplate [NamedSqmFunctionTemplate(cos)] under cos; prior registration was null
2023-07-27 00:25:15,699 DEBUG [ForkJoinPool.commonPool-worker-1] o.h.q.s.f.SqmFunctionRegistry [SqmFunctionRegistry.java:90] - Registered SqmFunctionTemplate [NamedSqmFunctionTemplate(tan)] under tan; prior registration was null
2023-07-27 00:25:15,699 DEBUG [ForkJoinPool.commonPool-worker-1] o.h.q.s.f.SqmFunctionRegistry [SqmFunctionRegistry.java:90] - Registered SqmFunctionTemplate [NamedSqmFunctionTemplate(asin)] under asin; prior registration was null
2023-07-27 00:25:15,699 DEBUG [ForkJoinPool.commonPool-worker-1] o.h.q.s.f.SqmFunctionRegistry [SqmFunctionRegistry.java:90] - Registered SqmFunctionTemplate [NamedSqmFunctionTemplate(acos)] under acos; prior registration was null
2023-07-27 00:25:15,699 DEBUG [ForkJoinPool.commonPool-worker-1] o.h.q.s.f.SqmFunctionRegistry [SqmFunctionRegistry.java:90] - Registered SqmFunctionTemplate [NamedSqmFunctionTemplate(atan)] under atan; prior registration was null
2023-07-27 00:25:15,699 DEBUG [ForkJoinPool.commonPool-worker-1] o.h.q.s.f.SqmFunctionRegistry [SqmFunctionRegistry.java:90] - Registered SqmFunctionTemplate [NamedSqmFunctionTemplate(atan2)] under atan2; prior registration was null
2023-07-27 00:25:15,701 DEBUG [ForkJoinPool.commonPool-worker-1] o.h.q.s.f.SqmFunctionRegistry [SqmFunctionRegistry.java:90] - Registered SqmFunctionTemplate [org.hibernate.query.sqm.function.PatternBasedSqmFunctionDescriptor@14268846] under sinh; prior registration was null
2023-07-27 00:25:15,701 DEBUG [ForkJoinPool.commonPool-worker-1] o.h.q.s.f.SqmFunctionRegistry [SqmFunctionRegistry.java:90] - Registered SqmFunctionTemplate [org.hibernate.query.sqm.function.PatternBasedSqmFunctionDescriptor@76fcf13f] under cosh; prior registration was null
2023-07-27 00:25:15,701 DEBUG [ForkJoinPool.commonPool-worker-1] o.h.q.s.f.SqmFunctionRegistry [SqmFunctionRegistry.java:90] - Registered SqmFunctionTemplate [org.hibernate.query.sqm.function.PatternBasedSqmFunctionDescriptor@d871a6] under tanh; prior registration was null
2023-07-27 00:25:15,701 DEBUG [ForkJoinPool.commonPool-worker-1] o.h.q.s.f.SqmFunctionRegistry [SqmFunctionRegistry.java:90] - Registered SqmFunctionTemplate [org.hibernate.query.sqm.function.PatternBasedSqmFunctionDescriptor@77ed739c] under pi; prior registration was null
2023-07-27 00:25:15,701 DEBUG [ForkJoinPool.commonPool-worker-1] o.h.q.s.f.SqmFunctionRegistry [SqmFunctionRegistry.java:90] - Registered SqmFunctionTemplate [org.hibernate.query.sqm.function.PatternBasedSqmFunctionDescriptor@5729a19f] under log; prior registration was null
2023-07-27 00:25:15,702 DEBUG [ForkJoinPool.commonPool-worker-1] o.h.q.s.f.SqmFunctionRegistry [SqmFunctionRegistry.java:90] - Registered SqmFunctionTemplate [NamedSqmFunctionTemplate(coalesce)] under coalesce; prior registration was null
2023-07-27 00:25:15,702 DEBUG [ForkJoinPool.commonPool-worker-1] o.h.q.s.f.SqmFunctionRegistry [SqmFunctionRegistry.java:90] - Registered SqmFunctionTemplate [NamedSqmFunctionTemplate(nullif)] under nullif; prior registration was null
2023-07-27 00:25:15,702 DEBUG [ForkJoinPool.commonPool-worker-1] o.h.q.s.f.SqmFunctionRegistry [SqmFunctionRegistry.java:90] - Registered SqmFunctionTemplate [NamedSqmFunctionTemplate(left)] under left; prior registration was null
2023-07-27 00:25:15,702 DEBUG [ForkJoinPool.commonPool-worker-1] o.h.q.s.f.SqmFunctionRegistry [SqmFunctionRegistry.java:90] - Registered SqmFunctionTemplate [NamedSqmFunctionTemplate(right)] under right; prior registration was null
2023-07-27 00:25:15,702 DEBUG [ForkJoinPool.commonPool-worker-1] o.h.q.s.f.SqmFunctionRegistry [SqmFunctionRegistry.java:90] - Registered SqmFunctionTemplate [NamedSqmFunctionTemplate(replace)] under replace; prior registration was null
2023-07-27 00:25:15,703 DEBUG [ForkJoinPool.commonPool-worker-1] o.h.q.s.f.SqmFunctionRegistry [SqmFunctionRegistry.java:90] - Registered SqmFunctionTemplate [NamedSqmFunctionTemplate(concat)] under concat; prior registration was null
2023-07-27 00:25:15,703 DEBUG [ForkJoinPool.commonPool-worker-1] o.h.q.s.f.SqmFunctionRegistry [SqmFunctionRegistry.java:90] - Registered SqmFunctionTemplate [NamedSqmFunctionTemplate(lower)] under lower; prior registration was null
2023-07-27 00:25:15,703 DEBUG [ForkJoinPool.commonPool-worker-1] o.h.q.s.f.SqmFunctionRegistry [SqmFunctionRegistry.java:90] - Registered SqmFunctionTemplate [NamedSqmFunctionTemplate(upper)] under upper; prior registration was null
2023-07-27 00:25:15,703 DEBUG [ForkJoinPool.commonPool-worker-1] o.h.q.s.f.SqmFunctionRegistry [SqmFunctionRegistry.java:90] - Registered SqmFunctionTemplate [NamedSqmFunctionTemplate(substring)] under substring; prior registration was null
2023-07-27 00:25:15,703 DEBUG [ForkJoinPool.commonPool-worker-1] o.h.q.s.f.SqmFunctionRegistry [SqmFunctionRegistry.java:90] - Registered SqmFunctionTemplate [NamedSqmFunctionTemplate(locate)] under locate; prior registration was null
2023-07-27 00:25:15,703 DEBUG [ForkJoinPool.commonPool-worker-1] o.h.q.s.f.SqmFunctionRegistry [SqmFunctionRegistry.java:90] - Registered SqmFunctionTemplate [NamedSqmFunctionTemplate(character_length)] under character_length; prior registration was null
2023-07-27 00:25:15,703 DEBUG [ForkJoinPool.commonPool-worker-1] o.h.q.s.f.SqmFunctionRegistry [SqmFunctionRegistry.java:307] - Registering alternate key : length -> character_length
2023-07-27 00:25:15,703 DEBUG [ForkJoinPool.commonPool-worker-1] o.h.q.s.f.SqmFunctionRegistry [SqmFunctionRegistry.java:90] - Registered SqmFunctionTemplate [org.hibernate.dialect.function.LocatePositionEmulation@10049e90] under position; prior registration was null
2023-07-27 00:25:15,706 DEBUG [ForkJoinPool.commonPool-worker-1] o.h.q.s.f.SqmFunctionRegistry [SqmFunctionRegistry.java:90] - Registered SqmFunctionTemplate [org.hibernate.dialect.function.InsertSubstringOverlayEmulation@19b1c30] under overlay; prior registration was null
2023-07-27 00:25:15,707 DEBUG [ForkJoinPool.commonPool-worker-1] o.h.q.s.f.SqmFunctionRegistry [SqmFunctionRegistry.java:90] - Registered SqmFunctionTemplate [org.hibernate.dialect.function.TrimFunction@402440ed] under trim; prior registration was null
2023-07-27 00:25:15,708 DEBUG [ForkJoinPool.commonPool-worker-1] o.h.q.s.f.SqmFunctionRegistry [SqmFunctionRegistry.java:90] - Registered SqmFunctionTemplate [org.hibernate.dialect.function.CastFunction@24f40aef] under cast; prior registration was null
2023-07-27 00:25:15,709 DEBUG [ForkJoinPool.commonPool-worker-1] o.h.q.s.f.SqmFunctionRegistry [SqmFunctionRegistry.java:90] - Registered SqmFunctionTemplate [org.hibernate.query.sqm.function.PatternBasedSqmFunctionDescriptor@779cbb34] under collate; prior registration was null
2023-07-27 00:25:15,711 DEBUG [ForkJoinPool.commonPool-worker-1] o.h.q.s.f.SqmFunctionRegistry [SqmFunctionRegistry.java:90] - Registered SqmFunctionTemplate [org.hibernate.dialect.function.ExtractFunction@62c414ec] under extract; prior registration was null
2023-07-27 00:25:15,711 DEBUG [ForkJoinPool.commonPool-worker-1] o.h.q.s.f.SqmFunctionRegistry [SqmFunctionRegistry.java:90] - Registered SqmFunctionTemplate [NamedSqmFunctionTemplate(least)] under least; prior registration was null
2023-07-27 00:25:15,711 DEBUG [ForkJoinPool.commonPool-worker-1] o.h.q.s.f.SqmFunctionRegistry [SqmFunctionRegistry.java:90] - Registered SqmFunctionTemplate [NamedSqmFunctionTemplate(greatest)] under greatest; prior registration was null
2023-07-27 00:25:15,712 DEBUG [ForkJoinPool.commonPool-worker-1] o.h.q.s.f.SqmFunctionRegistry [SqmFunctionRegistry.java:90] - Registered SqmFunctionTemplate [org.hibernate.dialect.function.CoalesceIfnullEmulation@2116485e] under ifnull; prior registration was null
2023-07-27 00:25:15,712 DEBUG [ForkJoinPool.commonPool-worker-1] o.h.q.s.f.SqmFunctionRegistry [SqmFunctionRegistry.java:90] - Registered SqmFunctionTemplate [NamedSqmFunctionTemplate(lpad)] under lpad; prior registration was null
2023-07-27 00:25:15,712 DEBUG [ForkJoinPool.commonPool-worker-1] o.h.q.s.f.SqmFunctionRegistry [SqmFunctionRegistry.java:90] - Registered SqmFunctionTemplate [NamedSqmFunctionTemplate(rpad)] under rpad; prior registration was null
2023-07-27 00:25:15,712 DEBUG [ForkJoinPool.commonPool-worker-1] o.h.q.s.f.SqmFunctionRegistry [SqmFunctionRegistry.java:90] - Registered SqmFunctionTemplate [org.hibernate.dialect.function.LpadRpadPadEmulation@6e4cc61e] under pad; prior registration was null
2023-07-27 00:25:15,713 DEBUG [ForkJoinPool.commonPool-worker-1] o.h.q.s.f.SqmFunctionRegistry [SqmFunctionRegistry.java:90] - Registered SqmFunctionTemplate [org.hibernate.dialect.function.CastStrEmulation@4a7c5eb4] under str; prior registration was null
2023-07-27 00:25:15,714 DEBUG [ForkJoinPool.commonPool-worker-1] o.h.q.s.f.SqmFunctionRegistry [SqmFunctionRegistry.java:90] - Registered SqmFunctionTemplate [org.hibernate.dialect.function.FormatFunction@73887bab] under format; prior registration was null
2023-07-27 00:25:15,715 DEBUG [ForkJoinPool.commonPool-worker-1] o.h.q.s.f.SqmFunctionRegistry [SqmFunctionRegistry.java:90] - Registered SqmFunctionTemplate [org.hibernate.dialect.function.TimestampaddFunction@721ee689] under timestampadd; prior registration was null
2023-07-27 00:25:15,716 DEBUG [ForkJoinPool.commonPool-worker-1] o.h.q.s.f.SqmFunctionRegistry [SqmFunctionRegistry.java:90] - Registered SqmFunctionTemplate [org.hibernate.dialect.function.TimestampdiffFunction@7594122b] under timestampdiff; prior registration was null
2023-07-27 00:25:15,716 DEBUG [ForkJoinPool.commonPool-worker-1] o.h.q.s.f.SqmFunctionRegistry [SqmFunctionRegistry.java:307] - Registering alternate key : dateadd -> timestampadd
2023-07-27 00:25:15,716 DEBUG [ForkJoinPool.commonPool-worker-1] o.h.q.s.f.SqmFunctionRegistry [SqmFunctionRegistry.java:307] - Registering alternate key : datediff -> timestampdiff
2023-07-27 00:25:15,716 DEBUG [ForkJoinPool.commonPool-worker-1] o.h.q.s.f.SqmFunctionRegistry [SqmFunctionRegistry.java:90] - Registered SqmFunctionTemplate [org.hibernate.dialect.function.CurrentFunction@2bebc09d] under current_date; prior registration was null
2023-07-27 00:25:15,716 DEBUG [ForkJoinPool.commonPool-worker-1] o.h.q.s.f.SqmFunctionRegistry [SqmFunctionRegistry.java:90] - Registered SqmFunctionTemplate [org.hibernate.dialect.function.CurrentFunction@655cc89a] under current_time; prior registration was null
2023-07-27 00:25:15,716 DEBUG [ForkJoinPool.commonPool-worker-1] o.h.q.s.f.SqmFunctionRegistry [SqmFunctionRegistry.java:90] - Registered SqmFunctionTemplate [org.hibernate.dialect.function.CurrentFunction@e4a262a] under current_timestamp; prior registration was null
2023-07-27 00:25:15,716 DEBUG [ForkJoinPool.commonPool-worker-1] o.h.q.s.f.SqmFunctionRegistry [SqmFunctionRegistry.java:307] - Registering alternate key : current date -> current_date
2023-07-27 00:25:15,717 DEBUG [ForkJoinPool.commonPool-worker-1] o.h.q.s.f.SqmFunctionRegistry [SqmFunctionRegistry.java:307] - Registering alternate key : current time -> current_time
2023-07-27 00:25:15,717 DEBUG [ForkJoinPool.commonPool-worker-1] o.h.q.s.f.SqmFunctionRegistry [SqmFunctionRegistry.java:307] - Registering alternate key : current timestamp -> current_timestamp
2023-07-27 00:25:15,717 DEBUG [ForkJoinPool.commonPool-worker-1] o.h.q.s.f.SqmFunctionRegistry [SqmFunctionRegistry.java:90] - Registered SqmFunctionTemplate [org.hibernate.dialect.function.CurrentFunction@2c525510] under local_date; prior registration was null
2023-07-27 00:25:15,717 DEBUG [ForkJoinPool.commonPool-worker-1] o.h.q.s.f.SqmFunctionRegistry [SqmFunctionRegistry.java:90] - Registered SqmFunctionTemplate [org.hibernate.dialect.function.CurrentFunction@59c8972f] under local_time; prior registration was null
2023-07-27 00:25:15,717 DEBUG [ForkJoinPool.commonPool-worker-1] o.h.q.s.f.SqmFunctionRegistry [SqmFunctionRegistry.java:90] - Registered SqmFunctionTemplate [org.hibernate.dialect.function.CurrentFunction@5a539c94] under local_datetime; prior registration was null
2023-07-27 00:25:15,717 DEBUG [ForkJoinPool.commonPool-worker-1] o.h.q.s.f.SqmFunctionRegistry [SqmFunctionRegistry.java:90] - Registered SqmFunctionTemplate [org.hibernate.dialect.function.CurrentFunction@5f78a82] under offset_datetime; prior registration was null
2023-07-27 00:25:15,717 DEBUG [ForkJoinPool.commonPool-worker-1] o.h.q.s.f.SqmFunctionRegistry [SqmFunctionRegistry.java:307] - Registering alternate key : local date -> local_date
2023-07-27 00:25:15,717 DEBUG [ForkJoinPool.commonPool-worker-1] o.h.q.s.f.SqmFunctionRegistry [SqmFunctionRegistry.java:307] - Registering alternate key : local time -> local_time
2023-07-27 00:25:15,717 DEBUG [ForkJoinPool.commonPool-worker-1] o.h.q.s.f.SqmFunctionRegistry [SqmFunctionRegistry.java:307] - Registering alternate key : local datetime -> local_datetime
2023-07-27 00:25:15,717 DEBUG [ForkJoinPool.commonPool-worker-1] o.h.q.s.f.SqmFunctionRegistry [SqmFunctionRegistry.java:307] - Registering alternate key : offset datetime -> offset_datetime
2023-07-27 00:25:15,717 DEBUG [ForkJoinPool.commonPool-worker-1] o.h.q.s.f.SqmFunctionRegistry [SqmFunctionRegistry.java:90] - Registered SqmFunctionTemplate [org.hibernate.dialect.function.CurrentFunction@3bb3a5f9] under instant; prior registration was null
2023-07-27 00:25:15,718 DEBUG [ForkJoinPool.commonPool-worker-1] o.h.q.s.f.SqmFunctionRegistry [SqmFunctionRegistry.java:307] - Registering alternate key : current_instant -> instant
2023-07-27 00:25:15,718 DEBUG [ForkJoinPool.commonPool-worker-1] o.h.q.s.f.SqmFunctionRegistry [SqmFunctionRegistry.java:90] - Registered SqmFunctionTemplate [org.hibernate.dialect.function.SqlFunction@7f8e6c93] under sql; prior registration was null
2023-07-27 00:25:15,719 DEBUG [ForkJoinPool.commonPool-worker-1] o.h.q.s.f.SqmFunctionRegistry [SqmFunctionRegistry.java:90] - Registered SqmFunctionTemplate [NamedSqmFunctionTemplate(max)] under max; prior registration was NamedSqmFunctionTemplate(max)
2023-07-27 00:25:15,719 DEBUG [ForkJoinPool.commonPool-worker-1] o.h.q.s.f.SqmFunctionRegistry [SqmFunctionRegistry.java:90] - Registered SqmFunctionTemplate [NamedSqmFunctionTemplate(min)] under min; prior registration was NamedSqmFunctionTemplate(min)
2023-07-27 00:25:15,719 DEBUG [ForkJoinPool.commonPool-worker-1] o.h.q.s.f.SqmFunctionRegistry [SqmFunctionRegistry.java:90] - Registered SqmFunctionTemplate [NamedSqmFunctionTemplate(sum)] under sum; prior registration was NamedSqmFunctionTemplate(sum)
2023-07-27 00:25:15,719 DEBUG [ForkJoinPool.commonPool-worker-1] o.h.q.s.f.SqmFunctionRegistry [SqmFunctionRegistry.java:90] - Registered SqmFunctionTemplate [NamedSqmFunctionTemplate(avg)] under avg; prior registration was NamedSqmFunctionTemplate(avg)
2023-07-27 00:25:15,719 DEBUG [ForkJoinPool.commonPool-worker-1] o.h.q.s.f.SqmFunctionRegistry [SqmFunctionRegistry.java:90] - Registered SqmFunctionTemplate [org.hibernate.dialect.function.CountFunction@206c8a79] under count; prior registration was org.hibernate.dialect.function.CountFunction@18507634
2023-07-27 00:25:15,721 DEBUG [ForkJoinPool.commonPool-worker-1] o.h.q.s.f.SqmFunctionRegistry [SqmFunctionRegistry.java:90] - Registered SqmFunctionTemplate [org.hibernate.dialect.function.AvgFunction@ab05cd] under avg; prior registration was NamedSqmFunctionTemplate(avg)
2023-07-27 00:25:15,721 DEBUG [ForkJoinPool.commonPool-worker-1] o.h.q.s.f.SqmFunctionRegistry [SqmFunctionRegistry.java:90] - Registered SqmFunctionTemplate [NamedSqmFunctionTemplate(pi)] under pi; prior registration was org.hibernate.query.sqm.function.PatternBasedSqmFunctionDescriptor@77ed739c
2023-07-27 00:25:15,721 DEBUG [ForkJoinPool.commonPool-worker-1] o.h.q.s.f.SqmFunctionRegistry [SqmFunctionRegistry.java:90] - Registered SqmFunctionTemplate [NamedSqmFunctionTemplate(cot)] under cot; prior registration was null
2023-07-27 00:25:15,722 DEBUG [ForkJoinPool.commonPool-worker-1] o.h.q.s.f.SqmFunctionRegistry [SqmFunctionRegistry.java:90] - Registered SqmFunctionTemplate [NamedSqmFunctionTemplate(radians)] under radians; prior registration was null
2023-07-27 00:25:15,722 DEBUG [ForkJoinPool.commonPool-worker-1] o.h.q.s.f.SqmFunctionRegistry [SqmFunctionRegistry.java:90] - Registered SqmFunctionTemplate [NamedSqmFunctionTemplate(degrees)] under degrees; prior registration was null
2023-07-27 00:25:15,722 DEBUG [ForkJoinPool.commonPool-worker-1] o.h.q.s.f.SqmFunctionRegistry [SqmFunctionRegistry.java:90] - Registered SqmFunctionTemplate [NamedSqmFunctionTemplate(log10)] under log10; prior registration was null
2023-07-27 00:25:15,722 DEBUG [ForkJoinPool.commonPool-worker-1] o.h.q.s.f.SqmFunctionRegistry [SqmFunctionRegistry.java:90] - Registered SqmFunctionTemplate [org.hibernate.query.sqm.function.PatternBasedSqmFunctionDescriptor@4673a971] under mod; prior registration was NamedSqmFunctionTemplate(mod)
2023-07-27 00:25:15,722 DEBUG [ForkJoinPool.commonPool-worker-1] o.h.q.s.f.SqmFunctionRegistry [SqmFunctionRegistry.java:90] - Registered SqmFunctionTemplate [NamedSqmFunctionTemplate(rand)] under rand; prior registration was null
2023-07-27 00:25:15,722 DEBUG [ForkJoinPool.commonPool-worker-1] o.h.q.s.f.SqmFunctionRegistry [SqmFunctionRegistry.java:90] - Registered SqmFunctionTemplate [NamedSqmFunctionTemplate(soundex)] under soundex; prior registration was null
2023-07-27 00:25:15,722 DEBUG [ForkJoinPool.commonPool-worker-1] o.h.q.s.f.SqmFunctionRegistry [SqmFunctionRegistry.java:90] - Registered SqmFunctionTemplate [NamedSqmFunctionTemplate(translate)] under translate; prior registration was null
2023-07-27 00:25:15,722 DEBUG [ForkJoinPool.commonPool-worker-1] o.h.q.s.f.SqmFunctionRegistry [SqmFunctionRegistry.java:90] - Registered SqmFunctionTemplate [NamedSqmFunctionTemplate(bitand)] under bitand; prior registration was null
2023-07-27 00:25:15,722 DEBUG [ForkJoinPool.commonPool-worker-1] o.h.q.s.f.SqmFunctionRegistry [SqmFunctionRegistry.java:90] - Registered SqmFunctionTemplate [NamedSqmFunctionTemplate(bitor)] under bitor; prior registration was null
2023-07-27 00:25:15,722 DEBUG [ForkJoinPool.commonPool-worker-1] o.h.q.s.f.SqmFunctionRegistry [SqmFunctionRegistry.java:90] - Registered SqmFunctionTemplate [NamedSqmFunctionTemplate(bitxor)] under bitxor; prior registration was null
2023-07-27 00:25:15,723 DEBUG [ForkJoinPool.commonPool-worker-1] o.h.q.s.f.SqmFunctionRegistry [SqmFunctionRegistry.java:90] - Registered SqmFunctionTemplate [NamedSqmFunctionTemplate(bit_and)] under bit_and; prior registration was null
2023-07-27 00:25:15,723 DEBUG [ForkJoinPool.commonPool-worker-1] o.h.q.s.f.SqmFunctionRegistry [SqmFunctionRegistry.java:90] - Registered SqmFunctionTemplate [NamedSqmFunctionTemplate(bit_or)] under bit_or; prior registration was null
2023-07-27 00:25:15,723 DEBUG [ForkJoinPool.commonPool-worker-1] o.h.q.s.f.SqmFunctionRegistry [SqmFunctionRegistry.java:90] - Registered SqmFunctionTemplate [NamedSqmFunctionTemplate(day)] under day; prior registration was null
2023-07-27 00:25:15,723 DEBUG [ForkJoinPool.commonPool-worker-1] o.h.q.s.f.SqmFunctionRegistry [SqmFunctionRegistry.java:90] - Registered SqmFunctionTemplate [NamedSqmFunctionTemplate(month)] under month; prior registration was null
2023-07-27 00:25:15,723 DEBUG [ForkJoinPool.commonPool-worker-1] o.h.q.s.f.SqmFunctionRegistry [SqmFunctionRegistry.java:90] - Registered SqmFunctionTemplate [NamedSqmFunctionTemplate(year)] under year; prior registration was null
2023-07-27 00:25:15,723 DEBUG [ForkJoinPool.commonPool-worker-1] o.h.q.s.f.SqmFunctionRegistry [SqmFunctionRegistry.java:90] - Registered SqmFunctionTemplate [NamedSqmFunctionTemplate(hour)] under hour; prior registration was null
2023-07-27 00:25:15,723 DEBUG [ForkJoinPool.commonPool-worker-1] o.h.q.s.f.SqmFunctionRegistry [SqmFunctionRegistry.java:90] - Registered SqmFunctionTemplate [NamedSqmFunctionTemplate(minute)] under minute; prior registration was null
2023-07-27 00:25:15,723 DEBUG [ForkJoinPool.commonPool-worker-1] o.h.q.s.f.SqmFunctionRegistry [SqmFunctionRegistry.java:90] - Registered SqmFunctionTemplate [NamedSqmFunctionTemplate(second)] under second; prior registration was null
2023-07-27 00:25:15,723 DEBUG [ForkJoinPool.commonPool-worker-1] o.h.q.s.f.SqmFunctionRegistry [SqmFunctionRegistry.java:90] - Registered SqmFunctionTemplate [NamedSqmFunctionTemplate(microsecond)] under microsecond; prior registration was null
2023-07-27 00:25:15,723 DEBUG [ForkJoinPool.commonPool-worker-1] o.h.q.s.f.SqmFunctionRegistry [SqmFunctionRegistry.java:90] - Registered SqmFunctionTemplate [NamedSqmFunctionTemplate(day_of_week)] under day_of_week; prior registration was null
2023-07-27 00:25:15,723 DEBUG [ForkJoinPool.commonPool-worker-1] o.h.q.s.f.SqmFunctionRegistry [SqmFunctionRegistry.java:90] - Registered SqmFunctionTemplate [NamedSqmFunctionTemplate(day_of_month)] under day_of_month; prior registration was null
2023-07-27 00:25:15,723 DEBUG [ForkJoinPool.commonPool-worker-1] o.h.q.s.f.SqmFunctionRegistry [SqmFunctionRegistry.java:307] - Registering alternate key : day -> day_of_month
2023-07-27 00:25:15,724 DEBUG [ForkJoinPool.commonPool-worker-1] o.h.q.s.f.SqmFunctionRegistry [SqmFunctionRegistry.java:90] - Registered SqmFunctionTemplate [NamedSqmFunctionTemplate(day_of_year)] under day_of_year; prior registration was null
2023-07-27 00:25:15,724 DEBUG [ForkJoinPool.commonPool-worker-1] o.h.q.s.f.SqmFunctionRegistry [SqmFunctionRegistry.java:90] - Registered SqmFunctionTemplate [NamedSqmFunctionTemplate(week)] under week; prior registration was null
2023-07-27 00:25:15,724 DEBUG [ForkJoinPool.commonPool-worker-1] o.h.q.s.f.SqmFunctionRegistry [SqmFunctionRegistry.java:90] - Registered SqmFunctionTemplate [NamedSqmFunctionTemplate(quarter)] under quarter; prior registration was null
2023-07-27 00:25:15,724 DEBUG [ForkJoinPool.commonPool-worker-1] o.h.q.s.f.SqmFunctionRegistry [SqmFunctionRegistry.java:90] - Registered SqmFunctionTemplate [NamedSqmFunctionTemplate(monthname)] under monthname; prior registration was null
2023-07-27 00:25:15,724 DEBUG [ForkJoinPool.commonPool-worker-1] o.h.q.s.f.SqmFunctionRegistry [SqmFunctionRegistry.java:90] - Registered SqmFunctionTemplate [NamedSqmFunctionTemplate(dayname)] under dayname; prior registration was null
2023-07-27 00:25:15,724 DEBUG [ForkJoinPool.commonPool-worker-1] o.h.q.s.f.SqmFunctionRegistry [SqmFunctionRegistry.java:90] - Registered SqmFunctionTemplate [NamedSqmFunctionTemplate(localtime)] under localtime; prior registration was null
2023-07-27 00:25:15,724 DEBUG [ForkJoinPool.commonPool-worker-1] o.h.q.s.f.SqmFunctionRegistry [SqmFunctionRegistry.java:90] - Registered SqmFunctionTemplate [NamedSqmFunctionTemplate(localtimestamp)] under localtimestamp; prior registration was null
2023-07-27 00:25:15,724 DEBUG [ForkJoinPool.commonPool-worker-1] o.h.q.s.f.SqmFunctionRegistry [SqmFunctionRegistry.java:90] - Registered SqmFunctionTemplate [NamedSqmFunctionTemplate(localtime)] under local_time; prior registration was org.hibernate.dialect.function.CurrentFunction@59c8972f
2023-07-27 00:25:15,724 DEBUG [ForkJoinPool.commonPool-worker-1] o.h.q.s.f.SqmFunctionRegistry [SqmFunctionRegistry.java:90] - Registered SqmFunctionTemplate [NamedSqmFunctionTemplate(localtimestamp)] under local_datetime; prior registration was org.hibernate.dialect.function.CurrentFunction@5a539c94
2023-07-27 00:25:15,726 DEBUG [ForkJoinPool.commonPool-worker-1] o.h.q.s.f.SqmFunctionRegistry [SqmFunctionRegistry.java:90] - Registered SqmFunctionTemplate [org.hibernate.dialect.function.TruncFunction@38ef51e2] under trunc; prior registration was null
2023-07-27 00:25:15,726 DEBUG [ForkJoinPool.commonPool-worker-1] o.h.q.s.f.SqmFunctionRegistry [SqmFunctionRegistry.java:307] - Registering alternate key : truncate -> trunc
2023-07-27 00:25:15,726 DEBUG [ForkJoinPool.commonPool-worker-1] o.h.q.s.f.SqmFunctionRegistry [SqmFunctionRegistry.java:90] - Registered SqmFunctionTemplate [org.hibernate.query.sqm.function.PatternBasedSqmFunctionDescriptor@f3b197] under date_trunc; prior registration was null
2023-07-27 00:25:15,726 DEBUG [ForkJoinPool.commonPool-worker-1] o.h.q.s.f.SqmFunctionRegistry [SqmFunctionRegistry.java:90] - Registered SqmFunctionTemplate [NamedSqmFunctionTemplate(bit_length)] under bit_length; prior registration was null
2023-07-27 00:25:15,726 DEBUG [ForkJoinPool.commonPool-worker-1] o.h.q.s.f.SqmFunctionRegistry [SqmFunctionRegistry.java:90] - Registered SqmFunctionTemplate [NamedSqmFunctionTemplate(octet_length)] under octet_length; prior registration was null
2023-07-27 00:25:15,726 DEBUG [ForkJoinPool.commonPool-worker-1] o.h.q.s.f.SqmFunctionRegistry [SqmFunctionRegistry.java:90] - Registered SqmFunctionTemplate [NamedSqmFunctionTemplate(ascii)] under ascii; prior registration was null
2023-07-27 00:25:15,727 DEBUG [ForkJoinPool.commonPool-worker-1] o.h.q.s.f.SqmFunctionRegistry [SqmFunctionRegistry.java:90] - Registered SqmFunctionTemplate [NamedSqmFunctionTemplate(octet_length)] under octet_length; prior registration was NamedSqmFunctionTemplate(octet_length)
2023-07-27 00:25:15,727 DEBUG [ForkJoinPool.commonPool-worker-1] o.h.q.s.f.SqmFunctionRegistry [SqmFunctionRegistry.java:90] - Registered SqmFunctionTemplate [NamedSqmFunctionTemplate(space)] under space; prior registration was null
2023-07-27 00:25:15,727 DEBUG [ForkJoinPool.commonPool-worker-1] o.h.q.s.f.SqmFunctionRegistry [SqmFunctionRegistry.java:90] - Registered SqmFunctionTemplate [NamedSqmFunctionTemplate(repeat)] under repeat; prior registration was null
2023-07-27 00:25:15,727 DEBUG [ForkJoinPool.commonPool-worker-1] o.h.q.s.f.SqmFunctionRegistry [SqmFunctionRegistry.java:90] - Registered SqmFunctionTemplate [NamedSqmFunctionTemplate(char)] under char; prior registration was null
2023-07-27 00:25:15,727 DEBUG [ForkJoinPool.commonPool-worker-1] o.h.q.s.f.SqmFunctionRegistry [SqmFunctionRegistry.java:307] - Registering alternate key : chr -> char
2023-07-27 00:25:15,727 DEBUG [ForkJoinPool.commonPool-worker-1] o.h.q.s.f.SqmFunctionRegistry [SqmFunctionRegistry.java:90] - Registered SqmFunctionTemplate [NamedSqmFunctionTemplate(instr)] under instr; prior registration was null
2023-07-27 00:25:15,727 DEBUG [ForkJoinPool.commonPool-worker-1] o.h.q.s.f.SqmFunctionRegistry [SqmFunctionRegistry.java:90] - Registered SqmFunctionTemplate [NamedSqmFunctionTemplate(substr)] under substr; prior registration was null
2023-07-27 00:25:15,727 DEBUG [ForkJoinPool.commonPool-worker-1] o.h.q.s.f.SqmFunctionRegistry [SqmFunctionRegistry.java:90] - Registered SqmFunctionTemplate [org.hibernate.query.sqm.function.PatternBasedSqmFunctionDescriptor@404adead] under position; prior registration was org.hibernate.dialect.function.LocatePositionEmulation@10049e90
2023-07-27 00:25:15,727 DEBUG [ForkJoinPool.commonPool-worker-1] o.h.q.s.f.SqmFunctionRegistry [SqmFunctionRegistry.java:90] - Registered SqmFunctionTemplate [NamedSqmFunctionTemplate(ltrim)] under ltrim; prior registration was null
2023-07-27 00:25:15,727 DEBUG [ForkJoinPool.commonPool-worker-1] o.h.q.s.f.SqmFunctionRegistry [SqmFunctionRegistry.java:90] - Registered SqmFunctionTemplate [NamedSqmFunctionTemplate(rtrim)] under rtrim; prior registration was null
2023-07-27 00:25:15,727 DEBUG [ForkJoinPool.commonPool-worker-1] o.h.q.s.f.SqmFunctionRegistry [SqmFunctionRegistry.java:90] - Registered SqmFunctionTemplate [org.hibernate.query.sqm.function.PatternBasedSqmFunctionDescriptor@4ace7a6f] under concat; prior registration was NamedSqmFunctionTemplate(concat)
2023-07-27 00:25:15,728 DEBUG [ForkJoinPool.commonPool-worker-1] o.h.q.s.f.SqmFunctionRegistry [SqmFunctionRegistry.java:90] - Registered SqmFunctionTemplate [NamedSqmFunctionTemplate(curtime)] under curtime; prior registration was null
2023-07-27 00:25:15,728 DEBUG [ForkJoinPool.commonPool-worker-1] o.h.q.s.f.SqmFunctionRegistry [SqmFunctionRegistry.java:90] - Registered SqmFunctionTemplate [NamedSqmFunctionTemplate(curdate)] under curdate; prior registration was null
2023-07-27 00:25:15,728 DEBUG [ForkJoinPool.commonPool-worker-1] o.h.q.s.f.SqmFunctionRegistry [SqmFunctionRegistry.java:90] - Registered SqmFunctionTemplate [NamedSqmFunctionTemplate(now)] under now; prior registration was null
2023-07-27 00:25:15,728 DEBUG [ForkJoinPool.commonPool-worker-1] o.h.q.s.f.SqmFunctionRegistry [SqmFunctionRegistry.java:90] - Registered SqmFunctionTemplate [NamedSqmFunctionTemplate(sysdate)] under sysdate; prior registration was null
2023-07-27 00:25:15,728 DEBUG [ForkJoinPool.commonPool-worker-1] o.h.q.s.f.SqmFunctionRegistry [SqmFunctionRegistry.java:90] - Registered SqmFunctionTemplate [NamedSqmFunctionTemplate(insert)] under insert; prior registration was null
2023-07-27 00:25:15,728 DEBUG [ForkJoinPool.commonPool-worker-1] o.h.q.s.f.SqmFunctionRegistry [SqmFunctionRegistry.java:90] - Registered SqmFunctionTemplate [NamedSqmFunctionTemplate(bool_and)] under bool_and; prior registration was null
2023-07-27 00:25:15,728 DEBUG [ForkJoinPool.commonPool-worker-1] o.h.q.s.f.SqmFunctionRegistry [SqmFunctionRegistry.java:307] - Registering alternate key : every -> bool_and
2023-07-27 00:25:15,728 DEBUG [ForkJoinPool.commonPool-worker-1] o.h.q.s.f.SqmFunctionRegistry [SqmFunctionRegistry.java:90] - Registered SqmFunctionTemplate [NamedSqmFunctionTemplate(bool_or)] under bool_or; prior registration was null
2023-07-27 00:25:15,728 DEBUG [ForkJoinPool.commonPool-worker-1] o.h.q.s.f.SqmFunctionRegistry [SqmFunctionRegistry.java:307] - Registering alternate key : any -> bool_or
2023-07-27 00:25:15,728 DEBUG [ForkJoinPool.commonPool-worker-1] o.h.q.s.f.SqmFunctionRegistry [SqmFunctionRegistry.java:90] - Registered SqmFunctionTemplate [NamedSqmFunctionTemplate(median)] under median; prior registration was null
2023-07-27 00:25:15,729 DEBUG [ForkJoinPool.commonPool-worker-1] o.h.q.s.f.SqmFunctionRegistry [SqmFunctionRegistry.java:90] - Registered SqmFunctionTemplate [NamedSqmFunctionTemplate(stddev_pop)] under stddev_pop; prior registration was null
2023-07-27 00:25:15,729 DEBUG [ForkJoinPool.commonPool-worker-1] o.h.q.s.f.SqmFunctionRegistry [SqmFunctionRegistry.java:90] - Registered SqmFunctionTemplate [NamedSqmFunctionTemplate(stddev_samp)] under stddev_samp; prior registration was null
2023-07-27 00:25:15,729 DEBUG [ForkJoinPool.commonPool-worker-1] o.h.q.s.f.SqmFunctionRegistry [SqmFunctionRegistry.java:90] - Registered SqmFunctionTemplate [NamedSqmFunctionTemplate(var_pop)] under var_pop; prior registration was null
2023-07-27 00:25:15,729 DEBUG [ForkJoinPool.commonPool-worker-1] o.h.q.s.f.SqmFunctionRegistry [SqmFunctionRegistry.java:90] - Registered SqmFunctionTemplate [NamedSqmFunctionTemplate(var_samp)] under var_samp; prior registration was null
2023-07-27 00:25:15,729 DEBUG [ForkJoinPool.commonPool-worker-1] o.h.q.s.f.SqmFunctionRegistry [SqmFunctionRegistry.java:90] - Registered SqmFunctionTemplate [org.hibernate.dialect.function.FormatFunction@86c4295] under format; prior registration was org.hibernate.dialect.function.FormatFunction@73887bab
2023-07-27 00:25:15,729 DEBUG [ForkJoinPool.commonPool-worker-1] o.h.q.s.f.SqmFunctionRegistry [SqmFunctionRegistry.java:90] - Registered SqmFunctionTemplate [NamedSqmFunctionTemplate(rownum)] under rownum; prior registration was null
2023-07-27 00:25:15,729 DEBUG [ForkJoinPool.commonPool-worker-1] o.h.q.s.f.SqmFunctionRegistry [SqmFunctionRegistry.java:90] - Registered SqmFunctionTemplate [NamedSqmFunctionTemplate(row_number)] under row_number; prior registration was null
2023-07-27 00:25:15,730 DEBUG [ForkJoinPool.commonPool-worker-1] o.h.q.s.f.SqmFunctionRegistry [SqmFunctionRegistry.java:90] - Registered SqmFunctionTemplate [NamedSqmFunctionTemplate(lag)] under lag; prior registration was null
2023-07-27 00:25:15,730 DEBUG [ForkJoinPool.commonPool-worker-1] o.h.q.s.f.SqmFunctionRegistry [SqmFunctionRegistry.java:90] - Registered SqmFunctionTemplate [NamedSqmFunctionTemplate(lead)] under lead; prior registration was null
2023-07-27 00:25:15,730 DEBUG [ForkJoinPool.commonPool-worker-1] o.h.q.s.f.SqmFunctionRegistry [SqmFunctionRegistry.java:90] - Registered SqmFunctionTemplate [NamedSqmFunctionTemplate(first_value)] under first_value; prior registration was null
2023-07-27 00:25:15,730 DEBUG [ForkJoinPool.commonPool-worker-1] o.h.q.s.f.SqmFunctionRegistry [SqmFunctionRegistry.java:90] - Registered SqmFunctionTemplate [NamedSqmFunctionTemplate(last_value)] under last_value; prior registration was null
2023-07-27 00:25:15,730 DEBUG [ForkJoinPool.commonPool-worker-1] o.h.q.s.f.SqmFunctionRegistry [SqmFunctionRegistry.java:90] - Registered SqmFunctionTemplate [NamedSqmFunctionTemplate(nth_value)] under nth_value; prior registration was null
2023-07-27 00:25:15,731 DEBUG [ForkJoinPool.commonPool-worker-1] o.h.q.s.f.SqmFunctionRegistry [SqmFunctionRegistry.java:90] - Registered SqmFunctionTemplate [org.hibernate.dialect.function.InverseDistributionFunction@58e93195] under mode; prior registration was null
2023-07-27 00:25:15,731 DEBUG [ForkJoinPool.commonPool-worker-1] o.h.q.s.f.SqmFunctionRegistry [SqmFunctionRegistry.java:90] - Registered SqmFunctionTemplate [org.hibernate.dialect.function.InverseDistributionFunction@ebb31f4] under percentile_cont; prior registration was null
2023-07-27 00:25:15,732 DEBUG [ForkJoinPool.commonPool-worker-1] o.h.q.s.f.SqmFunctionRegistry [SqmFunctionRegistry.java:90] - Registered SqmFunctionTemplate [org.hibernate.dialect.function.InverseDistributionFunction@13b8fffa] under percentile_disc; prior registration was null
2023-07-27 00:25:15,732 DEBUG [ForkJoinPool.commonPool-worker-1] o.h.q.s.f.SqmFunctionRegistry [SqmFunctionRegistry.java:90] - Registered SqmFunctionTemplate [org.hibernate.dialect.function.HypotheticalSetFunction@36ef1c1] under rank; prior registration was null
2023-07-27 00:25:15,732 DEBUG [ForkJoinPool.commonPool-worker-1] o.h.q.s.f.SqmFunctionRegistry [SqmFunctionRegistry.java:90] - Registered SqmFunctionTemplate [org.hibernate.dialect.function.HypotheticalSetFunction@44067628] under dense_rank; prior registration was null
2023-07-27 00:25:15,733 DEBUG [ForkJoinPool.commonPool-worker-1] o.h.q.s.f.SqmFunctionRegistry [SqmFunctionRegistry.java:90] - Registered SqmFunctionTemplate [org.hibernate.dialect.function.HypotheticalSetFunction@35dd0aeb] under percent_rank; prior registration was null
2023-07-27 00:25:15,733 DEBUG [ForkJoinPool.commonPool-worker-1] o.h.q.s.f.SqmFunctionRegistry [SqmFunctionRegistry.java:90] - Registered SqmFunctionTemplate [org.hibernate.dialect.function.HypotheticalSetFunction@e8435f0] under cume_dist; prior registration was null
2023-07-27 00:25:15,733 DEBUG [ForkJoinPool.commonPool-worker-1] o.h.q.s.f.SqmFunctionRegistry [SqmFunctionRegistry.java:90] - Registered SqmFunctionTemplate [org.hibernate.dialect.function.ListaggFunction@7f03ee02] under listagg; prior registration was null
2023-07-27 00:25:15,735 DEBUG [ForkJoinPool.commonPool-worker-1] o.h.HQL_FUNCTIONS [QueryEngine.java:105] - abs(NUMERIC arg)
2023-07-27 00:25:15,736 DEBUG [ForkJoinPool.commonPool-worker-1] o.h.HQL_FUNCTIONS [QueryEngine.java:105] - Double acos(NUMERIC arg)
2023-07-27 00:25:15,736 DEBUG [ForkJoinPool.commonPool-worker-1] o.h.HQL_FUNCTIONS [QueryEngine.java:105] - Boolean any(BOOLEAN predicate)
2023-07-27 00:25:15,736 DEBUG [ForkJoinPool.commonPool-worker-1] o.h.HQL_FUNCTIONS [QueryEngine.java:105] - Integer ascii(STRING arg)
2023-07-27 00:25:15,736 DEBUG [ForkJoinPool.commonPool-worker-1] o.h.HQL_FUNCTIONS [QueryEngine.java:105] - Double asin(NUMERIC arg)
2023-07-27 00:25:15,736 DEBUG [ForkJoinPool.commonPool-worker-1] o.h.HQL_FUNCTIONS [QueryEngine.java:105] - Double atan(NUMERIC arg)
2023-07-27 00:25:15,736 DEBUG [ForkJoinPool.commonPool-worker-1] o.h.HQL_FUNCTIONS [QueryEngine.java:105] - Double atan2(NUMERIC arg0, NUMERIC arg1)
2023-07-27 00:25:15,736 DEBUG [ForkJoinPool.commonPool-worker-1] o.h.HQL_FUNCTIONS [QueryEngine.java:105] - Double avg(NUMERIC arg)
2023-07-27 00:25:15,737 DEBUG [ForkJoinPool.commonPool-worker-1] o.h.HQL_FUNCTIONS [QueryEngine.java:105] - bit_and(arg)
2023-07-27 00:25:15,737 DEBUG [ForkJoinPool.commonPool-worker-1] o.h.HQL_FUNCTIONS [QueryEngine.java:105] - Integer bit_length(STRING_OR_CLOB arg)
2023-07-27 00:25:15,737 DEBUG [ForkJoinPool.commonPool-worker-1] o.h.HQL_FUNCTIONS [QueryEngine.java:105] - bit_or(arg)
2023-07-27 00:25:15,737 DEBUG [ForkJoinPool.commonPool-worker-1] o.h.HQL_FUNCTIONS [QueryEngine.java:105] - bitand(arg0, arg1)
2023-07-27 00:25:15,737 DEBUG [ForkJoinPool.commonPool-worker-1] o.h.HQL_FUNCTIONS [QueryEngine.java:105] - bitor(arg0, arg1)
2023-07-27 00:25:15,737 DEBUG [ForkJoinPool.commonPool-worker-1] o.h.HQL_FUNCTIONS [QueryEngine.java:105] - bitxor(arg0, arg1)
2023-07-27 00:25:15,737 DEBUG [ForkJoinPool.commonPool-worker-1] o.h.HQL_FUNCTIONS [QueryEngine.java:105] - Boolean bool_and(BOOLEAN predicate)
2023-07-27 00:25:15,737 DEBUG [ForkJoinPool.commonPool-worker-1] o.h.HQL_FUNCTIONS [QueryEngine.java:105] - Boolean bool_or(BOOLEAN predicate)
2023-07-27 00:25:15,737 DEBUG [ForkJoinPool.commonPool-worker-1] o.h.HQL_FUNCTIONS [QueryEngine.java:105] - cast(arg as Type)
2023-07-27 00:25:15,737 DEBUG [ForkJoinPool.commonPool-worker-1] o.h.HQL_FUNCTIONS [QueryEngine.java:105] - ceiling(NUMERIC arg)
2023-07-27 00:25:15,737 DEBUG [ForkJoinPool.commonPool-worker-1] o.h.HQL_FUNCTIONS [QueryEngine.java:105] - Character char(INTEGER arg)
2023-07-27 00:25:15,737 DEBUG [ForkJoinPool.commonPool-worker-1] o.h.HQL_FUNCTIONS [QueryEngine.java:105] - Integer character_length(STRING_OR_CLOB arg)
2023-07-27 00:25:15,738 DEBUG [ForkJoinPool.commonPool-worker-1] o.h.HQL_FUNCTIONS [QueryEngine.java:105] - Character chr(INTEGER arg)
2023-07-27 00:25:15,738 DEBUG [ForkJoinPool.commonPool-worker-1] o.h.HQL_FUNCTIONS [QueryEngine.java:105] - coalesce(arg0[, arg1[, ...]])
2023-07-27 00:25:15,738 DEBUG [ForkJoinPool.commonPool-worker-1] o.h.HQL_FUNCTIONS [QueryEngine.java:105] - String collate(STRING string as COLLATION collation)
2023-07-27 00:25:15,738 DEBUG [ForkJoinPool.commonPool-worker-1] o.h.HQL_FUNCTIONS [QueryEngine.java:105] - String concat(STRING string0[, STRING string1[, ...]])
2023-07-27 00:25:15,738 DEBUG [ForkJoinPool.commonPool-worker-1] o.h.HQL_FUNCTIONS [QueryEngine.java:105] - Double cos(NUMERIC arg)
2023-07-27 00:25:15,738 DEBUG [ForkJoinPool.commonPool-worker-1] o.h.HQL_FUNCTIONS [QueryEngine.java:105] - Double cosh(NUMERIC arg)
2023-07-27 00:25:15,738 DEBUG [ForkJoinPool.commonPool-worker-1] o.h.HQL_FUNCTIONS [QueryEngine.java:105] - Double cot(NUMERIC arg)
2023-07-27 00:25:15,738 DEBUG [ForkJoinPool.commonPool-worker-1] o.h.HQL_FUNCTIONS [QueryEngine.java:105] - Long count([distinct ]{arg|*})
2023-07-27 00:25:15,738 DEBUG [ForkJoinPool.commonPool-worker-1] o.h.HQL_FUNCTIONS [QueryEngine.java:105] - Double cume_dist([arg0[, ...]])
2023-07-27 00:25:15,738 DEBUG [ForkJoinPool.commonPool-worker-1] o.h.HQL_FUNCTIONS [QueryEngine.java:105] - Date curdate()
2023-07-27 00:25:15,738 DEBUG [ForkJoinPool.commonPool-worker-1] o.h.HQL_FUNCTIONS [QueryEngine.java:105] - Date current date
2023-07-27 00:25:15,738 DEBUG [ForkJoinPool.commonPool-worker-1] o.h.HQL_FUNCTIONS [QueryEngine.java:105] - Time current time
2023-07-27 00:25:15,738 DEBUG [ForkJoinPool.commonPool-worker-1] o.h.HQL_FUNCTIONS [QueryEngine.java:105] - Timestamp current timestamp
2023-07-27 00:25:15,739 DEBUG [ForkJoinPool.commonPool-worker-1] o.h.HQL_FUNCTIONS [QueryEngine.java:105] - Date current_date
2023-07-27 00:25:15,739 DEBUG [ForkJoinPool.commonPool-worker-1] o.h.HQL_FUNCTIONS [QueryEngine.java:105] - Instant current_instant
2023-07-27 00:25:15,739 DEBUG [ForkJoinPool.commonPool-worker-1] o.h.HQL_FUNCTIONS [QueryEngine.java:105] - Time current_time
2023-07-27 00:25:15,739 DEBUG [ForkJoinPool.commonPool-worker-1] o.h.HQL_FUNCTIONS [QueryEngine.java:105] - Timestamp current_timestamp
2023-07-27 00:25:15,739 DEBUG [ForkJoinPool.commonPool-worker-1] o.h.HQL_FUNCTIONS [QueryEngine.java:105] - Time curtime()
2023-07-27 00:25:15,739 DEBUG [ForkJoinPool.commonPool-worker-1] o.h.HQL_FUNCTIONS [QueryEngine.java:105] - date_trunc(STRING field, TEMPORAL datetime)
2023-07-27 00:25:15,739 DEBUG [ForkJoinPool.commonPool-worker-1] o.h.HQL_FUNCTIONS [QueryEngine.java:105] - dateadd(TEMPORAL_UNIT field, INTEGER magnitude, TEMPORAL datetime)
2023-07-27 00:25:15,739 DEBUG [ForkJoinPool.commonPool-worker-1] o.h.HQL_FUNCTIONS [QueryEngine.java:105] - basicType@12(java.lang.Long,-5)|basicType@15(java.lang.Double,8) datediff(TEMPORAL_UNIT field, TEMPORAL start, TEMPORAL end)
2023-07-27 00:25:15,739 DEBUG [ForkJoinPool.commonPool-worker-1] o.h.HQL_FUNCTIONS [QueryEngine.java:105] - Integer day(DATE arg)
2023-07-27 00:25:15,739 DEBUG [ForkJoinPool.commonPool-worker-1] o.h.HQL_FUNCTIONS [QueryEngine.java:105] - Integer day_of_month(DATE arg)
2023-07-27 00:25:15,739 DEBUG [ForkJoinPool.commonPool-worker-1] o.h.HQL_FUNCTIONS [QueryEngine.java:105] - Integer day_of_week(DATE arg)
2023-07-27 00:25:15,739 DEBUG [ForkJoinPool.commonPool-worker-1] o.h.HQL_FUNCTIONS [QueryEngine.java:105] - Integer day_of_year(DATE arg)
2023-07-27 00:25:15,739 DEBUG [ForkJoinPool.commonPool-worker-1] o.h.HQL_FUNCTIONS [QueryEngine.java:105] - String dayname(DATE arg)
2023-07-27 00:25:15,739 DEBUG [ForkJoinPool.commonPool-worker-1] o.h.HQL_FUNCTIONS [QueryEngine.java:105] - Double degrees(NUMERIC arg)
2023-07-27 00:25:15,739 DEBUG [ForkJoinPool.commonPool-worker-1] o.h.HQL_FUNCTIONS [QueryEngine.java:105] - Long dense_rank([arg0[, ...]])
2023-07-27 00:25:15,739 DEBUG [ForkJoinPool.commonPool-worker-1] o.h.HQL_FUNCTIONS [QueryEngine.java:105] - Boolean every(BOOLEAN predicate)
2023-07-27 00:25:15,741 DEBUG [ForkJoinPool.commonPool-worker-1] o.h.HQL_FUNCTIONS [QueryEngine.java:105] - Double exp(NUMERIC arg)
2023-07-27 00:25:15,741 DEBUG [ForkJoinPool.commonPool-worker-1] o.h.HQL_FUNCTIONS [QueryEngine.java:105] - extract(TEMPORAL_UNIT field from TEMPORAL arg)
2023-07-27 00:25:15,741 DEBUG [ForkJoinPool.commonPool-worker-1] o.h.HQL_FUNCTIONS [QueryEngine.java:105] - first_valueANY value
2023-07-27 00:25:15,741 DEBUG [ForkJoinPool.commonPool-worker-1] o.h.HQL_FUNCTIONS [QueryEngine.java:105] - floor(NUMERIC arg)
2023-07-27 00:25:15,741 DEBUG [ForkJoinPool.commonPool-worker-1] o.h.HQL_FUNCTIONS [QueryEngine.java:105] - String format(TEMPORAL datetime as STRING pattern)
2023-07-27 00:25:15,741 DEBUG [ForkJoinPool.commonPool-worker-1] o.h.HQL_FUNCTIONS [QueryEngine.java:105] - greatest(COMPARABLE arg0, COMPARABLE arg1[, arg2[, ...]])
2023-07-27 00:25:15,741 DEBUG [ForkJoinPool.commonPool-worker-1] o.h.HQL_FUNCTIONS [QueryEngine.java:105] - Integer hour(TIME arg)
2023-07-27 00:25:15,742 DEBUG [ForkJoinPool.commonPool-worker-1] o.h.HQL_FUNCTIONS [QueryEngine.java:105] - ifnull(arg0, arg1)
2023-07-27 00:25:15,742 DEBUG [ForkJoinPool.commonPool-worker-1] o.h.HQL_FUNCTIONS [QueryEngine.java:105] - String insert(STRING string, INTEGER start, INTEGER length, STRING replacement)
2023-07-27 00:25:15,743 DEBUG [ForkJoinPool.commonPool-worker-1] o.h.HQL_FUNCTIONS [QueryEngine.java:105] - Instant instant
2023-07-27 00:25:15,743 DEBUG [ForkJoinPool.commonPool-worker-1] o.h.HQL_FUNCTIONS [QueryEngine.java:105] - Integer instr(STRING string, STRING pattern[, INTEGER start[, INTEGER occurrence]])
2023-07-27 00:25:15,743 DEBUG [ForkJoinPool.commonPool-worker-1] o.h.HQL_FUNCTIONS [QueryEngine.java:105] - lagANY value[, INTEGER offset[, ANY default]]
2023-07-27 00:25:15,743 DEBUG [ForkJoinPool.commonPool-worker-1] o.h.HQL_FUNCTIONS [QueryEngine.java:105] - last_valueANY value
2023-07-27 00:25:15,743 DEBUG [ForkJoinPool.commonPool-worker-1] o.h.HQL_FUNCTIONS [QueryEngine.java:105] - leadANY value[, INTEGER offset[, ANY default]]
2023-07-27 00:25:15,744 DEBUG [ForkJoinPool.commonPool-worker-1] o.h.HQL_FUNCTIONS [QueryEngine.java:105] - least(COMPARABLE arg0, COMPARABLE arg1[, arg2[, ...]])
2023-07-27 00:25:15,744 DEBUG [ForkJoinPool.commonPool-worker-1] o.h.HQL_FUNCTIONS [QueryEngine.java:105] - String left(STRING string, INTEGER length)
2023-07-27 00:25:15,744 DEBUG [ForkJoinPool.commonPool-worker-1] o.h.HQL_FUNCTIONS [QueryEngine.java:105] - Integer length(STRING_OR_CLOB arg)
2023-07-27 00:25:15,744 DEBUG [ForkJoinPool.commonPool-worker-1] o.h.HQL_FUNCTIONS [QueryEngine.java:105] - String listagg(STRING arg0, STRING arg1)
2023-07-27 00:25:15,744 DEBUG [ForkJoinPool.commonPool-worker-1] o.h.HQL_FUNCTIONS [QueryEngine.java:105] - Double ln(NUMERIC arg)
2023-07-27 00:25:15,745 DEBUG [ForkJoinPool.commonPool-worker-1] o.h.HQL_FUNCTIONS [QueryEngine.java:105] - LocalDate local date
2023-07-27 00:25:15,745 DEBUG [ForkJoinPool.commonPool-worker-1] o.h.HQL_FUNCTIONS [QueryEngine.java:105] - LocalDateTime local datetime
2023-07-27 00:25:15,745 DEBUG [ForkJoinPool.commonPool-worker-1] o.h.HQL_FUNCTIONS [QueryEngine.java:105] - LocalTime local time
2023-07-27 00:25:15,745 DEBUG [ForkJoinPool.commonPool-worker-1] o.h.HQL_FUNCTIONS [QueryEngine.java:105] - LocalDate local_date
2023-07-27 00:25:15,745 DEBUG [ForkJoinPool.commonPool-worker-1] o.h.HQL_FUNCTIONS [QueryEngine.java:105] - LocalDateTime local_datetime
2023-07-27 00:25:15,746 DEBUG [ForkJoinPool.commonPool-worker-1] o.h.HQL_FUNCTIONS [QueryEngine.java:105] - LocalTime local_time
2023-07-27 00:25:15,746 DEBUG [ForkJoinPool.commonPool-worker-1] o.h.HQL_FUNCTIONS [QueryEngine.java:105] - Time localtime
2023-07-27 00:25:15,746 DEBUG [ForkJoinPool.commonPool-worker-1] o.h.HQL_FUNCTIONS [QueryEngine.java:105] - Timestamp localtimestamp
2023-07-27 00:25:15,746 DEBUG [ForkJoinPool.commonPool-worker-1] o.h.HQL_FUNCTIONS [QueryEngine.java:105] - Integer locate(STRING pattern, STRING string[, INTEGER start])
2023-07-27 00:25:15,746 DEBUG [ForkJoinPool.commonPool-worker-1] o.h.HQL_FUNCTIONS [QueryEngine.java:105] - Double log(NUMERIC base, NUMERIC arg)
2023-07-27 00:25:15,746 DEBUG [ForkJoinPool.commonPool-worker-1] o.h.HQL_FUNCTIONS [QueryEngine.java:105] - Double log10(NUMERIC arg)
2023-07-27 00:25:15,746 DEBUG [ForkJoinPool.commonPool-worker-1] o.h.HQL_FUNCTIONS [QueryEngine.java:105] - String lower(STRING string)
2023-07-27 00:25:15,747 DEBUG [ForkJoinPool.commonPool-worker-1] o.h.HQL_FUNCTIONS [QueryEngine.java:105] - String lpad(STRING string, INTEGER length[, STRING padding])
2023-07-27 00:25:15,747 DEBUG [ForkJoinPool.commonPool-worker-1] o.h.HQL_FUNCTIONS [QueryEngine.java:105] - String ltrim(STRING string)
2023-07-27 00:25:15,747 DEBUG [ForkJoinPool.commonPool-worker-1] o.h.HQL_FUNCTIONS [QueryEngine.java:105] - max(COMPARABLE arg)
2023-07-27 00:25:15,747 DEBUG [ForkJoinPool.commonPool-worker-1] o.h.HQL_FUNCTIONS [QueryEngine.java:105] - Double median(NUMERIC arg)
2023-07-27 00:25:15,747 DEBUG [ForkJoinPool.commonPool-worker-1] o.h.HQL_FUNCTIONS [QueryEngine.java:105] - Integer microsecond(TIME arg)
2023-07-27 00:25:15,748 DEBUG [ForkJoinPool.commonPool-worker-1] o.h.HQL_FUNCTIONS [QueryEngine.java:105] - min(COMPARABLE arg)
2023-07-27 00:25:15,748 DEBUG [ForkJoinPool.commonPool-worker-1] o.h.HQL_FUNCTIONS [QueryEngine.java:105] - Integer minute(TIME arg)
2023-07-27 00:25:15,748 DEBUG [ForkJoinPool.commonPool-worker-1] o.h.HQL_FUNCTIONS [QueryEngine.java:105] - Integer mod(INTEGER arg0, INTEGER arg1)
2023-07-27 00:25:15,748 DEBUG [ForkJoinPool.commonPool-worker-1] o.h.HQL_FUNCTIONS [QueryEngine.java:105] - mode()
2023-07-27 00:25:15,748 DEBUG [ForkJoinPool.commonPool-worker-1] o.h.HQL_FUNCTIONS [QueryEngine.java:105] - Integer month(DATE arg)
2023-07-27 00:25:15,748 DEBUG [ForkJoinPool.commonPool-worker-1] o.h.HQL_FUNCTIONS [QueryEngine.java:105] - String monthname(DATE arg)
2023-07-27 00:25:15,748 DEBUG [ForkJoinPool.commonPool-worker-1] o.h.HQL_FUNCTIONS [QueryEngine.java:105] - Timestamp now()
2023-07-27 00:25:15,748 DEBUG [ForkJoinPool.commonPool-worker-1] o.h.HQL_FUNCTIONS [QueryEngine.java:105] - nth_valueANY value, INTEGER nth
2023-07-27 00:25:15,748 DEBUG [ForkJoinPool.commonPool-worker-1] o.h.HQL_FUNCTIONS [QueryEngine.java:105] - nullif(arg0, arg1)
2023-07-27 00:25:15,749 DEBUG [ForkJoinPool.commonPool-worker-1] o.h.HQL_FUNCTIONS [QueryEngine.java:105] - Integer octet_length(STRING_OR_CLOB arg)
2023-07-27 00:25:15,749 DEBUG [ForkJoinPool.commonPool-worker-1] o.h.HQL_FUNCTIONS [QueryEngine.java:105] - OffsetDateTime offset datetime
2023-07-27 00:25:15,749 DEBUG [ForkJoinPool.commonPool-worker-1] o.h.HQL_FUNCTIONS [QueryEngine.java:105] - OffsetDateTime offset_datetime
2023-07-27 00:25:15,749 DEBUG [ForkJoinPool.commonPool-worker-1] o.h.HQL_FUNCTIONS [QueryEngine.java:105] - String overlay(STRING string placing STRING replacement from INTEGER start[ for INTEGER length])
2023-07-27 00:25:15,749 DEBUG [ForkJoinPool.commonPool-worker-1] o.h.HQL_FUNCTIONS [QueryEngine.java:105] - String pad(STRING string with INTEGER length {leading|trailing}[ STRING character])
2023-07-27 00:25:15,749 DEBUG [ForkJoinPool.commonPool-worker-1] o.h.HQL_FUNCTIONS [QueryEngine.java:105] - Double percent_rank([arg0[, ...]])
2023-07-27 00:25:15,749 DEBUG [ForkJoinPool.commonPool-worker-1] o.h.HQL_FUNCTIONS [QueryEngine.java:105] - percentile_cont(NUMERIC arg)
2023-07-27 00:25:15,749 DEBUG [ForkJoinPool.commonPool-worker-1] o.h.HQL_FUNCTIONS [QueryEngine.java:105] - percentile_disc(NUMERIC arg)
2023-07-27 00:25:15,749 DEBUG [ForkJoinPool.commonPool-worker-1] o.h.HQL_FUNCTIONS [QueryEngine.java:105] - Double pi
2023-07-27 00:25:15,749 DEBUG [ForkJoinPool.commonPool-worker-1] o.h.HQL_FUNCTIONS [QueryEngine.java:105] - Integer position(STRING pattern in STRING string)
2023-07-27 00:25:15,749 DEBUG [ForkJoinPool.commonPool-worker-1] o.h.HQL_FUNCTIONS [QueryEngine.java:105] - Double power(NUMERIC arg0, NUMERIC arg1)
2023-07-27 00:25:15,750 DEBUG [ForkJoinPool.commonPool-worker-1] o.h.HQL_FUNCTIONS [QueryEngine.java:105] - Integer quarter(DATE arg)
2023-07-27 00:25:15,750 DEBUG [ForkJoinPool.commonPool-worker-1] o.h.HQL_FUNCTIONS [QueryEngine.java:105] - Double radians(NUMERIC arg)
2023-07-27 00:25:15,750 DEBUG [ForkJoinPool.commonPool-worker-1] o.h.HQL_FUNCTIONS [QueryEngine.java:105] - Double rand([INTEGER seed])
2023-07-27 00:25:15,750 DEBUG [ForkJoinPool.commonPool-worker-1] o.h.HQL_FUNCTIONS [QueryEngine.java:105] - Long rank([arg0[, ...]])
2023-07-27 00:25:15,750 DEBUG [ForkJoinPool.commonPool-worker-1] o.h.HQL_FUNCTIONS [QueryEngine.java:105] - String repeat(STRING string, INTEGER times)
2023-07-27 00:25:15,750 DEBUG [ForkJoinPool.commonPool-worker-1] o.h.HQL_FUNCTIONS [QueryEngine.java:105] - String replace(STRING string, STRING pattern, STRING replacement)
2023-07-27 00:25:15,750 DEBUG [ForkJoinPool.commonPool-worker-1] o.h.HQL_FUNCTIONS [QueryEngine.java:105] - String right(STRING string, INTEGER length)
2023-07-27 00:25:15,750 DEBUG [ForkJoinPool.commonPool-worker-1] o.h.HQL_FUNCTIONS [QueryEngine.java:105] - round(NUMERIC number[, INTEGER places])
2023-07-27 00:25:15,750 DEBUG [ForkJoinPool.commonPool-worker-1] o.h.HQL_FUNCTIONS [QueryEngine.java:105] - Long row_number()
2023-07-27 00:25:15,750 DEBUG [ForkJoinPool.commonPool-worker-1] o.h.HQL_FUNCTIONS [QueryEngine.java:105] - Long rownum()
2023-07-27 00:25:15,750 DEBUG [ForkJoinPool.commonPool-worker-1] o.h.HQL_FUNCTIONS [QueryEngine.java:105] - String rpad(STRING string, INTEGER length[, STRING padding])
2023-07-27 00:25:15,750 DEBUG [ForkJoinPool.commonPool-worker-1] o.h.HQL_FUNCTIONS [QueryEngine.java:105] - String rtrim(STRING string)
2023-07-27 00:25:15,750 DEBUG [ForkJoinPool.commonPool-worker-1] o.h.HQL_FUNCTIONS [QueryEngine.java:105] - Integer second(TIME arg)
2023-07-27 00:25:15,750 DEBUG [ForkJoinPool.commonPool-worker-1] o.h.HQL_FUNCTIONS [QueryEngine.java:105] - Integer sign(NUMERIC arg)
2023-07-27 00:25:15,751 DEBUG [ForkJoinPool.commonPool-worker-1] o.h.HQL_FUNCTIONS [QueryEngine.java:105] - Double sin(NUMERIC arg)
2023-07-27 00:25:15,751 DEBUG [ForkJoinPool.commonPool-worker-1] o.h.HQL_FUNCTIONS [QueryEngine.java:105] - Double sinh(NUMERIC arg)
2023-07-27 00:25:15,751 DEBUG [ForkJoinPool.commonPool-worker-1] o.h.HQL_FUNCTIONS [QueryEngine.java:105] - String soundex(arg)
2023-07-27 00:25:15,751 DEBUG [ForkJoinPool.commonPool-worker-1] o.h.HQL_FUNCTIONS [QueryEngine.java:105] - String space(INTEGER arg)
2023-07-27 00:25:15,751 DEBUG [ForkJoinPool.commonPool-worker-1] o.h.HQL_FUNCTIONS [QueryEngine.java:105] - Object sql
2023-07-27 00:25:15,751 DEBUG [ForkJoinPool.commonPool-worker-1] o.h.HQL_FUNCTIONS [QueryEngine.java:105] - Double sqrt(NUMERIC arg)
2023-07-27 00:25:15,751 DEBUG [ForkJoinPool.commonPool-worker-1] o.h.HQL_FUNCTIONS [QueryEngine.java:105] - Double stddev_pop(NUMERIC arg)
2023-07-27 00:25:15,751 DEBUG [ForkJoinPool.commonPool-worker-1] o.h.HQL_FUNCTIONS [QueryEngine.java:105] - Double stddev_samp(NUMERIC arg)
2023-07-27 00:25:15,751 DEBUG [ForkJoinPool.commonPool-worker-1] o.h.HQL_FUNCTIONS [QueryEngine.java:105] - String str(arg)
2023-07-27 00:25:15,751 DEBUG [ForkJoinPool.commonPool-worker-1] o.h.HQL_FUNCTIONS [QueryEngine.java:105] - String substr(STRING string, INTEGER start[, INTEGER length])
2023-07-27 00:25:15,751 DEBUG [ForkJoinPool.commonPool-worker-1] o.h.HQL_FUNCTIONS [QueryEngine.java:105] - String substring(STRING string{ from|,} INTEGER start[{ for|,} INTEGER length])
2023-07-27 00:25:15,751 DEBUG [ForkJoinPool.commonPool-worker-1] o.h.HQL_FUNCTIONS [QueryEngine.java:105] - sum(arg)
2023-07-27 00:25:15,751 DEBUG [ForkJoinPool.commonPool-worker-1] o.h.HQL_FUNCTIONS [QueryEngine.java:105] - Timestamp sysdate
2023-07-27 00:25:15,751 DEBUG [ForkJoinPool.commonPool-worker-1] o.h.HQL_FUNCTIONS [QueryEngine.java:105] - Double tan(NUMERIC arg)
2023-07-27 00:25:15,751 DEBUG [ForkJoinPool.commonPool-worker-1] o.h.HQL_FUNCTIONS [QueryEngine.java:105] - Double tanh(NUMERIC arg)
2023-07-27 00:25:15,752 DEBUG [ForkJoinPool.commonPool-worker-1] o.h.HQL_FUNCTIONS [QueryEngine.java:105] - timestampadd(TEMPORAL_UNIT field, INTEGER magnitude, TEMPORAL datetime)
2023-07-27 00:25:15,752 DEBUG [ForkJoinPool.commonPool-worker-1] o.h.HQL_FUNCTIONS [QueryEngine.java:105] - basicType@12(java.lang.Long,-5)|basicType@15(java.lang.Double,8) timestampdiff(TEMPORAL_UNIT field, TEMPORAL start, TEMPORAL end)
2023-07-27 00:25:15,752 DEBUG [ForkJoinPool.commonPool-worker-1] o.h.HQL_FUNCTIONS [QueryEngine.java:105] - String translate(STRING arg0, STRING arg1, STRING arg2)
2023-07-27 00:25:15,752 DEBUG [ForkJoinPool.commonPool-worker-1] o.h.HQL_FUNCTIONS [QueryEngine.java:105] - String trim([[{leading|trailing|both} ][STRING arg0 ]from] STRING arg1)
2023-07-27 00:25:15,752 DEBUG [ForkJoinPool.commonPool-worker-1] o.h.HQL_FUNCTIONS [QueryEngine.java:105] - trunc( ... )
2023-07-27 00:25:15,752 DEBUG [ForkJoinPool.commonPool-worker-1] o.h.HQL_FUNCTIONS [QueryEngine.java:105] - truncate( ... )
2023-07-27 00:25:15,752 DEBUG [ForkJoinPool.commonPool-worker-1] o.h.HQL_FUNCTIONS [QueryEngine.java:105] - String upper(STRING string)
2023-07-27 00:25:15,752 DEBUG [ForkJoinPool.commonPool-worker-1] o.h.HQL_FUNCTIONS [QueryEngine.java:105] - Double var_pop(NUMERIC arg)
2023-07-27 00:25:15,752 DEBUG [ForkJoinPool.commonPool-worker-1] o.h.HQL_FUNCTIONS [QueryEngine.java:105] - Double var_samp(NUMERIC arg)
2023-07-27 00:25:15,752 DEBUG [ForkJoinPool.commonPool-worker-1] o.h.HQL_FUNCTIONS [QueryEngine.java:105] - Integer week(DATE arg)
2023-07-27 00:25:15,753 DEBUG [ForkJoinPool.commonPool-worker-1] o.h.HQL_FUNCTIONS [QueryEngine.java:105] - Integer year(DATE arg)
2023-07-27 00:25:15,757 DEBUG [ForkJoinPool.commonPool-worker-1] o.h.o.q.p.cache [QueryInterpretationCacheStandardImpl.java:48] - Starting QueryPlanCache(2048)
2023-07-27 00:25:15,937 DEBUG [ForkJoinPool.commonPool-worker-1] o.h.b.i.ClassLoaderAccessImpl [ClassLoaderAccessImpl.java:60] - Not known whether passed class name [de.fhdw.freefeser.app.databases.entities.AppChatbot] is safe
2023-07-27 00:25:15,938 DEBUG [ForkJoinPool.commonPool-worker-1] o.h.b.i.ClassLoaderAccessImpl [ClassLoaderAccessImpl.java:62] - No temp ClassLoader provided; using live ClassLoader for loading potentially unsafe class : de.fhdw.freefeser.app.databases.entities.AppChatbot
