2023-07-27 00:25:16,165 DEBUG [ForkJoinPool.commonPool-worker-1] o.h.b.i.b.BytecodeProviderImpl [BytecodeProviderImpl.java:235] - HHH000513: Unable to create the ReflectionOptimizer for [de.fhdw.freefeser.app.databases.entities.AppChatbot]
org.hibernate.bytecode.internal.bytebuddy.PrivateAccessorException: private accessor [active]
	at org.hibernate.bytecode.internal.bytebuddy.BytecodeProviderImpl.findAccessors(BytecodeProviderImpl.java:1238)
	at org.hibernate.bytecode.internal.bytebuddy.BytecodeProviderImpl.getReflectionOptimizer(BytecodeProviderImpl.java:232)
	at org.hibernate.metamodel.internal.EntityRepresentationStrategyPojoStandard.resolveReflectionOptimizer(EntityRepresentationStrategyPojoStandard.java:293)
	at org.hibernate.metamodel.internal.EntityRepresentationStrategyPojoStandard.<init>(EntityRepresentationStrategyPojoStandard.java:161)
	at org.hibernate.metamodel.internal.ManagedTypeRepresentationResolverStandard.resolveStrategy(ManagedTypeRepresentationResolverStandard.java:62)
	at org.hibernate.persister.entity.AbstractEntityPersister.<init>(AbstractEntityPersister.java:508)
	at org.hibernate.persister.entity.SingleTableEntityPersister.<init>(SingleTableEntityPersister.java:140)
	at java.base/jdk.internal.reflect.DirectConstructorHandleAccessor.newInstance(DirectConstructorHandleAccessor.java:67)
	at java.base/java.lang.reflect.Constructor.newInstanceWithCaller(Constructor.java:500)
	at java.base/java.lang.reflect.Constructor.newInstance(Constructor.java:484)
	at org.hibernate.persister.internal.PersisterFactoryImpl.createEntityPersister(PersisterFactoryImpl.java:92)
	at org.hibernate.persister.internal.PersisterFactoryImpl.createEntityPersister(PersisterFactoryImpl.java:75)
	at org.hibernate.metamodel.model.domain.internal.MappingMetamodelImpl.processBootEntities(MappingMetamodelImpl.java:247)
	at org.hibernate.metamodel.model.domain.internal.MappingMetamodelImpl.finishInitialization(MappingMetamodelImpl.java:185)
	at org.hibernate.internal.SessionFactoryImpl.initializeMappingModel(SessionFactoryImpl.java:320)
	at org.hibernate.internal.SessionFactoryImpl.<init>(SessionFactoryImpl.java:270)
	at org.hibernate.boot.internal.SessionFactoryBuilderImpl.build(SessionFactoryBuilderImpl.java:431)
	at de.fhdw.freefeser.app.util.HibernateUtil.getSessionFactory(HibernateUtil.java:27)
	at de.fhdw.freefeser.app.databases.managers.AppUserDatabaseManager.lambda$getByUsername$5(AppUserDatabaseManager.java:126)
	at java.base/java.util.concurrent.CompletableFuture$AsyncSupply.run$$$capture(CompletableFuture.java:1768)
	at java.base/java.util.concurrent.CompletableFuture$AsyncSupply.run(CompletableFuture.java)
	at java.base/java.util.concurrent.CompletableFuture$AsyncSupply.exec(CompletableFuture.java:1760)
	at java.base/java.util.concurrent.ForkJoinTask.doExec$$$capture(ForkJoinTask.java:387)
	at java.base/java.util.concurrent.ForkJoinTask.doExec(ForkJoinTask.java)
	at java.base/java.util.concurrent.ForkJoinPool$WorkQueue.topLevelExec(ForkJoinPool.java:1312)
	at java.base/java.util.concurrent.ForkJoinPool.scan(ForkJoinPool.java:1843)
	at java.base/java.util.concurrent.ForkJoinPool.runWorker(ForkJoinPool.java:1808)
	at java.base/java.util.concurrent.ForkJoinWorkerThread.run(ForkJoinWorkerThread.java:188)
2023-07-27 00:25:16,208 DEBUG [ForkJoinPool.commonPool-worker-1] o.h.b.i.ClassLoaderAccessImpl [ClassLoaderAccessImpl.java:60] - Not known whether passed class name [de.fhdw.freefeser.app.databases.entities.AppChatMessage] is safe
2023-07-27 00:25:16,208 DEBUG [ForkJoinPool.commonPool-worker-1] o.h.b.i.ClassLoaderAccessImpl [ClassLoaderAccessImpl.java:62] - No temp ClassLoader provided; using live ClassLoader for loading potentially unsafe class : de.fhdw.freefeser.app.databases.entities.AppChatMessage
2023-07-27 00:25:16,234 DEBUG [ForkJoinPool.commonPool-worker-1] o.h.b.i.b.BytecodeProviderImpl [BytecodeProviderImpl.java:235] - HHH000513: Unable to create the ReflectionOptimizer for [de.fhdw.freefeser.app.databases.entities.AppChatMessage]
org.hibernate.bytecode.internal.bytebuddy.PrivateAccessorException: private accessor [chatbot]
	at org.hibernate.bytecode.internal.bytebuddy.BytecodeProviderImpl.findAccessors(BytecodeProviderImpl.java:1238)
	at org.hibernate.bytecode.internal.bytebuddy.BytecodeProviderImpl.getReflectionOptimizer(BytecodeProviderImpl.java:232)
	at org.hibernate.metamodel.internal.EntityRepresentationStrategyPojoStandard.resolveReflectionOptimizer(EntityRepresentationStrategyPojoStandard.java:293)
	at org.hibernate.metamodel.internal.EntityRepresentationStrategyPojoStandard.<init>(EntityRepresentationStrategyPojoStandard.java:161)
	at org.hibernate.metamodel.internal.ManagedTypeRepresentationResolverStandard.resolveStrategy(ManagedTypeRepresentationResolverStandard.java:62)
	at org.hibernate.persister.entity.AbstractEntityPersister.<init>(AbstractEntityPersister.java:508)
	at org.hibernate.persister.entity.SingleTableEntityPersister.<init>(SingleTableEntityPersister.java:140)
	at java.base/jdk.internal.reflect.DirectConstructorHandleAccessor.newInstance(DirectConstructorHandleAccessor.java:67)
	at java.base/java.lang.reflect.Constructor.newInstanceWithCaller(Constructor.java:500)
	at java.base/java.lang.reflect.Constructor.newInstance(Constructor.java:484)
	at org.hibernate.persister.internal.PersisterFactoryImpl.createEntityPersister(PersisterFactoryImpl.java:92)
	at org.hibernate.persister.internal.PersisterFactoryImpl.createEntityPersister(PersisterFactoryImpl.java:75)
	at org.hibernate.metamodel.model.domain.internal.MappingMetamodelImpl.processBootEntities(MappingMetamodelImpl.java:247)
	at org.hibernate.metamodel.model.domain.internal.MappingMetamodelImpl.finishInitialization(MappingMetamodelImpl.java:185)
	at org.hibernate.internal.SessionFactoryImpl.initializeMappingModel(SessionFactoryImpl.java:320)
	at org.hibernate.internal.SessionFactoryImpl.<init>(SessionFactoryImpl.java:270)
	at org.hibernate.boot.internal.SessionFactoryBuilderImpl.build(SessionFactoryBuilderImpl.java:431)
	at de.fhdw.freefeser.app.util.HibernateUtil.getSessionFactory(HibernateUtil.java:27)
	at de.fhdw.freefeser.app.databases.managers.AppUserDatabaseManager.lambda$getByUsername$5(AppUserDatabaseManager.java:126)
	at java.base/java.util.concurrent.CompletableFuture$AsyncSupply.run$$$capture(CompletableFuture.java:1768)
	at java.base/java.util.concurrent.CompletableFuture$AsyncSupply.run(CompletableFuture.java)
	at java.base/java.util.concurrent.CompletableFuture$AsyncSupply.exec(CompletableFuture.java:1760)
	at java.base/java.util.concurrent.ForkJoinTask.doExec$$$capture(ForkJoinTask.java:387)
	at java.base/java.util.concurrent.ForkJoinTask.doExec(ForkJoinTask.java)
	at java.base/java.util.concurrent.ForkJoinPool$WorkQueue.topLevelExec(ForkJoinPool.java:1312)
	at java.base/java.util.concurrent.ForkJoinPool.scan(ForkJoinPool.java:1843)
	at java.base/java.util.concurrent.ForkJoinPool.runWorker(ForkJoinPool.java:1808)
	at java.base/java.util.concurrent.ForkJoinWorkerThread.run(ForkJoinWorkerThread.java:188)
2023-07-27 00:25:16,235 DEBUG [ForkJoinPool.commonPool-worker-1] o.h.b.i.ClassLoaderAccessImpl [ClassLoaderAccessImpl.java:60] - Not known whether passed class name [de.fhdw.freefeser.app.databases.entities.AppUser] is safe
2023-07-27 00:25:16,236 DEBUG [ForkJoinPool.commonPool-worker-1] o.h.b.i.ClassLoaderAccessImpl [ClassLoaderAccessImpl.java:62] - No temp ClassLoader provided; using live ClassLoader for loading potentially unsafe class : de.fhdw.freefeser.app.databases.entities.AppUser
2023-07-27 00:25:16,249 DEBUG [ForkJoinPool.commonPool-worker-1] o.h.b.i.b.BytecodeProviderImpl [BytecodeProviderImpl.java:235] - HHH000513: Unable to create the ReflectionOptimizer for [de.fhdw.freefeser.app.databases.entities.AppUser]
org.hibernate.bytecode.internal.bytebuddy.PrivateAccessorException: private accessor [password]
	at org.hibernate.bytecode.internal.bytebuddy.BytecodeProviderImpl.findAccessors(BytecodeProviderImpl.java:1238)
	at org.hibernate.bytecode.internal.bytebuddy.BytecodeProviderImpl.getReflectionOptimizer(BytecodeProviderImpl.java:232)
	at org.hibernate.metamodel.internal.EntityRepresentationStrategyPojoStandard.resolveReflectionOptimizer(EntityRepresentationStrategyPojoStandard.java:293)
	at org.hibernate.metamodel.internal.EntityRepresentationStrategyPojoStandard.<init>(EntityRepresentationStrategyPojoStandard.java:161)
	at org.hibernate.metamodel.internal.ManagedTypeRepresentationResolverStandard.resolveStrategy(ManagedTypeRepresentationResolverStandard.java:62)
	at org.hibernate.persister.entity.AbstractEntityPersister.<init>(AbstractEntityPersister.java:508)
	at org.hibernate.persister.entity.SingleTableEntityPersister.<init>(SingleTableEntityPersister.java:140)
	at java.base/jdk.internal.reflect.DirectConstructorHandleAccessor.newInstance(DirectConstructorHandleAccessor.java:67)
	at java.base/java.lang.reflect.Constructor.newInstanceWithCaller(Constructor.java:500)
	at java.base/java.lang.reflect.Constructor.newInstance(Constructor.java:484)
	at org.hibernate.persister.internal.PersisterFactoryImpl.createEntityPersister(PersisterFactoryImpl.java:92)
	at org.hibernate.persister.internal.PersisterFactoryImpl.createEntityPersister(PersisterFactoryImpl.java:75)
	at org.hibernate.metamodel.model.domain.internal.MappingMetamodelImpl.processBootEntities(MappingMetamodelImpl.java:247)
	at org.hibernate.metamodel.model.domain.internal.MappingMetamodelImpl.finishInitialization(MappingMetamodelImpl.java:185)
	at org.hibernate.internal.SessionFactoryImpl.initializeMappingModel(SessionFactoryImpl.java:320)
	at org.hibernate.internal.SessionFactoryImpl.<init>(SessionFactoryImpl.java:270)
	at org.hibernate.boot.internal.SessionFactoryBuilderImpl.build(SessionFactoryBuilderImpl.java:431)
	at de.fhdw.freefeser.app.util.HibernateUtil.getSessionFactory(HibernateUtil.java:27)
	at de.fhdw.freefeser.app.databases.managers.AppUserDatabaseManager.lambda$getByUsername$5(AppUserDatabaseManager.java:126)
	at java.base/java.util.concurrent.CompletableFuture$AsyncSupply.run$$$capture(CompletableFuture.java:1768)
	at java.base/java.util.concurrent.CompletableFuture$AsyncSupply.run(CompletableFuture.java)
	at java.base/java.util.concurrent.CompletableFuture$AsyncSupply.exec(CompletableFuture.java:1760)
	at java.base/java.util.concurrent.ForkJoinTask.doExec$$$capture(ForkJoinTask.java:387)
	at java.base/java.util.concurrent.ForkJoinTask.doExec(ForkJoinTask.java)
	at java.base/java.util.concurrent.ForkJoinPool$WorkQueue.topLevelExec(ForkJoinPool.java:1312)
	at java.base/java.util.concurrent.ForkJoinPool.scan(ForkJoinPool.java:1843)
	at java.base/java.util.concurrent.ForkJoinPool.runWorker(ForkJoinPool.java:1808)
	at java.base/java.util.concurrent.ForkJoinWorkerThread.run(ForkJoinWorkerThread.java:188)
2023-07-27 00:25:16,282 DEBUG [ForkJoinPool.commonPool-worker-1] o.h.o.m.m.creation [MappingModelCreationProcess.java:93] - Starting post-init callbacks
2023-07-27 00:25:16,282 DEBUG [ForkJoinPool.commonPool-worker-1] o.h.o.m.m.creation [MappingModelCreationProcess.java:243] - Starting PostInitCallbackEntry : Entity(de.fhdw.freefeser.app.databases.entities.AppChatbot) `staticFetchableList` generator
2023-07-27 00:25:16,283 DEBUG [ForkJoinPool.commonPool-worker-1] o.h.o.m.m.creation [MappingModelCreationProcess.java:243] - Starting PostInitCallbackEntry : To-one key - NavigableRole[de.fhdw.freefeser.app.databases.entities.AppChatMessage.chatbot]
2023-07-27 00:25:16,287 DEBUG [ForkJoinPool.commonPool-worker-1] o.h.o.m.m.creation [MappingModelCreationProcess.java:243] - Starting PostInitCallbackEntry : To-one key - NavigableRole[de.fhdw.freefeser.app.databases.entities.AppChatMessage.user]
2023-07-27 00:25:16,287 DEBUG [ForkJoinPool.commonPool-worker-1] o.h.o.m.m.creation [MappingModelCreationProcess.java:243] - Starting PostInitCallbackEntry : Entity(de.fhdw.freefeser.app.databases.entities.AppChatMessage) `staticFetchableList` generator
2023-07-27 00:25:16,287 DEBUG [ForkJoinPool.commonPool-worker-1] o.h.o.m.m.creation [MappingModelCreationProcess.java:243] - Starting PostInitCallbackEntry : Entity(de.fhdw.freefeser.app.databases.entities.AppUser) `staticFetchableList` generator
2023-07-27 00:25:16,359 DEBUG [ForkJoinPool.commonPool-worker-1] o.h.p.e.AbstractEntityPersister [AbstractEntityPersister.java:2880] - Static SQL for entity: de.fhdw.freefeser.app.databases.entities.AppChatbot
2023-07-27 00:25:16,360 DEBUG [ForkJoinPool.commonPool-worker-1] o.h.p.e.AbstractEntityPersister [AbstractEntityPersister.java:2885] -  Version select: /* get version de.fhdw.freefeser.app.databases.entities.AppChatbot */ select id from AppChatbot where id=?
2023-07-27 00:25:16,360 DEBUG [ForkJoinPool.commonPool-worker-1] o.h.p.e.AbstractEntityPersister [AbstractEntityPersister.java:2891] -  Insert (0): /* insert for de.fhdw.freefeser.app.databases.entities.AppChatbot */insert into AppChatbot (active,botname,id) values (?,?,?)
2023-07-27 00:25:16,360 DEBUG [ForkJoinPool.commonPool-worker-1] o.h.p.e.AbstractEntityPersister [AbstractEntityPersister.java:2898] -  Update (0): /* update for de.fhdw.freefeser.app.databases.entities.AppChatbot */update AppChatbot set active=?,botname=? where id=?
2023-07-27 00:25:16,361 DEBUG [ForkJoinPool.commonPool-worker-1] o.h.p.e.AbstractEntityPersister [AbstractEntityPersister.java:2904] -  Delete (0): /* delete for de.fhdw.freefeser.app.databases.entities.AppChatbot */delete from AppChatbot where id=?
2023-07-27 00:25:16,377 DEBUG [ForkJoinPool.commonPool-worker-1] o.h.o.s.a.create [SqlAliasBaseImpl.java:34] - Created new SQL alias : a1_0
2023-07-27 00:25:16,385 DEBUG [ForkJoinPool.commonPool-worker-1] o.h.o.s.a.create [SimpleFromClauseAccessImpl.java:98] - Registration of TableGroup [StandardTableGroup(de.fhdw.freefeser.app.databases.entities.AppChatbot)] with identifierForTableGroup [de.fhdw.freefeser.app.databases.entities.AppChatbot] for NavigablePath [de.fhdw.freefeser.app.databases.entities.AppChatbot] 
2023-07-27 00:25:16,422 DEBUG [ForkJoinPool.commonPool-worker-1] o.h.o.r.g.AST [DomainResultGraphPrinter.java:70] - DomainResult Graph:
 \-EntityResultImpl [de.fhdw.freefeser.app.databases.entities.AppChatbot]
 |  +-BasicFetch [de.fhdw.freefeser.app.databases.entities.AppChatbot.active]
 |  \-BasicFetch [de.fhdw.freefeser.app.databases.entities.AppChatbot.botname]

2023-07-27 00:25:16,430 DEBUG [ForkJoinPool.commonPool-worker-1] o.h.o.s.a.tree [SqlTreePrinter.java:46] - SQL AST Tree:
    SelectStatement {
      FromClause {
        StandardTableGroup (a1 : de.fhdw.freefeser.app.databases.entities.AppChatbot) {
          primaryTableReference : AppChatbot as a1_0
        }
      }
    }

2023-07-27 00:25:16,461 DEBUG [ForkJoinPool.commonPool-worker-1] o.h.p.e.AbstractEntityPersister [AbstractEntityPersister.java:2880] - Static SQL for entity: de.fhdw.freefeser.app.databases.entities.AppChatMessage
2023-07-27 00:25:16,462 DEBUG [ForkJoinPool.commonPool-worker-1] o.h.p.e.AbstractEntityPersister [AbstractEntityPersister.java:2885] -  Version select: /* get version de.fhdw.freefeser.app.databases.entities.AppChatMessage */ select id from AppChatMessage where id=?
2023-07-27 00:25:16,462 DEBUG [ForkJoinPool.commonPool-worker-1] o.h.p.e.AbstractEntityPersister [AbstractEntityPersister.java:2891] -  Insert (0): /* insert for de.fhdw.freefeser.app.databases.entities.AppChatMessage */insert into AppChatMessage (chatbot_id,text,timestamp,user_id,id) values (?,?,?,?,?)
2023-07-27 00:25:16,463 DEBUG [ForkJoinPool.commonPool-worker-1] o.h.p.e.AbstractEntityPersister [AbstractEntityPersister.java:2898] -  Update (0): /* update for de.fhdw.freefeser.app.databases.entities.AppChatMessage */update AppChatMessage set chatbot_id=?,text=?,timestamp=?,user_id=? where id=?
2023-07-27 00:25:16,463 DEBUG [ForkJoinPool.commonPool-worker-1] o.h.p.e.AbstractEntityPersister [AbstractEntityPersister.java:2904] -  Delete (0): /* delete for de.fhdw.freefeser.app.databases.entities.AppChatMessage */delete from AppChatMessage where id=?
2023-07-27 00:25:16,463 DEBUG [ForkJoinPool.commonPool-worker-1] o.h.o.s.a.create [SqlAliasBaseImpl.java:34] - Created new SQL alias : a1_0
2023-07-27 00:25:16,463 DEBUG [ForkJoinPool.commonPool-worker-1] o.h.o.s.a.create [SimpleFromClauseAccessImpl.java:98] - Registration of TableGroup [StandardTableGroup(de.fhdw.freefeser.app.databases.entities.AppChatMessage)] with identifierForTableGroup [de.fhdw.freefeser.app.databases.entities.AppChatMessage] for NavigablePath [de.fhdw.freefeser.app.databases.entities.AppChatMessage] 
2023-07-27 00:25:16,471 DEBUG [ForkJoinPool.commonPool-worker-1] o.h.o.s.a.create [SimpleFromClauseAccessImpl.java:98] - Registration of TableGroup [org.hibernate.sql.ast.tree.from.LazyTableGroup@1d69943c] with identifierForTableGroup [de.fhdw.freefeser.app.databases.entities.AppChatMessage.chatbot] for NavigablePath [de.fhdw.freefeser.app.databases.entities.AppChatMessage.chatbot] 
2023-07-27 00:25:16,475 DEBUG [ForkJoinPool.commonPool-worker-1] o.h.o.s.a.create [SimpleFromClauseAccessImpl.java:98] - Registration of TableGroup [org.hibernate.sql.ast.tree.from.LazyTableGroup@2b081a65] with identifierForTableGroup [de.fhdw.freefeser.app.databases.entities.AppChatMessage.user] for NavigablePath [de.fhdw.freefeser.app.databases.entities.AppChatMessage.user] 
2023-07-27 00:25:16,476 DEBUG [ForkJoinPool.commonPool-worker-1] o.h.o.r.g.AST [DomainResultGraphPrinter.java:70] - DomainResult Graph:
 \-EntityResultImpl [de.fhdw.freefeser.app.databases.entities.AppChatMessage]
 |  +-EntityDelayedFetchImpl [de.fhdw.freefeser.app.databases.entities.AppChatMessage.chatbot]
 |  +-BasicFetch [de.fhdw.freefeser.app.databases.entities.AppChatMessage.text]
 |  +-BasicFetch [de.fhdw.freefeser.app.databases.entities.AppChatMessage.timestamp]
 |  \-EntityDelayedFetchImpl [de.fhdw.freefeser.app.databases.entities.AppChatMessage.user]

2023-07-27 00:25:16,481 DEBUG [ForkJoinPool.commonPool-worker-1] o.h.o.s.a.tree [SqlTreePrinter.java:46] - SQL AST Tree:
    SelectStatement {
      FromClause {
        StandardTableGroup (a1 : de.fhdw.freefeser.app.databases.entities.AppChatMessage) {
          primaryTableReference : AppChatMessage as a1_0
          TableGroupJoins {
            left  join LazyTableGroup (c1 : de.fhdw.freefeser.app.databases.entities.AppChatMessage.chatbot) {
            }
            left  join LazyTableGroup (u1 : de.fhdw.freefeser.app.databases.entities.AppChatMessage.user) {
            }
          }
        }
      }
    }

2023-07-27 00:25:16,482 DEBUG [ForkJoinPool.commonPool-worker-1] o.h.p.e.AbstractEntityPersister [AbstractEntityPersister.java:2880] - Static SQL for entity: de.fhdw.freefeser.app.databases.entities.AppUser
2023-07-27 00:25:16,483 DEBUG [ForkJoinPool.commonPool-worker-1] o.h.p.e.AbstractEntityPersister [AbstractEntityPersister.java:2885] -  Version select: /* get version de.fhdw.freefeser.app.databases.entities.AppUser */ select id from AppUser where id=?
2023-07-27 00:25:16,483 DEBUG [ForkJoinPool.commonPool-worker-1] o.h.p.e.AbstractEntityPersister [AbstractEntityPersister.java:2891] -  Insert (0): /* insert for de.fhdw.freefeser.app.databases.entities.AppUser */insert into AppUser (password,username,id) values (?,?,?)
2023-07-27 00:25:16,483 DEBUG [ForkJoinPool.commonPool-worker-1] o.h.p.e.AbstractEntityPersister [AbstractEntityPersister.java:2898] -  Update (0): /* update for de.fhdw.freefeser.app.databases.entities.AppUser */update AppUser set password=?,username=? where id=?
2023-07-27 00:25:16,483 DEBUG [ForkJoinPool.commonPool-worker-1] o.h.p.e.AbstractEntityPersister [AbstractEntityPersister.java:2904] -  Delete (0): /* delete for de.fhdw.freefeser.app.databases.entities.AppUser */delete from AppUser where id=?
2023-07-27 00:25:16,483 DEBUG [ForkJoinPool.commonPool-worker-1] o.h.o.s.a.create [SqlAliasBaseImpl.java:34] - Created new SQL alias : a1_0
2023-07-27 00:25:16,484 DEBUG [ForkJoinPool.commonPool-worker-1] o.h.o.s.a.create [SimpleFromClauseAccessImpl.java:98] - Registration of TableGroup [StandardTableGroup(de.fhdw.freefeser.app.databases.entities.AppUser)] with identifierForTableGroup [de.fhdw.freefeser.app.databases.entities.AppUser] for NavigablePath [de.fhdw.freefeser.app.databases.entities.AppUser] 
2023-07-27 00:25:16,484 DEBUG [ForkJoinPool.commonPool-worker-1] o.h.o.r.g.AST [DomainResultGraphPrinter.java:70] - DomainResult Graph:
 \-EntityResultImpl [de.fhdw.freefeser.app.databases.entities.AppUser]
 |  +-BasicFetch [de.fhdw.freefeser.app.databases.entities.AppUser.password]
 |  \-BasicFetch [de.fhdw.freefeser.app.databases.entities.AppUser.username]

2023-07-27 00:25:16,484 DEBUG [ForkJoinPool.commonPool-worker-1] o.h.o.s.a.tree [SqlTreePrinter.java:46] - SQL AST Tree:
    SelectStatement {
      FromClause {
        StandardTableGroup (a1 : de.fhdw.freefeser.app.databases.entities.AppUser) {
          primaryTableReference : AppUser as a1_0
        }
      }
    }

2023-07-27 00:25:16,528 DEBUG [ForkJoinPool.commonPool-worker-1] o.h.s.i.SessionFactoryServiceRegistryImpl [SessionFactoryServiceRegistryImpl.java:91] - EventListenerRegistry access via ServiceRegistry is deprecated.  Use `sessionFactory.getEventEngine().getListenerRegistry()` instead
2023-07-27 00:25:16,529 DEBUG [ForkJoinPool.commonPool-worker-1] o.h.e.i.EntityCopyObserverFactoryInitiator [EntityCopyObserverFactoryInitiator.java:39] - Configured EntityCopyObserver strategy: disallow
2023-07-27 00:25:16,544 DEBUG [ForkJoinPool.commonPool-worker-1] o.h.t.s.TypeConfiguration$Scope [TypeConfiguration.java:203] - Scoping TypeConfiguration [org.hibernate.type.spi.TypeConfiguration@24379a19] to SessionFactoryImplementor [org.hibernate.internal.SessionFactoryImpl@57aae660]
2023-07-27 00:25:16,546 DEBUG [ForkJoinPool.commonPool-worker-1] o.h.q.n.NamedObjectRepository [NamedObjectRepositoryImpl.java:234] - Checking 0 named HQL queries
2023-07-27 00:25:16,546 DEBUG [ForkJoinPool.commonPool-worker-1] o.h.q.n.NamedObjectRepository [NamedObjectRepositoryImpl.java:251] - Checking 0 named SQL queries
2023-07-27 00:25:16,569 INFO [ForkJoinPool.commonPool-worker-1] o.h.o.c.access [DdlTransactionIsolatorNonJtaImpl.java:52] - HHH10001501: Connection obtained from JdbcConnectionAccess [org.hibernate.engine.jdbc.env.internal.JdbcEnvironmentInitiator$ConnectionProviderJdbcConnectionAccess@7d1244c] for (non-JTA) DDL execution was not in auto-commit mode; the Connection 'local transaction' will be committed and the Connection will be set into auto-commit mode.
2023-07-27 00:25:16,629 DEBUG [ForkJoinPool.commonPool-worker-1] o.h.m.Table [StandardTableMigrator.java:101] - No alter strings for table : AppChatbot
2023-07-27 00:25:16,632 DEBUG [ForkJoinPool.commonPool-worker-1] o.h.SQL [SqlStatementLogger.java:133] - 
    alter table if exists AppChatMessage 
       alter column timestamp set data type timestamp(6)
2023-07-27 00:25:16,638 DEBUG [ForkJoinPool.commonPool-worker-1] o.h.m.Table [StandardTableMigrator.java:101] - No alter strings for table : AppUser
2023-07-27 00:25:16,668 DEBUG [ForkJoinPool.commonPool-worker-1] o.h.i.SessionFactoryRegistry [SessionFactoryRegistry.java:52] - Initializing SessionFactoryRegistry : org.hibernate.internal.SessionFactoryRegistry@6d8cb64f
2023-07-27 00:25:16,669 DEBUG [ForkJoinPool.commonPool-worker-1] o.h.i.SessionFactoryRegistry [SessionFactoryRegistry.java:74] - Registering SessionFactory: dd879784-148c-4c73-b2b9-59dd5dbacdb6 (<unnamed>)
2023-07-27 00:25:16,669 DEBUG [ForkJoinPool.commonPool-worker-1] o.h.i.SessionFactoryRegistry [SessionFactoryRegistry.java:81] - Not binding SessionFactory to JNDI, no JNDI name configured
2023-07-27 00:25:16,669 DEBUG [ForkJoinPool.commonPool-worker-1] o.h.i.SessionFactoryImpl [SessionFactoryImpl.java:311] - Instantiated SessionFactory
2023-07-27 00:25:16,734 DEBUG [ForkJoinPool.commonPool-worker-1] o.h.s.i.StatisticsInitiator [StatisticsInitiator.java:88] - Statistics initialized [enabled=false]
2023-07-27 00:25:16,741 DEBUG [ForkJoinPool.commonPool-worker-1] o.h.o.q.hql [StandardHqlTranslator.java:75] - HQL : FROM AppUser u WHERE u.username = :username
