2023-07-20 22:04:12,142 DEBUG [ForkJoinPool.commonPool-worker-1] o.j.logging [LoggerProviders.java:152] - Logging Provider: org.jboss.logging.Slf4jLoggerProvider
2023-07-20 22:04:12,154 DEBUG [ForkJoinPool.commonPool-worker-1] o.h.i.i.IntegratorServiceImpl [IntegratorServiceImpl.java:45] - Adding Integrator [org.hibernate.boot.beanvalidation.BeanValidationIntegrator].
2023-07-20 22:04:12,157 DEBUG [ForkJoinPool.commonPool-worker-1] o.h.i.i.IntegratorServiceImpl [IntegratorServiceImpl.java:45] - Adding Integrator [org.hibernate.cache.internal.CollectionCacheInvalidator].
2023-07-20 22:04:12,178 INFO [ForkJoinPool.commonPool-worker-1] o.h.Version [Version.java:44] - HHH000412: Hibernate ORM core version 6.2.6.Final
2023-07-20 22:04:12,180 DEBUG [ForkJoinPool.commonPool-worker-1] o.h.c.Environment [Environment.java:174] - HHH000206: hibernate.properties not found
2023-07-20 22:04:12,181 INFO [ForkJoinPool.commonPool-worker-1] o.h.c.Environment [Environment.java:191] - HHH000406: Using bytecode reflection optimizer
2023-07-20 22:04:12,212 DEBUG [ForkJoinPool.commonPool-worker-1] o.h.b.j.i.s.LocalXmlResourceResolver [LocalXmlResourceResolver.java:86] - Checking public/system identifiers `-//Hibernate/Hibernate Configuration DTD 3.0//EN`/`http://www.hibernate.org/dtd/hibernate-configuration-3.0.dtd` as DTD references
2023-07-20 22:04:12,216 DEBUG [ForkJoinPool.commonPool-worker-1] o.h.b.c.i.JaxbCfgProcessor [JaxbCfgProcessor.java:115] - cfg.xml document did not define namespaces; wrapping in custom event reader to introduce namespace information
2023-07-20 22:04:12,426 DEBUG [ForkJoinPool.commonPool-worker-1] o.h.o.i.factory [StandardIdentifierGeneratorFactory.java:94] - Ignoring CDI for resolving IdentifierGenerator instances as extended or delayed CDI support was enabled
2023-07-20 22:04:12,430 DEBUG [ForkJoinPool.commonPool-worker-1] o.h.o.i.factory [StandardIdentifierGeneratorFactory.java:170] - Registering IdentifierGenerator strategy [uuid2] -> [org.hibernate.id.UUIDGenerator]
2023-07-20 22:04:12,430 DEBUG [ForkJoinPool.commonPool-worker-1] o.h.o.i.factory [StandardIdentifierGeneratorFactory.java:170] - Registering IdentifierGenerator strategy [guid] -> [org.hibernate.id.GUIDGenerator]
2023-07-20 22:04:12,431 DEBUG [ForkJoinPool.commonPool-worker-1] o.h.o.i.factory [StandardIdentifierGeneratorFactory.java:170] - Registering IdentifierGenerator strategy [uuid] -> [org.hibernate.id.UUIDHexGenerator]
2023-07-20 22:04:12,431 DEBUG [ForkJoinPool.commonPool-worker-1] o.h.o.i.factory [StandardIdentifierGeneratorFactory.java:170] - Registering IdentifierGenerator strategy [uuid.hex] -> [org.hibernate.id.UUIDHexGenerator]
2023-07-20 22:04:12,431 DEBUG [ForkJoinPool.commonPool-worker-1] o.h.o.i.factory [StandardIdentifierGeneratorFactory.java:170] - Registering IdentifierGenerator strategy [assigned] -> [org.hibernate.id.Assigned]
2023-07-20 22:04:12,432 DEBUG [ForkJoinPool.commonPool-worker-1] o.h.o.i.factory [StandardIdentifierGeneratorFactory.java:170] - Registering IdentifierGenerator strategy [identity] -> [org.hibernate.id.IdentityGenerator]
2023-07-20 22:04:12,432 DEBUG [ForkJoinPool.commonPool-worker-1] o.h.o.i.factory [StandardIdentifierGeneratorFactory.java:170] - Registering IdentifierGenerator strategy [select] -> [org.hibernate.id.SelectGenerator]
2023-07-20 22:04:12,433 DEBUG [ForkJoinPool.commonPool-worker-1] o.h.o.i.factory [StandardIdentifierGeneratorFactory.java:170] - Registering IdentifierGenerator strategy [sequence] -> [org.hibernate.id.enhanced.SequenceStyleGenerator]
2023-07-20 22:04:12,433 DEBUG [ForkJoinPool.commonPool-worker-1] o.h.o.i.factory [StandardIdentifierGeneratorFactory.java:170] - Registering IdentifierGenerator strategy [increment] -> [org.hibernate.id.IncrementGenerator]
2023-07-20 22:04:12,434 DEBUG [ForkJoinPool.commonPool-worker-1] o.h.o.i.factory [StandardIdentifierGeneratorFactory.java:170] - Registering IdentifierGenerator strategy [foreign] -> [org.hibernate.id.ForeignGenerator]
2023-07-20 22:04:12,434 DEBUG [ForkJoinPool.commonPool-worker-1] o.h.o.i.factory [StandardIdentifierGeneratorFactory.java:170] - Registering IdentifierGenerator strategy [enhanced-sequence] -> [org.hibernate.id.enhanced.SequenceStyleGenerator]
2023-07-20 22:04:12,434 DEBUG [ForkJoinPool.commonPool-worker-1] o.h.o.i.factory [StandardIdentifierGeneratorFactory.java:170] - Registering IdentifierGenerator strategy [enhanced-table] -> [org.hibernate.id.enhanced.TableGenerator]
2023-07-20 22:04:12,441 DEBUG [ForkJoinPool.commonPool-worker-1] o.h.c.i.RegionFactoryInitiator [RegionFactoryInitiator.java:117] - Cannot default RegionFactory based on registered strategies as `[]` RegionFactory strategies were registered
2023-07-20 22:04:12,442 DEBUG [ForkJoinPool.commonPool-worker-1] o.h.c.i.RegionFactoryInitiator [RegionFactoryInitiator.java:49] - Cache region factory : org.hibernate.cache.internal.NoCachingRegionFactory
2023-07-20 22:04:12,541 DEBUG [ForkJoinPool.commonPool-worker-1] o.h.t.BasicTypeRegistry [BasicTypeRegistry.java:410] - Adding type registration boolean -> org.hibernate.type.BasicTypeReference@2bde891a
2023-07-20 22:04:12,542 DEBUG [ForkJoinPool.commonPool-worker-1] o.h.t.BasicTypeRegistry [BasicTypeRegistry.java:410] - Adding type registration boolean -> org.hibernate.type.BasicTypeReference@2bde891a
2023-07-20 22:04:12,542 DEBUG [ForkJoinPool.commonPool-worker-1] o.h.t.BasicTypeRegistry [BasicTypeRegistry.java:410] - Adding type registration java.lang.Boolean -> org.hibernate.type.BasicTypeReference@2bde891a
2023-07-20 22:04:12,542 DEBUG [ForkJoinPool.commonPool-worker-1] o.h.t.BasicTypeRegistry [BasicTypeRegistry.java:410] - Adding type registration numeric_boolean -> org.hibernate.type.BasicTypeReference@512d1d3f
2023-07-20 22:04:12,542 DEBUG [ForkJoinPool.commonPool-worker-1] o.h.t.BasicTypeRegistry [BasicTypeRegistry.java:410] - Adding type registration org.hibernate.type.NumericBooleanConverter -> org.hibernate.type.BasicTypeReference@512d1d3f
2023-07-20 22:04:12,542 DEBUG [ForkJoinPool.commonPool-worker-1] o.h.t.BasicTypeRegistry [BasicTypeRegistry.java:410] - Adding type registration true_false -> org.hibernate.type.BasicTypeReference@3edca46d
2023-07-20 22:04:12,542 DEBUG [ForkJoinPool.commonPool-worker-1] o.h.t.BasicTypeRegistry [BasicTypeRegistry.java:410] - Adding type registration org.hibernate.type.TrueFalseConverter -> org.hibernate.type.BasicTypeReference@3edca46d
2023-07-20 22:04:12,542 DEBUG [ForkJoinPool.commonPool-worker-1] o.h.t.BasicTypeRegistry [BasicTypeRegistry.java:410] - Adding type registration yes_no -> org.hibernate.type.BasicTypeReference@3e303e6b
2023-07-20 22:04:12,542 DEBUG [ForkJoinPool.commonPool-worker-1] o.h.t.BasicTypeRegistry [BasicTypeRegistry.java:410] - Adding type registration org.hibernate.type.YesNoConverter -> org.hibernate.type.BasicTypeReference@3e303e6b
2023-07-20 22:04:12,542 DEBUG [ForkJoinPool.commonPool-worker-1] o.h.t.BasicTypeRegistry [BasicTypeRegistry.java:410] - Adding type registration byte -> org.hibernate.type.BasicTypeReference@6179e6ee
2023-07-20 22:04:12,542 DEBUG [ForkJoinPool.commonPool-worker-1] o.h.t.BasicTypeRegistry [BasicTypeRegistry.java:410] - Adding type registration byte -> org.hibernate.type.BasicTypeReference@6179e6ee
2023-07-20 22:04:12,542 DEBUG [ForkJoinPool.commonPool-worker-1] o.h.t.BasicTypeRegistry [BasicTypeRegistry.java:410] - Adding type registration java.lang.Byte -> org.hibernate.type.BasicTypeReference@6179e6ee
2023-07-20 22:04:12,542 DEBUG [ForkJoinPool.commonPool-worker-1] o.h.t.BasicTypeRegistry [BasicTypeRegistry.java:410] - Adding type registration binary -> org.hibernate.type.BasicTypeReference@5804cb1b
2023-07-20 22:04:12,543 DEBUG [ForkJoinPool.commonPool-worker-1] o.h.t.BasicTypeRegistry [BasicTypeRegistry.java:410] - Adding type registration byte[] -> org.hibernate.type.BasicTypeReference@5804cb1b
2023-07-20 22:04:12,543 DEBUG [ForkJoinPool.commonPool-worker-1] o.h.t.BasicTypeRegistry [BasicTypeRegistry.java:410] - Adding type registration [B -> org.hibernate.type.BasicTypeReference@5804cb1b
2023-07-20 22:04:12,543 DEBUG [ForkJoinPool.commonPool-worker-1] o.h.t.BasicTypeRegistry [BasicTypeRegistry.java:410] - Adding type registration binary_wrapper -> org.hibernate.type.BasicTypeReference@320e3ba
2023-07-20 22:04:12,543 DEBUG [ForkJoinPool.commonPool-worker-1] o.h.t.BasicTypeRegistry [BasicTypeRegistry.java:410] - Adding type registration wrapper-binary -> org.hibernate.type.BasicTypeReference@320e3ba
2023-07-20 22:04:12,543 DEBUG [ForkJoinPool.commonPool-worker-1] o.h.t.BasicTypeRegistry [BasicTypeRegistry.java:410] - Adding type registration image -> org.hibernate.type.BasicTypeReference@3cdc46d3
2023-07-20 22:04:12,543 DEBUG [ForkJoinPool.commonPool-worker-1] o.h.t.BasicTypeRegistry [BasicTypeRegistry.java:410] - Adding type registration blob -> org.hibernate.type.BasicTypeReference@123c9930
2023-07-20 22:04:12,543 DEBUG [ForkJoinPool.commonPool-worker-1] o.h.t.BasicTypeRegistry [BasicTypeRegistry.java:410] - Adding type registration java.sql.Blob -> org.hibernate.type.BasicTypeReference@123c9930
2023-07-20 22:04:12,543 DEBUG [ForkJoinPool.commonPool-worker-1] o.h.t.BasicTypeRegistry [BasicTypeRegistry.java:410] - Adding type registration materialized_blob -> org.hibernate.type.BasicTypeReference@6c9ec47f
2023-07-20 22:04:12,543 DEBUG [ForkJoinPool.commonPool-worker-1] o.h.t.BasicTypeRegistry [BasicTypeRegistry.java:410] - Adding type registration materialized_blob_wrapper -> org.hibernate.type.BasicTypeReference@68a7c765
2023-07-20 22:04:12,543 DEBUG [ForkJoinPool.commonPool-worker-1] o.h.t.BasicTypeRegistry [BasicTypeRegistry.java:410] - Adding type registration short -> org.hibernate.type.BasicTypeReference@3693fe7c
2023-07-20 22:04:12,543 DEBUG [ForkJoinPool.commonPool-worker-1] o.h.t.BasicTypeRegistry [BasicTypeRegistry.java:410] - Adding type registration short -> org.hibernate.type.BasicTypeReference@3693fe7c
2023-07-20 22:04:12,544 DEBUG [ForkJoinPool.commonPool-worker-1] o.h.t.BasicTypeRegistry [BasicTypeRegistry.java:410] - Adding type registration java.lang.Short -> org.hibernate.type.BasicTypeReference@3693fe7c
2023-07-20 22:04:12,544 DEBUG [ForkJoinPool.commonPool-worker-1] o.h.t.BasicTypeRegistry [BasicTypeRegistry.java:410] - Adding type registration integer -> org.hibernate.type.BasicTypeReference@40100487
2023-07-20 22:04:12,544 DEBUG [ForkJoinPool.commonPool-worker-1] o.h.t.BasicTypeRegistry [BasicTypeRegistry.java:410] - Adding type registration int -> org.hibernate.type.BasicTypeReference@40100487
2023-07-20 22:04:12,544 DEBUG [ForkJoinPool.commonPool-worker-1] o.h.t.BasicTypeRegistry [BasicTypeRegistry.java:410] - Adding type registration java.lang.Integer -> org.hibernate.type.BasicTypeReference@40100487
2023-07-20 22:04:12,544 DEBUG [ForkJoinPool.commonPool-worker-1] o.h.t.BasicTypeRegistry [BasicTypeRegistry.java:410] - Adding type registration long -> org.hibernate.type.BasicTypeReference@5a379dc6
2023-07-20 22:04:12,544 DEBUG [ForkJoinPool.commonPool-worker-1] o.h.t.BasicTypeRegistry [BasicTypeRegistry.java:410] - Adding type registration long -> org.hibernate.type.BasicTypeReference@5a379dc6
2023-07-20 22:04:12,544 DEBUG [ForkJoinPool.commonPool-worker-1] o.h.t.BasicTypeRegistry [BasicTypeRegistry.java:410] - Adding type registration java.lang.Long -> org.hibernate.type.BasicTypeReference@5a379dc6
2023-07-20 22:04:12,544 DEBUG [ForkJoinPool.commonPool-worker-1] o.h.t.BasicTypeRegistry [BasicTypeRegistry.java:410] - Adding type registration float -> org.hibernate.type.BasicTypeReference@cfde50a
2023-07-20 22:04:12,544 DEBUG [ForkJoinPool.commonPool-worker-1] o.h.t.BasicTypeRegistry [BasicTypeRegistry.java:410] - Adding type registration float -> org.hibernate.type.BasicTypeReference@cfde50a
2023-07-20 22:04:12,544 DEBUG [ForkJoinPool.commonPool-worker-1] o.h.t.BasicTypeRegistry [BasicTypeRegistry.java:410] - Adding type registration java.lang.Float -> org.hibernate.type.BasicTypeReference@cfde50a
2023-07-20 22:04:12,544 DEBUG [ForkJoinPool.commonPool-worker-1] o.h.t.BasicTypeRegistry [BasicTypeRegistry.java:410] - Adding type registration double -> org.hibernate.type.BasicTypeReference@25b49af7
2023-07-20 22:04:12,546 DEBUG [ForkJoinPool.commonPool-worker-1] o.h.t.BasicTypeRegistry [BasicTypeRegistry.java:410] - Adding type registration double -> org.hibernate.type.BasicTypeReference@25b49af7
2023-07-20 22:04:12,546 DEBUG [ForkJoinPool.commonPool-worker-1] o.h.t.BasicTypeRegistry [BasicTypeRegistry.java:410] - Adding type registration java.lang.Double -> org.hibernate.type.BasicTypeReference@25b49af7
2023-07-20 22:04:12,547 DEBUG [ForkJoinPool.commonPool-worker-1] o.h.t.BasicTypeRegistry [BasicTypeRegistry.java:410] - Adding type registration big_integer -> org.hibernate.type.BasicTypeReference@65c096fa
2023-07-20 22:04:12,547 DEBUG [ForkJoinPool.commonPool-worker-1] o.h.t.BasicTypeRegistry [BasicTypeRegistry.java:410] - Adding type registration java.math.BigInteger -> org.hibernate.type.BasicTypeReference@65c096fa
2023-07-20 22:04:12,547 DEBUG [ForkJoinPool.commonPool-worker-1] o.h.t.BasicTypeRegistry [BasicTypeRegistry.java:410] - Adding type registration big_decimal -> org.hibernate.type.BasicTypeReference@3ffee29
2023-07-20 22:04:12,547 DEBUG [ForkJoinPool.commonPool-worker-1] o.h.t.BasicTypeRegistry [BasicTypeRegistry.java:410] - Adding type registration java.math.BigDecimal -> org.hibernate.type.BasicTypeReference@3ffee29
2023-07-20 22:04:12,547 DEBUG [ForkJoinPool.commonPool-worker-1] o.h.t.BasicTypeRegistry [BasicTypeRegistry.java:410] - Adding type registration character -> org.hibernate.type.BasicTypeReference@60c99ee9
2023-07-20 22:04:12,547 DEBUG [ForkJoinPool.commonPool-worker-1] o.h.t.BasicTypeRegistry [BasicTypeRegistry.java:410] - Adding type registration char -> org.hibernate.type.BasicTypeReference@60c99ee9
2023-07-20 22:04:12,547 DEBUG [ForkJoinPool.commonPool-worker-1] o.h.t.BasicTypeRegistry [BasicTypeRegistry.java:410] - Adding type registration java.lang.Character -> org.hibernate.type.BasicTypeReference@60c99ee9
2023-07-20 22:04:12,547 DEBUG [ForkJoinPool.commonPool-worker-1] o.h.t.BasicTypeRegistry [BasicTypeRegistry.java:410] - Adding type registration character_nchar -> org.hibernate.type.BasicTypeReference@612bd325
2023-07-20 22:04:12,547 DEBUG [ForkJoinPool.commonPool-worker-1] o.h.t.BasicTypeRegistry [BasicTypeRegistry.java:410] - Adding type registration string -> org.hibernate.type.BasicTypeReference@3dfebc
2023-07-20 22:04:12,547 DEBUG [ForkJoinPool.commonPool-worker-1] o.h.t.BasicTypeRegistry [BasicTypeRegistry.java:410] - Adding type registration java.lang.String -> org.hibernate.type.BasicTypeReference@3dfebc
2023-07-20 22:04:12,548 DEBUG [ForkJoinPool.commonPool-worker-1] o.h.t.BasicTypeRegistry [BasicTypeRegistry.java:410] - Adding type registration nstring -> org.hibernate.type.BasicTypeReference@7ccfc634
2023-07-20 22:04:12,548 DEBUG [ForkJoinPool.commonPool-worker-1] o.h.t.BasicTypeRegistry [BasicTypeRegistry.java:410] - Adding type registration characters -> org.hibernate.type.BasicTypeReference@50dd3192
2023-07-20 22:04:12,548 DEBUG [ForkJoinPool.commonPool-worker-1] o.h.t.BasicTypeRegistry [BasicTypeRegistry.java:410] - Adding type registration char[] -> org.hibernate.type.BasicTypeReference@50dd3192
2023-07-20 22:04:12,548 DEBUG [ForkJoinPool.commonPool-worker-1] o.h.t.BasicTypeRegistry [BasicTypeRegistry.java:410] - Adding type registration [C -> org.hibernate.type.BasicTypeReference@50dd3192
2023-07-20 22:04:12,548 DEBUG [ForkJoinPool.commonPool-worker-1] o.h.t.BasicTypeRegistry [BasicTypeRegistry.java:410] - Adding type registration wrapper-characters -> org.hibernate.type.BasicTypeReference@6fd06257
2023-07-20 22:04:12,548 DEBUG [ForkJoinPool.commonPool-worker-1] o.h.t.BasicTypeRegistry [BasicTypeRegistry.java:410] - Adding type registration text -> org.hibernate.type.BasicTypeReference@77b90f
2023-07-20 22:04:12,548 DEBUG [ForkJoinPool.commonPool-worker-1] o.h.t.BasicTypeRegistry [BasicTypeRegistry.java:410] - Adding type registration ntext -> org.hibernate.type.BasicTypeReference@20b2153
2023-07-20 22:04:12,548 DEBUG [ForkJoinPool.commonPool-worker-1] o.h.t.BasicTypeRegistry [BasicTypeRegistry.java:410] - Adding type registration clob -> org.hibernate.type.BasicTypeReference@3b63c121
2023-07-20 22:04:12,548 DEBUG [ForkJoinPool.commonPool-worker-1] o.h.t.BasicTypeRegistry [BasicTypeRegistry.java:410] - Adding type registration java.sql.Clob -> org.hibernate.type.BasicTypeReference@3b63c121
2023-07-20 22:04:12,548 DEBUG [ForkJoinPool.commonPool-worker-1] o.h.t.BasicTypeRegistry [BasicTypeRegistry.java:410] - Adding type registration nclob -> org.hibernate.type.BasicTypeReference@574dcec0
2023-07-20 22:04:12,549 DEBUG [ForkJoinPool.commonPool-worker-1] o.h.t.BasicTypeRegistry [BasicTypeRegistry.java:410] - Adding type registration java.sql.NClob -> org.hibernate.type.BasicTypeReference@574dcec0
2023-07-20 22:04:12,549 DEBUG [ForkJoinPool.commonPool-worker-1] o.h.t.BasicTypeRegistry [BasicTypeRegistry.java:410] - Adding type registration materialized_clob -> org.hibernate.type.BasicTypeReference@6a4fbae7
2023-07-20 22:04:12,549 DEBUG [ForkJoinPool.commonPool-worker-1] o.h.t.BasicTypeRegistry [BasicTypeRegistry.java:410] - Adding type registration materialized_clob_char_array -> org.hibernate.type.BasicTypeReference@31951f44
2023-07-20 22:04:12,549 DEBUG [ForkJoinPool.commonPool-worker-1] o.h.t.BasicTypeRegistry [BasicTypeRegistry.java:410] - Adding type registration materialized_clob_character_array -> org.hibernate.type.BasicTypeReference@145aba9e
2023-07-20 22:04:12,549 DEBUG [ForkJoinPool.commonPool-worker-1] o.h.t.BasicTypeRegistry [BasicTypeRegistry.java:410] - Adding type registration materialized_nclob -> org.hibernate.type.BasicTypeReference@2d585d1b
2023-07-20 22:04:12,549 DEBUG [ForkJoinPool.commonPool-worker-1] o.h.t.BasicTypeRegistry [BasicTypeRegistry.java:410] - Adding type registration materialized_nclob_character_array -> org.hibernate.type.BasicTypeReference@3a5752d5
2023-07-20 22:04:12,549 DEBUG [ForkJoinPool.commonPool-worker-1] o.h.t.BasicTypeRegistry [BasicTypeRegistry.java:410] - Adding type registration materialized_nclob_char_array -> org.hibernate.type.BasicTypeReference@23a105e4
2023-07-20 22:04:12,549 DEBUG [ForkJoinPool.commonPool-worker-1] o.h.t.BasicTypeRegistry [BasicTypeRegistry.java:410] - Adding type registration Duration -> org.hibernate.type.BasicTypeReference@626ed544
2023-07-20 22:04:12,549 DEBUG [ForkJoinPool.commonPool-worker-1] o.h.t.BasicTypeRegistry [BasicTypeRegistry.java:410] - Adding type registration java.time.Duration -> org.hibernate.type.BasicTypeReference@626ed544
2023-07-20 22:04:12,549 DEBUG [ForkJoinPool.commonPool-worker-1] o.h.t.BasicTypeRegistry [BasicTypeRegistry.java:410] - Adding type registration LocalDateTime -> org.hibernate.type.BasicTypeReference@db1fc97
2023-07-20 22:04:12,549 DEBUG [ForkJoinPool.commonPool-worker-1] o.h.t.BasicTypeRegistry [BasicTypeRegistry.java:410] - Adding type registration java.time.LocalDateTime -> org.hibernate.type.BasicTypeReference@db1fc97
2023-07-20 22:04:12,549 DEBUG [ForkJoinPool.commonPool-worker-1] o.h.t.BasicTypeRegistry [BasicTypeRegistry.java:410] - Adding type registration LocalDate -> org.hibernate.type.BasicTypeReference@df0d60e
2023-07-20 22:04:12,550 DEBUG [ForkJoinPool.commonPool-worker-1] o.h.t.BasicTypeRegistry [BasicTypeRegistry.java:410] - Adding type registration java.time.LocalDate -> org.hibernate.type.BasicTypeReference@df0d60e
2023-07-20 22:04:12,550 DEBUG [ForkJoinPool.commonPool-worker-1] o.h.t.BasicTypeRegistry [BasicTypeRegistry.java:410] - Adding type registration LocalTime -> org.hibernate.type.BasicTypeReference@26d57c71
2023-07-20 22:04:12,550 DEBUG [ForkJoinPool.commonPool-worker-1] o.h.t.BasicTypeRegistry [BasicTypeRegistry.java:410] - Adding type registration java.time.LocalTime -> org.hibernate.type.BasicTypeReference@26d57c71
2023-07-20 22:04:12,550 DEBUG [ForkJoinPool.commonPool-worker-1] o.h.t.BasicTypeRegistry [BasicTypeRegistry.java:410] - Adding type registration OffsetDateTime -> org.hibernate.type.BasicTypeReference@3285591a
2023-07-20 22:04:12,550 DEBUG [ForkJoinPool.commonPool-worker-1] o.h.t.BasicTypeRegistry [BasicTypeRegistry.java:410] - Adding type registration java.time.OffsetDateTime -> org.hibernate.type.BasicTypeReference@3285591a
2023-07-20 22:04:12,550 DEBUG [ForkJoinPool.commonPool-worker-1] o.h.t.BasicTypeRegistry [BasicTypeRegistry.java:410] - Adding type registration OffsetDateTimeWithTimezone -> org.hibernate.type.BasicTypeReference@30d24e99
2023-07-20 22:04:12,550 DEBUG [ForkJoinPool.commonPool-worker-1] o.h.t.BasicTypeRegistry [BasicTypeRegistry.java:410] - Adding type registration OffsetDateTimeWithoutTimezone -> org.hibernate.type.BasicTypeReference@3b19ae2b
2023-07-20 22:04:12,550 DEBUG [ForkJoinPool.commonPool-worker-1] o.h.t.BasicTypeRegistry [BasicTypeRegistry.java:410] - Adding type registration OffsetTime -> org.hibernate.type.BasicTypeReference@36227bcd
2023-07-20 22:04:12,550 DEBUG [ForkJoinPool.commonPool-worker-1] o.h.t.BasicTypeRegistry [BasicTypeRegistry.java:410] - Adding type registration java.time.OffsetTime -> org.hibernate.type.BasicTypeReference@36227bcd
2023-07-20 22:04:12,550 DEBUG [ForkJoinPool.commonPool-worker-1] o.h.t.BasicTypeRegistry [BasicTypeRegistry.java:410] - Adding type registration OffsetTimeUtc -> org.hibernate.type.BasicTypeReference@2e77a99a
2023-07-20 22:04:12,550 DEBUG [ForkJoinPool.commonPool-worker-1] o.h.t.BasicTypeRegistry [BasicTypeRegistry.java:410] - Adding type registration OffsetTimeWithTimezone -> org.hibernate.type.BasicTypeReference@c739c4b
2023-07-20 22:04:12,550 DEBUG [ForkJoinPool.commonPool-worker-1] o.h.t.BasicTypeRegistry [BasicTypeRegistry.java:410] - Adding type registration OffsetTimeWithoutTimezone -> org.hibernate.type.BasicTypeReference@7a6d0318
2023-07-20 22:04:12,550 DEBUG [ForkJoinPool.commonPool-worker-1] o.h.t.BasicTypeRegistry [BasicTypeRegistry.java:410] - Adding type registration ZonedDateTime -> org.hibernate.type.BasicTypeReference@5f34e38b
2023-07-20 22:04:12,551 DEBUG [ForkJoinPool.commonPool-worker-1] o.h.t.BasicTypeRegistry [BasicTypeRegistry.java:410] - Adding type registration java.time.ZonedDateTime -> org.hibernate.type.BasicTypeReference@5f34e38b
2023-07-20 22:04:12,551 DEBUG [ForkJoinPool.commonPool-worker-1] o.h.t.BasicTypeRegistry [BasicTypeRegistry.java:410] - Adding type registration ZonedDateTimeWithTimezone -> org.hibernate.type.BasicTypeReference@4c1cba8e
2023-07-20 22:04:12,551 DEBUG [ForkJoinPool.commonPool-worker-1] o.h.t.BasicTypeRegistry [BasicTypeRegistry.java:410] - Adding type registration ZonedDateTimeWithoutTimezone -> org.hibernate.type.BasicTypeReference@5c1df682
2023-07-20 22:04:12,551 DEBUG [ForkJoinPool.commonPool-worker-1] o.h.t.BasicTypeRegistry [BasicTypeRegistry.java:410] - Adding type registration date -> org.hibernate.type.BasicTypeReference@4e7a4bda
2023-07-20 22:04:12,551 DEBUG [ForkJoinPool.commonPool-worker-1] o.h.t.BasicTypeRegistry [BasicTypeRegistry.java:410] - Adding type registration java.sql.Date -> org.hibernate.type.BasicTypeReference@4e7a4bda
2023-07-20 22:04:12,551 DEBUG [ForkJoinPool.commonPool-worker-1] o.h.t.BasicTypeRegistry [BasicTypeRegistry.java:410] - Adding type registration time -> org.hibernate.type.BasicTypeReference@362ad125
2023-07-20 22:04:12,551 DEBUG [ForkJoinPool.commonPool-worker-1] o.h.t.BasicTypeRegistry [BasicTypeRegistry.java:410] - Adding type registration java.sql.Time -> org.hibernate.type.BasicTypeReference@362ad125
2023-07-20 22:04:12,551 DEBUG [ForkJoinPool.commonPool-worker-1] o.h.t.BasicTypeRegistry [BasicTypeRegistry.java:410] - Adding type registration timestamp -> org.hibernate.type.BasicTypeReference@1fcbd5a4
2023-07-20 22:04:12,551 DEBUG [ForkJoinPool.commonPool-worker-1] o.h.t.BasicTypeRegistry [BasicTypeRegistry.java:410] - Adding type registration java.sql.Timestamp -> org.hibernate.type.BasicTypeReference@1fcbd5a4
2023-07-20 22:04:12,551 DEBUG [ForkJoinPool.commonPool-worker-1] o.h.t.BasicTypeRegistry [BasicTypeRegistry.java:410] - Adding type registration java.util.Date -> org.hibernate.type.BasicTypeReference@1fcbd5a4
2023-07-20 22:04:12,551 DEBUG [ForkJoinPool.commonPool-worker-1] o.h.t.BasicTypeRegistry [BasicTypeRegistry.java:410] - Adding type registration calendar -> org.hibernate.type.BasicTypeReference@2cd19939
2023-07-20 22:04:12,551 DEBUG [ForkJoinPool.commonPool-worker-1] o.h.t.BasicTypeRegistry [BasicTypeRegistry.java:410] - Adding type registration java.util.Calendar -> org.hibernate.type.BasicTypeReference@2cd19939
2023-07-20 22:04:12,552 DEBUG [ForkJoinPool.commonPool-worker-1] o.h.t.BasicTypeRegistry [BasicTypeRegistry.java:410] - Adding type registration java.util.GregorianCalendar -> org.hibernate.type.BasicTypeReference@2cd19939
2023-07-20 22:04:12,552 DEBUG [ForkJoinPool.commonPool-worker-1] o.h.t.BasicTypeRegistry [BasicTypeRegistry.java:410] - Adding type registration calendar_date -> org.hibernate.type.BasicTypeReference@306933e2
2023-07-20 22:04:12,552 DEBUG [ForkJoinPool.commonPool-worker-1] o.h.t.BasicTypeRegistry [BasicTypeRegistry.java:410] - Adding type registration calendar_time -> org.hibernate.type.BasicTypeReference@50aa6f33
2023-07-20 22:04:12,552 DEBUG [ForkJoinPool.commonPool-worker-1] o.h.t.BasicTypeRegistry [BasicTypeRegistry.java:410] - Adding type registration instant -> org.hibernate.type.BasicTypeReference@118df677
2023-07-20 22:04:12,552 DEBUG [ForkJoinPool.commonPool-worker-1] o.h.t.BasicTypeRegistry [BasicTypeRegistry.java:410] - Adding type registration java.time.Instant -> org.hibernate.type.BasicTypeReference@118df677
2023-07-20 22:04:12,552 DEBUG [ForkJoinPool.commonPool-worker-1] o.h.t.BasicTypeRegistry [BasicTypeRegistry.java:410] - Adding type registration uuid -> org.hibernate.type.BasicTypeReference@31b5bd2e
2023-07-20 22:04:12,552 DEBUG [ForkJoinPool.commonPool-worker-1] o.h.t.BasicTypeRegistry [BasicTypeRegistry.java:410] - Adding type registration java.util.UUID -> org.hibernate.type.BasicTypeReference@31b5bd2e
2023-07-20 22:04:12,552 DEBUG [ForkJoinPool.commonPool-worker-1] o.h.t.BasicTypeRegistry [BasicTypeRegistry.java:410] - Adding type registration pg-uuid -> org.hibernate.type.BasicTypeReference@31b5bd2e
2023-07-20 22:04:12,552 DEBUG [ForkJoinPool.commonPool-worker-1] o.h.t.BasicTypeRegistry [BasicTypeRegistry.java:410] - Adding type registration uuid-binary -> org.hibernate.type.BasicTypeReference@483a6ed9
2023-07-20 22:04:12,552 DEBUG [ForkJoinPool.commonPool-worker-1] o.h.t.BasicTypeRegistry [BasicTypeRegistry.java:410] - Adding type registration uuid-char -> org.hibernate.type.BasicTypeReference@4bea431a
2023-07-20 22:04:12,553 DEBUG [ForkJoinPool.commonPool-worker-1] o.h.t.BasicTypeRegistry [BasicTypeRegistry.java:410] - Adding type registration class -> org.hibernate.type.BasicTypeReference@35aa3a5e
2023-07-20 22:04:12,553 DEBUG [ForkJoinPool.commonPool-worker-1] o.h.t.BasicTypeRegistry [BasicTypeRegistry.java:410] - Adding type registration java.lang.Class -> org.hibernate.type.BasicTypeReference@35aa3a5e
2023-07-20 22:04:12,553 DEBUG [ForkJoinPool.commonPool-worker-1] o.h.t.BasicTypeRegistry [BasicTypeRegistry.java:410] - Adding type registration currency -> org.hibernate.type.BasicTypeReference@32bd525a
2023-07-20 22:04:12,553 DEBUG [ForkJoinPool.commonPool-worker-1] o.h.t.BasicTypeRegistry [BasicTypeRegistry.java:410] - Adding type registration Currency -> org.hibernate.type.BasicTypeReference@32bd525a
2023-07-20 22:04:12,553 DEBUG [ForkJoinPool.commonPool-worker-1] o.h.t.BasicTypeRegistry [BasicTypeRegistry.java:410] - Adding type registration java.util.Currency -> org.hibernate.type.BasicTypeReference@32bd525a
2023-07-20 22:04:12,553 DEBUG [ForkJoinPool.commonPool-worker-1] o.h.t.BasicTypeRegistry [BasicTypeRegistry.java:410] - Adding type registration locale -> org.hibernate.type.BasicTypeReference@2b563584
2023-07-20 22:04:12,553 DEBUG [ForkJoinPool.commonPool-worker-1] o.h.t.BasicTypeRegistry [BasicTypeRegistry.java:410] - Adding type registration java.util.Locale -> org.hibernate.type.BasicTypeReference@2b563584
2023-07-20 22:04:12,554 DEBUG [ForkJoinPool.commonPool-worker-1] o.h.t.BasicTypeRegistry [BasicTypeRegistry.java:410] - Adding type registration serializable -> org.hibernate.type.BasicTypeReference@4f4a827a
2023-07-20 22:04:12,554 DEBUG [ForkJoinPool.commonPool-worker-1] o.h.t.BasicTypeRegistry [BasicTypeRegistry.java:410] - Adding type registration java.io.Serializable -> org.hibernate.type.BasicTypeReference@4f4a827a
2023-07-20 22:04:12,554 DEBUG [ForkJoinPool.commonPool-worker-1] o.h.t.BasicTypeRegistry [BasicTypeRegistry.java:410] - Adding type registration timezone -> org.hibernate.type.BasicTypeReference@33b46476
2023-07-20 22:04:12,554 DEBUG [ForkJoinPool.commonPool-worker-1] o.h.t.BasicTypeRegistry [BasicTypeRegistry.java:410] - Adding type registration java.util.TimeZone -> org.hibernate.type.BasicTypeReference@33b46476
2023-07-20 22:04:12,554 DEBUG [ForkJoinPool.commonPool-worker-1] o.h.t.BasicTypeRegistry [BasicTypeRegistry.java:410] - Adding type registration ZoneOffset -> org.hibernate.type.BasicTypeReference@6b43dfd8
2023-07-20 22:04:12,554 DEBUG [ForkJoinPool.commonPool-worker-1] o.h.t.BasicTypeRegistry [BasicTypeRegistry.java:410] - Adding type registration java.time.ZoneOffset -> org.hibernate.type.BasicTypeReference@6b43dfd8
2023-07-20 22:04:12,554 DEBUG [ForkJoinPool.commonPool-worker-1] o.h.t.BasicTypeRegistry [BasicTypeRegistry.java:410] - Adding type registration url -> org.hibernate.type.BasicTypeReference@71233d21
2023-07-20 22:04:12,554 DEBUG [ForkJoinPool.commonPool-worker-1] o.h.t.BasicTypeRegistry [BasicTypeRegistry.java:410] - Adding type registration java.net.URL -> org.hibernate.type.BasicTypeReference@71233d21
2023-07-20 22:04:12,554 DEBUG [ForkJoinPool.commonPool-worker-1] o.h.t.BasicTypeRegistry [BasicTypeRegistry.java:410] - Adding type registration row_version -> org.hibernate.type.BasicTypeReference@6a61282d
2023-07-20 22:04:12,558 DEBUG [ForkJoinPool.commonPool-worker-1] o.h.t.BasicTypeRegistry [BasicTypeRegistry.java:385] - Adding type registration object -> org.hibernate.type.JavaObjectType@597ca568
2023-07-20 22:04:12,558 DEBUG [ForkJoinPool.commonPool-worker-1] o.h.t.BasicTypeRegistry [BasicTypeRegistry.java:385] - Adding type registration java.lang.Object -> org.hibernate.type.JavaObjectType@597ca568
2023-07-20 22:04:12,559 DEBUG [ForkJoinPool.commonPool-worker-1] o.h.t.BasicTypeRegistry [BasicTypeRegistry.java:385] - Adding type registration null -> org.hibernate.type.NullType@7fa8ee8a
2023-07-20 22:04:12,559 DEBUG [ForkJoinPool.commonPool-worker-1] o.h.t.BasicTypeRegistry [BasicTypeRegistry.java:410] - Adding type registration imm_date -> org.hibernate.type.BasicTypeReference@735523f3
2023-07-20 22:04:12,559 DEBUG [ForkJoinPool.commonPool-worker-1] o.h.t.BasicTypeRegistry [BasicTypeRegistry.java:410] - Adding type registration imm_time -> org.hibernate.type.BasicTypeReference@7aa6b8ca
2023-07-20 22:04:12,559 DEBUG [ForkJoinPool.commonPool-worker-1] o.h.t.BasicTypeRegistry [BasicTypeRegistry.java:410] - Adding type registration imm_timestamp -> org.hibernate.type.BasicTypeReference@1d4d9c25
2023-07-20 22:04:12,559 DEBUG [ForkJoinPool.commonPool-worker-1] o.h.t.BasicTypeRegistry [BasicTypeRegistry.java:410] - Adding type registration imm_calendar -> org.hibernate.type.BasicTypeReference@2529fdb8
2023-07-20 22:04:12,559 DEBUG [ForkJoinPool.commonPool-worker-1] o.h.t.BasicTypeRegistry [BasicTypeRegistry.java:410] - Adding type registration imm_calendar_date -> org.hibernate.type.BasicTypeReference@7f391855
2023-07-20 22:04:12,559 DEBUG [ForkJoinPool.commonPool-worker-1] o.h.t.BasicTypeRegistry [BasicTypeRegistry.java:410] - Adding type registration imm_calendar_time -> org.hibernate.type.BasicTypeReference@30168f90
2023-07-20 22:04:12,559 DEBUG [ForkJoinPool.commonPool-worker-1] o.h.t.BasicTypeRegistry [BasicTypeRegistry.java:410] - Adding type registration imm_binary -> org.hibernate.type.BasicTypeReference@41cb8103
2023-07-20 22:04:12,560 DEBUG [ForkJoinPool.commonPool-worker-1] o.h.t.BasicTypeRegistry [BasicTypeRegistry.java:410] - Adding type registration imm_serializable -> org.hibernate.type.BasicTypeReference@2be560bf
2023-07-20 22:04:12,579 INFO [ForkJoinPool.commonPool-worker-1] o.h.e.j.c.i.ConnectionProviderInitiator [ConnectionProviderInitiator.java:127] - HHH000130: Instantiating explicit connection provider: org.hibernate.c3p0.internal.C3P0ConnectionProvider
2023-07-20 22:04:12,581 INFO [ForkJoinPool.commonPool-worker-1] o.h.o.c.p.c3p0 [C3P0ConnectionProvider.java:111] - HHH010002: C3P0 using driver: org.h2.Driver at URL: jdbc:h2:file:./datafiles/testdb;DB_CLOSE_DELAY=-1;DB_CLOSE_ON_EXIT=FALSE
2023-07-20 22:04:12,581 INFO [ForkJoinPool.commonPool-worker-1] o.h.o.c.p.c3p0 [C3P0ConnectionProvider.java:112] - HHH10001001: Connection properties: {password=****, user=default}
2023-07-20 22:04:12,581 INFO [ForkJoinPool.commonPool-worker-1] o.h.o.c.p.c3p0 [C3P0ConnectionProvider.java:115] - HHH10001003: Autocommit mode: false
2023-07-20 22:04:12,592 INFO [MLog-Init-Reporter] c.m.v.l.MLog [Slf4jMLog.java:212] - MLog clients using slf4j logging.
2023-07-20 22:04:12,596 DEBUG [MLog-Init-Reporter] c.m.v.l.MLog [Slf4jMLog.java:207] - Reading VM config for path list /com/mchange/v2/log/default-mchange-log.properties, /mchange-commons.properties, /c3p0.properties, hocon:/reference,/application,/c3p0,/, /mchange-log.properties, /
2023-07-20 22:04:12,596 DEBUG [MLog-Init-Reporter] c.m.v.l.MLog [Slf4jMLog.java:207] - The configuration file for resource identifier '/mchange-commons.properties' could not be found. Skipping.
2023-07-20 22:04:12,597 DEBUG [MLog-Init-Reporter] c.m.v.l.MLog [Slf4jMLog.java:207] - The configuration file for resource identifier '/c3p0.properties' could not be found. Skipping.
2023-07-20 22:04:12,597 DEBUG [MLog-Init-Reporter] c.m.v.l.MLog [Slf4jMLog.java:207] - The configuration file for resource identifier 'hocon:/reference,/application,/c3p0,/' could not be found. Skipping.
2023-07-20 22:04:12,597 DEBUG [MLog-Init-Reporter] c.m.v.l.MLog [Slf4jMLog.java:207] - The configuration file for resource identifier '/mchange-log.properties' could not be found. Skipping.
2023-07-20 22:04:12,597 DEBUG [ForkJoinPool.commonPool-worker-1] c.m.v.c.MConfig [Slf4jMLog.java:207] - The configuration file for resource identifier '/mchange-commons.properties' could not be found. Skipping.
2023-07-20 22:04:12,597 DEBUG [ForkJoinPool.commonPool-worker-1] c.m.v.c.MConfig [Slf4jMLog.java:207] - The configuration file for resource identifier '/mchange-log.properties' could not be found. Skipping.
2023-07-20 22:04:12,597 DEBUG [ForkJoinPool.commonPool-worker-1] c.m.v.c.MConfig [Slf4jMLog.java:207] - The configuration file for resource identifier 'hocon:/reference,/application,/c3p0,/' could not be found. Skipping.
2023-07-20 22:04:12,597 DEBUG [ForkJoinPool.commonPool-worker-1] c.m.v.c.MConfig [Slf4jMLog.java:207] - The configuration file for resource identifier '/c3p0.properties' could not be found. Skipping.
2023-07-20 22:04:12,688 INFO [ForkJoinPool.commonPool-worker-1] c.m.v.c.C3P0Registry [Slf4jMLog.java:212] - Initializing c3p0-0.9.5.5 [built 11-December-2019 22:18:33 -0800; debug? true; trace: 10]
2023-07-20 22:04:12,700 DEBUG [ForkJoinPool.commonPool-worker-1] c.m.v.c.m.DynamicPooledDataSourceManagerMBean [Slf4jMLog.java:204] - MBean: com.mchange.v2.c3p0:type=PooledDataSource,identityToken=1hge1b9axwfpkud20ymq4|e6b4f08,name=1hge1b9axwfpkud20ymq4|e6b4f08 registered.
2023-07-20 22:04:12,710 DEBUG [ForkJoinPool.commonPool-worker-1] c.m.v.c.m.DynamicPooledDataSourceManagerMBean [Slf4jMLog.java:204] - MBean: com.mchange.v2.c3p0:type=PooledDataSource,identityToken=1hge1b9axwfpkud20ymq4|e6b4f08,name=1hge1b9axwfpkud20ymq4|e6b4f08 unregistered, in order to be reregistered after update.
2023-07-20 22:04:12,710 DEBUG [ForkJoinPool.commonPool-worker-1] c.m.v.c.m.DynamicPooledDataSourceManagerMBean [Slf4jMLog.java:204] - MBean: com.mchange.v2.c3p0:type=PooledDataSource,identityToken=1hge1b9axwfpkud20ymq4|e6b4f08,name=1hge1b9axwfpkud20ymq4|e6b4f08 registered.
2023-07-20 22:04:12,713 INFO [ForkJoinPool.commonPool-worker-1] o.h.o.c.p.c3p0 [C3P0ConnectionProvider.java:191] - HHH10001007: JDBC isolation level: <unknown>
2023-07-20 22:04:12,724 INFO [ForkJoinPool.commonPool-worker-1] c.m.v.c.i.AbstractPoolBackedDataSource [Slf4jMLog.java:212] - Initializing c3p0 pool... com.mchange.v2.c3p0.PoolBackedDataSource@64c6d9b8 [ connectionPoolDataSource -> com.mchange.v2.c3p0.WrapperConnectionPoolDataSource@3cfc7d71 [ acquireIncrement -> 1, acquireRetryAttempts -> 30, acquireRetryDelay -> 1000, autoCommitOnClose -> false, automaticTestTable -> null, breakAfterAcquireFailure -> false, checkoutTimeout -> 0, connectionCustomizerClassName -> null, connectionTesterClassName -> com.mchange.v2.c3p0.impl.DefaultConnectionTester, contextClassLoaderSource -> caller, debugUnreturnedConnectionStackTraces -> false, factoryClassLocation -> null, forceIgnoreUnresolvedTransactions -> false, forceSynchronousCheckins -> false, identityToken -> 1hge1b9axwfpkud20ymq4|58ea83d4, idleConnectionTestPeriod -> 300, initialPoolSize -> 5, maxAdministrativeTaskTime -> 0, maxConnectionAge -> 0, maxIdleTime -> 1800, maxIdleTimeExcessConnections -> 0, maxPoolSize -> 20, maxStatements -> 50, maxStatementsPerConnection -> 0, minPoolSize -> 5, nestedDataSource -> com.mchange.v2.c3p0.DriverManagerDataSource@ea533f5c [ description -> null, driverClass -> null, factoryClassLocation -> null, forceUseNamedDriverClass -> false, identityToken -> 1hge1b9axwfpkud20ymq4|5b161a52, jdbcUrl -> jdbc:h2:file:./datafiles/testdb;DB_CLOSE_DELAY=-1;DB_CLOSE_ON_EXIT=FALSE, properties -> {password=******, user=******} ], preferredTestQuery -> null, privilegeSpawnedThreads -> false, propertyCycle -> 0, statementCacheNumDeferredCloseThreads -> 0, testConnectionOnCheckin -> false, testConnectionOnCheckout -> false, unreturnedConnectionTimeout -> 0, usesTraditionalReflectiveProxies -> false; userOverrides: {} ], dataSourceName -> null, extensions -> {}, factoryClassLocation -> null, identityToken -> 1hge1b9axwfpkud20ymq4|e6b4f08, numHelperThreads -> 3 ]
2023-07-20 22:04:12,733 DEBUG [ForkJoinPool.commonPool-worker-1] c.m.v.c.MConfig [Slf4jMLog.java:207] - The configuration file for resource identifier '/mchange-commons.properties' could not be found. Skipping.
2023-07-20 22:04:12,733 DEBUG [ForkJoinPool.commonPool-worker-1] c.m.v.c.MConfig [Slf4jMLog.java:207] - The configuration file for resource identifier '/mchange-log.properties' could not be found. Skipping.
2023-07-20 22:04:12,733 DEBUG [ForkJoinPool.commonPool-worker-1] c.m.v.c.MConfig [Slf4jMLog.java:207] - The configuration file for resource identifier '/c3p0.properties' could not be found. Skipping.
2023-07-20 22:04:12,734 DEBUG [ForkJoinPool.commonPool-worker-1] c.m.v.c.MConfig [Slf4jMLog.java:207] - The configuration file for resource identifier 'hocon:/reference,/application,/c3p0,/' could not be found. Skipping.
2023-07-20 22:04:12,734 DEBUG [ForkJoinPool.commonPool-worker-1] c.m.v.r.BasicResourcePool [Slf4jMLog.java:204] - com.mchange.v2.resourcepool.BasicResourcePool@759c4f92 config: [start -> 5; min -> 5; max -> 20; inc -> 1; num_acq_attempts -> 30; acq_attempt_delay -> 1000; check_idle_resources_delay -> 300000; max_resource_age -> 0; max_idle_time -> 1800000; excess_max_idle_time -> 0; destroy_unreturned_resc_time -> 0; expiration_enforcement_delay -> 450000; break_on_acquisition_failure -> false; debug_store_checkout_exceptions -> false; force_synchronous_checkins -> false]
2023-07-20 22:04:12,734 DEBUG [ForkJoinPool.commonPool-worker-1] c.m.v.c.i.C3P0PooledConnectionPoolManager [Slf4jMLog.java:204] - Created new pool for auth, username (masked): 'de******'.
2023-07-20 22:04:12,735 DEBUG [ForkJoinPool.commonPool-worker-1] c.m.v.r.BasicResourcePool [Slf4jMLog.java:204] - acquire test -- pool size: 0; target_pool_size: 5; desired target? 1
2023-07-20 22:04:12,735 DEBUG [ForkJoinPool.commonPool-worker-1] c.m.v.r.BasicResourcePool [Slf4jMLog.java:204] - awaitAvailable(): [unknown]
2023-07-20 22:04:12,908 DEBUG [ForkJoinPool.commonPool-worker-1] o.h.e.j.e.i.JdbcEnvironmentInitiator [JdbcEnvironmentInitiator.java:156] - Database ->
       name : H2
    version : 2.2.220 (2023-07-04)
      major : 2
      minor : 2
2023-07-20 22:04:12,908 DEBUG [ForkJoinPool.commonPool-worker-1] o.h.e.j.e.i.JdbcEnvironmentInitiator [JdbcEnvironmentInitiator.java:167] - Driver ->
       name : H2 JDBC Driver
    version : 2.2.220 (2023-07-04)
      major : 2
      minor : 2
2023-07-20 22:04:12,908 DEBUG [ForkJoinPool.commonPool-worker-1] o.h.e.j.e.i.JdbcEnvironmentInitiator [DelegatingBasicLogger.java:389] - JDBC version : 4.2
2023-07-20 22:04:12,923 DEBUG [ForkJoinPool.commonPool-worker-1] o.h.o.dialect [DialectFactoryImpl.java:93] - HHH035001: Using dialect: org.hibernate.dialect.H2Dialect, version: 2.2.220
2023-07-20 22:04:12,928 DEBUG [ForkJoinPool.commonPool-worker-1] o.h.e.j.e.s.IdentifierHelperBuilder [IdentifierHelperBuilder.java:116] - JDBC driver metadata reported database stores quoted identifiers in neither upper, lower nor mixed case
2023-07-20 22:04:12,941 DEBUG [ForkJoinPool.commonPool-worker-1] o.h.t.d.j.s.JdbcTypeRegistry [JdbcTypeRegistry.java:56] - addDescriptor(NCharTypeDescriptor) replaced previous registration(CharTypeDescriptor)
2023-07-20 22:04:12,942 DEBUG [ForkJoinPool.commonPool-worker-1] o.h.t.d.j.s.JdbcTypeRegistry [JdbcTypeRegistry.java:56] - addDescriptor(NVarcharTypeDescriptor) replaced previous registration(VarcharTypeDescriptor)
2023-07-20 22:04:12,942 DEBUG [ForkJoinPool.commonPool-worker-1] o.h.t.d.j.s.JdbcTypeRegistry [JdbcTypeRegistry.java:56] - addDescriptor(LongNVarcharTypeDescriptor) replaced previous registration(LongVarcharTypeDescriptor)
2023-07-20 22:04:12,944 DEBUG [ForkJoinPool.commonPool-worker-1] o.h.t.d.j.s.JdbcTypeRegistry [JdbcTypeRegistry.java:56] - addDescriptor(NClobTypeDescriptor(DEFAULT)) replaced previous registration(ClobTypeDescriptor(DEFAULT))
2023-07-20 22:04:12,946 DEBUG [ForkJoinPool.commonPool-worker-1] o.h.t.d.j.s.JdbcTypeRegistry [JdbcTypeRegistry.java:64] - addDescriptor(2005, ClobTypeDescriptor(STREAM_BINDING)) replaced previous registration(ClobTypeDescriptor(DEFAULT))
2023-07-20 22:04:12,948 DEBUG [ForkJoinPool.commonPool-worker-1] o.h.t.d.j.s.JdbcTypeRegistry [JdbcTypeRegistry.java:56] - addDescriptor(TimestampUtcDescriptor) replaced previous registration(TimestampUtcDescriptor)
2023-07-20 22:04:12,950 DEBUG [ForkJoinPool.commonPool-worker-1] o.h.t.d.j.s.JdbcTypeRegistry [JdbcTypeRegistry.java:64] - addDescriptor(3100, NumericTypeDescriptor) replaced previous registration(org.hibernate.dialect.H2DurationIntervalSecondJdbcType@5cd68a41)
2023-07-20 22:04:12,953 DEBUG [ForkJoinPool.commonPool-worker-1] o.h.t.s.TypeConfiguration$Scope [TypeConfiguration.java:191] - Scoping TypeConfiguration [org.hibernate.type.spi.TypeConfiguration@7285dc6d] to MetadataBuildingContext [org.hibernate.boot.internal.MetadataBuildingContextRootImpl@2fbc1f9b]
2023-07-20 22:04:12,980 DEBUG [ForkJoinPool.commonPool-worker-1] o.h.b.m.r.Namespace [Namespace.java:64] - Created database namespace [logicalName=Name{catalog=null, schema=null}, physicalName=Name{catalog=null, schema=null}]
