2023-07-27 00:02:32,014 DEBUG [ForkJoinPool.commonPool-worker-1] o.h.m.Table [StandardTableMigrator.java:101] - No alter strings for table : AppChatbot
2023-07-27 00:02:32,016 DEBUG [ForkJoinPool.commonPool-worker-1] o.h.SQL [SqlStatementLogger.java:133] - 
    alter table if exists AppChatMessage 
       alter column timestamp set data type timestamp(6)
2023-07-27 00:02:32,021 DEBUG [ForkJoinPool.commonPool-worker-1] o.h.m.Table [StandardTableMigrator.java:101] - No alter strings for table : AppUser
2023-07-27 00:02:32,034 DEBUG [ForkJoinPool.commonPool-worker-1] o.h.i.SessionFactoryRegistry [SessionFactoryRegistry.java:52] - Initializing SessionFactoryRegistry : org.hibernate.internal.SessionFactoryRegistry@7efb78ec
2023-07-27 00:02:32,035 DEBUG [ForkJoinPool.commonPool-worker-1] o.h.i.SessionFactoryRegistry [SessionFactoryRegistry.java:74] - Registering SessionFactory: 17401cb4-3cf4-478d-bfc7-17b8a70e03ba (<unnamed>)
2023-07-27 00:02:32,035 DEBUG [ForkJoinPool.commonPool-worker-1] o.h.i.SessionFactoryRegistry [SessionFactoryRegistry.java:81] - Not binding SessionFactory to JNDI, no JNDI name configured
2023-07-27 00:02:32,035 DEBUG [ForkJoinPool.commonPool-worker-1] o.h.i.SessionFactoryImpl [SessionFactoryImpl.java:311] - Instantiated SessionFactory
2023-07-27 00:02:32,098 DEBUG [ForkJoinPool.commonPool-worker-1] o.h.s.i.StatisticsInitiator [StatisticsInitiator.java:88] - Statistics initialized [enabled=false]
2023-07-27 00:02:32,106 DEBUG [ForkJoinPool.commonPool-worker-1] o.h.e.t.i.TransactionImpl [TransactionImpl.java:53] - On TransactionImpl creation, JpaCompliance#isJpaTransactionComplianceEnabled == false
2023-07-27 00:02:32,107 DEBUG [ForkJoinPool.commonPool-worker-1] o.h.e.t.i.TransactionImpl [TransactionImpl.java:81] - begin
2023-07-27 00:02:32,117 DEBUG [ForkJoinPool.commonPool-worker-1] o.h.e.i.AbstractSaveEventListener [AbstractSaveEventListener.java:130] - Generated identifier: 8fa8ae0a-ab3b-4477-a232-9cb0bdccd933, using strategy: org.hibernate.id.UUIDGenerator
2023-07-27 00:02:32,132 DEBUG [ForkJoinPool.commonPool-worker-1] o.h.e.t.i.TransactionImpl [TransactionImpl.java:98] - committing
2023-07-27 00:02:32,134 DEBUG [ForkJoinPool.commonPool-worker-1] o.h.e.i.AbstractFlushingEventListener [AbstractFlushingEventListener.java:136] - Processing flush-time cascades
2023-07-27 00:02:32,135 DEBUG [ForkJoinPool.commonPool-worker-1] o.h.e.i.AbstractFlushingEventListener [AbstractFlushingEventListener.java:179] - Dirty checking collections
2023-07-27 00:02:32,142 DEBUG [ForkJoinPool.commonPool-worker-1] o.h.e.i.AbstractFlushingEventListener [AbstractFlushingEventListener.java:110] - Flushed: 1 insertions, 0 updates, 0 deletions to 1 objects
2023-07-27 00:02:32,142 DEBUG [ForkJoinPool.commonPool-worker-1] o.h.e.i.AbstractFlushingEventListener [AbstractFlushingEventListener.java:117] - Flushed: 0 (re)creations, 0 updates, 0 removals to 0 collections
2023-07-27 00:02:32,144 DEBUG [ForkJoinPool.commonPool-worker-1] o.h.i.u.EntityPrinter [EntityPrinter.java:111] - Listing entities:
2023-07-27 00:02:32,145 DEBUG [ForkJoinPool.commonPool-worker-1] o.h.i.u.EntityPrinter [EntityPrinter.java:118] - de.fhdw.freefeser.app.databases.entities.AppUser{password=password1, id=8fa8ae0a-ab3b-4477-a232-9cb0bdccd933, username=user1}
2023-07-27 00:02:32,164 DEBUG [ForkJoinPool.commonPool-worker-1] o.h.SQL [SqlStatementLogger.java:133] - 
    /* insert for
        de.fhdw.freefeser.app.databases.entities.AppUser */insert 
    into
        AppUser (password,username,id) 
    values
        (?,?,?)
2023-07-27 00:02:32,186 DEBUG [ForkJoinPool.commonPool-worker-1] o.h.r.j.i.LogicalConnectionManagedImpl [LogicalConnectionManagedImpl.java:179] - Initiating JDBC connection release from afterTransaction
2023-07-27 00:02:32,186 DEBUG [ForkJoinPool.commonPool-worker-1] o.h.r.j.i.LogicalConnectionManagedImpl [LogicalConnectionManagedImpl.java:179] - Initiating JDBC connection release from afterTransaction
