2023-07-27 00:00:48,023 DEBUG [ForkJoinPool.commonPool-worker-1] o.h.s.i.SessionFactoryServiceRegistryImpl [SessionFactoryServiceRegistryImpl.java:91] - EventListenerRegistry access via ServiceRegistry is deprecated.  Use `sessionFactory.getEventEngine().getListenerRegistry()` instead
2023-07-27 00:00:48,026 DEBUG [ForkJoinPool.commonPool-worker-1] o.h.e.i.EntityCopyObserverFactoryInitiator [EntityCopyObserverFactoryInitiator.java:39] - Configured EntityCopyObserver strategy: disallow
2023-07-27 00:00:48,041 DEBUG [ForkJoinPool.commonPool-worker-1] o.h.t.s.TypeConfiguration$Scope [TypeConfiguration.java:203] - Scoping TypeConfiguration [org.hibernate.type.spi.TypeConfiguration@68fa4ae6] to SessionFactoryImplementor [org.hibernate.internal.SessionFactoryImpl@35f4446f]
2023-07-27 00:00:48,044 DEBUG [ForkJoinPool.commonPool-worker-1] o.h.q.n.NamedObjectRepository [NamedObjectRepositoryImpl.java:234] - Checking 0 named HQL queries
2023-07-27 00:00:48,044 DEBUG [ForkJoinPool.commonPool-worker-1] o.h.q.n.NamedObjectRepository [NamedObjectRepositoryImpl.java:251] - Checking 0 named SQL queries
2023-07-27 00:00:48,077 INFO [ForkJoinPool.commonPool-worker-1] o.h.o.c.access [DdlTransactionIsolatorNonJtaImpl.java:52] - HHH10001501: Connection obtained from JdbcConnectionAccess [org.hibernate.engine.jdbc.env.internal.JdbcEnvironmentInitiator$ConnectionProviderJdbcConnectionAccess@2672b588] for (non-JTA) DDL execution was not in auto-commit mode; the Connection 'local transaction' will be committed and the Connection will be set into auto-commit mode.
2023-07-27 00:00:48,127 DEBUG [ForkJoinPool.commonPool-worker-1] o.h.m.Table [StandardTableMigrator.java:101] - No alter strings for table : AppChatbot
2023-07-27 00:00:48,128 DEBUG [ForkJoinPool.commonPool-worker-1] o.h.SQL [SqlStatementLogger.java:133] - 
    alter table if exists AppChatMessage 
       alter column timestamp set data type timestamp(6)
2023-07-27 00:00:48,135 DEBUG [ForkJoinPool.commonPool-worker-1] o.h.m.Table [StandardTableMigrator.java:101] - No alter strings for table : AppUser
2023-07-27 00:00:48,165 DEBUG [ForkJoinPool.commonPool-worker-1] o.h.i.SessionFactoryRegistry [SessionFactoryRegistry.java:52] - Initializing SessionFactoryRegistry : org.hibernate.internal.SessionFactoryRegistry@68e1598e
2023-07-27 00:00:48,166 DEBUG [ForkJoinPool.commonPool-worker-1] o.h.i.SessionFactoryRegistry [SessionFactoryRegistry.java:74] - Registering SessionFactory: 054268b2-fb96-4018-a9f6-7942f014fc9b (<unnamed>)
2023-07-27 00:00:48,166 DEBUG [ForkJoinPool.commonPool-worker-1] o.h.i.SessionFactoryRegistry [SessionFactoryRegistry.java:81] - Not binding SessionFactory to JNDI, no JNDI name configured
2023-07-27 00:00:48,167 DEBUG [ForkJoinPool.commonPool-worker-1] o.h.i.SessionFactoryImpl [SessionFactoryImpl.java:311] - Instantiated SessionFactory
2023-07-27 00:00:48,255 DEBUG [ForkJoinPool.commonPool-worker-1] o.h.s.i.StatisticsInitiator [StatisticsInitiator.java:88] - Statistics initialized [enabled=false]
2023-07-27 00:00:48,261 DEBUG [ForkJoinPool.commonPool-worker-1] o.h.o.q.hql [StandardHqlTranslator.java:75] - HQL : FROM AppUser u WHERE u.username = :username
2023-07-27 00:00:48,508 DEBUG [ForkJoinPool.commonPool-worker-1] o.h.q.h.i.SemanticQueryBuilder [SemanticQueryBuilder.java:1904] - Handling root path - AppUser
2023-07-27 00:00:48,517 DEBUG [ForkJoinPool.commonPool-worker-1] o.h.q.h.i.SemanticQueryBuilder [SemanticQueryBuilder.java:1151] - Encountered implicit select clause : FROMAppUseruWHEREu.username=:username
2023-07-27 00:00:48,529 DEBUG [ForkJoinPool.commonPool-worker-1] o.h.o.q.s.creation [AbstractSqmExpression.java:57] - Applying inferable type to SqmExpression [SqmNamedParameter(username)] : null -> BasicSqmPathSource(username : String)
2023-07-27 00:00:48,543 DEBUG [ForkJoinPool.commonPool-worker-1] o.h.o.q.s.ast [SqmTreePrinter.java:168] - SqmStatement Tree :
    -> [select]
      -> [query-spec]
        -> [select]
          -> [selection]
            -> [root] - `de.fhdw.freefeser.app.databases.entities.AppUser(u)`
            <- [root] - `de.fhdw.freefeser.app.databases.entities.AppUser(u)`
          <- [selection]
        <- [select]
        -> [from]
          -> [root] - `de.fhdw.freefeser.app.databases.entities.AppUser(u)`
          <- [root] - `de.fhdw.freefeser.app.databases.entities.AppUser(u)`
        <- [from]
        -> [where]
          -> [EQUAL]
              -> [basic-path] - `de.fhdw.freefeser.app.databases.entities.AppUser(u).username`
              :username
          <- [EQUAL]
        <- [where]
      <- [query-spec]
    <- [select]

2023-07-27 00:00:48,633 DEBUG [ForkJoinPool.commonPool-worker-1] o.h.o.s.a.create [SqlAliasBaseImpl.java:34] - Created new SQL alias : a1_0
2023-07-27 00:00:48,633 DEBUG [ForkJoinPool.commonPool-worker-1] o.h.o.s.a.create [SimpleFromClauseAccessImpl.java:98] - Registration of TableGroup [StandardTableGroup(de.fhdw.freefeser.app.databases.entities.AppUser(u))] with identifierForTableGroup [de.fhdw.freefeser.app.databases.entities.AppUser] for NavigablePath [de.fhdw.freefeser.app.databases.entities.AppUser] 
2023-07-27 00:00:48,644 DEBUG [ForkJoinPool.commonPool-worker-1] o.h.q.s.s.BaseSqmToSqlAstConverter [BaseSqmToSqlAstConverter.java:5718] - Determining mapping-model type for SqmParameter : SqmNamedParameter(username)
2023-07-27 00:00:48,646 DEBUG [ForkJoinPool.commonPool-worker-1] o.h.q.s.s.BaseSqmToSqlAstConverter [BaseSqmToSqlAstConverter.java:5608] - Determining mapping-model type for SqmPath : SqmBasicValuedSimplePath(de.fhdw.freefeser.app.databases.entities.AppUser(u).username) 
2023-07-27 00:00:48,658 DEBUG [ForkJoinPool.commonPool-worker-1] o.h.o.r.g.AST [DomainResultGraphPrinter.java:70] - DomainResult Graph:
 \-EntityResultImpl [de.fhdw.freefeser.app.databases.entities.AppUser(u)]
 |  +-BasicFetch [de.fhdw.freefeser.app.databases.entities.AppUser(u).password]
 |  \-BasicFetch [de.fhdw.freefeser.app.databases.entities.AppUser(u).username]

2023-07-27 00:00:48,658 DEBUG [ForkJoinPool.commonPool-worker-1] o.h.o.s.a.tree [SqlTreePrinter.java:46] - SQL AST Tree:
    SelectStatement {
      FromClause {
        StandardTableGroup (a1 : de.fhdw.freefeser.app.databases.entities.AppUser(u)) {
          primaryTableReference : AppUser as a1_0
        }
      }
    }

2023-07-27 00:00:48,674 DEBUG [ForkJoinPool.commonPool-worker-1] o.h.o.s.exec [JdbcSelectExecutorStandardImpl.java:455] - Skipping reading Query result cache data: cache-enabled = false, cache-mode = NORMAL
2023-07-27 00:00:48,693 DEBUG [ForkJoinPool.commonPool-worker-1] o.h.o.results [ResultsHelper.java:148] - Initializer list
2023-07-27 00:00:48,693 DEBUG [ForkJoinPool.commonPool-worker-1] o.h.o.results [ResultsHelper.java:150] -     de.fhdw.freefeser.app.databases.entities.AppUser(u) -> EntityResultInitializer(de.fhdw.freefeser.app.databases.entities.AppUser(u))@1751204892 (SingleTableEntityPersister(de.fhdw.freefeser.app.databases.entities.AppUser))
2023-07-27 00:00:48,699 DEBUG [ForkJoinPool.commonPool-worker-1] o.h.SQL [SqlStatementLogger.java:133] - 
    /* 
FROM
    AppUser u 
WHERE
    u.username = :username */ select
        a1_0.id,
        a1_0.password,
        a1_0.username 
    from
        AppUser a1_0 
    where
        a1_0.username=?
2023-07-27 00:00:48,708 DEBUG [ForkJoinPool.commonPool-worker-1] o.h.r.j.i.LogicalConnectionManagedImpl [LogicalConnectionManagedImpl.java:179] - Initiating JDBC connection release from afterTransaction
2023-07-27 00:00:48,710 DEBUG [ForkJoinPool.commonPool-worker-1] o.h.r.j.i.LogicalConnectionManagedImpl [LogicalConnectionManagedImpl.java:179] - Initiating JDBC connection release from afterTransaction
