2023-07-27 00:13:35,136 DEBUG [ForkJoinPool.commonPool-worker-1] o.h.b.i.ClassLoaderAccessImpl [ClassLoaderAccessImpl.java:60] - Not known whether passed class name [de.fhdw.freefeser.app.databases.entities.AppChatbot] is safe
2023-07-27 00:13:35,137 DEBUG [ForkJoinPool.commonPool-worker-1] o.h.b.i.ClassLoaderAccessImpl [ClassLoaderAccessImpl.java:62] - No temp ClassLoader provided; using live ClassLoader for loading potentially unsafe class : de.fhdw.freefeser.app.databases.entities.AppChatbot
2023-07-27 00:13:35,397 DEBUG [ForkJoinPool.commonPool-worker-1] o.h.b.i.b.BytecodeProviderImpl [BytecodeProviderImpl.java:235] - HHH000513: Unable to create the ReflectionOptimizer for [de.fhdw.freefeser.app.databases.entities.AppChatbot]
org.hibernate.bytecode.internal.bytebuddy.PrivateAccessorException: private accessor [active]
	at org.hibernate.bytecode.internal.bytebuddy.BytecodeProviderImpl.findAccessors(BytecodeProviderImpl.java:1238)
	at org.hibernate.bytecode.internal.bytebuddy.BytecodeProviderImpl.getReflectionOptimizer(BytecodeProviderImpl.java:232)
	at org.hibernate.metamodel.internal.EntityRepresentationStrategyPojoStandard.resolveReflectionOptimizer(EntityRepresentationStrategyPojoStandard.java:293)
	at org.hibernate.metamodel.internal.EntityRepresentationStrategyPojoStandard.<init>(EntityRepresentationStrategyPojoStandard.java:161)
	at org.hibernate.metamodel.internal.ManagedTypeRepresentationResolverStandard.resolveStrategy(ManagedTypeRepresentationResolverStandard.java:62)
	at org.hibernate.persister.entity.AbstractEntityPersister.<init>(AbstractEntityPersister.java:508)
	at org.hibernate.persister.entity.SingleTableEntityPersister.<init>(SingleTableEntityPersister.java:140)
	at java.base/jdk.internal.reflect.DirectConstructorHandleAccessor.newInstance(DirectConstructorHandleAccessor.java:67)
	at java.base/java.lang.reflect.Constructor.newInstanceWithCaller(Constructor.java:500)
	at java.base/java.lang.reflect.Constructor.newInstance(Constructor.java:484)
	at org.hibernate.persister.internal.PersisterFactoryImpl.createEntityPersister(PersisterFactoryImpl.java:92)
	at org.hibernate.persister.internal.PersisterFactoryImpl.createEntityPersister(PersisterFactoryImpl.java:75)
	at org.hibernate.metamodel.model.domain.internal.MappingMetamodelImpl.processBootEntities(MappingMetamodelImpl.java:247)
	at org.hibernate.metamodel.model.domain.internal.MappingMetamodelImpl.finishInitialization(MappingMetamodelImpl.java:185)
	at org.hibernate.internal.SessionFactoryImpl.initializeMappingModel(SessionFactoryImpl.java:320)
	at org.hibernate.internal.SessionFactoryImpl.<init>(SessionFactoryImpl.java:270)
	at org.hibernate.boot.internal.SessionFactoryBuilderImpl.build(SessionFactoryBuilderImpl.java:431)
	at de.fhdw.freefeser.app.util.HibernateUtil.getSessionFactory(HibernateUtil.java:27)
	at de.fhdw.freefeser.app.databases.managers.AppUserDatabaseManager.lambda$getByUsername$5(AppUserDatabaseManager.java:126)
	at java.base/java.util.concurrent.CompletableFuture$AsyncSupply.run$$$capture(CompletableFuture.java:1768)
	at java.base/java.util.concurrent.CompletableFuture$AsyncSupply.run(CompletableFuture.java)
	at java.base/java.util.concurrent.CompletableFuture$AsyncSupply.exec(CompletableFuture.java:1760)
	at java.base/java.util.concurrent.ForkJoinTask.doExec$$$capture(ForkJoinTask.java:387)
	at java.base/java.util.concurrent.ForkJoinTask.doExec(ForkJoinTask.java)
	at java.base/java.util.concurrent.ForkJoinPool$WorkQueue.topLevelExec(ForkJoinPool.java:1312)
	at java.base/java.util.concurrent.ForkJoinPool.scan(ForkJoinPool.java:1843)
	at java.base/java.util.concurrent.ForkJoinPool.runWorker(ForkJoinPool.java:1808)
	at java.base/java.util.concurrent.ForkJoinWorkerThread.run(ForkJoinWorkerThread.java:188)
2023-07-27 00:13:35,435 DEBUG [ForkJoinPool.commonPool-worker-1] o.h.b.i.ClassLoaderAccessImpl [ClassLoaderAccessImpl.java:60] - Not known whether passed class name [de.fhdw.freefeser.app.databases.entities.AppChatMessage] is safe
2023-07-27 00:13:35,435 DEBUG [ForkJoinPool.commonPool-worker-1] o.h.b.i.ClassLoaderAccessImpl [ClassLoaderAccessImpl.java:62] - No temp ClassLoader provided; using live ClassLoader for loading potentially unsafe class : de.fhdw.freefeser.app.databases.entities.AppChatMessage
2023-07-27 00:13:35,462 DEBUG [ForkJoinPool.commonPool-worker-1] o.h.b.i.b.BytecodeProviderImpl [BytecodeProviderImpl.java:235] - HHH000513: Unable to create the ReflectionOptimizer for [de.fhdw.freefeser.app.databases.entities.AppChatMessage]
org.hibernate.bytecode.internal.bytebuddy.PrivateAccessorException: private accessor [chatbot]
	at org.hibernate.bytecode.internal.bytebuddy.BytecodeProviderImpl.findAccessors(BytecodeProviderImpl.java:1238)
	at org.hibernate.bytecode.internal.bytebuddy.BytecodeProviderImpl.getReflectionOptimizer(BytecodeProviderImpl.java:232)
	at org.hibernate.metamodel.internal.EntityRepresentationStrategyPojoStandard.resolveReflectionOptimizer(EntityRepresentationStrategyPojoStandard.java:293)
	at org.hibernate.metamodel.internal.EntityRepresentationStrategyPojoStandard.<init>(EntityRepresentationStrategyPojoStandard.java:161)
	at org.hibernate.metamodel.internal.ManagedTypeRepresentationResolverStandard.resolveStrategy(ManagedTypeRepresentationResolverStandard.java:62)
	at org.hibernate.persister.entity.AbstractEntityPersister.<init>(AbstractEntityPersister.java:508)
	at org.hibernate.persister.entity.SingleTableEntityPersister.<init>(SingleTableEntityPersister.java:140)
	at java.base/jdk.internal.reflect.DirectConstructorHandleAccessor.newInstance(DirectConstructorHandleAccessor.java:67)
	at java.base/java.lang.reflect.Constructor.newInstanceWithCaller(Constructor.java:500)
	at java.base/java.lang.reflect.Constructor.newInstance(Constructor.java:484)
	at org.hibernate.persister.internal.PersisterFactoryImpl.createEntityPersister(PersisterFactoryImpl.java:92)
	at org.hibernate.persister.internal.PersisterFactoryImpl.createEntityPersister(PersisterFactoryImpl.java:75)
	at org.hibernate.metamodel.model.domain.internal.MappingMetamodelImpl.processBootEntities(MappingMetamodelImpl.java:247)
	at org.hibernate.metamodel.model.domain.internal.MappingMetamodelImpl.finishInitialization(MappingMetamodelImpl.java:185)
	at org.hibernate.internal.SessionFactoryImpl.initializeMappingModel(SessionFactoryImpl.java:320)
	at org.hibernate.internal.SessionFactoryImpl.<init>(SessionFactoryImpl.java:270)
	at org.hibernate.boot.internal.SessionFactoryBuilderImpl.build(SessionFactoryBuilderImpl.java:431)
	at de.fhdw.freefeser.app.util.HibernateUtil.getSessionFactory(HibernateUtil.java:27)
	at de.fhdw.freefeser.app.databases.managers.AppUserDatabaseManager.lambda$getByUsername$5(AppUserDatabaseManager.java:126)
	at java.base/java.util.concurrent.CompletableFuture$AsyncSupply.run$$$capture(CompletableFuture.java:1768)
	at java.base/java.util.concurrent.CompletableFuture$AsyncSupply.run(CompletableFuture.java)
	at java.base/java.util.concurrent.CompletableFuture$AsyncSupply.exec(CompletableFuture.java:1760)
	at java.base/java.util.concurrent.ForkJoinTask.doExec$$$capture(ForkJoinTask.java:387)
	at java.base/java.util.concurrent.ForkJoinTask.doExec(ForkJoinTask.java)
	at java.base/java.util.concurrent.ForkJoinPool$WorkQueue.topLevelExec(ForkJoinPool.java:1312)
	at java.base/java.util.concurrent.ForkJoinPool.scan(ForkJoinPool.java:1843)
	at java.base/java.util.concurrent.ForkJoinPool.runWorker(ForkJoinPool.java:1808)
	at java.base/java.util.concurrent.ForkJoinWorkerThread.run(ForkJoinWorkerThread.java:188)
2023-07-27 00:13:35,464 DEBUG [ForkJoinPool.commonPool-worker-1] o.h.b.i.ClassLoaderAccessImpl [ClassLoaderAccessImpl.java:60] - Not known whether passed class name [de.fhdw.freefeser.app.databases.entities.AppUser] is safe
2023-07-27 00:13:35,464 DEBUG [ForkJoinPool.commonPool-worker-1] o.h.b.i.ClassLoaderAccessImpl [ClassLoaderAccessImpl.java:62] - No temp ClassLoader provided; using live ClassLoader for loading potentially unsafe class : de.fhdw.freefeser.app.databases.entities.AppUser
2023-07-27 00:13:35,476 DEBUG [ForkJoinPool.commonPool-worker-1] o.h.b.i.b.BytecodeProviderImpl [BytecodeProviderImpl.java:235] - HHH000513: Unable to create the ReflectionOptimizer for [de.fhdw.freefeser.app.databases.entities.AppUser]
org.hibernate.bytecode.internal.bytebuddy.PrivateAccessorException: private accessor [password]
	at org.hibernate.bytecode.internal.bytebuddy.BytecodeProviderImpl.findAccessors(BytecodeProviderImpl.java:1238)
	at org.hibernate.bytecode.internal.bytebuddy.BytecodeProviderImpl.getReflectionOptimizer(BytecodeProviderImpl.java:232)
	at org.hibernate.metamodel.internal.EntityRepresentationStrategyPojoStandard.resolveReflectionOptimizer(EntityRepresentationStrategyPojoStandard.java:293)
	at org.hibernate.metamodel.internal.EntityRepresentationStrategyPojoStandard.<init>(EntityRepresentationStrategyPojoStandard.java:161)
	at org.hibernate.metamodel.internal.ManagedTypeRepresentationResolverStandard.resolveStrategy(ManagedTypeRepresentationResolverStandard.java:62)
	at org.hibernate.persister.entity.AbstractEntityPersister.<init>(AbstractEntityPersister.java:508)
	at org.hibernate.persister.entity.SingleTableEntityPersister.<init>(SingleTableEntityPersister.java:140)
	at java.base/jdk.internal.reflect.DirectConstructorHandleAccessor.newInstance(DirectConstructorHandleAccessor.java:67)
	at java.base/java.lang.reflect.Constructor.newInstanceWithCaller(Constructor.java:500)
	at java.base/java.lang.reflect.Constructor.newInstance(Constructor.java:484)
	at org.hibernate.persister.internal.PersisterFactoryImpl.createEntityPersister(PersisterFactoryImpl.java:92)
	at org.hibernate.persister.internal.PersisterFactoryImpl.createEntityPersister(PersisterFactoryImpl.java:75)
	at org.hibernate.metamodel.model.domain.internal.MappingMetamodelImpl.processBootEntities(MappingMetamodelImpl.java:247)
	at org.hibernate.metamodel.model.domain.internal.MappingMetamodelImpl.finishInitialization(MappingMetamodelImpl.java:185)
	at org.hibernate.internal.SessionFactoryImpl.initializeMappingModel(SessionFactoryImpl.java:320)
	at org.hibernate.internal.SessionFactoryImpl.<init>(SessionFactoryImpl.java:270)
	at org.hibernate.boot.internal.SessionFactoryBuilderImpl.build(SessionFactoryBuilderImpl.java:431)
	at de.fhdw.freefeser.app.util.HibernateUtil.getSessionFactory(HibernateUtil.java:27)
	at de.fhdw.freefeser.app.databases.managers.AppUserDatabaseManager.lambda$getByUsername$5(AppUserDatabaseManager.java:126)
	at java.base/java.util.concurrent.CompletableFuture$AsyncSupply.run$$$capture(CompletableFuture.java:1768)
	at java.base/java.util.concurrent.CompletableFuture$AsyncSupply.run(CompletableFuture.java)
	at java.base/java.util.concurrent.CompletableFuture$AsyncSupply.exec(CompletableFuture.java:1760)
	at java.base/java.util.concurrent.ForkJoinTask.doExec$$$capture(ForkJoinTask.java:387)
	at java.base/java.util.concurrent.ForkJoinTask.doExec(ForkJoinTask.java)
	at java.base/java.util.concurrent.ForkJoinPool$WorkQueue.topLevelExec(ForkJoinPool.java:1312)
	at java.base/java.util.concurrent.ForkJoinPool.scan(ForkJoinPool.java:1843)
	at java.base/java.util.concurrent.ForkJoinPool.runWorker(ForkJoinPool.java:1808)
	at java.base/java.util.concurrent.ForkJoinWorkerThread.run(ForkJoinWorkerThread.java:188)
2023-07-27 00:13:35,504 DEBUG [ForkJoinPool.commonPool-worker-1] o.h.o.m.m.creation [MappingModelCreationProcess.java:93] - Starting post-init callbacks
2023-07-27 00:13:35,505 DEBUG [ForkJoinPool.commonPool-worker-1] o.h.o.m.m.creation [MappingModelCreationProcess.java:243] - Starting PostInitCallbackEntry : Entity(de.fhdw.freefeser.app.databases.entities.AppChatbot) `staticFetchableList` generator
2023-07-27 00:13:35,505 DEBUG [ForkJoinPool.commonPool-worker-1] o.h.o.m.m.creation [MappingModelCreationProcess.java:243] - Starting PostInitCallbackEntry : To-one key - NavigableRole[de.fhdw.freefeser.app.databases.entities.AppChatMessage.chatbot]
2023-07-27 00:13:35,509 DEBUG [ForkJoinPool.commonPool-worker-1] o.h.o.m.m.creation [MappingModelCreationProcess.java:243] - Starting PostInitCallbackEntry : To-one key - NavigableRole[de.fhdw.freefeser.app.databases.entities.AppChatMessage.user]
2023-07-27 00:13:35,509 DEBUG [ForkJoinPool.commonPool-worker-1] o.h.o.m.m.creation [MappingModelCreationProcess.java:243] - Starting PostInitCallbackEntry : Entity(de.fhdw.freefeser.app.databases.entities.AppChatMessage) `staticFetchableList` generator
2023-07-27 00:13:35,509 DEBUG [ForkJoinPool.commonPool-worker-1] o.h.o.m.m.creation [MappingModelCreationProcess.java:243] - Starting PostInitCallbackEntry : Entity(de.fhdw.freefeser.app.databases.entities.AppUser) `staticFetchableList` generator
2023-07-27 00:13:35,578 DEBUG [ForkJoinPool.commonPool-worker-1] o.h.p.e.AbstractEntityPersister [AbstractEntityPersister.java:2880] - Static SQL for entity: de.fhdw.freefeser.app.databases.entities.AppChatbot
2023-07-27 00:13:35,578 DEBUG [ForkJoinPool.commonPool-worker-1] o.h.p.e.AbstractEntityPersister [AbstractEntityPersister.java:2885] -  Version select: /* get version de.fhdw.freefeser.app.databases.entities.AppChatbot */ select id from AppChatbot where id=?
2023-07-27 00:13:35,579 DEBUG [ForkJoinPool.commonPool-worker-1] o.h.p.e.AbstractEntityPersister [AbstractEntityPersister.java:2891] -  Insert (0): /* insert for de.fhdw.freefeser.app.databases.entities.AppChatbot */insert into AppChatbot (active,botname,id) values (?,?,?)
2023-07-27 00:13:35,579 DEBUG [ForkJoinPool.commonPool-worker-1] o.h.p.e.AbstractEntityPersister [AbstractEntityPersister.java:2898] -  Update (0): /* update for de.fhdw.freefeser.app.databases.entities.AppChatbot */update AppChatbot set active=?,botname=? where id=?
2023-07-27 00:13:35,579 DEBUG [ForkJoinPool.commonPool-worker-1] o.h.p.e.AbstractEntityPersister [AbstractEntityPersister.java:2904] -  Delete (0): /* delete for de.fhdw.freefeser.app.databases.entities.AppChatbot */delete from AppChatbot where id=?
2023-07-27 00:13:35,595 DEBUG [ForkJoinPool.commonPool-worker-1] o.h.o.s.a.create [SqlAliasBaseImpl.java:34] - Created new SQL alias : a1_0
2023-07-27 00:13:35,599 DEBUG [ForkJoinPool.commonPool-worker-1] o.h.o.s.a.create [SimpleFromClauseAccessImpl.java:98] - Registration of TableGroup [StandardTableGroup(de.fhdw.freefeser.app.databases.entities.AppChatbot)] with identifierForTableGroup [de.fhdw.freefeser.app.databases.entities.AppChatbot] for NavigablePath [de.fhdw.freefeser.app.databases.entities.AppChatbot] 
2023-07-27 00:13:35,630 DEBUG [ForkJoinPool.commonPool-worker-1] o.h.o.r.g.AST [DomainResultGraphPrinter.java:70] - DomainResult Graph:
 \-EntityResultImpl [de.fhdw.freefeser.app.databases.entities.AppChatbot]
 |  +-BasicFetch [de.fhdw.freefeser.app.databases.entities.AppChatbot.active]
 |  \-BasicFetch [de.fhdw.freefeser.app.databases.entities.AppChatbot.botname]

2023-07-27 00:13:35,638 DEBUG [ForkJoinPool.commonPool-worker-1] o.h.o.s.a.tree [SqlTreePrinter.java:46] - SQL AST Tree:
    SelectStatement {
      FromClause {
        StandardTableGroup (a1 : de.fhdw.freefeser.app.databases.entities.AppChatbot) {
          primaryTableReference : AppChatbot as a1_0
        }
      }
    }

2023-07-27 00:13:35,665 DEBUG [ForkJoinPool.commonPool-worker-1] o.h.p.e.AbstractEntityPersister [AbstractEntityPersister.java:2880] - Static SQL for entity: de.fhdw.freefeser.app.databases.entities.AppChatMessage
2023-07-27 00:13:35,665 DEBUG [ForkJoinPool.commonPool-worker-1] o.h.p.e.AbstractEntityPersister [AbstractEntityPersister.java:2885] -  Version select: /* get version de.fhdw.freefeser.app.databases.entities.AppChatMessage */ select id from AppChatMessage where id=?
2023-07-27 00:13:35,666 DEBUG [ForkJoinPool.commonPool-worker-1] o.h.p.e.AbstractEntityPersister [AbstractEntityPersister.java:2891] -  Insert (0): /* insert for de.fhdw.freefeser.app.databases.entities.AppChatMessage */insert into AppChatMessage (chatbot_id,text,timestamp,user_id,id) values (?,?,?,?,?)
2023-07-27 00:13:35,666 DEBUG [ForkJoinPool.commonPool-worker-1] o.h.p.e.AbstractEntityPersister [AbstractEntityPersister.java:2898] -  Update (0): /* update for de.fhdw.freefeser.app.databases.entities.AppChatMessage */update AppChatMessage set chatbot_id=?,text=?,timestamp=?,user_id=? where id=?
2023-07-27 00:13:35,666 DEBUG [ForkJoinPool.commonPool-worker-1] o.h.p.e.AbstractEntityPersister [AbstractEntityPersister.java:2904] -  Delete (0): /* delete for de.fhdw.freefeser.app.databases.entities.AppChatMessage */delete from AppChatMessage where id=?
2023-07-27 00:13:35,666 DEBUG [ForkJoinPool.commonPool-worker-1] o.h.o.s.a.create [SqlAliasBaseImpl.java:34] - Created new SQL alias : a1_0
2023-07-27 00:13:35,667 DEBUG [ForkJoinPool.commonPool-worker-1] o.h.o.s.a.create [SimpleFromClauseAccessImpl.java:98] - Registration of TableGroup [StandardTableGroup(de.fhdw.freefeser.app.databases.entities.AppChatMessage)] with identifierForTableGroup [de.fhdw.freefeser.app.databases.entities.AppChatMessage] for NavigablePath [de.fhdw.freefeser.app.databases.entities.AppChatMessage] 
2023-07-27 00:13:35,682 DEBUG [ForkJoinPool.commonPool-worker-1] o.h.o.s.a.create [SimpleFromClauseAccessImpl.java:98] - Registration of TableGroup [org.hibernate.sql.ast.tree.from.LazyTableGroup@5f01f52b] with identifierForTableGroup [de.fhdw.freefeser.app.databases.entities.AppChatMessage.chatbot] for NavigablePath [de.fhdw.freefeser.app.databases.entities.AppChatMessage.chatbot] 
2023-07-27 00:13:35,688 DEBUG [ForkJoinPool.commonPool-worker-1] o.h.o.s.a.create [SimpleFromClauseAccessImpl.java:98] - Registration of TableGroup [org.hibernate.sql.ast.tree.from.LazyTableGroup@404aeea3] with identifierForTableGroup [de.fhdw.freefeser.app.databases.entities.AppChatMessage.user] for NavigablePath [de.fhdw.freefeser.app.databases.entities.AppChatMessage.user] 
2023-07-27 00:13:35,689 DEBUG [ForkJoinPool.commonPool-worker-1] o.h.o.r.g.AST [DomainResultGraphPrinter.java:70] - DomainResult Graph:
 \-EntityResultImpl [de.fhdw.freefeser.app.databases.entities.AppChatMessage]
 |  +-EntityDelayedFetchImpl [de.fhdw.freefeser.app.databases.entities.AppChatMessage.chatbot]
 |  +-BasicFetch [de.fhdw.freefeser.app.databases.entities.AppChatMessage.text]
 |  +-BasicFetch [de.fhdw.freefeser.app.databases.entities.AppChatMessage.timestamp]
 |  \-EntityDelayedFetchImpl [de.fhdw.freefeser.app.databases.entities.AppChatMessage.user]

2023-07-27 00:13:35,692 DEBUG [ForkJoinPool.commonPool-worker-1] o.h.o.s.a.tree [SqlTreePrinter.java:46] - SQL AST Tree:
    SelectStatement {
      FromClause {
        StandardTableGroup (a1 : de.fhdw.freefeser.app.databases.entities.AppChatMessage) {
          primaryTableReference : AppChatMessage as a1_0
          TableGroupJoins {
            left  join LazyTableGroup (c1 : de.fhdw.freefeser.app.databases.entities.AppChatMessage.chatbot) {
            }
            left  join LazyTableGroup (u1 : de.fhdw.freefeser.app.databases.entities.AppChatMessage.user) {
            }
          }
        }
      }
    }

2023-07-27 00:13:35,694 DEBUG [ForkJoinPool.commonPool-worker-1] o.h.p.e.AbstractEntityPersister [AbstractEntityPersister.java:2880] - Static SQL for entity: de.fhdw.freefeser.app.databases.entities.AppUser
2023-07-27 00:13:35,695 DEBUG [ForkJoinPool.commonPool-worker-1] o.h.p.e.AbstractEntityPersister [AbstractEntityPersister.java:2885] -  Version select: /* get version de.fhdw.freefeser.app.databases.entities.AppUser */ select id from AppUser where id=?
2023-07-27 00:13:35,695 DEBUG [ForkJoinPool.commonPool-worker-1] o.h.p.e.AbstractEntityPersister [AbstractEntityPersister.java:2891] -  Insert (0): /* insert for de.fhdw.freefeser.app.databases.entities.AppUser */insert into AppUser (password,username,id) values (?,?,?)
2023-07-27 00:13:35,695 DEBUG [ForkJoinPool.commonPool-worker-1] o.h.p.e.AbstractEntityPersister [AbstractEntityPersister.java:2898] -  Update (0): /* update for de.fhdw.freefeser.app.databases.entities.AppUser */update AppUser set password=?,username=? where id=?
2023-07-27 00:13:35,695 DEBUG [ForkJoinPool.commonPool-worker-1] o.h.p.e.AbstractEntityPersister [AbstractEntityPersister.java:2904] -  Delete (0): /* delete for de.fhdw.freefeser.app.databases.entities.AppUser */delete from AppUser where id=?
2023-07-27 00:13:35,696 DEBUG [ForkJoinPool.commonPool-worker-1] o.h.o.s.a.create [SqlAliasBaseImpl.java:34] - Created new SQL alias : a1_0
2023-07-27 00:13:35,696 DEBUG [ForkJoinPool.commonPool-worker-1] o.h.o.s.a.create [SimpleFromClauseAccessImpl.java:98] - Registration of TableGroup [StandardTableGroup(de.fhdw.freefeser.app.databases.entities.AppUser)] with identifierForTableGroup [de.fhdw.freefeser.app.databases.entities.AppUser] for NavigablePath [de.fhdw.freefeser.app.databases.entities.AppUser] 
2023-07-27 00:13:35,696 DEBUG [ForkJoinPool.commonPool-worker-1] o.h.o.r.g.AST [DomainResultGraphPrinter.java:70] - DomainResult Graph:
 \-EntityResultImpl [de.fhdw.freefeser.app.databases.entities.AppUser]
 |  +-BasicFetch [de.fhdw.freefeser.app.databases.entities.AppUser.password]
 |  \-BasicFetch [de.fhdw.freefeser.app.databases.entities.AppUser.username]

2023-07-27 00:13:35,697 DEBUG [ForkJoinPool.commonPool-worker-1] o.h.o.s.a.tree [SqlTreePrinter.java:46] - SQL AST Tree:
    SelectStatement {
      FromClause {
        StandardTableGroup (a1 : de.fhdw.freefeser.app.databases.entities.AppUser) {
          primaryTableReference : AppUser as a1_0
        }
      }
    }

2023-07-27 00:13:35,752 DEBUG [ForkJoinPool.commonPool-worker-1] o.h.s.i.SessionFactoryServiceRegistryImpl [SessionFactoryServiceRegistryImpl.java:91] - EventListenerRegistry access via ServiceRegistry is deprecated.  Use `sessionFactory.getEventEngine().getListenerRegistry()` instead
2023-07-27 00:13:35,754 DEBUG [ForkJoinPool.commonPool-worker-1] o.h.e.i.EntityCopyObserverFactoryInitiator [EntityCopyObserverFactoryInitiator.java:39] - Configured EntityCopyObserver strategy: disallow
2023-07-27 00:13:35,769 DEBUG [ForkJoinPool.commonPool-worker-1] o.h.t.s.TypeConfiguration$Scope [TypeConfiguration.java:203] - Scoping TypeConfiguration [org.hibernate.type.spi.TypeConfiguration@c2c4616] to SessionFactoryImplementor [org.hibernate.internal.SessionFactoryImpl@64bdfd9d]
2023-07-27 00:13:35,771 DEBUG [ForkJoinPool.commonPool-worker-1] o.h.q.n.NamedObjectRepository [NamedObjectRepositoryImpl.java:234] - Checking 0 named HQL queries
2023-07-27 00:13:35,771 DEBUG [ForkJoinPool.commonPool-worker-1] o.h.q.n.NamedObjectRepository [NamedObjectRepositoryImpl.java:251] - Checking 0 named SQL queries
2023-07-27 00:13:35,794 INFO [ForkJoinPool.commonPool-worker-1] o.h.o.c.access [DdlTransactionIsolatorNonJtaImpl.java:52] - HHH10001501: Connection obtained from JdbcConnectionAccess [org.hibernate.engine.jdbc.env.internal.JdbcEnvironmentInitiator$ConnectionProviderJdbcConnectionAccess@7273d862] for (non-JTA) DDL execution was not in auto-commit mode; the Connection 'local transaction' will be committed and the Connection will be set into auto-commit mode.
2023-07-27 00:13:35,849 DEBUG [ForkJoinPool.commonPool-worker-1] o.h.m.Table [StandardTableMigrator.java:101] - No alter strings for table : AppChatbot
2023-07-27 00:13:35,850 DEBUG [ForkJoinPool.commonPool-worker-1] o.h.SQL [SqlStatementLogger.java:133] - 
    alter table if exists AppChatMessage 
       alter column timestamp set data type timestamp(6)
2023-07-27 00:13:35,858 DEBUG [ForkJoinPool.commonPool-worker-1] o.h.m.Table [StandardTableMigrator.java:101] - No alter strings for table : AppUser
2023-07-27 00:13:35,884 DEBUG [ForkJoinPool.commonPool-worker-1] o.h.i.SessionFactoryRegistry [SessionFactoryRegistry.java:52] - Initializing SessionFactoryRegistry : org.hibernate.internal.SessionFactoryRegistry@7f790958
2023-07-27 00:13:35,884 DEBUG [ForkJoinPool.commonPool-worker-1] o.h.i.SessionFactoryRegistry [SessionFactoryRegistry.java:74] - Registering SessionFactory: a702a9f1-076b-4141-912c-13c72be1c153 (<unnamed>)
2023-07-27 00:13:35,884 DEBUG [ForkJoinPool.commonPool-worker-1] o.h.i.SessionFactoryRegistry [SessionFactoryRegistry.java:81] - Not binding SessionFactory to JNDI, no JNDI name configured
2023-07-27 00:13:35,885 DEBUG [ForkJoinPool.commonPool-worker-1] o.h.i.SessionFactoryImpl [SessionFactoryImpl.java:311] - Instantiated SessionFactory
2023-07-27 00:13:35,960 DEBUG [ForkJoinPool.commonPool-worker-1] o.h.s.i.StatisticsInitiator [StatisticsInitiator.java:88] - Statistics initialized [enabled=false]
2023-07-27 00:13:35,968 DEBUG [ForkJoinPool.commonPool-worker-1] o.h.o.q.hql [StandardHqlTranslator.java:75] - HQL : FROM AppUser u WHERE u.username = :username
