2023-07-27 00:09:50,020 DEBUG [ForkJoinPool.commonPool-worker-1] o.h.p.e.AbstractEntityPersister [AbstractEntityPersister.java:2880] - Static SQL for entity: de.fhdw.freefeser.app.databases.entities.AppChatMessage
2023-07-27 00:09:50,031 DEBUG [ForkJoinPool.commonPool-worker-1] o.h.p.e.AbstractEntityPersister [AbstractEntityPersister.java:2885] -  Version select: /* get version de.fhdw.freefeser.app.databases.entities.AppChatMessage */ select id from AppChatMessage where id=?
2023-07-27 00:09:50,031 DEBUG [ForkJoinPool.commonPool-worker-1] o.h.p.e.AbstractEntityPersister [AbstractEntityPersister.java:2891] -  Insert (0): /* insert for de.fhdw.freefeser.app.databases.entities.AppChatMessage */insert into AppChatMessage (chatbot_id,text,timestamp,user_id,id) values (?,?,?,?,?)
2023-07-27 00:09:50,031 DEBUG [ForkJoinPool.commonPool-worker-1] o.h.p.e.AbstractEntityPersister [AbstractEntityPersister.java:2898] -  Update (0): /* update for de.fhdw.freefeser.app.databases.entities.AppChatMessage */update AppChatMessage set chatbot_id=?,text=?,timestamp=?,user_id=? where id=?
2023-07-27 00:09:50,031 DEBUG [ForkJoinPool.commonPool-worker-1] o.h.p.e.AbstractEntityPersister [AbstractEntityPersister.java:2904] -  Delete (0): /* delete for de.fhdw.freefeser.app.databases.entities.AppChatMessage */delete from AppChatMessage where id=?
2023-07-27 00:09:50,031 DEBUG [ForkJoinPool.commonPool-worker-1] o.h.o.s.a.create [SqlAliasBaseImpl.java:34] - Created new SQL alias : a1_0
2023-07-27 00:09:50,031 DEBUG [ForkJoinPool.commonPool-worker-1] o.h.o.s.a.create [SimpleFromClauseAccessImpl.java:98] - Registration of TableGroup [StandardTableGroup(de.fhdw.freefeser.app.databases.entities.AppChatMessage)] with identifierForTableGroup [de.fhdw.freefeser.app.databases.entities.AppChatMessage] for NavigablePath [de.fhdw.freefeser.app.databases.entities.AppChatMessage] 
2023-07-27 00:09:50,040 DEBUG [ForkJoinPool.commonPool-worker-1] o.h.o.s.a.create [SimpleFromClauseAccessImpl.java:98] - Registration of TableGroup [org.hibernate.sql.ast.tree.from.LazyTableGroup@7c0ae59a] with identifierForTableGroup [de.fhdw.freefeser.app.databases.entities.AppChatMessage.chatbot] for NavigablePath [de.fhdw.freefeser.app.databases.entities.AppChatMessage.chatbot] 
2023-07-27 00:09:50,043 DEBUG [ForkJoinPool.commonPool-worker-1] o.h.o.s.a.create [SimpleFromClauseAccessImpl.java:98] - Registration of TableGroup [org.hibernate.sql.ast.tree.from.LazyTableGroup@2c5ac30a] with identifierForTableGroup [de.fhdw.freefeser.app.databases.entities.AppChatMessage.user] for NavigablePath [de.fhdw.freefeser.app.databases.entities.AppChatMessage.user] 
2023-07-27 00:09:50,043 DEBUG [ForkJoinPool.commonPool-worker-1] o.h.o.r.g.AST [DomainResultGraphPrinter.java:70] - DomainResult Graph:
 \-EntityResultImpl [de.fhdw.freefeser.app.databases.entities.AppChatMessage]
 |  +-EntityDelayedFetchImpl [de.fhdw.freefeser.app.databases.entities.AppChatMessage.chatbot]
 |  +-BasicFetch [de.fhdw.freefeser.app.databases.entities.AppChatMessage.text]
 |  +-BasicFetch [de.fhdw.freefeser.app.databases.entities.AppChatMessage.timestamp]
 |  \-EntityDelayedFetchImpl [de.fhdw.freefeser.app.databases.entities.AppChatMessage.user]

2023-07-27 00:09:50,047 DEBUG [ForkJoinPool.commonPool-worker-1] o.h.o.s.a.tree [SqlTreePrinter.java:46] - SQL AST Tree:
    SelectStatement {
      FromClause {
        StandardTableGroup (a1 : de.fhdw.freefeser.app.databases.entities.AppChatMessage) {
          primaryTableReference : AppChatMessage as a1_0
          TableGroupJoins {
            left  join LazyTableGroup (c1 : de.fhdw.freefeser.app.databases.entities.AppChatMessage.chatbot) {
            }
            left  join LazyTableGroup (u1 : de.fhdw.freefeser.app.databases.entities.AppChatMessage.user) {
            }
          }
        }
      }
    }

2023-07-27 00:09:50,050 DEBUG [ForkJoinPool.commonPool-worker-1] o.h.p.e.AbstractEntityPersister [AbstractEntityPersister.java:2880] - Static SQL for entity: de.fhdw.freefeser.app.databases.entities.AppUser
2023-07-27 00:09:50,051 DEBUG [ForkJoinPool.commonPool-worker-1] o.h.p.e.AbstractEntityPersister [AbstractEntityPersister.java:2885] -  Version select: /* get version de.fhdw.freefeser.app.databases.entities.AppUser */ select id from AppUser where id=?
2023-07-27 00:09:50,051 DEBUG [ForkJoinPool.commonPool-worker-1] o.h.p.e.AbstractEntityPersister [AbstractEntityPersister.java:2891] -  Insert (0): /* insert for de.fhdw.freefeser.app.databases.entities.AppUser */insert into AppUser (password,username,id) values (?,?,?)
2023-07-27 00:09:50,051 DEBUG [ForkJoinPool.commonPool-worker-1] o.h.p.e.AbstractEntityPersister [AbstractEntityPersister.java:2898] -  Update (0): /* update for de.fhdw.freefeser.app.databases.entities.AppUser */update AppUser set password=?,username=? where id=?
2023-07-27 00:09:50,051 DEBUG [ForkJoinPool.commonPool-worker-1] o.h.p.e.AbstractEntityPersister [AbstractEntityPersister.java:2904] -  Delete (0): /* delete for de.fhdw.freefeser.app.databases.entities.AppUser */delete from AppUser where id=?
2023-07-27 00:09:50,053 DEBUG [ForkJoinPool.commonPool-worker-1] o.h.o.s.a.create [SqlAliasBaseImpl.java:34] - Created new SQL alias : a1_0
2023-07-27 00:09:50,053 DEBUG [ForkJoinPool.commonPool-worker-1] o.h.o.s.a.create [SimpleFromClauseAccessImpl.java:98] - Registration of TableGroup [StandardTableGroup(de.fhdw.freefeser.app.databases.entities.AppUser)] with identifierForTableGroup [de.fhdw.freefeser.app.databases.entities.AppUser] for NavigablePath [de.fhdw.freefeser.app.databases.entities.AppUser] 
2023-07-27 00:09:50,053 DEBUG [ForkJoinPool.commonPool-worker-1] o.h.o.r.g.AST [DomainResultGraphPrinter.java:70] - DomainResult Graph:
 \-EntityResultImpl [de.fhdw.freefeser.app.databases.entities.AppUser]
 |  +-BasicFetch [de.fhdw.freefeser.app.databases.entities.AppUser.password]
 |  \-BasicFetch [de.fhdw.freefeser.app.databases.entities.AppUser.username]

2023-07-27 00:09:50,054 DEBUG [ForkJoinPool.commonPool-worker-1] o.h.o.s.a.tree [SqlTreePrinter.java:46] - SQL AST Tree:
    SelectStatement {
      FromClause {
        StandardTableGroup (a1 : de.fhdw.freefeser.app.databases.entities.AppUser) {
          primaryTableReference : AppUser as a1_0
        }
      }
    }

2023-07-27 00:09:50,121 DEBUG [ForkJoinPool.commonPool-worker-1] o.h.s.i.SessionFactoryServiceRegistryImpl [SessionFactoryServiceRegistryImpl.java:91] - EventListenerRegistry access via ServiceRegistry is deprecated.  Use `sessionFactory.getEventEngine().getListenerRegistry()` instead
2023-07-27 00:09:50,124 DEBUG [ForkJoinPool.commonPool-worker-1] o.h.e.i.EntityCopyObserverFactoryInitiator [EntityCopyObserverFactoryInitiator.java:39] - Configured EntityCopyObserver strategy: disallow
2023-07-27 00:09:50,156 DEBUG [ForkJoinPool.commonPool-worker-1] o.h.t.s.TypeConfiguration$Scope [TypeConfiguration.java:203] - Scoping TypeConfiguration [org.hibernate.type.spi.TypeConfiguration@415cf62] to SessionFactoryImplementor [org.hibernate.internal.SessionFactoryImpl@4c602c2d]
2023-07-27 00:09:50,159 DEBUG [ForkJoinPool.commonPool-worker-1] o.h.q.n.NamedObjectRepository [NamedObjectRepositoryImpl.java:234] - Checking 0 named HQL queries
2023-07-27 00:09:50,159 DEBUG [ForkJoinPool.commonPool-worker-1] o.h.q.n.NamedObjectRepository [NamedObjectRepositoryImpl.java:251] - Checking 0 named SQL queries
2023-07-27 00:09:50,200 INFO [ForkJoinPool.commonPool-worker-1] o.h.o.c.access [DdlTransactionIsolatorNonJtaImpl.java:52] - HHH10001501: Connection obtained from JdbcConnectionAccess [org.hibernate.engine.jdbc.env.internal.JdbcEnvironmentInitiator$ConnectionProviderJdbcConnectionAccess@405ac44c] for (non-JTA) DDL execution was not in auto-commit mode; the Connection 'local transaction' will be committed and the Connection will be set into auto-commit mode.
2023-07-27 00:09:50,277 DEBUG [ForkJoinPool.commonPool-worker-1] o.h.m.Table [StandardTableMigrator.java:101] - No alter strings for table : AppChatbot
2023-07-27 00:09:50,280 DEBUG [ForkJoinPool.commonPool-worker-1] o.h.SQL [SqlStatementLogger.java:133] - 
    alter table if exists AppChatMessage 
       alter column timestamp set data type timestamp(6)
2023-07-27 00:09:50,293 DEBUG [ForkJoinPool.commonPool-worker-1] o.h.m.Table [StandardTableMigrator.java:101] - No alter strings for table : AppUser
2023-07-27 00:09:50,321 DEBUG [ForkJoinPool.commonPool-worker-1] o.h.i.SessionFactoryRegistry [SessionFactoryRegistry.java:52] - Initializing SessionFactoryRegistry : org.hibernate.internal.SessionFactoryRegistry@2da36749
2023-07-27 00:09:50,323 DEBUG [ForkJoinPool.commonPool-worker-1] o.h.i.SessionFactoryRegistry [SessionFactoryRegistry.java:74] - Registering SessionFactory: e2702d59-34a5-436b-8e38-8bf4b9c4a396 (<unnamed>)
2023-07-27 00:09:50,323 DEBUG [ForkJoinPool.commonPool-worker-1] o.h.i.SessionFactoryRegistry [SessionFactoryRegistry.java:81] - Not binding SessionFactory to JNDI, no JNDI name configured
2023-07-27 00:09:50,324 DEBUG [ForkJoinPool.commonPool-worker-1] o.h.i.SessionFactoryImpl [SessionFactoryImpl.java:311] - Instantiated SessionFactory
2023-07-27 00:09:50,406 DEBUG [ForkJoinPool.commonPool-worker-1] o.h.s.i.StatisticsInitiator [StatisticsInitiator.java:88] - Statistics initialized [enabled=false]
2023-07-27 00:09:50,417 DEBUG [ForkJoinPool.commonPool-worker-1] o.h.e.t.i.TransactionImpl [TransactionImpl.java:53] - On TransactionImpl creation, JpaCompliance#isJpaTransactionComplianceEnabled == false
2023-07-27 00:09:50,418 DEBUG [ForkJoinPool.commonPool-worker-1] o.h.e.t.i.TransactionImpl [TransactionImpl.java:81] - begin
2023-07-27 00:09:50,431 DEBUG [ForkJoinPool.commonPool-worker-1] o.h.e.i.AbstractSaveEventListener [AbstractSaveEventListener.java:130] - Generated identifier: c3a933e5-9423-46f7-9e83-a15fa1d87cff, using strategy: org.hibernate.id.UUIDGenerator
2023-07-27 00:09:50,467 DEBUG [ForkJoinPool.commonPool-worker-1] o.h.e.t.i.TransactionImpl [TransactionImpl.java:98] - committing
2023-07-27 00:09:50,468 DEBUG [ForkJoinPool.commonPool-worker-1] o.h.e.i.AbstractFlushingEventListener [AbstractFlushingEventListener.java:136] - Processing flush-time cascades
2023-07-27 00:09:50,469 DEBUG [ForkJoinPool.commonPool-worker-1] o.h.e.i.AbstractFlushingEventListener [AbstractFlushingEventListener.java:179] - Dirty checking collections
2023-07-27 00:09:50,480 DEBUG [ForkJoinPool.commonPool-worker-1] o.h.e.i.AbstractFlushingEventListener [AbstractFlushingEventListener.java:110] - Flushed: 1 insertions, 0 updates, 0 deletions to 1 objects
2023-07-27 00:09:50,481 DEBUG [ForkJoinPool.commonPool-worker-1] o.h.e.i.AbstractFlushingEventListener [AbstractFlushingEventListener.java:117] - Flushed: 0 (re)creations, 0 updates, 0 removals to 0 collections
2023-07-27 00:09:50,483 DEBUG [ForkJoinPool.commonPool-worker-1] o.h.i.u.EntityPrinter [EntityPrinter.java:111] - Listing entities:
2023-07-27 00:09:50,484 DEBUG [ForkJoinPool.commonPool-worker-1] o.h.i.u.EntityPrinter [EntityPrinter.java:118] - de.fhdw.freefeser.app.databases.entities.AppUser{password=passwordx, id=c3a933e5-9423-46f7-9e83-a15fa1d87cff, username=userx}
2023-07-27 00:09:50,506 DEBUG [ForkJoinPool.commonPool-worker-1] o.h.SQL [SqlStatementLogger.java:133] - 
    /* insert for
        de.fhdw.freefeser.app.databases.entities.AppUser */insert 
    into
        AppUser (password,username,id) 
    values
        (?,?,?)
2023-07-27 00:09:50,541 DEBUG [ForkJoinPool.commonPool-worker-1] o.h.r.j.i.LogicalConnectionManagedImpl [LogicalConnectionManagedImpl.java:179] - Initiating JDBC connection release from afterTransaction
2023-07-27 00:09:50,543 DEBUG [ForkJoinPool.commonPool-worker-1] o.h.r.j.i.LogicalConnectionManagedImpl [LogicalConnectionManagedImpl.java:179] - Initiating JDBC connection release from afterTransaction
