2023-07-26 22:00:44,000 DEBUG [ForkJoinPool.commonPool-worker-1] o.h.i.i.IntegratorServiceImpl [IntegratorServiceImpl.java:45] - Adding Integrator [org.hibernate.boot.beanvalidation.BeanValidationIntegrator].
2023-07-26 22:00:44,005 DEBUG [ForkJoinPool.commonPool-worker-1] o.h.i.i.IntegratorServiceImpl [IntegratorServiceImpl.java:45] - Adding Integrator [org.hibernate.cache.internal.CollectionCacheInvalidator].
2023-07-26 22:00:44,024 INFO [ForkJoinPool.commonPool-worker-1] o.h.Version [Version.java:44] - HHH000412: Hibernate ORM core version 6.2.6.Final
2023-07-26 22:00:44,026 DEBUG [ForkJoinPool.commonPool-worker-1] o.h.c.Environment [Environment.java:174] - HHH000206: hibernate.properties not found
2023-07-26 22:00:44,027 INFO [ForkJoinPool.commonPool-worker-1] o.h.c.Environment [Environment.java:191] - HHH000406: Using bytecode reflection optimizer
2023-07-26 22:00:44,057 DEBUG [ForkJoinPool.commonPool-worker-1] o.h.b.j.i.s.LocalXmlResourceResolver [LocalXmlResourceResolver.java:86] - Checking public/system identifiers `-//Hibernate/Hibernate Configuration DTD 3.0//EN`/`http://www.hibernate.org/dtd/hibernate-configuration-3.0.dtd` as DTD references
2023-07-26 22:00:44,061 DEBUG [ForkJoinPool.commonPool-worker-1] o.h.b.c.i.JaxbCfgProcessor [JaxbCfgProcessor.java:115] - cfg.xml document did not define namespaces; wrapping in custom event reader to introduce namespace information
2023-07-26 22:00:44,272 DEBUG [ForkJoinPool.commonPool-worker-1] o.h.o.i.factory [StandardIdentifierGeneratorFactory.java:94] - Ignoring CDI for resolving IdentifierGenerator instances as extended or delayed CDI support was enabled
2023-07-26 22:00:44,275 DEBUG [ForkJoinPool.commonPool-worker-1] o.h.o.i.factory [StandardIdentifierGeneratorFactory.java:170] - Registering IdentifierGenerator strategy [uuid2] -> [org.hibernate.id.UUIDGenerator]
2023-07-26 22:00:44,276 DEBUG [ForkJoinPool.commonPool-worker-1] o.h.o.i.factory [StandardIdentifierGeneratorFactory.java:170] - Registering IdentifierGenerator strategy [guid] -> [org.hibernate.id.GUIDGenerator]
2023-07-26 22:00:44,276 DEBUG [ForkJoinPool.commonPool-worker-1] o.h.o.i.factory [StandardIdentifierGeneratorFactory.java:170] - Registering IdentifierGenerator strategy [uuid] -> [org.hibernate.id.UUIDHexGenerator]
2023-07-26 22:00:44,276 DEBUG [ForkJoinPool.commonPool-worker-1] o.h.o.i.factory [StandardIdentifierGeneratorFactory.java:170] - Registering IdentifierGenerator strategy [uuid.hex] -> [org.hibernate.id.UUIDHexGenerator]
2023-07-26 22:00:44,276 DEBUG [ForkJoinPool.commonPool-worker-1] o.h.o.i.factory [StandardIdentifierGeneratorFactory.java:170] - Registering IdentifierGenerator strategy [assigned] -> [org.hibernate.id.Assigned]
2023-07-26 22:00:44,277 DEBUG [ForkJoinPool.commonPool-worker-1] o.h.o.i.factory [StandardIdentifierGeneratorFactory.java:170] - Registering IdentifierGenerator strategy [identity] -> [org.hibernate.id.IdentityGenerator]
2023-07-26 22:00:44,277 DEBUG [ForkJoinPool.commonPool-worker-1] o.h.o.i.factory [StandardIdentifierGeneratorFactory.java:170] - Registering IdentifierGenerator strategy [select] -> [org.hibernate.id.SelectGenerator]
2023-07-26 22:00:44,278 DEBUG [ForkJoinPool.commonPool-worker-1] o.h.o.i.factory [StandardIdentifierGeneratorFactory.java:170] - Registering IdentifierGenerator strategy [sequence] -> [org.hibernate.id.enhanced.SequenceStyleGenerator]
2023-07-26 22:00:44,279 DEBUG [ForkJoinPool.commonPool-worker-1] o.h.o.i.factory [StandardIdentifierGeneratorFactory.java:170] - Registering IdentifierGenerator strategy [increment] -> [org.hibernate.id.IncrementGenerator]
2023-07-26 22:00:44,279 DEBUG [ForkJoinPool.commonPool-worker-1] o.h.o.i.factory [StandardIdentifierGeneratorFactory.java:170] - Registering IdentifierGenerator strategy [foreign] -> [org.hibernate.id.ForeignGenerator]
2023-07-26 22:00:44,279 DEBUG [ForkJoinPool.commonPool-worker-1] o.h.o.i.factory [StandardIdentifierGeneratorFactory.java:170] - Registering IdentifierGenerator strategy [enhanced-sequence] -> [org.hibernate.id.enhanced.SequenceStyleGenerator]
2023-07-26 22:00:44,280 DEBUG [ForkJoinPool.commonPool-worker-1] o.h.o.i.factory [StandardIdentifierGeneratorFactory.java:170] - Registering IdentifierGenerator strategy [enhanced-table] -> [org.hibernate.id.enhanced.TableGenerator]
2023-07-26 22:00:44,287 DEBUG [ForkJoinPool.commonPool-worker-1] o.h.c.i.RegionFactoryInitiator [RegionFactoryInitiator.java:117] - Cannot default RegionFactory based on registered strategies as `[]` RegionFactory strategies were registered
2023-07-26 22:00:44,288 DEBUG [ForkJoinPool.commonPool-worker-1] o.h.c.i.RegionFactoryInitiator [RegionFactoryInitiator.java:49] - Cache region factory : org.hibernate.cache.internal.NoCachingRegionFactory
2023-07-26 22:00:44,390 DEBUG [ForkJoinPool.commonPool-worker-1] o.h.t.BasicTypeRegistry [BasicTypeRegistry.java:410] - Adding type registration boolean -> org.hibernate.type.BasicTypeReference@1dbf185c
2023-07-26 22:00:44,391 DEBUG [ForkJoinPool.commonPool-worker-1] o.h.t.BasicTypeRegistry [BasicTypeRegistry.java:410] - Adding type registration boolean -> org.hibernate.type.BasicTypeReference@1dbf185c
2023-07-26 22:00:44,391 DEBUG [ForkJoinPool.commonPool-worker-1] o.h.t.BasicTypeRegistry [BasicTypeRegistry.java:410] - Adding type registration java.lang.Boolean -> org.hibernate.type.BasicTypeReference@1dbf185c
2023-07-26 22:00:44,391 DEBUG [ForkJoinPool.commonPool-worker-1] o.h.t.BasicTypeRegistry [BasicTypeRegistry.java:410] - Adding type registration numeric_boolean -> org.hibernate.type.BasicTypeReference@2d8adf64
2023-07-26 22:00:44,391 DEBUG [ForkJoinPool.commonPool-worker-1] o.h.t.BasicTypeRegistry [BasicTypeRegistry.java:410] - Adding type registration org.hibernate.type.NumericBooleanConverter -> org.hibernate.type.BasicTypeReference@2d8adf64
2023-07-26 22:00:44,391 DEBUG [ForkJoinPool.commonPool-worker-1] o.h.t.BasicTypeRegistry [BasicTypeRegistry.java:410] - Adding type registration true_false -> org.hibernate.type.BasicTypeReference@587f24e5
2023-07-26 22:00:44,391 DEBUG [ForkJoinPool.commonPool-worker-1] o.h.t.BasicTypeRegistry [BasicTypeRegistry.java:410] - Adding type registration org.hibernate.type.TrueFalseConverter -> org.hibernate.type.BasicTypeReference@587f24e5
2023-07-26 22:00:44,391 DEBUG [ForkJoinPool.commonPool-worker-1] o.h.t.BasicTypeRegistry [BasicTypeRegistry.java:410] - Adding type registration yes_no -> org.hibernate.type.BasicTypeReference@5190f273
2023-07-26 22:00:44,391 DEBUG [ForkJoinPool.commonPool-worker-1] o.h.t.BasicTypeRegistry [BasicTypeRegistry.java:410] - Adding type registration org.hibernate.type.YesNoConverter -> org.hibernate.type.BasicTypeReference@5190f273
2023-07-26 22:00:44,391 DEBUG [ForkJoinPool.commonPool-worker-1] o.h.t.BasicTypeRegistry [BasicTypeRegistry.java:410] - Adding type registration byte -> org.hibernate.type.BasicTypeReference@34086de5
2023-07-26 22:00:44,392 DEBUG [ForkJoinPool.commonPool-worker-1] o.h.t.BasicTypeRegistry [BasicTypeRegistry.java:410] - Adding type registration byte -> org.hibernate.type.BasicTypeReference@34086de5
2023-07-26 22:00:44,392 DEBUG [ForkJoinPool.commonPool-worker-1] o.h.t.BasicTypeRegistry [BasicTypeRegistry.java:410] - Adding type registration java.lang.Byte -> org.hibernate.type.BasicTypeReference@34086de5
2023-07-26 22:00:44,392 DEBUG [ForkJoinPool.commonPool-worker-1] o.h.t.BasicTypeRegistry [BasicTypeRegistry.java:410] - Adding type registration binary -> org.hibernate.type.BasicTypeReference@4f82e5ff
2023-07-26 22:00:44,392 DEBUG [ForkJoinPool.commonPool-worker-1] o.h.t.BasicTypeRegistry [BasicTypeRegistry.java:410] - Adding type registration byte[] -> org.hibernate.type.BasicTypeReference@4f82e5ff
2023-07-26 22:00:44,392 DEBUG [ForkJoinPool.commonPool-worker-1] o.h.t.BasicTypeRegistry [BasicTypeRegistry.java:410] - Adding type registration [B -> org.hibernate.type.BasicTypeReference@4f82e5ff
2023-07-26 22:00:44,392 DEBUG [ForkJoinPool.commonPool-worker-1] o.h.t.BasicTypeRegistry [BasicTypeRegistry.java:410] - Adding type registration binary_wrapper -> org.hibernate.type.BasicTypeReference@6efba8e6
2023-07-26 22:00:44,392 DEBUG [ForkJoinPool.commonPool-worker-1] o.h.t.BasicTypeRegistry [BasicTypeRegistry.java:410] - Adding type registration wrapper-binary -> org.hibernate.type.BasicTypeReference@6efba8e6
2023-07-26 22:00:44,392 DEBUG [ForkJoinPool.commonPool-worker-1] o.h.t.BasicTypeRegistry [BasicTypeRegistry.java:410] - Adding type registration image -> org.hibernate.type.BasicTypeReference@38aedc20
2023-07-26 22:00:44,392 DEBUG [ForkJoinPool.commonPool-worker-1] o.h.t.BasicTypeRegistry [BasicTypeRegistry.java:410] - Adding type registration blob -> org.hibernate.type.BasicTypeReference@4fbee995
2023-07-26 22:00:44,393 DEBUG [ForkJoinPool.commonPool-worker-1] o.h.t.BasicTypeRegistry [BasicTypeRegistry.java:410] - Adding type registration java.sql.Blob -> org.hibernate.type.BasicTypeReference@4fbee995
2023-07-26 22:00:44,393 DEBUG [ForkJoinPool.commonPool-worker-1] o.h.t.BasicTypeRegistry [BasicTypeRegistry.java:410] - Adding type registration materialized_blob -> org.hibernate.type.BasicTypeReference@17cb4080
2023-07-26 22:00:44,393 DEBUG [ForkJoinPool.commonPool-worker-1] o.h.t.BasicTypeRegistry [BasicTypeRegistry.java:410] - Adding type registration materialized_blob_wrapper -> org.hibernate.type.BasicTypeReference@24446607
2023-07-26 22:00:44,393 DEBUG [ForkJoinPool.commonPool-worker-1] o.h.t.BasicTypeRegistry [BasicTypeRegistry.java:410] - Adding type registration short -> org.hibernate.type.BasicTypeReference@6ac5f173
2023-07-26 22:00:44,393 DEBUG [ForkJoinPool.commonPool-worker-1] o.h.t.BasicTypeRegistry [BasicTypeRegistry.java:410] - Adding type registration short -> org.hibernate.type.BasicTypeReference@6ac5f173
2023-07-26 22:00:44,393 DEBUG [ForkJoinPool.commonPool-worker-1] o.h.t.BasicTypeRegistry [BasicTypeRegistry.java:410] - Adding type registration java.lang.Short -> org.hibernate.type.BasicTypeReference@6ac5f173
2023-07-26 22:00:44,393 DEBUG [ForkJoinPool.commonPool-worker-1] o.h.t.BasicTypeRegistry [BasicTypeRegistry.java:410] - Adding type registration integer -> org.hibernate.type.BasicTypeReference@520f5fff
2023-07-26 22:00:44,393 DEBUG [ForkJoinPool.commonPool-worker-1] o.h.t.BasicTypeRegistry [BasicTypeRegistry.java:410] - Adding type registration int -> org.hibernate.type.BasicTypeReference@520f5fff
2023-07-26 22:00:44,393 DEBUG [ForkJoinPool.commonPool-worker-1] o.h.t.BasicTypeRegistry [BasicTypeRegistry.java:410] - Adding type registration java.lang.Integer -> org.hibernate.type.BasicTypeReference@520f5fff
2023-07-26 22:00:44,393 DEBUG [ForkJoinPool.commonPool-worker-1] o.h.t.BasicTypeRegistry [BasicTypeRegistry.java:410] - Adding type registration long -> org.hibernate.type.BasicTypeReference@1f8dca7e
2023-07-26 22:00:44,393 DEBUG [ForkJoinPool.commonPool-worker-1] o.h.t.BasicTypeRegistry [BasicTypeRegistry.java:410] - Adding type registration long -> org.hibernate.type.BasicTypeReference@1f8dca7e
2023-07-26 22:00:44,393 DEBUG [ForkJoinPool.commonPool-worker-1] o.h.t.BasicTypeRegistry [BasicTypeRegistry.java:410] - Adding type registration java.lang.Long -> org.hibernate.type.BasicTypeReference@1f8dca7e
2023-07-26 22:00:44,394 DEBUG [ForkJoinPool.commonPool-worker-1] o.h.t.BasicTypeRegistry [BasicTypeRegistry.java:410] - Adding type registration float -> org.hibernate.type.BasicTypeReference@18fef3d6
2023-07-26 22:00:44,394 DEBUG [ForkJoinPool.commonPool-worker-1] o.h.t.BasicTypeRegistry [BasicTypeRegistry.java:410] - Adding type registration float -> org.hibernate.type.BasicTypeReference@18fef3d6
2023-07-26 22:00:44,394 DEBUG [ForkJoinPool.commonPool-worker-1] o.h.t.BasicTypeRegistry [BasicTypeRegistry.java:410] - Adding type registration java.lang.Float -> org.hibernate.type.BasicTypeReference@18fef3d6
2023-07-26 22:00:44,394 DEBUG [ForkJoinPool.commonPool-worker-1] o.h.t.BasicTypeRegistry [BasicTypeRegistry.java:410] - Adding type registration double -> org.hibernate.type.BasicTypeReference@5d75c7d3
2023-07-26 22:00:44,394 DEBUG [ForkJoinPool.commonPool-worker-1] o.h.t.BasicTypeRegistry [BasicTypeRegistry.java:410] - Adding type registration double -> org.hibernate.type.BasicTypeReference@5d75c7d3
2023-07-26 22:00:44,394 DEBUG [ForkJoinPool.commonPool-worker-1] o.h.t.BasicTypeRegistry [BasicTypeRegistry.java:410] - Adding type registration java.lang.Double -> org.hibernate.type.BasicTypeReference@5d75c7d3
2023-07-26 22:00:44,394 DEBUG [ForkJoinPool.commonPool-worker-1] o.h.t.BasicTypeRegistry [BasicTypeRegistry.java:410] - Adding type registration big_integer -> org.hibernate.type.BasicTypeReference@752d9b25
2023-07-26 22:00:44,394 DEBUG [ForkJoinPool.commonPool-worker-1] o.h.t.BasicTypeRegistry [BasicTypeRegistry.java:410] - Adding type registration java.math.BigInteger -> org.hibernate.type.BasicTypeReference@752d9b25
2023-07-26 22:00:44,394 DEBUG [ForkJoinPool.commonPool-worker-1] o.h.t.BasicTypeRegistry [BasicTypeRegistry.java:410] - Adding type registration big_decimal -> org.hibernate.type.BasicTypeReference@40261c4
2023-07-26 22:00:44,394 DEBUG [ForkJoinPool.commonPool-worker-1] o.h.t.BasicTypeRegistry [BasicTypeRegistry.java:410] - Adding type registration java.math.BigDecimal -> org.hibernate.type.BasicTypeReference@40261c4
2023-07-26 22:00:44,394 DEBUG [ForkJoinPool.commonPool-worker-1] o.h.t.BasicTypeRegistry [BasicTypeRegistry.java:410] - Adding type registration character -> org.hibernate.type.BasicTypeReference@6b0d42d1
2023-07-26 22:00:44,394 DEBUG [ForkJoinPool.commonPool-worker-1] o.h.t.BasicTypeRegistry [BasicTypeRegistry.java:410] - Adding type registration char -> org.hibernate.type.BasicTypeReference@6b0d42d1
2023-07-26 22:00:44,395 DEBUG [ForkJoinPool.commonPool-worker-1] o.h.t.BasicTypeRegistry [BasicTypeRegistry.java:410] - Adding type registration java.lang.Character -> org.hibernate.type.BasicTypeReference@6b0d42d1
2023-07-26 22:00:44,395 DEBUG [ForkJoinPool.commonPool-worker-1] o.h.t.BasicTypeRegistry [BasicTypeRegistry.java:410] - Adding type registration character_nchar -> org.hibernate.type.BasicTypeReference@18b55b3c
2023-07-26 22:00:44,395 DEBUG [ForkJoinPool.commonPool-worker-1] o.h.t.BasicTypeRegistry [BasicTypeRegistry.java:410] - Adding type registration string -> org.hibernate.type.BasicTypeReference@1d80fbc
2023-07-26 22:00:44,395 DEBUG [ForkJoinPool.commonPool-worker-1] o.h.t.BasicTypeRegistry [BasicTypeRegistry.java:410] - Adding type registration java.lang.String -> org.hibernate.type.BasicTypeReference@1d80fbc
2023-07-26 22:00:44,395 DEBUG [ForkJoinPool.commonPool-worker-1] o.h.t.BasicTypeRegistry [BasicTypeRegistry.java:410] - Adding type registration nstring -> org.hibernate.type.BasicTypeReference@16c34202
2023-07-26 22:00:44,395 DEBUG [ForkJoinPool.commonPool-worker-1] o.h.t.BasicTypeRegistry [BasicTypeRegistry.java:410] - Adding type registration characters -> org.hibernate.type.BasicTypeReference@17d991c1
2023-07-26 22:00:44,395 DEBUG [ForkJoinPool.commonPool-worker-1] o.h.t.BasicTypeRegistry [BasicTypeRegistry.java:410] - Adding type registration char[] -> org.hibernate.type.BasicTypeReference@17d991c1
2023-07-26 22:00:44,395 DEBUG [ForkJoinPool.commonPool-worker-1] o.h.t.BasicTypeRegistry [BasicTypeRegistry.java:410] - Adding type registration [C -> org.hibernate.type.BasicTypeReference@17d991c1
2023-07-26 22:00:44,395 DEBUG [ForkJoinPool.commonPool-worker-1] o.h.t.BasicTypeRegistry [BasicTypeRegistry.java:410] - Adding type registration wrapper-characters -> org.hibernate.type.BasicTypeReference@258744bd
2023-07-26 22:00:44,395 DEBUG [ForkJoinPool.commonPool-worker-1] o.h.t.BasicTypeRegistry [BasicTypeRegistry.java:410] - Adding type registration text -> org.hibernate.type.BasicTypeReference@64e30a5e
2023-07-26 22:00:44,395 DEBUG [ForkJoinPool.commonPool-worker-1] o.h.t.BasicTypeRegistry [BasicTypeRegistry.java:410] - Adding type registration ntext -> org.hibernate.type.BasicTypeReference@683c9792
2023-07-26 22:00:44,396 DEBUG [ForkJoinPool.commonPool-worker-1] o.h.t.BasicTypeRegistry [BasicTypeRegistry.java:410] - Adding type registration clob -> org.hibernate.type.BasicTypeReference@33b044cd
2023-07-26 22:00:44,396 DEBUG [ForkJoinPool.commonPool-worker-1] o.h.t.BasicTypeRegistry [BasicTypeRegistry.java:410] - Adding type registration java.sql.Clob -> org.hibernate.type.BasicTypeReference@33b044cd
2023-07-26 22:00:44,396 DEBUG [ForkJoinPool.commonPool-worker-1] o.h.t.BasicTypeRegistry [BasicTypeRegistry.java:410] - Adding type registration nclob -> org.hibernate.type.BasicTypeReference@2c0d4caa
2023-07-26 22:00:44,396 DEBUG [ForkJoinPool.commonPool-worker-1] o.h.t.BasicTypeRegistry [BasicTypeRegistry.java:410] - Adding type registration java.sql.NClob -> org.hibernate.type.BasicTypeReference@2c0d4caa
2023-07-26 22:00:44,396 DEBUG [ForkJoinPool.commonPool-worker-1] o.h.t.BasicTypeRegistry [BasicTypeRegistry.java:410] - Adding type registration materialized_clob -> org.hibernate.type.BasicTypeReference@5040028f
2023-07-26 22:00:44,396 DEBUG [ForkJoinPool.commonPool-worker-1] o.h.t.BasicTypeRegistry [BasicTypeRegistry.java:410] - Adding type registration materialized_clob_char_array -> org.hibernate.type.BasicTypeReference@5ccc9f12
2023-07-26 22:00:44,396 DEBUG [ForkJoinPool.commonPool-worker-1] o.h.t.BasicTypeRegistry [BasicTypeRegistry.java:410] - Adding type registration materialized_clob_character_array -> org.hibernate.type.BasicTypeReference@6deb3e6a
2023-07-26 22:00:44,396 DEBUG [ForkJoinPool.commonPool-worker-1] o.h.t.BasicTypeRegistry [BasicTypeRegistry.java:410] - Adding type registration materialized_nclob -> org.hibernate.type.BasicTypeReference@2bc54761
2023-07-26 22:00:44,396 DEBUG [ForkJoinPool.commonPool-worker-1] o.h.t.BasicTypeRegistry [BasicTypeRegistry.java:410] - Adding type registration materialized_nclob_character_array -> org.hibernate.type.BasicTypeReference@7b416cec
2023-07-26 22:00:44,396 DEBUG [ForkJoinPool.commonPool-worker-1] o.h.t.BasicTypeRegistry [BasicTypeRegistry.java:410] - Adding type registration materialized_nclob_char_array -> org.hibernate.type.BasicTypeReference@43cd4899
2023-07-26 22:00:44,397 DEBUG [ForkJoinPool.commonPool-worker-1] o.h.t.BasicTypeRegistry [BasicTypeRegistry.java:410] - Adding type registration Duration -> org.hibernate.type.BasicTypeReference@77e136e4
2023-07-26 22:00:44,397 DEBUG [ForkJoinPool.commonPool-worker-1] o.h.t.BasicTypeRegistry [BasicTypeRegistry.java:410] - Adding type registration java.time.Duration -> org.hibernate.type.BasicTypeReference@77e136e4
2023-07-26 22:00:44,397 DEBUG [ForkJoinPool.commonPool-worker-1] o.h.t.BasicTypeRegistry [BasicTypeRegistry.java:410] - Adding type registration LocalDateTime -> org.hibernate.type.BasicTypeReference@761e8936
2023-07-26 22:00:44,397 DEBUG [ForkJoinPool.commonPool-worker-1] o.h.t.BasicTypeRegistry [BasicTypeRegistry.java:410] - Adding type registration java.time.LocalDateTime -> org.hibernate.type.BasicTypeReference@761e8936
2023-07-26 22:00:44,397 DEBUG [ForkJoinPool.commonPool-worker-1] o.h.t.BasicTypeRegistry [BasicTypeRegistry.java:410] - Adding type registration LocalDate -> org.hibernate.type.BasicTypeReference@6c8ad15
2023-07-26 22:00:44,397 DEBUG [ForkJoinPool.commonPool-worker-1] o.h.t.BasicTypeRegistry [BasicTypeRegistry.java:410] - Adding type registration java.time.LocalDate -> org.hibernate.type.BasicTypeReference@6c8ad15
2023-07-26 22:00:44,397 DEBUG [ForkJoinPool.commonPool-worker-1] o.h.t.BasicTypeRegistry [BasicTypeRegistry.java:410] - Adding type registration LocalTime -> org.hibernate.type.BasicTypeReference@2f68b4d5
2023-07-26 22:00:44,397 DEBUG [ForkJoinPool.commonPool-worker-1] o.h.t.BasicTypeRegistry [BasicTypeRegistry.java:410] - Adding type registration java.time.LocalTime -> org.hibernate.type.BasicTypeReference@2f68b4d5
2023-07-26 22:00:44,397 DEBUG [ForkJoinPool.commonPool-worker-1] o.h.t.BasicTypeRegistry [BasicTypeRegistry.java:410] - Adding type registration OffsetDateTime -> org.hibernate.type.BasicTypeReference@5140e1ca
2023-07-26 22:00:44,397 DEBUG [ForkJoinPool.commonPool-worker-1] o.h.t.BasicTypeRegistry [BasicTypeRegistry.java:410] - Adding type registration java.time.OffsetDateTime -> org.hibernate.type.BasicTypeReference@5140e1ca
2023-07-26 22:00:44,397 DEBUG [ForkJoinPool.commonPool-worker-1] o.h.t.BasicTypeRegistry [BasicTypeRegistry.java:410] - Adding type registration OffsetDateTimeWithTimezone -> org.hibernate.type.BasicTypeReference@539595ed
2023-07-26 22:00:44,398 DEBUG [ForkJoinPool.commonPool-worker-1] o.h.t.BasicTypeRegistry [BasicTypeRegistry.java:410] - Adding type registration OffsetDateTimeWithoutTimezone -> org.hibernate.type.BasicTypeReference@10f63a8f
2023-07-26 22:00:44,398 DEBUG [ForkJoinPool.commonPool-worker-1] o.h.t.BasicTypeRegistry [BasicTypeRegistry.java:410] - Adding type registration OffsetTime -> org.hibernate.type.BasicTypeReference@7ad2fa58
2023-07-26 22:00:44,398 DEBUG [ForkJoinPool.commonPool-worker-1] o.h.t.BasicTypeRegistry [BasicTypeRegistry.java:410] - Adding type registration java.time.OffsetTime -> org.hibernate.type.BasicTypeReference@7ad2fa58
2023-07-26 22:00:44,398 DEBUG [ForkJoinPool.commonPool-worker-1] o.h.t.BasicTypeRegistry [BasicTypeRegistry.java:410] - Adding type registration OffsetTimeUtc -> org.hibernate.type.BasicTypeReference@2c4a0a79
2023-07-26 22:00:44,398 DEBUG [ForkJoinPool.commonPool-worker-1] o.h.t.BasicTypeRegistry [BasicTypeRegistry.java:410] - Adding type registration OffsetTimeWithTimezone -> org.hibernate.type.BasicTypeReference@538fd8e0
2023-07-26 22:00:44,398 DEBUG [ForkJoinPool.commonPool-worker-1] o.h.t.BasicTypeRegistry [BasicTypeRegistry.java:410] - Adding type registration OffsetTimeWithoutTimezone -> org.hibernate.type.BasicTypeReference@728cb25c
2023-07-26 22:00:44,398 DEBUG [ForkJoinPool.commonPool-worker-1] o.h.t.BasicTypeRegistry [BasicTypeRegistry.java:410] - Adding type registration ZonedDateTime -> org.hibernate.type.BasicTypeReference@1f61866f
2023-07-26 22:00:44,398 DEBUG [ForkJoinPool.commonPool-worker-1] o.h.t.BasicTypeRegistry [BasicTypeRegistry.java:410] - Adding type registration java.time.ZonedDateTime -> org.hibernate.type.BasicTypeReference@1f61866f
2023-07-26 22:00:44,398 DEBUG [ForkJoinPool.commonPool-worker-1] o.h.t.BasicTypeRegistry [BasicTypeRegistry.java:410] - Adding type registration ZonedDateTimeWithTimezone -> org.hibernate.type.BasicTypeReference@63844e38
2023-07-26 22:00:44,398 DEBUG [ForkJoinPool.commonPool-worker-1] o.h.t.BasicTypeRegistry [BasicTypeRegistry.java:410] - Adding type registration ZonedDateTimeWithoutTimezone -> org.hibernate.type.BasicTypeReference@4ee1d270
2023-07-26 22:00:44,398 DEBUG [ForkJoinPool.commonPool-worker-1] o.h.t.BasicTypeRegistry [BasicTypeRegistry.java:410] - Adding type registration date -> org.hibernate.type.BasicTypeReference@59e897a2
2023-07-26 22:00:44,398 DEBUG [ForkJoinPool.commonPool-worker-1] o.h.t.BasicTypeRegistry [BasicTypeRegistry.java:410] - Adding type registration java.sql.Date -> org.hibernate.type.BasicTypeReference@59e897a2
2023-07-26 22:00:44,398 DEBUG [ForkJoinPool.commonPool-worker-1] o.h.t.BasicTypeRegistry [BasicTypeRegistry.java:410] - Adding type registration time -> org.hibernate.type.BasicTypeReference@4a29300e
2023-07-26 22:00:44,399 DEBUG [ForkJoinPool.commonPool-worker-1] o.h.t.BasicTypeRegistry [BasicTypeRegistry.java:410] - Adding type registration java.sql.Time -> org.hibernate.type.BasicTypeReference@4a29300e
2023-07-26 22:00:44,399 DEBUG [ForkJoinPool.commonPool-worker-1] o.h.t.BasicTypeRegistry [BasicTypeRegistry.java:410] - Adding type registration timestamp -> org.hibernate.type.BasicTypeReference@b9d52fd
2023-07-26 22:00:44,399 DEBUG [ForkJoinPool.commonPool-worker-1] o.h.t.BasicTypeRegistry [BasicTypeRegistry.java:410] - Adding type registration java.sql.Timestamp -> org.hibernate.type.BasicTypeReference@b9d52fd
2023-07-26 22:00:44,399 DEBUG [ForkJoinPool.commonPool-worker-1] o.h.t.BasicTypeRegistry [BasicTypeRegistry.java:410] - Adding type registration java.util.Date -> org.hibernate.type.BasicTypeReference@b9d52fd
2023-07-26 22:00:44,399 DEBUG [ForkJoinPool.commonPool-worker-1] o.h.t.BasicTypeRegistry [BasicTypeRegistry.java:410] - Adding type registration calendar -> org.hibernate.type.BasicTypeReference@4baf63ac
2023-07-26 22:00:44,399 DEBUG [ForkJoinPool.commonPool-worker-1] o.h.t.BasicTypeRegistry [BasicTypeRegistry.java:410] - Adding type registration java.util.Calendar -> org.hibernate.type.BasicTypeReference@4baf63ac
2023-07-26 22:00:44,399 DEBUG [ForkJoinPool.commonPool-worker-1] o.h.t.BasicTypeRegistry [BasicTypeRegistry.java:410] - Adding type registration java.util.GregorianCalendar -> org.hibernate.type.BasicTypeReference@4baf63ac
2023-07-26 22:00:44,399 DEBUG [ForkJoinPool.commonPool-worker-1] o.h.t.BasicTypeRegistry [BasicTypeRegistry.java:410] - Adding type registration calendar_date -> org.hibernate.type.BasicTypeReference@56e7a8fc
2023-07-26 22:00:44,399 DEBUG [ForkJoinPool.commonPool-worker-1] o.h.t.BasicTypeRegistry [BasicTypeRegistry.java:410] - Adding type registration calendar_time -> org.hibernate.type.BasicTypeReference@55cd5b6e
2023-07-26 22:00:44,399 DEBUG [ForkJoinPool.commonPool-worker-1] o.h.t.BasicTypeRegistry [BasicTypeRegistry.java:410] - Adding type registration instant -> org.hibernate.type.BasicTypeReference@34a6e190
2023-07-26 22:00:44,399 DEBUG [ForkJoinPool.commonPool-worker-1] o.h.t.BasicTypeRegistry [BasicTypeRegistry.java:410] - Adding type registration java.time.Instant -> org.hibernate.type.BasicTypeReference@34a6e190
2023-07-26 22:00:44,400 DEBUG [ForkJoinPool.commonPool-worker-1] o.h.t.BasicTypeRegistry [BasicTypeRegistry.java:410] - Adding type registration uuid -> org.hibernate.type.BasicTypeReference@4a456ab
2023-07-26 22:00:44,400 DEBUG [ForkJoinPool.commonPool-worker-1] o.h.t.BasicTypeRegistry [BasicTypeRegistry.java:410] - Adding type registration java.util.UUID -> org.hibernate.type.BasicTypeReference@4a456ab
2023-07-26 22:00:44,400 DEBUG [ForkJoinPool.commonPool-worker-1] o.h.t.BasicTypeRegistry [BasicTypeRegistry.java:410] - Adding type registration pg-uuid -> org.hibernate.type.BasicTypeReference@4a456ab
2023-07-26 22:00:44,400 DEBUG [ForkJoinPool.commonPool-worker-1] o.h.t.BasicTypeRegistry [BasicTypeRegistry.java:410] - Adding type registration uuid-binary -> org.hibernate.type.BasicTypeReference@6fefae8b
2023-07-26 22:00:44,400 DEBUG [ForkJoinPool.commonPool-worker-1] o.h.t.BasicTypeRegistry [BasicTypeRegistry.java:410] - Adding type registration uuid-char -> org.hibernate.type.BasicTypeReference@50c69e33
2023-07-26 22:00:44,401 DEBUG [ForkJoinPool.commonPool-worker-1] o.h.t.BasicTypeRegistry [BasicTypeRegistry.java:410] - Adding type registration class -> org.hibernate.type.BasicTypeReference@536f5fda
2023-07-26 22:00:44,401 DEBUG [ForkJoinPool.commonPool-worker-1] o.h.t.BasicTypeRegistry [BasicTypeRegistry.java:410] - Adding type registration java.lang.Class -> org.hibernate.type.BasicTypeReference@536f5fda
2023-07-26 22:00:44,401 DEBUG [ForkJoinPool.commonPool-worker-1] o.h.t.BasicTypeRegistry [BasicTypeRegistry.java:410] - Adding type registration currency -> org.hibernate.type.BasicTypeReference@675139d4
2023-07-26 22:00:44,401 DEBUG [ForkJoinPool.commonPool-worker-1] o.h.t.BasicTypeRegistry [BasicTypeRegistry.java:410] - Adding type registration Currency -> org.hibernate.type.BasicTypeReference@675139d4
2023-07-26 22:00:44,401 DEBUG [ForkJoinPool.commonPool-worker-1] o.h.t.BasicTypeRegistry [BasicTypeRegistry.java:410] - Adding type registration java.util.Currency -> org.hibernate.type.BasicTypeReference@675139d4
2023-07-26 22:00:44,401 DEBUG [ForkJoinPool.commonPool-worker-1] o.h.t.BasicTypeRegistry [BasicTypeRegistry.java:410] - Adding type registration locale -> org.hibernate.type.BasicTypeReference@302140b
2023-07-26 22:00:44,401 DEBUG [ForkJoinPool.commonPool-worker-1] o.h.t.BasicTypeRegistry [BasicTypeRegistry.java:410] - Adding type registration java.util.Locale -> org.hibernate.type.BasicTypeReference@302140b
2023-07-26 22:00:44,401 DEBUG [ForkJoinPool.commonPool-worker-1] o.h.t.BasicTypeRegistry [BasicTypeRegistry.java:410] - Adding type registration serializable -> org.hibernate.type.BasicTypeReference@2aba1a3e
2023-07-26 22:00:44,402 DEBUG [ForkJoinPool.commonPool-worker-1] o.h.t.BasicTypeRegistry [BasicTypeRegistry.java:410] - Adding type registration java.io.Serializable -> org.hibernate.type.BasicTypeReference@2aba1a3e
2023-07-26 22:00:44,402 DEBUG [ForkJoinPool.commonPool-worker-1] o.h.t.BasicTypeRegistry [BasicTypeRegistry.java:410] - Adding type registration timezone -> org.hibernate.type.BasicTypeReference@1d055da1
2023-07-26 22:00:44,402 DEBUG [ForkJoinPool.commonPool-worker-1] o.h.t.BasicTypeRegistry [BasicTypeRegistry.java:410] - Adding type registration java.util.TimeZone -> org.hibernate.type.BasicTypeReference@1d055da1
2023-07-26 22:00:44,402 DEBUG [ForkJoinPool.commonPool-worker-1] o.h.t.BasicTypeRegistry [BasicTypeRegistry.java:410] - Adding type registration ZoneOffset -> org.hibernate.type.BasicTypeReference@73f4484c
2023-07-26 22:00:44,402 DEBUG [ForkJoinPool.commonPool-worker-1] o.h.t.BasicTypeRegistry [BasicTypeRegistry.java:410] - Adding type registration java.time.ZoneOffset -> org.hibernate.type.BasicTypeReference@73f4484c
2023-07-26 22:00:44,402 DEBUG [ForkJoinPool.commonPool-worker-1] o.h.t.BasicTypeRegistry [BasicTypeRegistry.java:410] - Adding type registration url -> org.hibernate.type.BasicTypeReference@60c5b875
2023-07-26 22:00:44,402 DEBUG [ForkJoinPool.commonPool-worker-1] o.h.t.BasicTypeRegistry [BasicTypeRegistry.java:410] - Adding type registration java.net.URL -> org.hibernate.type.BasicTypeReference@60c5b875
2023-07-26 22:00:44,402 DEBUG [ForkJoinPool.commonPool-worker-1] o.h.t.BasicTypeRegistry [BasicTypeRegistry.java:410] - Adding type registration row_version -> org.hibernate.type.BasicTypeReference@1ad435b9
2023-07-26 22:00:44,406 DEBUG [ForkJoinPool.commonPool-worker-1] o.h.t.BasicTypeRegistry [BasicTypeRegistry.java:385] - Adding type registration object -> org.hibernate.type.JavaObjectType@51c4846a
2023-07-26 22:00:44,406 DEBUG [ForkJoinPool.commonPool-worker-1] o.h.t.BasicTypeRegistry [BasicTypeRegistry.java:385] - Adding type registration java.lang.Object -> org.hibernate.type.JavaObjectType@51c4846a
2023-07-26 22:00:44,407 DEBUG [ForkJoinPool.commonPool-worker-1] o.h.t.BasicTypeRegistry [BasicTypeRegistry.java:385] - Adding type registration null -> org.hibernate.type.NullType@20a7b4a
2023-07-26 22:00:44,407 DEBUG [ForkJoinPool.commonPool-worker-1] o.h.t.BasicTypeRegistry [BasicTypeRegistry.java:410] - Adding type registration imm_date -> org.hibernate.type.BasicTypeReference@a4578b5
2023-07-26 22:00:44,407 DEBUG [ForkJoinPool.commonPool-worker-1] o.h.t.BasicTypeRegistry [BasicTypeRegistry.java:410] - Adding type registration imm_time -> org.hibernate.type.BasicTypeReference@5fd08de6
2023-07-26 22:00:44,407 DEBUG [ForkJoinPool.commonPool-worker-1] o.h.t.BasicTypeRegistry [BasicTypeRegistry.java:410] - Adding type registration imm_timestamp -> org.hibernate.type.BasicTypeReference@77638558
2023-07-26 22:00:44,408 DEBUG [ForkJoinPool.commonPool-worker-1] o.h.t.BasicTypeRegistry [BasicTypeRegistry.java:410] - Adding type registration imm_calendar -> org.hibernate.type.BasicTypeReference@266270d5
2023-07-26 22:00:44,408 DEBUG [ForkJoinPool.commonPool-worker-1] o.h.t.BasicTypeRegistry [BasicTypeRegistry.java:410] - Adding type registration imm_calendar_date -> org.hibernate.type.BasicTypeReference@7c3347c
2023-07-26 22:00:44,408 DEBUG [ForkJoinPool.commonPool-worker-1] o.h.t.BasicTypeRegistry [BasicTypeRegistry.java:410] - Adding type registration imm_calendar_time -> org.hibernate.type.BasicTypeReference@5ca726df
2023-07-26 22:00:44,408 DEBUG [ForkJoinPool.commonPool-worker-1] o.h.t.BasicTypeRegistry [BasicTypeRegistry.java:410] - Adding type registration imm_binary -> org.hibernate.type.BasicTypeReference@37852156
2023-07-26 22:00:44,408 DEBUG [ForkJoinPool.commonPool-worker-1] o.h.t.BasicTypeRegistry [BasicTypeRegistry.java:410] - Adding type registration imm_serializable -> org.hibernate.type.BasicTypeReference@2d41bab
2023-07-26 22:00:44,428 INFO [ForkJoinPool.commonPool-worker-1] o.h.e.j.c.i.ConnectionProviderInitiator [ConnectionProviderInitiator.java:127] - HHH000130: Instantiating explicit connection provider: org.hibernate.c3p0.internal.C3P0ConnectionProvider
2023-07-26 22:00:44,430 INFO [ForkJoinPool.commonPool-worker-1] o.h.o.c.p.c3p0 [C3P0ConnectionProvider.java:111] - HHH010002: C3P0 using driver: org.h2.Driver at URL: jdbc:h2:file:./datafiles/testdb;DB_CLOSE_DELAY=-1;DB_CLOSE_ON_EXIT=FALSE
2023-07-26 22:00:44,430 INFO [ForkJoinPool.commonPool-worker-1] o.h.o.c.p.c3p0 [C3P0ConnectionProvider.java:112] - HHH10001001: Connection properties: {password=****, user=default}
2023-07-26 22:00:44,430 INFO [ForkJoinPool.commonPool-worker-1] o.h.o.c.p.c3p0 [C3P0ConnectionProvider.java:115] - HHH10001003: Autocommit mode: false
2023-07-26 22:00:44,441 INFO [MLog-Init-Reporter] c.m.v.l.MLog [Slf4jMLog.java:212] - MLog clients using slf4j logging.
2023-07-26 22:00:44,445 DEBUG [MLog-Init-Reporter] c.m.v.l.MLog [Slf4jMLog.java:207] - Reading VM config for path list /com/mchange/v2/log/default-mchange-log.properties, /mchange-commons.properties, /c3p0.properties, hocon:/reference,/application,/c3p0,/, /mchange-log.properties, /
2023-07-26 22:00:44,445 DEBUG [MLog-Init-Reporter] c.m.v.l.MLog [Slf4jMLog.java:207] - The configuration file for resource identifier '/mchange-commons.properties' could not be found. Skipping.
2023-07-26 22:00:44,446 DEBUG [MLog-Init-Reporter] c.m.v.l.MLog [Slf4jMLog.java:207] - The configuration file for resource identifier '/c3p0.properties' could not be found. Skipping.
2023-07-26 22:00:44,446 DEBUG [MLog-Init-Reporter] c.m.v.l.MLog [Slf4jMLog.java:207] - The configuration file for resource identifier 'hocon:/reference,/application,/c3p0,/' could not be found. Skipping.
2023-07-26 22:00:44,446 DEBUG [MLog-Init-Reporter] c.m.v.l.MLog [Slf4jMLog.java:207] - The configuration file for resource identifier '/mchange-log.properties' could not be found. Skipping.
2023-07-26 22:00:44,446 DEBUG [ForkJoinPool.commonPool-worker-1] c.m.v.c.MConfig [Slf4jMLog.java:207] - The configuration file for resource identifier '/mchange-commons.properties' could not be found. Skipping.
2023-07-26 22:00:44,447 DEBUG [ForkJoinPool.commonPool-worker-1] c.m.v.c.MConfig [Slf4jMLog.java:207] - The configuration file for resource identifier '/mchange-log.properties' could not be found. Skipping.
2023-07-26 22:00:44,447 DEBUG [ForkJoinPool.commonPool-worker-1] c.m.v.c.MConfig [Slf4jMLog.java:207] - The configuration file for resource identifier 'hocon:/reference,/application,/c3p0,/' could not be found. Skipping.
2023-07-26 22:00:44,447 DEBUG [ForkJoinPool.commonPool-worker-1] c.m.v.c.MConfig [Slf4jMLog.java:207] - The configuration file for resource identifier '/c3p0.properties' could not be found. Skipping.
2023-07-26 22:00:44,548 INFO [ForkJoinPool.commonPool-worker-1] c.m.v.c.C3P0Registry [Slf4jMLog.java:212] - Initializing c3p0-0.9.5.5 [built 11-December-2019 22:18:33 -0800; debug? true; trace: 10]
2023-07-26 22:00:44,559 DEBUG [ForkJoinPool.commonPool-worker-1] c.m.v.c.m.DynamicPooledDataSourceManagerMBean [Slf4jMLog.java:204] - MBean: com.mchange.v2.c3p0:type=PooledDataSource,identityToken=1hge1b9ax150888f1kezx6a|7289077e,name=1hge1b9ax150888f1kezx6a|7289077e registered.
2023-07-26 22:00:44,569 DEBUG [ForkJoinPool.commonPool-worker-1] c.m.v.c.m.DynamicPooledDataSourceManagerMBean [Slf4jMLog.java:204] - MBean: com.mchange.v2.c3p0:type=PooledDataSource,identityToken=1hge1b9ax150888f1kezx6a|7289077e,name=1hge1b9ax150888f1kezx6a|7289077e unregistered, in order to be reregistered after update.
2023-07-26 22:00:44,569 DEBUG [ForkJoinPool.commonPool-worker-1] c.m.v.c.m.DynamicPooledDataSourceManagerMBean [Slf4jMLog.java:204] - MBean: com.mchange.v2.c3p0:type=PooledDataSource,identityToken=1hge1b9ax150888f1kezx6a|7289077e,name=1hge1b9ax150888f1kezx6a|7289077e registered.
2023-07-26 22:00:44,572 INFO [ForkJoinPool.commonPool-worker-1] o.h.o.c.p.c3p0 [C3P0ConnectionProvider.java:191] - HHH10001007: JDBC isolation level: <unknown>
2023-07-26 22:00:44,584 INFO [ForkJoinPool.commonPool-worker-1] c.m.v.c.i.AbstractPoolBackedDataSource [Slf4jMLog.java:212] - Initializing c3p0 pool... com.mchange.v2.c3p0.PoolBackedDataSource@e6cad76 [ connectionPoolDataSource -> com.mchange.v2.c3p0.WrapperConnectionPoolDataSource@aaddca15 [ acquireIncrement -> 1, acquireRetryAttempts -> 30, acquireRetryDelay -> 1000, autoCommitOnClose -> false, automaticTestTable -> null, breakAfterAcquireFailure -> false, checkoutTimeout -> 0, connectionCustomizerClassName -> null, connectionTesterClassName -> com.mchange.v2.c3p0.impl.DefaultConnectionTester, contextClassLoaderSource -> caller, debugUnreturnedConnectionStackTraces -> false, factoryClassLocation -> null, forceIgnoreUnresolvedTransactions -> false, forceSynchronousCheckins -> false, identityToken -> 1hge1b9ax150888f1kezx6a|743aafbd, idleConnectionTestPeriod -> 300, initialPoolSize -> 5, maxAdministrativeTaskTime -> 0, maxConnectionAge -> 0, maxIdleTime -> 1800, maxIdleTimeExcessConnections -> 0, maxPoolSize -> 20, maxStatements -> 50, maxStatementsPerConnection -> 0, minPoolSize -> 5, nestedDataSource -> com.mchange.v2.c3p0.DriverManagerDataSource@6c288c68 [ description -> null, driverClass -> null, factoryClassLocation -> null, forceUseNamedDriverClass -> false, identityToken -> 1hge1b9ax150888f1kezx6a|59843464, jdbcUrl -> jdbc:h2:file:./datafiles/testdb;DB_CLOSE_DELAY=-1;DB_CLOSE_ON_EXIT=FALSE, properties -> {password=******, user=******} ], preferredTestQuery -> null, privilegeSpawnedThreads -> false, propertyCycle -> 0, statementCacheNumDeferredCloseThreads -> 0, testConnectionOnCheckin -> false, testConnectionOnCheckout -> false, unreturnedConnectionTimeout -> 0, usesTraditionalReflectiveProxies -> false; userOverrides: {} ], dataSourceName -> null, extensions -> {}, factoryClassLocation -> null, identityToken -> 1hge1b9ax150888f1kezx6a|7289077e, numHelperThreads -> 3 ]
2023-07-26 22:00:44,593 DEBUG [ForkJoinPool.commonPool-worker-1] c.m.v.c.MConfig [Slf4jMLog.java:207] - The configuration file for resource identifier '/mchange-commons.properties' could not be found. Skipping.
2023-07-26 22:00:44,593 DEBUG [ForkJoinPool.commonPool-worker-1] c.m.v.c.MConfig [Slf4jMLog.java:207] - The configuration file for resource identifier '/mchange-log.properties' could not be found. Skipping.
2023-07-26 22:00:44,593 DEBUG [ForkJoinPool.commonPool-worker-1] c.m.v.c.MConfig [Slf4jMLog.java:207] - The configuration file for resource identifier '/c3p0.properties' could not be found. Skipping.
2023-07-26 22:00:44,593 DEBUG [ForkJoinPool.commonPool-worker-1] c.m.v.c.MConfig [Slf4jMLog.java:207] - The configuration file for resource identifier 'hocon:/reference,/application,/c3p0,/' could not be found. Skipping.
2023-07-26 22:00:44,594 DEBUG [ForkJoinPool.commonPool-worker-1] c.m.v.r.BasicResourcePool [Slf4jMLog.java:204] - com.mchange.v2.resourcepool.BasicResourcePool@13b5f573 config: [start -> 5; min -> 5; max -> 20; inc -> 1; num_acq_attempts -> 30; acq_attempt_delay -> 1000; check_idle_resources_delay -> 300000; max_resource_age -> 0; max_idle_time -> 1800000; excess_max_idle_time -> 0; destroy_unreturned_resc_time -> 0; expiration_enforcement_delay -> 450000; break_on_acquisition_failure -> false; debug_store_checkout_exceptions -> false; force_synchronous_checkins -> false]
2023-07-26 22:00:44,594 DEBUG [ForkJoinPool.commonPool-worker-1] c.m.v.c.i.C3P0PooledConnectionPoolManager [Slf4jMLog.java:204] - Created new pool for auth, username (masked): 'de******'.
2023-07-26 22:00:44,594 DEBUG [ForkJoinPool.commonPool-worker-1] c.m.v.r.BasicResourcePool [Slf4jMLog.java:204] - acquire test -- pool size: 0; target_pool_size: 5; desired target? 1
2023-07-26 22:00:44,594 DEBUG [ForkJoinPool.commonPool-worker-1] c.m.v.r.BasicResourcePool [Slf4jMLog.java:204] - awaitAvailable(): [unknown]
2023-07-26 22:00:44,773 DEBUG [ForkJoinPool.commonPool-worker-1] o.h.e.j.e.i.JdbcEnvironmentInitiator [JdbcEnvironmentInitiator.java:156] - Database ->
       name : H2
    version : 2.2.220 (2023-07-04)
      major : 2
      minor : 2
2023-07-26 22:00:44,773 DEBUG [ForkJoinPool.commonPool-worker-1] o.h.e.j.e.i.JdbcEnvironmentInitiator [JdbcEnvironmentInitiator.java:167] - Driver ->
       name : H2 JDBC Driver
    version : 2.2.220 (2023-07-04)
      major : 2
      minor : 2
2023-07-26 22:00:44,773 DEBUG [ForkJoinPool.commonPool-worker-1] o.h.e.j.e.i.JdbcEnvironmentInitiator [DelegatingBasicLogger.java:389] - JDBC version : 4.2
2023-07-26 22:00:44,788 DEBUG [ForkJoinPool.commonPool-worker-1] o.h.o.dialect [DialectFactoryImpl.java:93] - HHH035001: Using dialect: org.hibernate.dialect.H2Dialect, version: 2.2.220
2023-07-26 22:00:44,794 DEBUG [ForkJoinPool.commonPool-worker-1] o.h.e.j.e.s.IdentifierHelperBuilder [IdentifierHelperBuilder.java:116] - JDBC driver metadata reported database stores quoted identifiers in neither upper, lower nor mixed case
2023-07-26 22:00:44,806 DEBUG [ForkJoinPool.commonPool-worker-1] o.h.t.d.j.s.JdbcTypeRegistry [JdbcTypeRegistry.java:56] - addDescriptor(NCharTypeDescriptor) replaced previous registration(CharTypeDescriptor)
2023-07-26 22:00:44,807 DEBUG [ForkJoinPool.commonPool-worker-1] o.h.t.d.j.s.JdbcTypeRegistry [JdbcTypeRegistry.java:56] - addDescriptor(NVarcharTypeDescriptor) replaced previous registration(VarcharTypeDescriptor)
2023-07-26 22:00:44,807 DEBUG [ForkJoinPool.commonPool-worker-1] o.h.t.d.j.s.JdbcTypeRegistry [JdbcTypeRegistry.java:56] - addDescriptor(LongNVarcharTypeDescriptor) replaced previous registration(LongVarcharTypeDescriptor)
2023-07-26 22:00:44,809 DEBUG [ForkJoinPool.commonPool-worker-1] o.h.t.d.j.s.JdbcTypeRegistry [JdbcTypeRegistry.java:56] - addDescriptor(NClobTypeDescriptor(DEFAULT)) replaced previous registration(ClobTypeDescriptor(DEFAULT))
2023-07-26 22:00:44,811 DEBUG [ForkJoinPool.commonPool-worker-1] o.h.t.d.j.s.JdbcTypeRegistry [JdbcTypeRegistry.java:64] - addDescriptor(2005, ClobTypeDescriptor(STREAM_BINDING)) replaced previous registration(ClobTypeDescriptor(DEFAULT))
2023-07-26 22:00:44,813 DEBUG [ForkJoinPool.commonPool-worker-1] o.h.t.d.j.s.JdbcTypeRegistry [JdbcTypeRegistry.java:56] - addDescriptor(TimestampUtcDescriptor) replaced previous registration(TimestampUtcDescriptor)
2023-07-26 22:00:44,815 DEBUG [ForkJoinPool.commonPool-worker-1] o.h.t.d.j.s.JdbcTypeRegistry [JdbcTypeRegistry.java:64] - addDescriptor(3100, NumericTypeDescriptor) replaced previous registration(org.hibernate.dialect.H2DurationIntervalSecondJdbcType@31b883fc)
2023-07-26 22:00:44,818 DEBUG [ForkJoinPool.commonPool-worker-1] o.h.t.s.TypeConfiguration$Scope [TypeConfiguration.java:191] - Scoping TypeConfiguration [org.hibernate.type.spi.TypeConfiguration@6a52a4b1] to MetadataBuildingContext [org.hibernate.boot.internal.MetadataBuildingContextRootImpl@7fbb8bed]
2023-07-26 22:00:44,845 DEBUG [ForkJoinPool.commonPool-worker-1] o.h.b.m.r.Namespace [Namespace.java:64] - Created database namespace [logicalName=Name{catalog=null, schema=null}, physicalName=Name{catalog=null, schema=null}]
2023-07-26 22:00:44,866 DEBUG [ForkJoinPool.commonPool-worker-1] o.h.b.m.i.EntityBinder [EntityBinder.java:206] - Binding entity from annotated class: de.fhdw.freefeser.app.databases.entities.AppChatbot
2023-07-26 22:00:44,873 DEBUG [ForkJoinPool.commonPool-worker-1] o.h.b.m.i.EntityBinder [EntityBinder.java:1224] - Import with entity name AppChatbot
2023-07-26 22:00:44,878 DEBUG [ForkJoinPool.commonPool-worker-1] o.h.b.m.i.EntityBinder [EntityBinder.java:1769] - Bind entity de.fhdw.freefeser.app.databases.entities.AppChatbot on table AppChatbot
2023-07-26 22:00:44,884 DEBUG [ForkJoinPool.commonPool-worker-1] o.h.b.m.i.AnnotatedColumn [AnnotatedColumn.java:249] - Binding column: AnnotatedDiscriminatorColumn(column='DTYPE')
2023-07-26 22:00:44,896 DEBUG [ForkJoinPool.commonPool-worker-1] o.h.b.m.i.AnnotatedColumn [AnnotatedColumn.java:249] - Binding column: AnnotatedColumn()
2023-07-26 22:00:44,897 DEBUG [ForkJoinPool.commonPool-worker-1] o.h.b.i.ClassLoaderAccessImpl [ClassLoaderAccessImpl.java:60] - Not known whether passed class name [de.fhdw.freefeser.app.databases.entities.AppChatbot] is safe
2023-07-26 22:00:44,897 DEBUG [ForkJoinPool.commonPool-worker-1] o.h.b.i.ClassLoaderAccessImpl [ClassLoaderAccessImpl.java:62] - No temp ClassLoader provided; using live ClassLoader for loading potentially unsafe class : de.fhdw.freefeser.app.databases.entities.AppChatbot
2023-07-26 22:00:44,899 DEBUG [ForkJoinPool.commonPool-worker-1] o.h.b.m.i.PropertyBinder [PropertyBinder.java:248] - MetadataSourceProcessor property id with lazy=false
2023-07-26 22:00:44,902 DEBUG [ForkJoinPool.commonPool-worker-1] o.h.b.m.i.AbstractPropertyHolder [AbstractPropertyHolder.java:107] - Attempting to locate auto-apply AttributeConverter for property [de.fhdw.freefeser.app.databases.entities.AppChatbot:id]
2023-07-26 22:00:44,905 DEBUG [ForkJoinPool.commonPool-worker-1] o.h.b.m.i.BasicValueBinder [BasicValueBinder.java:1196] - building BasicValue for id
2023-07-26 22:00:44,907 DEBUG [ForkJoinPool.commonPool-worker-1] o.h.m.BasicValue [BasicValue.java:259] - Skipping column re-registration: AppChatbot.id
2023-07-26 22:00:44,908 DEBUG [ForkJoinPool.commonPool-worker-1] o.h.b.m.i.PropertyBinder [PropertyBinder.java:388] - Building property id
2023-07-26 22:00:44,910 DEBUG [ForkJoinPool.commonPool-worker-1] o.h.b.m.i.BinderHelper [GeneratorBinder.java:73] - #makeIdGenerator(BasicValue([Column(id)]), id, org.hibernate.id.UUIDGenerator, , ...)
2023-07-26 22:00:44,911 DEBUG [ForkJoinPool.commonPool-worker-1] o.h.b.m.i.AnnotatedColumn [AnnotatedColumn.java:249] - Binding column: AnnotatedColumn()
2023-07-26 22:00:44,911 DEBUG [ForkJoinPool.commonPool-worker-1] o.h.b.m.i.PropertyBinder [PropertyBinder.java:248] - MetadataSourceProcessor property active with lazy=false
2023-07-26 22:00:44,911 DEBUG [ForkJoinPool.commonPool-worker-1] o.h.b.m.i.AbstractPropertyHolder [AbstractPropertyHolder.java:107] - Attempting to locate auto-apply AttributeConverter for property [de.fhdw.freefeser.app.databases.entities.AppChatbot:active]
2023-07-26 22:00:44,911 DEBUG [ForkJoinPool.commonPool-worker-1] o.h.b.m.i.BasicValueBinder [BasicValueBinder.java:1196] - building BasicValue for active
2023-07-26 22:00:44,911 DEBUG [ForkJoinPool.commonPool-worker-1] o.h.m.BasicValue [BasicValue.java:259] - Skipping column re-registration: AppChatbot.active
2023-07-26 22:00:44,911 DEBUG [ForkJoinPool.commonPool-worker-1] o.h.b.m.i.PropertyBinder [PropertyBinder.java:388] - Building property active
2023-07-26 22:00:44,912 DEBUG [ForkJoinPool.commonPool-worker-1] o.h.b.m.i.AnnotatedColumn [AnnotatedColumn.java:249] - Binding column: AnnotatedColumn()
2023-07-26 22:00:44,912 DEBUG [ForkJoinPool.commonPool-worker-1] o.h.b.m.i.PropertyBinder [PropertyBinder.java:248] - MetadataSourceProcessor property botname with lazy=false
2023-07-26 22:00:44,912 DEBUG [ForkJoinPool.commonPool-worker-1] o.h.b.m.i.AbstractPropertyHolder [AbstractPropertyHolder.java:107] - Attempting to locate auto-apply AttributeConverter for property [de.fhdw.freefeser.app.databases.entities.AppChatbot:botname]
2023-07-26 22:00:44,912 DEBUG [ForkJoinPool.commonPool-worker-1] o.h.b.m.i.BasicValueBinder [BasicValueBinder.java:1196] - building BasicValue for botname
2023-07-26 22:00:44,912 DEBUG [ForkJoinPool.commonPool-worker-1] o.h.m.BasicValue [BasicValue.java:259] - Skipping column re-registration: AppChatbot.botname
2023-07-26 22:00:44,912 DEBUG [ForkJoinPool.commonPool-worker-1] o.h.b.m.i.PropertyBinder [PropertyBinder.java:388] - Building property botname
2023-07-26 22:00:44,916 DEBUG [ForkJoinPool.commonPool-worker-1] o.h.b.m.i.EntityBinder [EntityBinder.java:206] - Binding entity from annotated class: de.fhdw.freefeser.app.databases.entities.AppChatMessage
2023-07-26 22:00:44,916 DEBUG [ForkJoinPool.commonPool-worker-1] o.h.b.m.i.EntityBinder [EntityBinder.java:1224] - Import with entity name AppChatMessage
2023-07-26 22:00:44,917 DEBUG [ForkJoinPool.commonPool-worker-1] o.h.b.m.i.EntityBinder [EntityBinder.java:1769] - Bind entity de.fhdw.freefeser.app.databases.entities.AppChatMessage on table AppChatMessage
2023-07-26 22:00:44,917 DEBUG [ForkJoinPool.commonPool-worker-1] o.h.b.m.i.AnnotatedColumn [AnnotatedColumn.java:249] - Binding column: AnnotatedDiscriminatorColumn(column='DTYPE')
2023-07-26 22:00:44,919 DEBUG [ForkJoinPool.commonPool-worker-1] o.h.b.m.i.AnnotatedColumn [AnnotatedColumn.java:249] - Binding column: AnnotatedColumn(column='id')
2023-07-26 22:00:44,920 DEBUG [ForkJoinPool.commonPool-worker-1] o.h.b.i.ClassLoaderAccessImpl [ClassLoaderAccessImpl.java:60] - Not known whether passed class name [de.fhdw.freefeser.app.databases.entities.AppChatMessage] is safe
2023-07-26 22:00:44,920 DEBUG [ForkJoinPool.commonPool-worker-1] o.h.b.i.ClassLoaderAccessImpl [ClassLoaderAccessImpl.java:62] - No temp ClassLoader provided; using live ClassLoader for loading potentially unsafe class : de.fhdw.freefeser.app.databases.entities.AppChatMessage
2023-07-26 22:00:44,920 DEBUG [ForkJoinPool.commonPool-worker-1] o.h.b.m.i.PropertyBinder [PropertyBinder.java:248] - MetadataSourceProcessor property id with lazy=false
2023-07-26 22:00:44,920 DEBUG [ForkJoinPool.commonPool-worker-1] o.h.b.m.i.AbstractPropertyHolder [AbstractPropertyHolder.java:107] - Attempting to locate auto-apply AttributeConverter for property [de.fhdw.freefeser.app.databases.entities.AppChatMessage:id]
2023-07-26 22:00:44,920 DEBUG [ForkJoinPool.commonPool-worker-1] o.h.b.m.i.BasicValueBinder [BasicValueBinder.java:1196] - building BasicValue for id
2023-07-26 22:00:44,920 DEBUG [ForkJoinPool.commonPool-worker-1] o.h.m.BasicValue [BasicValue.java:259] - Skipping column re-registration: AppChatMessage.id
2023-07-26 22:00:44,920 DEBUG [ForkJoinPool.commonPool-worker-1] o.h.b.m.i.PropertyBinder [PropertyBinder.java:388] - Building property id
2023-07-26 22:00:44,920 DEBUG [ForkJoinPool.commonPool-worker-1] o.h.b.m.i.BinderHelper [GeneratorBinder.java:73] - #makeIdGenerator(BasicValue([Column(id)]), id, org.hibernate.id.UUIDGenerator, , ...)
2023-07-26 22:00:44,921 DEBUG [ForkJoinPool.commonPool-worker-1] o.h.b.m.i.AnnotatedColumn [AnnotatedColumn.java:249] - Binding column: AnnotatedJoinColumn()
2023-07-26 22:00:44,922 DEBUG [ForkJoinPool.commonPool-worker-1] o.h.b.m.i.AnnotatedColumn [AnnotatedColumn.java:249] - Binding column: AnnotatedColumn()
2023-07-26 22:00:44,924 DEBUG [ForkJoinPool.commonPool-worker-1] o.h.b.m.i.PropertyBinder [PropertyBinder.java:388] - Building property chatbot
2023-07-26 22:00:44,925 DEBUG [ForkJoinPool.commonPool-worker-1] o.h.b.m.i.AnnotatedColumn [AnnotatedColumn.java:249] - Binding column: AnnotatedColumn(column='text')
2023-07-26 22:00:44,925 DEBUG [ForkJoinPool.commonPool-worker-1] o.h.b.m.i.PropertyBinder [PropertyBinder.java:248] - MetadataSourceProcessor property text with lazy=false
2023-07-26 22:00:44,925 DEBUG [ForkJoinPool.commonPool-worker-1] o.h.b.m.i.AbstractPropertyHolder [AbstractPropertyHolder.java:107] - Attempting to locate auto-apply AttributeConverter for property [de.fhdw.freefeser.app.databases.entities.AppChatMessage:text]
2023-07-26 22:00:44,925 DEBUG [ForkJoinPool.commonPool-worker-1] o.h.b.m.i.BasicValueBinder [BasicValueBinder.java:1196] - building BasicValue for text
2023-07-26 22:00:44,925 DEBUG [ForkJoinPool.commonPool-worker-1] o.h.m.BasicValue [BasicValue.java:259] - Skipping column re-registration: AppChatMessage.text
2023-07-26 22:00:44,925 DEBUG [ForkJoinPool.commonPool-worker-1] o.h.b.m.i.PropertyBinder [PropertyBinder.java:388] - Building property text
2023-07-26 22:00:44,925 DEBUG [ForkJoinPool.commonPool-worker-1] o.h.b.m.i.AnnotatedColumn [AnnotatedColumn.java:249] - Binding column: AnnotatedColumn(column='timestamp')
2023-07-26 22:00:44,926 DEBUG [ForkJoinPool.commonPool-worker-1] o.h.b.m.i.PropertyBinder [PropertyBinder.java:248] - MetadataSourceProcessor property timestamp with lazy=false
2023-07-26 22:00:44,926 DEBUG [ForkJoinPool.commonPool-worker-1] o.h.b.m.i.AbstractPropertyHolder [AbstractPropertyHolder.java:107] - Attempting to locate auto-apply AttributeConverter for property [de.fhdw.freefeser.app.databases.entities.AppChatMessage:timestamp]
2023-07-26 22:00:44,926 DEBUG [ForkJoinPool.commonPool-worker-1] o.h.b.m.i.BasicValueBinder [BasicValueBinder.java:1196] - building BasicValue for timestamp
2023-07-26 22:00:44,926 DEBUG [ForkJoinPool.commonPool-worker-1] o.h.m.BasicValue [BasicValue.java:259] - Skipping column re-registration: AppChatMessage.timestamp
2023-07-26 22:00:44,926 DEBUG [ForkJoinPool.commonPool-worker-1] o.h.b.m.i.PropertyBinder [PropertyBinder.java:388] - Building property timestamp
2023-07-26 22:00:44,926 DEBUG [ForkJoinPool.commonPool-worker-1] o.h.b.m.i.AnnotatedColumn [AnnotatedColumn.java:249] - Binding column: AnnotatedJoinColumn()
2023-07-26 22:00:44,926 DEBUG [ForkJoinPool.commonPool-worker-1] o.h.b.m.i.AnnotatedColumn [AnnotatedColumn.java:249] - Binding column: AnnotatedColumn()
2023-07-26 22:00:44,926 DEBUG [ForkJoinPool.commonPool-worker-1] o.h.b.m.i.PropertyBinder [PropertyBinder.java:388] - Building property user
2023-07-26 22:00:44,927 DEBUG [ForkJoinPool.commonPool-worker-1] o.h.b.m.i.EntityBinder [EntityBinder.java:206] - Binding entity from annotated class: de.fhdw.freefeser.app.databases.entities.AppUser
2023-07-26 22:00:44,927 DEBUG [ForkJoinPool.commonPool-worker-1] o.h.b.m.i.EntityBinder [EntityBinder.java:1224] - Import with entity name AppUser
2023-07-26 22:00:44,927 DEBUG [ForkJoinPool.commonPool-worker-1] o.h.b.m.i.EntityBinder [EntityBinder.java:1769] - Bind entity de.fhdw.freefeser.app.databases.entities.AppUser on table AppUser
2023-07-26 22:00:44,928 DEBUG [ForkJoinPool.commonPool-worker-1] o.h.b.m.i.AnnotatedColumn [AnnotatedColumn.java:249] - Binding column: AnnotatedDiscriminatorColumn(column='DTYPE')
2023-07-26 22:00:44,928 DEBUG [ForkJoinPool.commonPool-worker-1] o.h.b.m.i.AnnotatedColumn [AnnotatedColumn.java:249] - Binding column: AnnotatedColumn()
2023-07-26 22:00:44,928 DEBUG [ForkJoinPool.commonPool-worker-1] o.h.b.i.ClassLoaderAccessImpl [ClassLoaderAccessImpl.java:60] - Not known whether passed class name [de.fhdw.freefeser.app.databases.entities.AppUser] is safe
2023-07-26 22:00:44,928 DEBUG [ForkJoinPool.commonPool-worker-1] o.h.b.i.ClassLoaderAccessImpl [ClassLoaderAccessImpl.java:62] - No temp ClassLoader provided; using live ClassLoader for loading potentially unsafe class : de.fhdw.freefeser.app.databases.entities.AppUser
2023-07-26 22:00:44,928 DEBUG [ForkJoinPool.commonPool-worker-1] o.h.b.m.i.PropertyBinder [PropertyBinder.java:248] - MetadataSourceProcessor property id with lazy=false
2023-07-26 22:00:44,928 DEBUG [ForkJoinPool.commonPool-worker-1] o.h.b.m.i.AbstractPropertyHolder [AbstractPropertyHolder.java:107] - Attempting to locate auto-apply AttributeConverter for property [de.fhdw.freefeser.app.databases.entities.AppUser:id]
2023-07-26 22:00:44,929 DEBUG [ForkJoinPool.commonPool-worker-1] o.h.b.m.i.BasicValueBinder [BasicValueBinder.java:1196] - building BasicValue for id
2023-07-26 22:00:44,929 DEBUG [ForkJoinPool.commonPool-worker-1] o.h.m.BasicValue [BasicValue.java:259] - Skipping column re-registration: AppUser.id
2023-07-26 22:00:44,929 DEBUG [ForkJoinPool.commonPool-worker-1] o.h.b.m.i.PropertyBinder [PropertyBinder.java:388] - Building property id
2023-07-26 22:00:44,929 DEBUG [ForkJoinPool.commonPool-worker-1] o.h.b.m.i.BinderHelper [GeneratorBinder.java:73] - #makeIdGenerator(BasicValue([Column(id)]), id, org.hibernate.id.UUIDGenerator, , ...)
2023-07-26 22:00:44,929 DEBUG [ForkJoinPool.commonPool-worker-1] o.h.b.m.i.AnnotatedColumn [AnnotatedColumn.java:249] - Binding column: AnnotatedColumn()
2023-07-26 22:00:44,929 DEBUG [ForkJoinPool.commonPool-worker-1] o.h.b.m.i.PropertyBinder [PropertyBinder.java:248] - MetadataSourceProcessor property password with lazy=false
2023-07-26 22:00:44,929 DEBUG [ForkJoinPool.commonPool-worker-1] o.h.b.m.i.AbstractPropertyHolder [AbstractPropertyHolder.java:107] - Attempting to locate auto-apply AttributeConverter for property [de.fhdw.freefeser.app.databases.entities.AppUser:password]
2023-07-26 22:00:44,929 DEBUG [ForkJoinPool.commonPool-worker-1] o.h.b.m.i.BasicValueBinder [BasicValueBinder.java:1196] - building BasicValue for password
2023-07-26 22:00:44,929 DEBUG [ForkJoinPool.commonPool-worker-1] o.h.m.BasicValue [BasicValue.java:259] - Skipping column re-registration: AppUser.password
2023-07-26 22:00:44,929 DEBUG [ForkJoinPool.commonPool-worker-1] o.h.b.m.i.PropertyBinder [PropertyBinder.java:388] - Building property password
2023-07-26 22:00:44,929 DEBUG [ForkJoinPool.commonPool-worker-1] o.h.b.m.i.AnnotatedColumn [AnnotatedColumn.java:249] - Binding column: AnnotatedColumn()
2023-07-26 22:00:44,930 DEBUG [ForkJoinPool.commonPool-worker-1] o.h.b.m.i.PropertyBinder [PropertyBinder.java:248] - MetadataSourceProcessor property username with lazy=false
2023-07-26 22:00:44,930 DEBUG [ForkJoinPool.commonPool-worker-1] o.h.b.m.i.AbstractPropertyHolder [AbstractPropertyHolder.java:107] - Attempting to locate auto-apply AttributeConverter for property [de.fhdw.freefeser.app.databases.entities.AppUser:username]
2023-07-26 22:00:44,930 DEBUG [ForkJoinPool.commonPool-worker-1] o.h.b.m.i.BasicValueBinder [BasicValueBinder.java:1196] - building BasicValue for username
2023-07-26 22:00:44,930 DEBUG [ForkJoinPool.commonPool-worker-1] o.h.m.BasicValue [BasicValue.java:259] - Skipping column re-registration: AppUser.username
2023-07-26 22:00:44,930 DEBUG [ForkJoinPool.commonPool-worker-1] o.h.b.m.i.PropertyBinder [PropertyBinder.java:388] - Building property username
2023-07-26 22:00:44,931 DEBUG [ForkJoinPool.commonPool-worker-1] o.h.b.m.i.BasicValueBinder [BasicValueBinder.java:1270] - Starting `BasicValueBinder#fillSimpleValue` for id
2023-07-26 22:00:44,932 DEBUG [ForkJoinPool.commonPool-worker-1] o.h.b.m.i.BasicValueBinder [BasicValueBinder.java:1270] - Starting `BasicValueBinder#fillSimpleValue` for active
2023-07-26 22:00:44,932 DEBUG [ForkJoinPool.commonPool-worker-1] o.h.b.m.i.BasicValueBinder [BasicValueBinder.java:1270] - Starting `BasicValueBinder#fillSimpleValue` for botname
2023-07-26 22:00:44,932 DEBUG [ForkJoinPool.commonPool-worker-1] o.h.b.m.i.BasicValueBinder [BasicValueBinder.java:1270] - Starting `BasicValueBinder#fillSimpleValue` for id
2023-07-26 22:00:44,932 DEBUG [ForkJoinPool.commonPool-worker-1] o.h.b.m.i.BasicValueBinder [BasicValueBinder.java:1270] - Starting `BasicValueBinder#fillSimpleValue` for text
2023-07-26 22:00:44,933 DEBUG [ForkJoinPool.commonPool-worker-1] o.h.b.m.i.BasicValueBinder [BasicValueBinder.java:1270] - Starting `BasicValueBinder#fillSimpleValue` for timestamp
2023-07-26 22:00:44,933 DEBUG [ForkJoinPool.commonPool-worker-1] o.h.b.m.i.BasicValueBinder [BasicValueBinder.java:1270] - Starting `BasicValueBinder#fillSimpleValue` for id
2023-07-26 22:00:44,933 DEBUG [ForkJoinPool.commonPool-worker-1] o.h.b.m.i.BasicValueBinder [BasicValueBinder.java:1270] - Starting `BasicValueBinder#fillSimpleValue` for password
2023-07-26 22:00:44,933 DEBUG [ForkJoinPool.commonPool-worker-1] o.h.b.m.i.BasicValueBinder [BasicValueBinder.java:1270] - Starting `BasicValueBinder#fillSimpleValue` for username
2023-07-26 22:00:44,937 DEBUG [ForkJoinPool.commonPool-worker-1] o.h.m.PrimaryKey [PrimaryKey.java:40] - Forcing column [id] to be non-null as it is part of the primary key for table [appchatbot]
2023-07-26 22:00:44,937 DEBUG [ForkJoinPool.commonPool-worker-1] o.h.m.PrimaryKey [PrimaryKey.java:40] - Forcing column [id] to be non-null as it is part of the primary key for table [appchatmessage]
2023-07-26 22:00:44,938 DEBUG [ForkJoinPool.commonPool-worker-1] o.h.m.PrimaryKey [PrimaryKey.java:40] - Forcing column [id] to be non-null as it is part of the primary key for table [appuser]
2023-07-26 22:00:44,939 DEBUG [ForkJoinPool.commonPool-worker-1] o.h.b.i.InFlightMetadataCollectorImpl [InFlightMetadataCollectorImpl.java:1991] - Resolving reference to class: de.fhdw.freefeser.app.databases.entities.AppChatbot
2023-07-26 22:00:44,941 DEBUG [ForkJoinPool.commonPool-worker-1] o.h.b.i.InFlightMetadataCollectorImpl [InFlightMetadataCollectorImpl.java:1991] - Resolving reference to class: de.fhdw.freefeser.app.databases.entities.AppUser
2023-07-26 22:00:44,951 DEBUG [ForkJoinPool.commonPool-worker-1] o.h.b.i.InFlightMetadataCollectorImpl [InFlightMetadataCollectorImpl.java:1991] - Resolving reference to class: de.fhdw.freefeser.app.databases.entities.AppChatbot
2023-07-26 22:00:44,951 DEBUG [ForkJoinPool.commonPool-worker-1] o.h.b.i.InFlightMetadataCollectorImpl [InFlightMetadataCollectorImpl.java:1991] - Resolving reference to class: de.fhdw.freefeser.app.databases.entities.AppUser
2023-07-26 22:00:44,964 INFO [ForkJoinPool.commonPool-worker-1] o.h.b.i.BytecodeProviderInitiator [BytecodeProviderInitiator.java:53] - HHH000021: Bytecode provider name : bytebuddy
