2023-07-27 00:13:33,154 DEBUG [ForkJoinPool.commonPool-worker-1] o.h.o.i.factory [StandardIdentifierGeneratorFactory.java:94] - Ignoring CDI for resolving IdentifierGenerator instances as extended or delayed CDI support was enabled
2023-07-27 00:13:33,161 DEBUG [ForkJoinPool.commonPool-worker-1] o.h.o.i.factory [StandardIdentifierGeneratorFactory.java:170] - Registering IdentifierGenerator strategy [uuid2] -> [org.hibernate.id.UUIDGenerator]
2023-07-27 00:13:33,161 DEBUG [ForkJoinPool.commonPool-worker-1] o.h.o.i.factory [StandardIdentifierGeneratorFactory.java:170] - Registering IdentifierGenerator strategy [guid] -> [org.hibernate.id.GUIDGenerator]
2023-07-27 00:13:33,162 DEBUG [ForkJoinPool.commonPool-worker-1] o.h.o.i.factory [StandardIdentifierGeneratorFactory.java:170] - Registering IdentifierGenerator strategy [uuid] -> [org.hibernate.id.UUIDHexGenerator]
2023-07-27 00:13:33,163 DEBUG [ForkJoinPool.commonPool-worker-1] o.h.o.i.factory [StandardIdentifierGeneratorFactory.java:170] - Registering IdentifierGenerator strategy [uuid.hex] -> [org.hibernate.id.UUIDHexGenerator]
2023-07-27 00:13:33,163 DEBUG [ForkJoinPool.commonPool-worker-1] o.h.o.i.factory [StandardIdentifierGeneratorFactory.java:170] - Registering IdentifierGenerator strategy [assigned] -> [org.hibernate.id.Assigned]
2023-07-27 00:13:33,164 DEBUG [ForkJoinPool.commonPool-worker-1] o.h.o.i.factory [StandardIdentifierGeneratorFactory.java:170] - Registering IdentifierGenerator strategy [identity] -> [org.hibernate.id.IdentityGenerator]
2023-07-27 00:13:33,165 DEBUG [ForkJoinPool.commonPool-worker-1] o.h.o.i.factory [StandardIdentifierGeneratorFactory.java:170] - Registering IdentifierGenerator strategy [select] -> [org.hibernate.id.SelectGenerator]
2023-07-27 00:13:33,167 DEBUG [ForkJoinPool.commonPool-worker-1] o.h.o.i.factory [StandardIdentifierGeneratorFactory.java:170] - Registering IdentifierGenerator strategy [sequence] -> [org.hibernate.id.enhanced.SequenceStyleGenerator]
2023-07-27 00:13:33,168 DEBUG [ForkJoinPool.commonPool-worker-1] o.h.o.i.factory [StandardIdentifierGeneratorFactory.java:170] - Registering IdentifierGenerator strategy [increment] -> [org.hibernate.id.IncrementGenerator]
2023-07-27 00:13:33,169 DEBUG [ForkJoinPool.commonPool-worker-1] o.h.o.i.factory [StandardIdentifierGeneratorFactory.java:170] - Registering IdentifierGenerator strategy [foreign] -> [org.hibernate.id.ForeignGenerator]
2023-07-27 00:13:33,169 DEBUG [ForkJoinPool.commonPool-worker-1] o.h.o.i.factory [StandardIdentifierGeneratorFactory.java:170] - Registering IdentifierGenerator strategy [enhanced-sequence] -> [org.hibernate.id.enhanced.SequenceStyleGenerator]
2023-07-27 00:13:33,172 DEBUG [ForkJoinPool.commonPool-worker-1] o.h.o.i.factory [StandardIdentifierGeneratorFactory.java:170] - Registering IdentifierGenerator strategy [enhanced-table] -> [org.hibernate.id.enhanced.TableGenerator]
2023-07-27 00:13:33,185 DEBUG [ForkJoinPool.commonPool-worker-1] o.h.c.i.RegionFactoryInitiator [RegionFactoryInitiator.java:117] - Cannot default RegionFactory based on registered strategies as `[]` RegionFactory strategies were registered
2023-07-27 00:13:33,187 DEBUG [ForkJoinPool.commonPool-worker-1] o.h.c.i.RegionFactoryInitiator [RegionFactoryInitiator.java:49] - Cache region factory : org.hibernate.cache.internal.NoCachingRegionFactory
2023-07-27 00:13:33,349 DEBUG [ForkJoinPool.commonPool-worker-1] o.h.t.BasicTypeRegistry [BasicTypeRegistry.java:410] - Adding type registration boolean -> org.hibernate.type.BasicTypeReference@31c84b9b
2023-07-27 00:13:33,350 DEBUG [ForkJoinPool.commonPool-worker-1] o.h.t.BasicTypeRegistry [BasicTypeRegistry.java:410] - Adding type registration boolean -> org.hibernate.type.BasicTypeReference@31c84b9b
2023-07-27 00:13:33,350 DEBUG [ForkJoinPool.commonPool-worker-1] o.h.t.BasicTypeRegistry [BasicTypeRegistry.java:410] - Adding type registration java.lang.Boolean -> org.hibernate.type.BasicTypeReference@31c84b9b
2023-07-27 00:13:33,350 DEBUG [ForkJoinPool.commonPool-worker-1] o.h.t.BasicTypeRegistry [BasicTypeRegistry.java:410] - Adding type registration numeric_boolean -> org.hibernate.type.BasicTypeReference@4d70ea9d
2023-07-27 00:13:33,350 DEBUG [ForkJoinPool.commonPool-worker-1] o.h.t.BasicTypeRegistry [BasicTypeRegistry.java:410] - Adding type registration org.hibernate.type.NumericBooleanConverter -> org.hibernate.type.BasicTypeReference@4d70ea9d
2023-07-27 00:13:33,350 DEBUG [ForkJoinPool.commonPool-worker-1] o.h.t.BasicTypeRegistry [BasicTypeRegistry.java:410] - Adding type registration true_false -> org.hibernate.type.BasicTypeReference@5ee6a4a5
2023-07-27 00:13:33,350 DEBUG [ForkJoinPool.commonPool-worker-1] o.h.t.BasicTypeRegistry [BasicTypeRegistry.java:410] - Adding type registration org.hibernate.type.TrueFalseConverter -> org.hibernate.type.BasicTypeReference@5ee6a4a5
2023-07-27 00:13:33,351 DEBUG [ForkJoinPool.commonPool-worker-1] o.h.t.BasicTypeRegistry [BasicTypeRegistry.java:410] - Adding type registration yes_no -> org.hibernate.type.BasicTypeReference@486cb77f
2023-07-27 00:13:33,351 DEBUG [ForkJoinPool.commonPool-worker-1] o.h.t.BasicTypeRegistry [BasicTypeRegistry.java:410] - Adding type registration org.hibernate.type.YesNoConverter -> org.hibernate.type.BasicTypeReference@486cb77f
2023-07-27 00:13:33,351 DEBUG [ForkJoinPool.commonPool-worker-1] o.h.t.BasicTypeRegistry [BasicTypeRegistry.java:410] - Adding type registration byte -> org.hibernate.type.BasicTypeReference@3b8bb97a
2023-07-27 00:13:33,351 DEBUG [ForkJoinPool.commonPool-worker-1] o.h.t.BasicTypeRegistry [BasicTypeRegistry.java:410] - Adding type registration byte -> org.hibernate.type.BasicTypeReference@3b8bb97a
2023-07-27 00:13:33,351 DEBUG [ForkJoinPool.commonPool-worker-1] o.h.t.BasicTypeRegistry [BasicTypeRegistry.java:410] - Adding type registration java.lang.Byte -> org.hibernate.type.BasicTypeReference@3b8bb97a
2023-07-27 00:13:33,351 DEBUG [ForkJoinPool.commonPool-worker-1] o.h.t.BasicTypeRegistry [BasicTypeRegistry.java:410] - Adding type registration binary -> org.hibernate.type.BasicTypeReference@71659894
2023-07-27 00:13:33,351 DEBUG [ForkJoinPool.commonPool-worker-1] o.h.t.BasicTypeRegistry [BasicTypeRegistry.java:410] - Adding type registration byte[] -> org.hibernate.type.BasicTypeReference@71659894
2023-07-27 00:13:33,352 DEBUG [ForkJoinPool.commonPool-worker-1] o.h.t.BasicTypeRegistry [BasicTypeRegistry.java:410] - Adding type registration [B -> org.hibernate.type.BasicTypeReference@71659894
2023-07-27 00:13:33,352 DEBUG [ForkJoinPool.commonPool-worker-1] o.h.t.BasicTypeRegistry [BasicTypeRegistry.java:410] - Adding type registration binary_wrapper -> org.hibernate.type.BasicTypeReference@1acdc991
2023-07-27 00:13:33,352 DEBUG [ForkJoinPool.commonPool-worker-1] o.h.t.BasicTypeRegistry [BasicTypeRegistry.java:410] - Adding type registration wrapper-binary -> org.hibernate.type.BasicTypeReference@1acdc991
2023-07-27 00:13:33,352 DEBUG [ForkJoinPool.commonPool-worker-1] o.h.t.BasicTypeRegistry [BasicTypeRegistry.java:410] - Adding type registration image -> org.hibernate.type.BasicTypeReference@373742f8
2023-07-27 00:13:33,352 DEBUG [ForkJoinPool.commonPool-worker-1] o.h.t.BasicTypeRegistry [BasicTypeRegistry.java:410] - Adding type registration blob -> org.hibernate.type.BasicTypeReference@51117d0d
2023-07-27 00:13:33,352 DEBUG [ForkJoinPool.commonPool-worker-1] o.h.t.BasicTypeRegistry [BasicTypeRegistry.java:410] - Adding type registration java.sql.Blob -> org.hibernate.type.BasicTypeReference@51117d0d
2023-07-27 00:13:33,352 DEBUG [ForkJoinPool.commonPool-worker-1] o.h.t.BasicTypeRegistry [BasicTypeRegistry.java:410] - Adding type registration materialized_blob -> org.hibernate.type.BasicTypeReference@c6dfe83
2023-07-27 00:13:33,352 DEBUG [ForkJoinPool.commonPool-worker-1] o.h.t.BasicTypeRegistry [BasicTypeRegistry.java:410] - Adding type registration materialized_blob_wrapper -> org.hibernate.type.BasicTypeReference@78183fde
2023-07-27 00:13:33,354 DEBUG [ForkJoinPool.commonPool-worker-1] o.h.t.BasicTypeRegistry [BasicTypeRegistry.java:410] - Adding type registration short -> org.hibernate.type.BasicTypeReference@753582a7
2023-07-27 00:13:33,354 DEBUG [ForkJoinPool.commonPool-worker-1] o.h.t.BasicTypeRegistry [BasicTypeRegistry.java:410] - Adding type registration short -> org.hibernate.type.BasicTypeReference@753582a7
2023-07-27 00:13:33,354 DEBUG [ForkJoinPool.commonPool-worker-1] o.h.t.BasicTypeRegistry [BasicTypeRegistry.java:410] - Adding type registration java.lang.Short -> org.hibernate.type.BasicTypeReference@753582a7
2023-07-27 00:13:33,354 DEBUG [ForkJoinPool.commonPool-worker-1] o.h.t.BasicTypeRegistry [BasicTypeRegistry.java:410] - Adding type registration integer -> org.hibernate.type.BasicTypeReference@2f967019
2023-07-27 00:13:33,354 DEBUG [ForkJoinPool.commonPool-worker-1] o.h.t.BasicTypeRegistry [BasicTypeRegistry.java:410] - Adding type registration int -> org.hibernate.type.BasicTypeReference@2f967019
2023-07-27 00:13:33,354 DEBUG [ForkJoinPool.commonPool-worker-1] o.h.t.BasicTypeRegistry [BasicTypeRegistry.java:410] - Adding type registration java.lang.Integer -> org.hibernate.type.BasicTypeReference@2f967019
2023-07-27 00:13:33,354 DEBUG [ForkJoinPool.commonPool-worker-1] o.h.t.BasicTypeRegistry [BasicTypeRegistry.java:410] - Adding type registration long -> org.hibernate.type.BasicTypeReference@4c6c1a8e
2023-07-27 00:13:33,355 DEBUG [ForkJoinPool.commonPool-worker-1] o.h.t.BasicTypeRegistry [BasicTypeRegistry.java:410] - Adding type registration long -> org.hibernate.type.BasicTypeReference@4c6c1a8e
2023-07-27 00:13:33,355 DEBUG [ForkJoinPool.commonPool-worker-1] o.h.t.BasicTypeRegistry [BasicTypeRegistry.java:410] - Adding type registration java.lang.Long -> org.hibernate.type.BasicTypeReference@4c6c1a8e
2023-07-27 00:13:33,355 DEBUG [ForkJoinPool.commonPool-worker-1] o.h.t.BasicTypeRegistry [BasicTypeRegistry.java:410] - Adding type registration float -> org.hibernate.type.BasicTypeReference@75b32a12
2023-07-27 00:13:33,355 DEBUG [ForkJoinPool.commonPool-worker-1] o.h.t.BasicTypeRegistry [BasicTypeRegistry.java:410] - Adding type registration float -> org.hibernate.type.BasicTypeReference@75b32a12
2023-07-27 00:13:33,355 DEBUG [ForkJoinPool.commonPool-worker-1] o.h.t.BasicTypeRegistry [BasicTypeRegistry.java:410] - Adding type registration java.lang.Float -> org.hibernate.type.BasicTypeReference@75b32a12
2023-07-27 00:13:33,355 DEBUG [ForkJoinPool.commonPool-worker-1] o.h.t.BasicTypeRegistry [BasicTypeRegistry.java:410] - Adding type registration double -> org.hibernate.type.BasicTypeReference@2ccaaeb9
2023-07-27 00:13:33,355 DEBUG [ForkJoinPool.commonPool-worker-1] o.h.t.BasicTypeRegistry [BasicTypeRegistry.java:410] - Adding type registration double -> org.hibernate.type.BasicTypeReference@2ccaaeb9
2023-07-27 00:13:33,356 DEBUG [ForkJoinPool.commonPool-worker-1] o.h.t.BasicTypeRegistry [BasicTypeRegistry.java:410] - Adding type registration java.lang.Double -> org.hibernate.type.BasicTypeReference@2ccaaeb9
2023-07-27 00:13:33,356 DEBUG [ForkJoinPool.commonPool-worker-1] o.h.t.BasicTypeRegistry [BasicTypeRegistry.java:410] - Adding type registration big_integer -> org.hibernate.type.BasicTypeReference@30c01581
2023-07-27 00:13:33,356 DEBUG [ForkJoinPool.commonPool-worker-1] o.h.t.BasicTypeRegistry [BasicTypeRegistry.java:410] - Adding type registration java.math.BigInteger -> org.hibernate.type.BasicTypeReference@30c01581
2023-07-27 00:13:33,356 DEBUG [ForkJoinPool.commonPool-worker-1] o.h.t.BasicTypeRegistry [BasicTypeRegistry.java:410] - Adding type registration big_decimal -> org.hibernate.type.BasicTypeReference@1cd4d17d
2023-07-27 00:13:33,356 DEBUG [ForkJoinPool.commonPool-worker-1] o.h.t.BasicTypeRegistry [BasicTypeRegistry.java:410] - Adding type registration java.math.BigDecimal -> org.hibernate.type.BasicTypeReference@1cd4d17d
2023-07-27 00:13:33,356 DEBUG [ForkJoinPool.commonPool-worker-1] o.h.t.BasicTypeRegistry [BasicTypeRegistry.java:410] - Adding type registration character -> org.hibernate.type.BasicTypeReference@705b8b4f
2023-07-27 00:13:33,357 DEBUG [ForkJoinPool.commonPool-worker-1] o.h.t.BasicTypeRegistry [BasicTypeRegistry.java:410] - Adding type registration char -> org.hibernate.type.BasicTypeReference@705b8b4f
2023-07-27 00:13:33,357 DEBUG [ForkJoinPool.commonPool-worker-1] o.h.t.BasicTypeRegistry [BasicTypeRegistry.java:410] - Adding type registration java.lang.Character -> org.hibernate.type.BasicTypeReference@705b8b4f
2023-07-27 00:13:33,357 DEBUG [ForkJoinPool.commonPool-worker-1] o.h.t.BasicTypeRegistry [BasicTypeRegistry.java:410] - Adding type registration character_nchar -> org.hibernate.type.BasicTypeReference@91d5c9b
2023-07-27 00:13:33,357 DEBUG [ForkJoinPool.commonPool-worker-1] o.h.t.BasicTypeRegistry [BasicTypeRegistry.java:410] - Adding type registration string -> org.hibernate.type.BasicTypeReference@39c13c24
2023-07-27 00:13:33,357 DEBUG [ForkJoinPool.commonPool-worker-1] o.h.t.BasicTypeRegistry [BasicTypeRegistry.java:410] - Adding type registration java.lang.String -> org.hibernate.type.BasicTypeReference@39c13c24
2023-07-27 00:13:33,357 DEBUG [ForkJoinPool.commonPool-worker-1] o.h.t.BasicTypeRegistry [BasicTypeRegistry.java:410] - Adding type registration nstring -> org.hibernate.type.BasicTypeReference@3245d58
2023-07-27 00:13:33,357 DEBUG [ForkJoinPool.commonPool-worker-1] o.h.t.BasicTypeRegistry [BasicTypeRegistry.java:410] - Adding type registration characters -> org.hibernate.type.BasicTypeReference@2f89bf80
2023-07-27 00:13:33,358 DEBUG [ForkJoinPool.commonPool-worker-1] o.h.t.BasicTypeRegistry [BasicTypeRegistry.java:410] - Adding type registration char[] -> org.hibernate.type.BasicTypeReference@2f89bf80
2023-07-27 00:13:33,358 DEBUG [ForkJoinPool.commonPool-worker-1] o.h.t.BasicTypeRegistry [BasicTypeRegistry.java:410] - Adding type registration [C -> org.hibernate.type.BasicTypeReference@2f89bf80
2023-07-27 00:13:33,358 DEBUG [ForkJoinPool.commonPool-worker-1] o.h.t.BasicTypeRegistry [BasicTypeRegistry.java:410] - Adding type registration wrapper-characters -> org.hibernate.type.BasicTypeReference@4c13c76e
2023-07-27 00:13:33,358 DEBUG [ForkJoinPool.commonPool-worker-1] o.h.t.BasicTypeRegistry [BasicTypeRegistry.java:410] - Adding type registration text -> org.hibernate.type.BasicTypeReference@7c03f2d4
2023-07-27 00:13:33,358 DEBUG [ForkJoinPool.commonPool-worker-1] o.h.t.BasicTypeRegistry [BasicTypeRegistry.java:410] - Adding type registration ntext -> org.hibernate.type.BasicTypeReference@5d6cae91
2023-07-27 00:13:33,358 DEBUG [ForkJoinPool.commonPool-worker-1] o.h.t.BasicTypeRegistry [BasicTypeRegistry.java:410] - Adding type registration clob -> org.hibernate.type.BasicTypeReference@3f7b7f03
2023-07-27 00:13:33,359 DEBUG [ForkJoinPool.commonPool-worker-1] o.h.t.BasicTypeRegistry [BasicTypeRegistry.java:410] - Adding type registration java.sql.Clob -> org.hibernate.type.BasicTypeReference@3f7b7f03
2023-07-27 00:13:33,359 DEBUG [ForkJoinPool.commonPool-worker-1] o.h.t.BasicTypeRegistry [BasicTypeRegistry.java:410] - Adding type registration nclob -> org.hibernate.type.BasicTypeReference@6d81f735
2023-07-27 00:13:33,359 DEBUG [ForkJoinPool.commonPool-worker-1] o.h.t.BasicTypeRegistry [BasicTypeRegistry.java:410] - Adding type registration java.sql.NClob -> org.hibernate.type.BasicTypeReference@6d81f735
2023-07-27 00:13:33,359 DEBUG [ForkJoinPool.commonPool-worker-1] o.h.t.BasicTypeRegistry [BasicTypeRegistry.java:410] - Adding type registration materialized_clob -> org.hibernate.type.BasicTypeReference@e773d03
2023-07-27 00:13:33,359 DEBUG [ForkJoinPool.commonPool-worker-1] o.h.t.BasicTypeRegistry [BasicTypeRegistry.java:410] - Adding type registration materialized_clob_char_array -> org.hibernate.type.BasicTypeReference@36d7027a
2023-07-27 00:13:33,359 DEBUG [ForkJoinPool.commonPool-worker-1] o.h.t.BasicTypeRegistry [BasicTypeRegistry.java:410] - Adding type registration materialized_clob_character_array -> org.hibernate.type.BasicTypeReference@5230f0c4
2023-07-27 00:13:33,359 DEBUG [ForkJoinPool.commonPool-worker-1] o.h.t.BasicTypeRegistry [BasicTypeRegistry.java:410] - Adding type registration materialized_nclob -> org.hibernate.type.BasicTypeReference@306a8de8
2023-07-27 00:13:33,359 DEBUG [ForkJoinPool.commonPool-worker-1] o.h.t.BasicTypeRegistry [BasicTypeRegistry.java:410] - Adding type registration materialized_nclob_character_array -> org.hibernate.type.BasicTypeReference@74221c3
2023-07-27 00:13:33,360 DEBUG [ForkJoinPool.commonPool-worker-1] o.h.t.BasicTypeRegistry [BasicTypeRegistry.java:410] - Adding type registration materialized_nclob_char_array -> org.hibernate.type.BasicTypeReference@9883783
2023-07-27 00:13:33,360 DEBUG [ForkJoinPool.commonPool-worker-1] o.h.t.BasicTypeRegistry [BasicTypeRegistry.java:410] - Adding type registration Duration -> org.hibernate.type.BasicTypeReference@5c6b50a6
2023-07-27 00:13:33,360 DEBUG [ForkJoinPool.commonPool-worker-1] o.h.t.BasicTypeRegistry [BasicTypeRegistry.java:410] - Adding type registration java.time.Duration -> org.hibernate.type.BasicTypeReference@5c6b50a6
2023-07-27 00:13:33,360 DEBUG [ForkJoinPool.commonPool-worker-1] o.h.t.BasicTypeRegistry [BasicTypeRegistry.java:410] - Adding type registration LocalDateTime -> org.hibernate.type.BasicTypeReference@388a930e
2023-07-27 00:13:33,360 DEBUG [ForkJoinPool.commonPool-worker-1] o.h.t.BasicTypeRegistry [BasicTypeRegistry.java:410] - Adding type registration java.time.LocalDateTime -> org.hibernate.type.BasicTypeReference@388a930e
2023-07-27 00:13:33,360 DEBUG [ForkJoinPool.commonPool-worker-1] o.h.t.BasicTypeRegistry [BasicTypeRegistry.java:410] - Adding type registration LocalDate -> org.hibernate.type.BasicTypeReference@2ed0f1e5
2023-07-27 00:13:33,360 DEBUG [ForkJoinPool.commonPool-worker-1] o.h.t.BasicTypeRegistry [BasicTypeRegistry.java:410] - Adding type registration java.time.LocalDate -> org.hibernate.type.BasicTypeReference@2ed0f1e5
2023-07-27 00:13:33,361 DEBUG [ForkJoinPool.commonPool-worker-1] o.h.t.BasicTypeRegistry [BasicTypeRegistry.java:410] - Adding type registration LocalTime -> org.hibernate.type.BasicTypeReference@66acff93
2023-07-27 00:13:33,361 DEBUG [ForkJoinPool.commonPool-worker-1] o.h.t.BasicTypeRegistry [BasicTypeRegistry.java:410] - Adding type registration java.time.LocalTime -> org.hibernate.type.BasicTypeReference@66acff93
2023-07-27 00:13:33,361 DEBUG [ForkJoinPool.commonPool-worker-1] o.h.t.BasicTypeRegistry [BasicTypeRegistry.java:410] - Adding type registration OffsetDateTime -> org.hibernate.type.BasicTypeReference@60446d80
2023-07-27 00:13:33,361 DEBUG [ForkJoinPool.commonPool-worker-1] o.h.t.BasicTypeRegistry [BasicTypeRegistry.java:410] - Adding type registration java.time.OffsetDateTime -> org.hibernate.type.BasicTypeReference@60446d80
2023-07-27 00:13:33,361 DEBUG [ForkJoinPool.commonPool-worker-1] o.h.t.BasicTypeRegistry [BasicTypeRegistry.java:410] - Adding type registration OffsetDateTimeWithTimezone -> org.hibernate.type.BasicTypeReference@cba8065
2023-07-27 00:13:33,361 DEBUG [ForkJoinPool.commonPool-worker-1] o.h.t.BasicTypeRegistry [BasicTypeRegistry.java:410] - Adding type registration OffsetDateTimeWithoutTimezone -> org.hibernate.type.BasicTypeReference@25cc07ce
2023-07-27 00:13:33,361 DEBUG [ForkJoinPool.commonPool-worker-1] o.h.t.BasicTypeRegistry [BasicTypeRegistry.java:410] - Adding type registration OffsetTime -> org.hibernate.type.BasicTypeReference@241d3483
2023-07-27 00:13:33,361 DEBUG [ForkJoinPool.commonPool-worker-1] o.h.t.BasicTypeRegistry [BasicTypeRegistry.java:410] - Adding type registration java.time.OffsetTime -> org.hibernate.type.BasicTypeReference@241d3483
2023-07-27 00:13:33,361 DEBUG [ForkJoinPool.commonPool-worker-1] o.h.t.BasicTypeRegistry [BasicTypeRegistry.java:410] - Adding type registration OffsetTimeUtc -> org.hibernate.type.BasicTypeReference@67f665ed
2023-07-27 00:13:33,361 DEBUG [ForkJoinPool.commonPool-worker-1] o.h.t.BasicTypeRegistry [BasicTypeRegistry.java:410] - Adding type registration OffsetTimeWithTimezone -> org.hibernate.type.BasicTypeReference@3f9778de
2023-07-27 00:13:33,362 DEBUG [ForkJoinPool.commonPool-worker-1] o.h.t.BasicTypeRegistry [BasicTypeRegistry.java:410] - Adding type registration OffsetTimeWithoutTimezone -> org.hibernate.type.BasicTypeReference@7a20ea95
2023-07-27 00:13:33,362 DEBUG [ForkJoinPool.commonPool-worker-1] o.h.t.BasicTypeRegistry [BasicTypeRegistry.java:410] - Adding type registration ZonedDateTime -> org.hibernate.type.BasicTypeReference@37d4607e
2023-07-27 00:13:33,362 DEBUG [ForkJoinPool.commonPool-worker-1] o.h.t.BasicTypeRegistry [BasicTypeRegistry.java:410] - Adding type registration java.time.ZonedDateTime -> org.hibernate.type.BasicTypeReference@37d4607e
2023-07-27 00:13:33,362 DEBUG [ForkJoinPool.commonPool-worker-1] o.h.t.BasicTypeRegistry [BasicTypeRegistry.java:410] - Adding type registration ZonedDateTimeWithTimezone -> org.hibernate.type.BasicTypeReference@63d9a264
2023-07-27 00:13:33,362 DEBUG [ForkJoinPool.commonPool-worker-1] o.h.t.BasicTypeRegistry [BasicTypeRegistry.java:410] - Adding type registration ZonedDateTimeWithoutTimezone -> org.hibernate.type.BasicTypeReference@678c7749
2023-07-27 00:13:33,362 DEBUG [ForkJoinPool.commonPool-worker-1] o.h.t.BasicTypeRegistry [BasicTypeRegistry.java:410] - Adding type registration date -> org.hibernate.type.BasicTypeReference@1a054d6f
2023-07-27 00:13:33,363 DEBUG [ForkJoinPool.commonPool-worker-1] o.h.t.BasicTypeRegistry [BasicTypeRegistry.java:410] - Adding type registration java.sql.Date -> org.hibernate.type.BasicTypeReference@1a054d6f
2023-07-27 00:13:33,363 DEBUG [ForkJoinPool.commonPool-worker-1] o.h.t.BasicTypeRegistry [BasicTypeRegistry.java:410] - Adding type registration time -> org.hibernate.type.BasicTypeReference@ec619c1
2023-07-27 00:13:33,363 DEBUG [ForkJoinPool.commonPool-worker-1] o.h.t.BasicTypeRegistry [BasicTypeRegistry.java:410] - Adding type registration java.sql.Time -> org.hibernate.type.BasicTypeReference@ec619c1
2023-07-27 00:13:33,363 DEBUG [ForkJoinPool.commonPool-worker-1] o.h.t.BasicTypeRegistry [BasicTypeRegistry.java:410] - Adding type registration timestamp -> org.hibernate.type.BasicTypeReference@20a240ff
2023-07-27 00:13:33,363 DEBUG [ForkJoinPool.commonPool-worker-1] o.h.t.BasicTypeRegistry [BasicTypeRegistry.java:410] - Adding type registration java.sql.Timestamp -> org.hibernate.type.BasicTypeReference@20a240ff
2023-07-27 00:13:33,364 DEBUG [ForkJoinPool.commonPool-worker-1] o.h.t.BasicTypeRegistry [BasicTypeRegistry.java:410] - Adding type registration java.util.Date -> org.hibernate.type.BasicTypeReference@20a240ff
2023-07-27 00:13:33,364 DEBUG [ForkJoinPool.commonPool-worker-1] o.h.t.BasicTypeRegistry [BasicTypeRegistry.java:410] - Adding type registration calendar -> org.hibernate.type.BasicTypeReference@24904d9d
2023-07-27 00:13:33,364 DEBUG [ForkJoinPool.commonPool-worker-1] o.h.t.BasicTypeRegistry [BasicTypeRegistry.java:410] - Adding type registration java.util.Calendar -> org.hibernate.type.BasicTypeReference@24904d9d
2023-07-27 00:13:33,364 DEBUG [ForkJoinPool.commonPool-worker-1] o.h.t.BasicTypeRegistry [BasicTypeRegistry.java:410] - Adding type registration java.util.GregorianCalendar -> org.hibernate.type.BasicTypeReference@24904d9d
2023-07-27 00:13:33,364 DEBUG [ForkJoinPool.commonPool-worker-1] o.h.t.BasicTypeRegistry [BasicTypeRegistry.java:410] - Adding type registration calendar_date -> org.hibernate.type.BasicTypeReference@144e1255
2023-07-27 00:13:33,364 DEBUG [ForkJoinPool.commonPool-worker-1] o.h.t.BasicTypeRegistry [BasicTypeRegistry.java:410] - Adding type registration calendar_time -> org.hibernate.type.BasicTypeReference@2af8190c
2023-07-27 00:13:33,365 DEBUG [ForkJoinPool.commonPool-worker-1] o.h.t.BasicTypeRegistry [BasicTypeRegistry.java:410] - Adding type registration instant -> org.hibernate.type.BasicTypeReference@186f0114
2023-07-27 00:13:33,365 DEBUG [ForkJoinPool.commonPool-worker-1] o.h.t.BasicTypeRegistry [BasicTypeRegistry.java:410] - Adding type registration java.time.Instant -> org.hibernate.type.BasicTypeReference@186f0114
2023-07-27 00:13:33,365 DEBUG [ForkJoinPool.commonPool-worker-1] o.h.t.BasicTypeRegistry [BasicTypeRegistry.java:410] - Adding type registration uuid -> org.hibernate.type.BasicTypeReference@3e355b21
2023-07-27 00:13:33,365 DEBUG [ForkJoinPool.commonPool-worker-1] o.h.t.BasicTypeRegistry [BasicTypeRegistry.java:410] - Adding type registration java.util.UUID -> org.hibernate.type.BasicTypeReference@3e355b21
2023-07-27 00:13:33,366 DEBUG [ForkJoinPool.commonPool-worker-1] o.h.t.BasicTypeRegistry [BasicTypeRegistry.java:410] - Adding type registration pg-uuid -> org.hibernate.type.BasicTypeReference@3e355b21
2023-07-27 00:13:33,366 DEBUG [ForkJoinPool.commonPool-worker-1] o.h.t.BasicTypeRegistry [BasicTypeRegistry.java:410] - Adding type registration uuid-binary -> org.hibernate.type.BasicTypeReference@5a0d2a08
2023-07-27 00:13:33,366 DEBUG [ForkJoinPool.commonPool-worker-1] o.h.t.BasicTypeRegistry [BasicTypeRegistry.java:410] - Adding type registration uuid-char -> org.hibernate.type.BasicTypeReference@30d7683c
2023-07-27 00:13:33,367 DEBUG [ForkJoinPool.commonPool-worker-1] o.h.t.BasicTypeRegistry [BasicTypeRegistry.java:410] - Adding type registration class -> org.hibernate.type.BasicTypeReference@50d0b893
2023-07-27 00:13:33,368 DEBUG [ForkJoinPool.commonPool-worker-1] o.h.t.BasicTypeRegistry [BasicTypeRegistry.java:410] - Adding type registration java.lang.Class -> org.hibernate.type.BasicTypeReference@50d0b893
2023-07-27 00:13:33,368 DEBUG [ForkJoinPool.commonPool-worker-1] o.h.t.BasicTypeRegistry [BasicTypeRegistry.java:410] - Adding type registration currency -> org.hibernate.type.BasicTypeReference@7746321c
2023-07-27 00:13:33,368 DEBUG [ForkJoinPool.commonPool-worker-1] o.h.t.BasicTypeRegistry [BasicTypeRegistry.java:410] - Adding type registration Currency -> org.hibernate.type.BasicTypeReference@7746321c
2023-07-27 00:13:33,368 DEBUG [ForkJoinPool.commonPool-worker-1] o.h.t.BasicTypeRegistry [BasicTypeRegistry.java:410] - Adding type registration java.util.Currency -> org.hibernate.type.BasicTypeReference@7746321c
2023-07-27 00:13:33,369 DEBUG [ForkJoinPool.commonPool-worker-1] o.h.t.BasicTypeRegistry [BasicTypeRegistry.java:410] - Adding type registration locale -> org.hibernate.type.BasicTypeReference@7cdb3240
2023-07-27 00:13:33,369 DEBUG [ForkJoinPool.commonPool-worker-1] o.h.t.BasicTypeRegistry [BasicTypeRegistry.java:410] - Adding type registration java.util.Locale -> org.hibernate.type.BasicTypeReference@7cdb3240
2023-07-27 00:13:33,370 DEBUG [ForkJoinPool.commonPool-worker-1] o.h.t.BasicTypeRegistry [BasicTypeRegistry.java:410] - Adding type registration serializable -> org.hibernate.type.BasicTypeReference@299a1968
2023-07-27 00:13:33,370 DEBUG [ForkJoinPool.commonPool-worker-1] o.h.t.BasicTypeRegistry [BasicTypeRegistry.java:410] - Adding type registration java.io.Serializable -> org.hibernate.type.BasicTypeReference@299a1968
2023-07-27 00:13:33,371 DEBUG [ForkJoinPool.commonPool-worker-1] o.h.t.BasicTypeRegistry [BasicTypeRegistry.java:410] - Adding type registration timezone -> org.hibernate.type.BasicTypeReference@2dd90e65
2023-07-27 00:13:33,372 DEBUG [ForkJoinPool.commonPool-worker-1] o.h.t.BasicTypeRegistry [BasicTypeRegistry.java:410] - Adding type registration java.util.TimeZone -> org.hibernate.type.BasicTypeReference@2dd90e65
2023-07-27 00:13:33,373 DEBUG [ForkJoinPool.commonPool-worker-1] o.h.t.BasicTypeRegistry [BasicTypeRegistry.java:410] - Adding type registration ZoneOffset -> org.hibernate.type.BasicTypeReference@6bc90f10
2023-07-27 00:13:33,373 DEBUG [ForkJoinPool.commonPool-worker-1] o.h.t.BasicTypeRegistry [BasicTypeRegistry.java:410] - Adding type registration java.time.ZoneOffset -> org.hibernate.type.BasicTypeReference@6bc90f10
2023-07-27 00:13:33,373 DEBUG [ForkJoinPool.commonPool-worker-1] o.h.t.BasicTypeRegistry [BasicTypeRegistry.java:410] - Adding type registration url -> org.hibernate.type.BasicTypeReference@4ea5691b
2023-07-27 00:13:33,373 DEBUG [ForkJoinPool.commonPool-worker-1] o.h.t.BasicTypeRegistry [BasicTypeRegistry.java:410] - Adding type registration java.net.URL -> org.hibernate.type.BasicTypeReference@4ea5691b
2023-07-27 00:13:33,373 DEBUG [ForkJoinPool.commonPool-worker-1] o.h.t.BasicTypeRegistry [BasicTypeRegistry.java:410] - Adding type registration row_version -> org.hibernate.type.BasicTypeReference@378d78fe
2023-07-27 00:13:33,381 DEBUG [ForkJoinPool.commonPool-worker-1] o.h.t.BasicTypeRegistry [BasicTypeRegistry.java:385] - Adding type registration object -> org.hibernate.type.JavaObjectType@e55ff3e
2023-07-27 00:13:33,381 DEBUG [ForkJoinPool.commonPool-worker-1] o.h.t.BasicTypeRegistry [BasicTypeRegistry.java:385] - Adding type registration java.lang.Object -> org.hibernate.type.JavaObjectType@e55ff3e
2023-07-27 00:13:33,383 DEBUG [ForkJoinPool.commonPool-worker-1] o.h.t.BasicTypeRegistry [BasicTypeRegistry.java:385] - Adding type registration null -> org.hibernate.type.NullType@2b9c7dd5
2023-07-27 00:13:33,383 DEBUG [ForkJoinPool.commonPool-worker-1] o.h.t.BasicTypeRegistry [BasicTypeRegistry.java:410] - Adding type registration imm_date -> org.hibernate.type.BasicTypeReference@2d3d711b
2023-07-27 00:13:33,383 DEBUG [ForkJoinPool.commonPool-worker-1] o.h.t.BasicTypeRegistry [BasicTypeRegistry.java:410] - Adding type registration imm_time -> org.hibernate.type.BasicTypeReference@4853609e
2023-07-27 00:13:33,384 DEBUG [ForkJoinPool.commonPool-worker-1] o.h.t.BasicTypeRegistry [BasicTypeRegistry.java:410] - Adding type registration imm_timestamp -> org.hibernate.type.BasicTypeReference@68641a51
2023-07-27 00:13:33,384 DEBUG [ForkJoinPool.commonPool-worker-1] o.h.t.BasicTypeRegistry [BasicTypeRegistry.java:410] - Adding type registration imm_calendar -> org.hibernate.type.BasicTypeReference@205ea05d
2023-07-27 00:13:33,384 DEBUG [ForkJoinPool.commonPool-worker-1] o.h.t.BasicTypeRegistry [BasicTypeRegistry.java:410] - Adding type registration imm_calendar_date -> org.hibernate.type.BasicTypeReference@662da8e4
2023-07-27 00:13:33,384 DEBUG [ForkJoinPool.commonPool-worker-1] o.h.t.BasicTypeRegistry [BasicTypeRegistry.java:410] - Adding type registration imm_calendar_time -> org.hibernate.type.BasicTypeReference@35a9632f
2023-07-27 00:13:33,385 DEBUG [ForkJoinPool.commonPool-worker-1] o.h.t.BasicTypeRegistry [BasicTypeRegistry.java:410] - Adding type registration imm_binary -> org.hibernate.type.BasicTypeReference@7dd75159
2023-07-27 00:13:33,385 DEBUG [ForkJoinPool.commonPool-worker-1] o.h.t.BasicTypeRegistry [BasicTypeRegistry.java:410] - Adding type registration imm_serializable -> org.hibernate.type.BasicTypeReference@28de4af6
2023-07-27 00:13:33,436 INFO [ForkJoinPool.commonPool-worker-1] o.h.e.j.c.i.ConnectionProviderInitiator [ConnectionProviderInitiator.java:127] - HHH000130: Instantiating explicit connection provider: org.hibernate.c3p0.internal.C3P0ConnectionProvider
2023-07-27 00:13:33,443 INFO [ForkJoinPool.commonPool-worker-1] o.h.o.c.p.c3p0 [C3P0ConnectionProvider.java:111] - HHH010002: C3P0 using driver: org.h2.Driver at URL: jdbc:h2:file:./datafiles/testdb;DB_CLOSE_DELAY=-1;DB_CLOSE_ON_EXIT=FALSE
2023-07-27 00:13:33,443 INFO [ForkJoinPool.commonPool-worker-1] o.h.o.c.p.c3p0 [C3P0ConnectionProvider.java:112] - HHH10001001: Connection properties: {password=****, user=default}
2023-07-27 00:13:33,443 INFO [ForkJoinPool.commonPool-worker-1] o.h.o.c.p.c3p0 [C3P0ConnectionProvider.java:115] - HHH10001003: Autocommit mode: false
2023-07-27 00:13:33,473 INFO [MLog-Init-Reporter] c.m.v.l.MLog [Slf4jMLog.java:212] - MLog clients using slf4j logging.
2023-07-27 00:13:33,482 DEBUG [MLog-Init-Reporter] c.m.v.l.MLog [Slf4jMLog.java:207] - Reading VM config for path list /com/mchange/v2/log/default-mchange-log.properties, /mchange-commons.properties, /c3p0.properties, hocon:/reference,/application,/c3p0,/, /mchange-log.properties, /
2023-07-27 00:13:33,483 DEBUG [MLog-Init-Reporter] c.m.v.l.MLog [Slf4jMLog.java:207] - The configuration file for resource identifier '/mchange-commons.properties' could not be found. Skipping.
2023-07-27 00:13:33,483 DEBUG [MLog-Init-Reporter] c.m.v.l.MLog [Slf4jMLog.java:207] - The configuration file for resource identifier '/c3p0.properties' could not be found. Skipping.
2023-07-27 00:13:33,483 DEBUG [MLog-Init-Reporter] c.m.v.l.MLog [Slf4jMLog.java:207] - The configuration file for resource identifier 'hocon:/reference,/application,/c3p0,/' could not be found. Skipping.
2023-07-27 00:13:33,483 DEBUG [MLog-Init-Reporter] c.m.v.l.MLog [Slf4jMLog.java:207] - The configuration file for resource identifier '/mchange-log.properties' could not be found. Skipping.
2023-07-27 00:13:33,486 DEBUG [ForkJoinPool.commonPool-worker-1] c.m.v.c.MConfig [Slf4jMLog.java:207] - The configuration file for resource identifier '/mchange-commons.properties' could not be found. Skipping.
2023-07-27 00:13:33,487 DEBUG [ForkJoinPool.commonPool-worker-1] c.m.v.c.MConfig [Slf4jMLog.java:207] - The configuration file for resource identifier '/mchange-log.properties' could not be found. Skipping.
2023-07-27 00:13:33,488 DEBUG [ForkJoinPool.commonPool-worker-1] c.m.v.c.MConfig [Slf4jMLog.java:207] - The configuration file for resource identifier 'hocon:/reference,/application,/c3p0,/' could not be found. Skipping.
2023-07-27 00:13:33,488 DEBUG [ForkJoinPool.commonPool-worker-1] c.m.v.c.MConfig [Slf4jMLog.java:207] - The configuration file for resource identifier '/c3p0.properties' could not be found. Skipping.
2023-07-27 00:13:33,693 INFO [ForkJoinPool.commonPool-worker-1] c.m.v.c.C3P0Registry [Slf4jMLog.java:212] - Initializing c3p0-0.9.5.5 [built 11-December-2019 22:18:33 -0800; debug? true; trace: 10]
2023-07-27 00:13:33,716 DEBUG [ForkJoinPool.commonPool-worker-1] c.m.v.c.m.DynamicPooledDataSourceManagerMBean [Slf4jMLog.java:204] - MBean: com.mchange.v2.c3p0:type=PooledDataSource,identityToken=1hgf02xax154z1719fcs6g|37af365e,name=1hgf02xax154z1719fcs6g|37af365e registered.
2023-07-27 00:13:33,734 DEBUG [ForkJoinPool.commonPool-worker-1] c.m.v.c.m.DynamicPooledDataSourceManagerMBean [Slf4jMLog.java:204] - MBean: com.mchange.v2.c3p0:type=PooledDataSource,identityToken=1hgf02xax154z1719fcs6g|37af365e,name=1hgf02xax154z1719fcs6g|37af365e unregistered, in order to be reregistered after update.
2023-07-27 00:13:33,734 DEBUG [ForkJoinPool.commonPool-worker-1] c.m.v.c.m.DynamicPooledDataSourceManagerMBean [Slf4jMLog.java:204] - MBean: com.mchange.v2.c3p0:type=PooledDataSource,identityToken=1hgf02xax154z1719fcs6g|37af365e,name=1hgf02xax154z1719fcs6g|37af365e registered.
2023-07-27 00:13:33,742 INFO [ForkJoinPool.commonPool-worker-1] o.h.o.c.p.c3p0 [C3P0ConnectionProvider.java:191] - HHH10001007: JDBC isolation level: <unknown>
2023-07-27 00:13:33,760 INFO [ForkJoinPool.commonPool-worker-1] c.m.v.c.i.AbstractPoolBackedDataSource [Slf4jMLog.java:212] - Initializing c3p0 pool... com.mchange.v2.c3p0.PoolBackedDataSource@54e19cbf [ connectionPoolDataSource -> com.mchange.v2.c3p0.WrapperConnectionPoolDataSource@2662ed2b [ acquireIncrement -> 1, acquireRetryAttempts -> 30, acquireRetryDelay -> 1000, autoCommitOnClose -> false, automaticTestTable -> null, breakAfterAcquireFailure -> false, checkoutTimeout -> 0, connectionCustomizerClassName -> null, connectionTesterClassName -> com.mchange.v2.c3p0.impl.DefaultConnectionTester, contextClassLoaderSource -> caller, debugUnreturnedConnectionStackTraces -> false, factoryClassLocation -> null, forceIgnoreUnresolvedTransactions -> false, forceSynchronousCheckins -> false, identityToken -> 1hgf02xax154z1719fcs6g|9500961, idleConnectionTestPeriod -> 300, initialPoolSize -> 5, maxAdministrativeTaskTime -> 0, maxConnectionAge -> 0, maxIdleTime -> 1800, maxIdleTimeExcessConnections -> 0, maxPoolSize -> 20, maxStatements -> 50, maxStatementsPerConnection -> 0, minPoolSize -> 5, nestedDataSource -> com.mchange.v2.c3p0.DriverManagerDataSource@ceec691e [ description -> null, driverClass -> null, factoryClassLocation -> null, forceUseNamedDriverClass -> false, identityToken -> 1hgf02xax154z1719fcs6g|5afd4a17, jdbcUrl -> jdbc:h2:file:./datafiles/testdb;DB_CLOSE_DELAY=-1;DB_CLOSE_ON_EXIT=FALSE, properties -> {password=******, user=******} ], preferredTestQuery -> null, privilegeSpawnedThreads -> false, propertyCycle -> 0, statementCacheNumDeferredCloseThreads -> 0, testConnectionOnCheckin -> false, testConnectionOnCheckout -> false, unreturnedConnectionTimeout -> 0, usesTraditionalReflectiveProxies -> false; userOverrides: {} ], dataSourceName -> null, extensions -> {}, factoryClassLocation -> null, identityToken -> 1hgf02xax154z1719fcs6g|37af365e, numHelperThreads -> 3 ]
2023-07-27 00:13:33,775 DEBUG [ForkJoinPool.commonPool-worker-1] c.m.v.c.MConfig [Slf4jMLog.java:207] - The configuration file for resource identifier '/mchange-commons.properties' could not be found. Skipping.
2023-07-27 00:13:33,776 DEBUG [ForkJoinPool.commonPool-worker-1] c.m.v.c.MConfig [Slf4jMLog.java:207] - The configuration file for resource identifier '/mchange-log.properties' could not be found. Skipping.
2023-07-27 00:13:33,776 DEBUG [ForkJoinPool.commonPool-worker-1] c.m.v.c.MConfig [Slf4jMLog.java:207] - The configuration file for resource identifier '/c3p0.properties' could not be found. Skipping.
2023-07-27 00:13:33,776 DEBUG [ForkJoinPool.commonPool-worker-1] c.m.v.c.MConfig [Slf4jMLog.java:207] - The configuration file for resource identifier 'hocon:/reference,/application,/c3p0,/' could not be found. Skipping.
2023-07-27 00:13:33,777 DEBUG [ForkJoinPool.commonPool-worker-1] c.m.v.r.BasicResourcePool [Slf4jMLog.java:204] - com.mchange.v2.resourcepool.BasicResourcePool@7f1bf11d config: [start -> 5; min -> 5; max -> 20; inc -> 1; num_acq_attempts -> 30; acq_attempt_delay -> 1000; check_idle_resources_delay -> 300000; max_resource_age -> 0; max_idle_time -> 1800000; excess_max_idle_time -> 0; destroy_unreturned_resc_time -> 0; expiration_enforcement_delay -> 450000; break_on_acquisition_failure -> false; debug_store_checkout_exceptions -> false; force_synchronous_checkins -> false]
2023-07-27 00:13:33,777 DEBUG [ForkJoinPool.commonPool-worker-1] c.m.v.c.i.C3P0PooledConnectionPoolManager [Slf4jMLog.java:204] - Created new pool for auth, username (masked): 'de******'.
2023-07-27 00:13:33,778 DEBUG [ForkJoinPool.commonPool-worker-1] c.m.v.r.BasicResourcePool [Slf4jMLog.java:204] - acquire test -- pool size: 0; target_pool_size: 5; desired target? 1
2023-07-27 00:13:33,778 DEBUG [ForkJoinPool.commonPool-worker-1] c.m.v.r.BasicResourcePool [Slf4jMLog.java:204] - awaitAvailable(): [unknown]
