2023-07-27 00:10:18,282 DEBUG [ForkJoinPool.commonPool-worker-1] o.h.o.i.factory [StandardIdentifierGeneratorFactory.java:94] - Ignoring CDI for resolving IdentifierGenerator instances as extended or delayed CDI support was enabled
2023-07-27 00:10:18,290 DEBUG [ForkJoinPool.commonPool-worker-1] o.h.o.i.factory [StandardIdentifierGeneratorFactory.java:170] - Registering IdentifierGenerator strategy [uuid2] -> [org.hibernate.id.UUIDGenerator]
2023-07-27 00:10:18,290 DEBUG [ForkJoinPool.commonPool-worker-1] o.h.o.i.factory [StandardIdentifierGeneratorFactory.java:170] - Registering IdentifierGenerator strategy [guid] -> [org.hibernate.id.GUIDGenerator]
2023-07-27 00:10:18,295 DEBUG [ForkJoinPool.commonPool-worker-1] o.h.o.i.factory [StandardIdentifierGeneratorFactory.java:170] - Registering IdentifierGenerator strategy [uuid] -> [org.hibernate.id.UUIDHexGenerator]
2023-07-27 00:10:18,296 DEBUG [ForkJoinPool.commonPool-worker-1] o.h.o.i.factory [StandardIdentifierGeneratorFactory.java:170] - Registering IdentifierGenerator strategy [uuid.hex] -> [org.hibernate.id.UUIDHexGenerator]
2023-07-27 00:10:18,296 DEBUG [ForkJoinPool.commonPool-worker-1] o.h.o.i.factory [StandardIdentifierGeneratorFactory.java:170] - Registering IdentifierGenerator strategy [assigned] -> [org.hibernate.id.Assigned]
2023-07-27 00:10:18,298 DEBUG [ForkJoinPool.commonPool-worker-1] o.h.o.i.factory [StandardIdentifierGeneratorFactory.java:170] - Registering IdentifierGenerator strategy [identity] -> [org.hibernate.id.IdentityGenerator]
2023-07-27 00:10:18,298 DEBUG [ForkJoinPool.commonPool-worker-1] o.h.o.i.factory [StandardIdentifierGeneratorFactory.java:170] - Registering IdentifierGenerator strategy [select] -> [org.hibernate.id.SelectGenerator]
2023-07-27 00:10:18,301 DEBUG [ForkJoinPool.commonPool-worker-1] o.h.o.i.factory [StandardIdentifierGeneratorFactory.java:170] - Registering IdentifierGenerator strategy [sequence] -> [org.hibernate.id.enhanced.SequenceStyleGenerator]
2023-07-27 00:10:18,301 DEBUG [ForkJoinPool.commonPool-worker-1] o.h.o.i.factory [StandardIdentifierGeneratorFactory.java:170] - Registering IdentifierGenerator strategy [increment] -> [org.hibernate.id.IncrementGenerator]
2023-07-27 00:10:18,303 DEBUG [ForkJoinPool.commonPool-worker-1] o.h.o.i.factory [StandardIdentifierGeneratorFactory.java:170] - Registering IdentifierGenerator strategy [foreign] -> [org.hibernate.id.ForeignGenerator]
2023-07-27 00:10:18,303 DEBUG [ForkJoinPool.commonPool-worker-1] o.h.o.i.factory [StandardIdentifierGeneratorFactory.java:170] - Registering IdentifierGenerator strategy [enhanced-sequence] -> [org.hibernate.id.enhanced.SequenceStyleGenerator]
2023-07-27 00:10:18,305 DEBUG [ForkJoinPool.commonPool-worker-1] o.h.o.i.factory [StandardIdentifierGeneratorFactory.java:170] - Registering IdentifierGenerator strategy [enhanced-table] -> [org.hibernate.id.enhanced.TableGenerator]
2023-07-27 00:10:18,318 DEBUG [ForkJoinPool.commonPool-worker-1] o.h.c.i.RegionFactoryInitiator [RegionFactoryInitiator.java:117] - Cannot default RegionFactory based on registered strategies as `[]` RegionFactory strategies were registered
2023-07-27 00:10:18,320 DEBUG [ForkJoinPool.commonPool-worker-1] o.h.c.i.RegionFactoryInitiator [RegionFactoryInitiator.java:49] - Cache region factory : org.hibernate.cache.internal.NoCachingRegionFactory
2023-07-27 00:10:18,495 DEBUG [ForkJoinPool.commonPool-worker-1] o.h.t.BasicTypeRegistry [BasicTypeRegistry.java:410] - Adding type registration boolean -> org.hibernate.type.BasicTypeReference@59d60f77
2023-07-27 00:10:18,496 DEBUG [ForkJoinPool.commonPool-worker-1] o.h.t.BasicTypeRegistry [BasicTypeRegistry.java:410] - Adding type registration boolean -> org.hibernate.type.BasicTypeReference@59d60f77
2023-07-27 00:10:18,496 DEBUG [ForkJoinPool.commonPool-worker-1] o.h.t.BasicTypeRegistry [BasicTypeRegistry.java:410] - Adding type registration java.lang.Boolean -> org.hibernate.type.BasicTypeReference@59d60f77
2023-07-27 00:10:18,496 DEBUG [ForkJoinPool.commonPool-worker-1] o.h.t.BasicTypeRegistry [BasicTypeRegistry.java:410] - Adding type registration numeric_boolean -> org.hibernate.type.BasicTypeReference@4fe94464
2023-07-27 00:10:18,496 DEBUG [ForkJoinPool.commonPool-worker-1] o.h.t.BasicTypeRegistry [BasicTypeRegistry.java:410] - Adding type registration org.hibernate.type.NumericBooleanConverter -> org.hibernate.type.BasicTypeReference@4fe94464
2023-07-27 00:10:18,497 DEBUG [ForkJoinPool.commonPool-worker-1] o.h.t.BasicTypeRegistry [BasicTypeRegistry.java:410] - Adding type registration true_false -> org.hibernate.type.BasicTypeReference@1eeaf737
2023-07-27 00:10:18,497 DEBUG [ForkJoinPool.commonPool-worker-1] o.h.t.BasicTypeRegistry [BasicTypeRegistry.java:410] - Adding type registration org.hibernate.type.TrueFalseConverter -> org.hibernate.type.BasicTypeReference@1eeaf737
2023-07-27 00:10:18,497 DEBUG [ForkJoinPool.commonPool-worker-1] o.h.t.BasicTypeRegistry [BasicTypeRegistry.java:410] - Adding type registration yes_no -> org.hibernate.type.BasicTypeReference@29183e36
2023-07-27 00:10:18,497 DEBUG [ForkJoinPool.commonPool-worker-1] o.h.t.BasicTypeRegistry [BasicTypeRegistry.java:410] - Adding type registration org.hibernate.type.YesNoConverter -> org.hibernate.type.BasicTypeReference@29183e36
2023-07-27 00:10:18,497 DEBUG [ForkJoinPool.commonPool-worker-1] o.h.t.BasicTypeRegistry [BasicTypeRegistry.java:410] - Adding type registration byte -> org.hibernate.type.BasicTypeReference@40dc31d5
2023-07-27 00:10:18,497 DEBUG [ForkJoinPool.commonPool-worker-1] o.h.t.BasicTypeRegistry [BasicTypeRegistry.java:410] - Adding type registration byte -> org.hibernate.type.BasicTypeReference@40dc31d5
2023-07-27 00:10:18,498 DEBUG [ForkJoinPool.commonPool-worker-1] o.h.t.BasicTypeRegistry [BasicTypeRegistry.java:410] - Adding type registration java.lang.Byte -> org.hibernate.type.BasicTypeReference@40dc31d5
2023-07-27 00:10:18,498 DEBUG [ForkJoinPool.commonPool-worker-1] o.h.t.BasicTypeRegistry [BasicTypeRegistry.java:410] - Adding type registration binary -> org.hibernate.type.BasicTypeReference@451387ce
2023-07-27 00:10:18,498 DEBUG [ForkJoinPool.commonPool-worker-1] o.h.t.BasicTypeRegistry [BasicTypeRegistry.java:410] - Adding type registration byte[] -> org.hibernate.type.BasicTypeReference@451387ce
2023-07-27 00:10:18,498 DEBUG [ForkJoinPool.commonPool-worker-1] o.h.t.BasicTypeRegistry [BasicTypeRegistry.java:410] - Adding type registration [B -> org.hibernate.type.BasicTypeReference@451387ce
2023-07-27 00:10:18,498 DEBUG [ForkJoinPool.commonPool-worker-1] o.h.t.BasicTypeRegistry [BasicTypeRegistry.java:410] - Adding type registration binary_wrapper -> org.hibernate.type.BasicTypeReference@c898314
2023-07-27 00:10:18,499 DEBUG [ForkJoinPool.commonPool-worker-1] o.h.t.BasicTypeRegistry [BasicTypeRegistry.java:410] - Adding type registration wrapper-binary -> org.hibernate.type.BasicTypeReference@c898314
2023-07-27 00:10:18,499 DEBUG [ForkJoinPool.commonPool-worker-1] o.h.t.BasicTypeRegistry [BasicTypeRegistry.java:410] - Adding type registration image -> org.hibernate.type.BasicTypeReference@6408e53d
2023-07-27 00:10:18,499 DEBUG [ForkJoinPool.commonPool-worker-1] o.h.t.BasicTypeRegistry [BasicTypeRegistry.java:410] - Adding type registration blob -> org.hibernate.type.BasicTypeReference@457b22f0
2023-07-27 00:10:18,499 DEBUG [ForkJoinPool.commonPool-worker-1] o.h.t.BasicTypeRegistry [BasicTypeRegistry.java:410] - Adding type registration java.sql.Blob -> org.hibernate.type.BasicTypeReference@457b22f0
2023-07-27 00:10:18,499 DEBUG [ForkJoinPool.commonPool-worker-1] o.h.t.BasicTypeRegistry [BasicTypeRegistry.java:410] - Adding type registration materialized_blob -> org.hibernate.type.BasicTypeReference@1c0ff066
2023-07-27 00:10:18,500 DEBUG [ForkJoinPool.commonPool-worker-1] o.h.t.BasicTypeRegistry [BasicTypeRegistry.java:410] - Adding type registration materialized_blob_wrapper -> org.hibernate.type.BasicTypeReference@5cde41d0
2023-07-27 00:10:18,500 DEBUG [ForkJoinPool.commonPool-worker-1] o.h.t.BasicTypeRegistry [BasicTypeRegistry.java:410] - Adding type registration short -> org.hibernate.type.BasicTypeReference@7fdc667b
2023-07-27 00:10:18,500 DEBUG [ForkJoinPool.commonPool-worker-1] o.h.t.BasicTypeRegistry [BasicTypeRegistry.java:410] - Adding type registration short -> org.hibernate.type.BasicTypeReference@7fdc667b
2023-07-27 00:10:18,500 DEBUG [ForkJoinPool.commonPool-worker-1] o.h.t.BasicTypeRegistry [BasicTypeRegistry.java:410] - Adding type registration java.lang.Short -> org.hibernate.type.BasicTypeReference@7fdc667b
2023-07-27 00:10:18,501 DEBUG [ForkJoinPool.commonPool-worker-1] o.h.t.BasicTypeRegistry [BasicTypeRegistry.java:410] - Adding type registration integer -> org.hibernate.type.BasicTypeReference@632ca7d2
2023-07-27 00:10:18,501 DEBUG [ForkJoinPool.commonPool-worker-1] o.h.t.BasicTypeRegistry [BasicTypeRegistry.java:410] - Adding type registration int -> org.hibernate.type.BasicTypeReference@632ca7d2
2023-07-27 00:10:18,501 DEBUG [ForkJoinPool.commonPool-worker-1] o.h.t.BasicTypeRegistry [BasicTypeRegistry.java:410] - Adding type registration java.lang.Integer -> org.hibernate.type.BasicTypeReference@632ca7d2
2023-07-27 00:10:18,501 DEBUG [ForkJoinPool.commonPool-worker-1] o.h.t.BasicTypeRegistry [BasicTypeRegistry.java:410] - Adding type registration long -> org.hibernate.type.BasicTypeReference@c3f711
2023-07-27 00:10:18,501 DEBUG [ForkJoinPool.commonPool-worker-1] o.h.t.BasicTypeRegistry [BasicTypeRegistry.java:410] - Adding type registration long -> org.hibernate.type.BasicTypeReference@c3f711
2023-07-27 00:10:18,501 DEBUG [ForkJoinPool.commonPool-worker-1] o.h.t.BasicTypeRegistry [BasicTypeRegistry.java:410] - Adding type registration java.lang.Long -> org.hibernate.type.BasicTypeReference@c3f711
2023-07-27 00:10:18,501 DEBUG [ForkJoinPool.commonPool-worker-1] o.h.t.BasicTypeRegistry [BasicTypeRegistry.java:410] - Adding type registration float -> org.hibernate.type.BasicTypeReference@2ebdf618
2023-07-27 00:10:18,502 DEBUG [ForkJoinPool.commonPool-worker-1] o.h.t.BasicTypeRegistry [BasicTypeRegistry.java:410] - Adding type registration float -> org.hibernate.type.BasicTypeReference@2ebdf618
2023-07-27 00:10:18,502 DEBUG [ForkJoinPool.commonPool-worker-1] o.h.t.BasicTypeRegistry [BasicTypeRegistry.java:410] - Adding type registration java.lang.Float -> org.hibernate.type.BasicTypeReference@2ebdf618
2023-07-27 00:10:18,502 DEBUG [ForkJoinPool.commonPool-worker-1] o.h.t.BasicTypeRegistry [BasicTypeRegistry.java:410] - Adding type registration double -> org.hibernate.type.BasicTypeReference@32cea20a
2023-07-27 00:10:18,502 DEBUG [ForkJoinPool.commonPool-worker-1] o.h.t.BasicTypeRegistry [BasicTypeRegistry.java:410] - Adding type registration double -> org.hibernate.type.BasicTypeReference@32cea20a
2023-07-27 00:10:18,502 DEBUG [ForkJoinPool.commonPool-worker-1] o.h.t.BasicTypeRegistry [BasicTypeRegistry.java:410] - Adding type registration java.lang.Double -> org.hibernate.type.BasicTypeReference@32cea20a
2023-07-27 00:10:18,502 DEBUG [ForkJoinPool.commonPool-worker-1] o.h.t.BasicTypeRegistry [BasicTypeRegistry.java:410] - Adding type registration big_integer -> org.hibernate.type.BasicTypeReference@345a91b6
2023-07-27 00:10:18,503 DEBUG [ForkJoinPool.commonPool-worker-1] o.h.t.BasicTypeRegistry [BasicTypeRegistry.java:410] - Adding type registration java.math.BigInteger -> org.hibernate.type.BasicTypeReference@345a91b6
2023-07-27 00:10:18,503 DEBUG [ForkJoinPool.commonPool-worker-1] o.h.t.BasicTypeRegistry [BasicTypeRegistry.java:410] - Adding type registration big_decimal -> org.hibernate.type.BasicTypeReference@2bbe9353
2023-07-27 00:10:18,503 DEBUG [ForkJoinPool.commonPool-worker-1] o.h.t.BasicTypeRegistry [BasicTypeRegistry.java:410] - Adding type registration java.math.BigDecimal -> org.hibernate.type.BasicTypeReference@2bbe9353
2023-07-27 00:10:18,503 DEBUG [ForkJoinPool.commonPool-worker-1] o.h.t.BasicTypeRegistry [BasicTypeRegistry.java:410] - Adding type registration character -> org.hibernate.type.BasicTypeReference@6a72bd0a
2023-07-27 00:10:18,503 DEBUG [ForkJoinPool.commonPool-worker-1] o.h.t.BasicTypeRegistry [BasicTypeRegistry.java:410] - Adding type registration char -> org.hibernate.type.BasicTypeReference@6a72bd0a
2023-07-27 00:10:18,503 DEBUG [ForkJoinPool.commonPool-worker-1] o.h.t.BasicTypeRegistry [BasicTypeRegistry.java:410] - Adding type registration java.lang.Character -> org.hibernate.type.BasicTypeReference@6a72bd0a
2023-07-27 00:10:18,503 DEBUG [ForkJoinPool.commonPool-worker-1] o.h.t.BasicTypeRegistry [BasicTypeRegistry.java:410] - Adding type registration character_nchar -> org.hibernate.type.BasicTypeReference@2d6b9cbc
2023-07-27 00:10:18,503 DEBUG [ForkJoinPool.commonPool-worker-1] o.h.t.BasicTypeRegistry [BasicTypeRegistry.java:410] - Adding type registration string -> org.hibernate.type.BasicTypeReference@4d5c7f86
2023-07-27 00:10:18,504 DEBUG [ForkJoinPool.commonPool-worker-1] o.h.t.BasicTypeRegistry [BasicTypeRegistry.java:410] - Adding type registration java.lang.String -> org.hibernate.type.BasicTypeReference@4d5c7f86
2023-07-27 00:10:18,504 DEBUG [ForkJoinPool.commonPool-worker-1] o.h.t.BasicTypeRegistry [BasicTypeRegistry.java:410] - Adding type registration nstring -> org.hibernate.type.BasicTypeReference@12275975
2023-07-27 00:10:18,504 DEBUG [ForkJoinPool.commonPool-worker-1] o.h.t.BasicTypeRegistry [BasicTypeRegistry.java:410] - Adding type registration characters -> org.hibernate.type.BasicTypeReference@6d422cd6
2023-07-27 00:10:18,504 DEBUG [ForkJoinPool.commonPool-worker-1] o.h.t.BasicTypeRegistry [BasicTypeRegistry.java:410] - Adding type registration char[] -> org.hibernate.type.BasicTypeReference@6d422cd6
2023-07-27 00:10:18,504 DEBUG [ForkJoinPool.commonPool-worker-1] o.h.t.BasicTypeRegistry [BasicTypeRegistry.java:410] - Adding type registration [C -> org.hibernate.type.BasicTypeReference@6d422cd6
2023-07-27 00:10:18,504 DEBUG [ForkJoinPool.commonPool-worker-1] o.h.t.BasicTypeRegistry [BasicTypeRegistry.java:410] - Adding type registration wrapper-characters -> org.hibernate.type.BasicTypeReference@1c3dc3be
2023-07-27 00:10:18,505 DEBUG [ForkJoinPool.commonPool-worker-1] o.h.t.BasicTypeRegistry [BasicTypeRegistry.java:410] - Adding type registration text -> org.hibernate.type.BasicTypeReference@32332ff0
2023-07-27 00:10:18,505 DEBUG [ForkJoinPool.commonPool-worker-1] o.h.t.BasicTypeRegistry [BasicTypeRegistry.java:410] - Adding type registration ntext -> org.hibernate.type.BasicTypeReference@1af72432
2023-07-27 00:10:18,505 DEBUG [ForkJoinPool.commonPool-worker-1] o.h.t.BasicTypeRegistry [BasicTypeRegistry.java:410] - Adding type registration clob -> org.hibernate.type.BasicTypeReference@662f8f26
2023-07-27 00:10:18,505 DEBUG [ForkJoinPool.commonPool-worker-1] o.h.t.BasicTypeRegistry [BasicTypeRegistry.java:410] - Adding type registration java.sql.Clob -> org.hibernate.type.BasicTypeReference@662f8f26
2023-07-27 00:10:18,505 DEBUG [ForkJoinPool.commonPool-worker-1] o.h.t.BasicTypeRegistry [BasicTypeRegistry.java:410] - Adding type registration nclob -> org.hibernate.type.BasicTypeReference@14fd906e
2023-07-27 00:10:18,505 DEBUG [ForkJoinPool.commonPool-worker-1] o.h.t.BasicTypeRegistry [BasicTypeRegistry.java:410] - Adding type registration java.sql.NClob -> org.hibernate.type.BasicTypeReference@14fd906e
2023-07-27 00:10:18,505 DEBUG [ForkJoinPool.commonPool-worker-1] o.h.t.BasicTypeRegistry [BasicTypeRegistry.java:410] - Adding type registration materialized_clob -> org.hibernate.type.BasicTypeReference@3f9a61ae
2023-07-27 00:10:18,506 DEBUG [ForkJoinPool.commonPool-worker-1] o.h.t.BasicTypeRegistry [BasicTypeRegistry.java:410] - Adding type registration materialized_clob_char_array -> org.hibernate.type.BasicTypeReference@1c6f14db
2023-07-27 00:10:18,506 DEBUG [ForkJoinPool.commonPool-worker-1] o.h.t.BasicTypeRegistry [BasicTypeRegistry.java:410] - Adding type registration materialized_clob_character_array -> org.hibernate.type.BasicTypeReference@623eecf
2023-07-27 00:10:18,506 DEBUG [ForkJoinPool.commonPool-worker-1] o.h.t.BasicTypeRegistry [BasicTypeRegistry.java:410] - Adding type registration materialized_nclob -> org.hibernate.type.BasicTypeReference@7e256085
2023-07-27 00:10:18,507 DEBUG [ForkJoinPool.commonPool-worker-1] o.h.t.BasicTypeRegistry [BasicTypeRegistry.java:410] - Adding type registration materialized_nclob_character_array -> org.hibernate.type.BasicTypeReference@12def9fe
2023-07-27 00:10:18,507 DEBUG [ForkJoinPool.commonPool-worker-1] o.h.t.BasicTypeRegistry [BasicTypeRegistry.java:410] - Adding type registration materialized_nclob_char_array -> org.hibernate.type.BasicTypeReference@76f3eeb2
2023-07-27 00:10:18,507 DEBUG [ForkJoinPool.commonPool-worker-1] o.h.t.BasicTypeRegistry [BasicTypeRegistry.java:410] - Adding type registration Duration -> org.hibernate.type.BasicTypeReference@6f3f2335
2023-07-27 00:10:18,507 DEBUG [ForkJoinPool.commonPool-worker-1] o.h.t.BasicTypeRegistry [BasicTypeRegistry.java:410] - Adding type registration java.time.Duration -> org.hibernate.type.BasicTypeReference@6f3f2335
2023-07-27 00:10:18,508 DEBUG [ForkJoinPool.commonPool-worker-1] o.h.t.BasicTypeRegistry [BasicTypeRegistry.java:410] - Adding type registration LocalDateTime -> org.hibernate.type.BasicTypeReference@3acb571f
2023-07-27 00:10:18,508 DEBUG [ForkJoinPool.commonPool-worker-1] o.h.t.BasicTypeRegistry [BasicTypeRegistry.java:410] - Adding type registration java.time.LocalDateTime -> org.hibernate.type.BasicTypeReference@3acb571f
2023-07-27 00:10:18,509 DEBUG [ForkJoinPool.commonPool-worker-1] o.h.t.BasicTypeRegistry [BasicTypeRegistry.java:410] - Adding type registration LocalDate -> org.hibernate.type.BasicTypeReference@5fbf48b1
2023-07-27 00:10:18,509 DEBUG [ForkJoinPool.commonPool-worker-1] o.h.t.BasicTypeRegistry [BasicTypeRegistry.java:410] - Adding type registration java.time.LocalDate -> org.hibernate.type.BasicTypeReference@5fbf48b1
2023-07-27 00:10:18,509 DEBUG [ForkJoinPool.commonPool-worker-1] o.h.t.BasicTypeRegistry [BasicTypeRegistry.java:410] - Adding type registration LocalTime -> org.hibernate.type.BasicTypeReference@36d0bb8a
2023-07-27 00:10:18,509 DEBUG [ForkJoinPool.commonPool-worker-1] o.h.t.BasicTypeRegistry [BasicTypeRegistry.java:410] - Adding type registration java.time.LocalTime -> org.hibernate.type.BasicTypeReference@36d0bb8a
2023-07-27 00:10:18,509 DEBUG [ForkJoinPool.commonPool-worker-1] o.h.t.BasicTypeRegistry [BasicTypeRegistry.java:410] - Adding type registration OffsetDateTime -> org.hibernate.type.BasicTypeReference@20e000ee
2023-07-27 00:10:18,509 DEBUG [ForkJoinPool.commonPool-worker-1] o.h.t.BasicTypeRegistry [BasicTypeRegistry.java:410] - Adding type registration java.time.OffsetDateTime -> org.hibernate.type.BasicTypeReference@20e000ee
2023-07-27 00:10:18,510 DEBUG [ForkJoinPool.commonPool-worker-1] o.h.t.BasicTypeRegistry [BasicTypeRegistry.java:410] - Adding type registration OffsetDateTimeWithTimezone -> org.hibernate.type.BasicTypeReference@40f3c842
2023-07-27 00:10:18,510 DEBUG [ForkJoinPool.commonPool-worker-1] o.h.t.BasicTypeRegistry [BasicTypeRegistry.java:410] - Adding type registration OffsetDateTimeWithoutTimezone -> org.hibernate.type.BasicTypeReference@65acea2d
2023-07-27 00:10:18,510 DEBUG [ForkJoinPool.commonPool-worker-1] o.h.t.BasicTypeRegistry [BasicTypeRegistry.java:410] - Adding type registration OffsetTime -> org.hibernate.type.BasicTypeReference@569301f9
2023-07-27 00:10:18,510 DEBUG [ForkJoinPool.commonPool-worker-1] o.h.t.BasicTypeRegistry [BasicTypeRegistry.java:410] - Adding type registration java.time.OffsetTime -> org.hibernate.type.BasicTypeReference@569301f9
2023-07-27 00:10:18,510 DEBUG [ForkJoinPool.commonPool-worker-1] o.h.t.BasicTypeRegistry [BasicTypeRegistry.java:410] - Adding type registration OffsetTimeUtc -> org.hibernate.type.BasicTypeReference@76d49cb5
2023-07-27 00:10:18,510 DEBUG [ForkJoinPool.commonPool-worker-1] o.h.t.BasicTypeRegistry [BasicTypeRegistry.java:410] - Adding type registration OffsetTimeWithTimezone -> org.hibernate.type.BasicTypeReference@283bebf5
2023-07-27 00:10:18,510 DEBUG [ForkJoinPool.commonPool-worker-1] o.h.t.BasicTypeRegistry [BasicTypeRegistry.java:410] - Adding type registration OffsetTimeWithoutTimezone -> org.hibernate.type.BasicTypeReference@2ac4815d
2023-07-27 00:10:18,511 DEBUG [ForkJoinPool.commonPool-worker-1] o.h.t.BasicTypeRegistry [BasicTypeRegistry.java:410] - Adding type registration ZonedDateTime -> org.hibernate.type.BasicTypeReference@6496c135
2023-07-27 00:10:18,511 DEBUG [ForkJoinPool.commonPool-worker-1] o.h.t.BasicTypeRegistry [BasicTypeRegistry.java:410] - Adding type registration java.time.ZonedDateTime -> org.hibernate.type.BasicTypeReference@6496c135
2023-07-27 00:10:18,511 DEBUG [ForkJoinPool.commonPool-worker-1] o.h.t.BasicTypeRegistry [BasicTypeRegistry.java:410] - Adding type registration ZonedDateTimeWithTimezone -> org.hibernate.type.BasicTypeReference@36f5c826
2023-07-27 00:10:18,511 DEBUG [ForkJoinPool.commonPool-worker-1] o.h.t.BasicTypeRegistry [BasicTypeRegistry.java:410] - Adding type registration ZonedDateTimeWithoutTimezone -> org.hibernate.type.BasicTypeReference@41e6e94e
2023-07-27 00:10:18,511 DEBUG [ForkJoinPool.commonPool-worker-1] o.h.t.BasicTypeRegistry [BasicTypeRegistry.java:410] - Adding type registration date -> org.hibernate.type.BasicTypeReference@4fa64646
2023-07-27 00:10:18,511 DEBUG [ForkJoinPool.commonPool-worker-1] o.h.t.BasicTypeRegistry [BasicTypeRegistry.java:410] - Adding type registration java.sql.Date -> org.hibernate.type.BasicTypeReference@4fa64646
2023-07-27 00:10:18,511 DEBUG [ForkJoinPool.commonPool-worker-1] o.h.t.BasicTypeRegistry [BasicTypeRegistry.java:410] - Adding type registration time -> org.hibernate.type.BasicTypeReference@1deba9ee
2023-07-27 00:10:18,511 DEBUG [ForkJoinPool.commonPool-worker-1] o.h.t.BasicTypeRegistry [BasicTypeRegistry.java:410] - Adding type registration java.sql.Time -> org.hibernate.type.BasicTypeReference@1deba9ee
2023-07-27 00:10:18,513 DEBUG [ForkJoinPool.commonPool-worker-1] o.h.t.BasicTypeRegistry [BasicTypeRegistry.java:410] - Adding type registration timestamp -> org.hibernate.type.BasicTypeReference@5c7e68d
2023-07-27 00:10:18,513 DEBUG [ForkJoinPool.commonPool-worker-1] o.h.t.BasicTypeRegistry [BasicTypeRegistry.java:410] - Adding type registration java.sql.Timestamp -> org.hibernate.type.BasicTypeReference@5c7e68d
2023-07-27 00:10:18,513 DEBUG [ForkJoinPool.commonPool-worker-1] o.h.t.BasicTypeRegistry [BasicTypeRegistry.java:410] - Adding type registration java.util.Date -> org.hibernate.type.BasicTypeReference@5c7e68d
2023-07-27 00:10:18,514 DEBUG [ForkJoinPool.commonPool-worker-1] o.h.t.BasicTypeRegistry [BasicTypeRegistry.java:410] - Adding type registration calendar -> org.hibernate.type.BasicTypeReference@731dc3e2
2023-07-27 00:10:18,514 DEBUG [ForkJoinPool.commonPool-worker-1] o.h.t.BasicTypeRegistry [BasicTypeRegistry.java:410] - Adding type registration java.util.Calendar -> org.hibernate.type.BasicTypeReference@731dc3e2
2023-07-27 00:10:18,514 DEBUG [ForkJoinPool.commonPool-worker-1] o.h.t.BasicTypeRegistry [BasicTypeRegistry.java:410] - Adding type registration java.util.GregorianCalendar -> org.hibernate.type.BasicTypeReference@731dc3e2
2023-07-27 00:10:18,515 DEBUG [ForkJoinPool.commonPool-worker-1] o.h.t.BasicTypeRegistry [BasicTypeRegistry.java:410] - Adding type registration calendar_date -> org.hibernate.type.BasicTypeReference@e743fb1
2023-07-27 00:10:18,515 DEBUG [ForkJoinPool.commonPool-worker-1] o.h.t.BasicTypeRegistry [BasicTypeRegistry.java:410] - Adding type registration calendar_time -> org.hibernate.type.BasicTypeReference@4e904348
2023-07-27 00:10:18,515 DEBUG [ForkJoinPool.commonPool-worker-1] o.h.t.BasicTypeRegistry [BasicTypeRegistry.java:410] - Adding type registration instant -> org.hibernate.type.BasicTypeReference@74d93799
2023-07-27 00:10:18,516 DEBUG [ForkJoinPool.commonPool-worker-1] o.h.t.BasicTypeRegistry [BasicTypeRegistry.java:410] - Adding type registration java.time.Instant -> org.hibernate.type.BasicTypeReference@74d93799
2023-07-27 00:10:18,516 DEBUG [ForkJoinPool.commonPool-worker-1] o.h.t.BasicTypeRegistry [BasicTypeRegistry.java:410] - Adding type registration uuid -> org.hibernate.type.BasicTypeReference@69c6f833
2023-07-27 00:10:18,516 DEBUG [ForkJoinPool.commonPool-worker-1] o.h.t.BasicTypeRegistry [BasicTypeRegistry.java:410] - Adding type registration java.util.UUID -> org.hibernate.type.BasicTypeReference@69c6f833
2023-07-27 00:10:18,516 DEBUG [ForkJoinPool.commonPool-worker-1] o.h.t.BasicTypeRegistry [BasicTypeRegistry.java:410] - Adding type registration pg-uuid -> org.hibernate.type.BasicTypeReference@69c6f833
2023-07-27 00:10:18,516 DEBUG [ForkJoinPool.commonPool-worker-1] o.h.t.BasicTypeRegistry [BasicTypeRegistry.java:410] - Adding type registration uuid-binary -> org.hibernate.type.BasicTypeReference@46e0db0d
2023-07-27 00:10:18,517 DEBUG [ForkJoinPool.commonPool-worker-1] o.h.t.BasicTypeRegistry [BasicTypeRegistry.java:410] - Adding type registration uuid-char -> org.hibernate.type.BasicTypeReference@aa65a9a
2023-07-27 00:10:18,518 DEBUG [ForkJoinPool.commonPool-worker-1] o.h.t.BasicTypeRegistry [BasicTypeRegistry.java:410] - Adding type registration class -> org.hibernate.type.BasicTypeReference@37fed1a8
2023-07-27 00:10:18,519 DEBUG [ForkJoinPool.commonPool-worker-1] o.h.t.BasicTypeRegistry [BasicTypeRegistry.java:410] - Adding type registration java.lang.Class -> org.hibernate.type.BasicTypeReference@37fed1a8
2023-07-27 00:10:18,519 DEBUG [ForkJoinPool.commonPool-worker-1] o.h.t.BasicTypeRegistry [BasicTypeRegistry.java:410] - Adding type registration currency -> org.hibernate.type.BasicTypeReference@295f269e
2023-07-27 00:10:18,519 DEBUG [ForkJoinPool.commonPool-worker-1] o.h.t.BasicTypeRegistry [BasicTypeRegistry.java:410] - Adding type registration Currency -> org.hibernate.type.BasicTypeReference@295f269e
2023-07-27 00:10:18,519 DEBUG [ForkJoinPool.commonPool-worker-1] o.h.t.BasicTypeRegistry [BasicTypeRegistry.java:410] - Adding type registration java.util.Currency -> org.hibernate.type.BasicTypeReference@295f269e
2023-07-27 00:10:18,519 DEBUG [ForkJoinPool.commonPool-worker-1] o.h.t.BasicTypeRegistry [BasicTypeRegistry.java:410] - Adding type registration locale -> org.hibernate.type.BasicTypeReference@1195dba5
2023-07-27 00:10:18,519 DEBUG [ForkJoinPool.commonPool-worker-1] o.h.t.BasicTypeRegistry [BasicTypeRegistry.java:410] - Adding type registration java.util.Locale -> org.hibernate.type.BasicTypeReference@1195dba5
2023-07-27 00:10:18,520 DEBUG [ForkJoinPool.commonPool-worker-1] o.h.t.BasicTypeRegistry [BasicTypeRegistry.java:410] - Adding type registration serializable -> org.hibernate.type.BasicTypeReference@50a72bae
2023-07-27 00:10:18,520 DEBUG [ForkJoinPool.commonPool-worker-1] o.h.t.BasicTypeRegistry [BasicTypeRegistry.java:410] - Adding type registration java.io.Serializable -> org.hibernate.type.BasicTypeReference@50a72bae
2023-07-27 00:10:18,520 DEBUG [ForkJoinPool.commonPool-worker-1] o.h.t.BasicTypeRegistry [BasicTypeRegistry.java:410] - Adding type registration timezone -> org.hibernate.type.BasicTypeReference@4d4963e
2023-07-27 00:10:18,520 DEBUG [ForkJoinPool.commonPool-worker-1] o.h.t.BasicTypeRegistry [BasicTypeRegistry.java:410] - Adding type registration java.util.TimeZone -> org.hibernate.type.BasicTypeReference@4d4963e
2023-07-27 00:10:18,521 DEBUG [ForkJoinPool.commonPool-worker-1] o.h.t.BasicTypeRegistry [BasicTypeRegistry.java:410] - Adding type registration ZoneOffset -> org.hibernate.type.BasicTypeReference@546f3bec
2023-07-27 00:10:18,521 DEBUG [ForkJoinPool.commonPool-worker-1] o.h.t.BasicTypeRegistry [BasicTypeRegistry.java:410] - Adding type registration java.time.ZoneOffset -> org.hibernate.type.BasicTypeReference@546f3bec
2023-07-27 00:10:18,521 DEBUG [ForkJoinPool.commonPool-worker-1] o.h.t.BasicTypeRegistry [BasicTypeRegistry.java:410] - Adding type registration url -> org.hibernate.type.BasicTypeReference@6b188a37
2023-07-27 00:10:18,521 DEBUG [ForkJoinPool.commonPool-worker-1] o.h.t.BasicTypeRegistry [BasicTypeRegistry.java:410] - Adding type registration java.net.URL -> org.hibernate.type.BasicTypeReference@6b188a37
2023-07-27 00:10:18,521 DEBUG [ForkJoinPool.commonPool-worker-1] o.h.t.BasicTypeRegistry [BasicTypeRegistry.java:410] - Adding type registration row_version -> org.hibernate.type.BasicTypeReference@20b26a1
2023-07-27 00:10:18,528 DEBUG [ForkJoinPool.commonPool-worker-1] o.h.t.BasicTypeRegistry [BasicTypeRegistry.java:385] - Adding type registration object -> org.hibernate.type.JavaObjectType@4898ec16
2023-07-27 00:10:18,529 DEBUG [ForkJoinPool.commonPool-worker-1] o.h.t.BasicTypeRegistry [BasicTypeRegistry.java:385] - Adding type registration java.lang.Object -> org.hibernate.type.JavaObjectType@4898ec16
2023-07-27 00:10:18,530 DEBUG [ForkJoinPool.commonPool-worker-1] o.h.t.BasicTypeRegistry [BasicTypeRegistry.java:385] - Adding type registration null -> org.hibernate.type.NullType@31035421
2023-07-27 00:10:18,531 DEBUG [ForkJoinPool.commonPool-worker-1] o.h.t.BasicTypeRegistry [BasicTypeRegistry.java:410] - Adding type registration imm_date -> org.hibernate.type.BasicTypeReference@6675acfe
2023-07-27 00:10:18,531 DEBUG [ForkJoinPool.commonPool-worker-1] o.h.t.BasicTypeRegistry [BasicTypeRegistry.java:410] - Adding type registration imm_time -> org.hibernate.type.BasicTypeReference@73c0dab9
2023-07-27 00:10:18,531 DEBUG [ForkJoinPool.commonPool-worker-1] o.h.t.BasicTypeRegistry [BasicTypeRegistry.java:410] - Adding type registration imm_timestamp -> org.hibernate.type.BasicTypeReference@6344987f
2023-07-27 00:10:18,531 DEBUG [ForkJoinPool.commonPool-worker-1] o.h.t.BasicTypeRegistry [BasicTypeRegistry.java:410] - Adding type registration imm_calendar -> org.hibernate.type.BasicTypeReference@48cd7a6a
2023-07-27 00:10:18,531 DEBUG [ForkJoinPool.commonPool-worker-1] o.h.t.BasicTypeRegistry [BasicTypeRegistry.java:410] - Adding type registration imm_calendar_date -> org.hibernate.type.BasicTypeReference@3142dd1
2023-07-27 00:10:18,531 DEBUG [ForkJoinPool.commonPool-worker-1] o.h.t.BasicTypeRegistry [BasicTypeRegistry.java:410] - Adding type registration imm_calendar_time -> org.hibernate.type.BasicTypeReference@76742a18
2023-07-27 00:10:18,531 DEBUG [ForkJoinPool.commonPool-worker-1] o.h.t.BasicTypeRegistry [BasicTypeRegistry.java:410] - Adding type registration imm_binary -> org.hibernate.type.BasicTypeReference@3134c3c9
2023-07-27 00:10:18,531 DEBUG [ForkJoinPool.commonPool-worker-1] o.h.t.BasicTypeRegistry [BasicTypeRegistry.java:410] - Adding type registration imm_serializable -> org.hibernate.type.BasicTypeReference@1289e1af
2023-07-27 00:10:18,571 INFO [ForkJoinPool.commonPool-worker-1] o.h.e.j.c.i.ConnectionProviderInitiator [ConnectionProviderInitiator.java:127] - HHH000130: Instantiating explicit connection provider: org.hibernate.c3p0.internal.C3P0ConnectionProvider
2023-07-27 00:10:18,575 INFO [ForkJoinPool.commonPool-worker-1] o.h.o.c.p.c3p0 [C3P0ConnectionProvider.java:111] - HHH010002: C3P0 using driver: org.h2.Driver at URL: jdbc:h2:file:./datafiles/testdb;DB_CLOSE_DELAY=-1;DB_CLOSE_ON_EXIT=FALSE
2023-07-27 00:10:18,576 INFO [ForkJoinPool.commonPool-worker-1] o.h.o.c.p.c3p0 [C3P0ConnectionProvider.java:112] - HHH10001001: Connection properties: {password=****, user=default}
2023-07-27 00:10:18,576 INFO [ForkJoinPool.commonPool-worker-1] o.h.o.c.p.c3p0 [C3P0ConnectionProvider.java:115] - HHH10001003: Autocommit mode: false
2023-07-27 00:10:18,597 INFO [MLog-Init-Reporter] c.m.v.l.MLog [Slf4jMLog.java:212] - MLog clients using slf4j logging.
2023-07-27 00:10:18,604 DEBUG [MLog-Init-Reporter] c.m.v.l.MLog [Slf4jMLog.java:207] - Reading VM config for path list /com/mchange/v2/log/default-mchange-log.properties, /mchange-commons.properties, /c3p0.properties, hocon:/reference,/application,/c3p0,/, /mchange-log.properties, /
2023-07-27 00:10:18,605 DEBUG [MLog-Init-Reporter] c.m.v.l.MLog [Slf4jMLog.java:207] - The configuration file for resource identifier '/mchange-commons.properties' could not be found. Skipping.
2023-07-27 00:10:18,605 DEBUG [MLog-Init-Reporter] c.m.v.l.MLog [Slf4jMLog.java:207] - The configuration file for resource identifier '/c3p0.properties' could not be found. Skipping.
2023-07-27 00:10:18,605 DEBUG [MLog-Init-Reporter] c.m.v.l.MLog [Slf4jMLog.java:207] - The configuration file for resource identifier 'hocon:/reference,/application,/c3p0,/' could not be found. Skipping.
2023-07-27 00:10:18,606 DEBUG [MLog-Init-Reporter] c.m.v.l.MLog [Slf4jMLog.java:207] - The configuration file for resource identifier '/mchange-log.properties' could not be found. Skipping.
2023-07-27 00:10:18,611 DEBUG [ForkJoinPool.commonPool-worker-1] c.m.v.c.MConfig [Slf4jMLog.java:207] - The configuration file for resource identifier '/mchange-commons.properties' could not be found. Skipping.
2023-07-27 00:10:18,611 DEBUG [ForkJoinPool.commonPool-worker-1] c.m.v.c.MConfig [Slf4jMLog.java:207] - The configuration file for resource identifier '/mchange-log.properties' could not be found. Skipping.
2023-07-27 00:10:18,611 DEBUG [ForkJoinPool.commonPool-worker-1] c.m.v.c.MConfig [Slf4jMLog.java:207] - The configuration file for resource identifier 'hocon:/reference,/application,/c3p0,/' could not be found. Skipping.
2023-07-27 00:10:18,611 DEBUG [ForkJoinPool.commonPool-worker-1] c.m.v.c.MConfig [Slf4jMLog.java:207] - The configuration file for resource identifier '/c3p0.properties' could not be found. Skipping.
2023-07-27 00:10:18,831 INFO [ForkJoinPool.commonPool-worker-1] c.m.v.c.C3P0Registry [Slf4jMLog.java:212] - Initializing c3p0-0.9.5.5 [built 11-December-2019 22:18:33 -0800; debug? true; trace: 10]
2023-07-27 00:10:18,854 DEBUG [ForkJoinPool.commonPool-worker-1] c.m.v.c.m.DynamicPooledDataSourceManagerMBean [Slf4jMLog.java:204] - MBean: com.mchange.v2.c3p0:type=PooledDataSource,identityToken=1hgf02xax154uutvs3hejq|257cb981,name=1hgf02xax154uutvs3hejq|257cb981 registered.
2023-07-27 00:10:18,873 DEBUG [ForkJoinPool.commonPool-worker-1] c.m.v.c.m.DynamicPooledDataSourceManagerMBean [Slf4jMLog.java:204] - MBean: com.mchange.v2.c3p0:type=PooledDataSource,identityToken=1hgf02xax154uutvs3hejq|257cb981,name=1hgf02xax154uutvs3hejq|257cb981 unregistered, in order to be reregistered after update.
2023-07-27 00:10:18,873 DEBUG [ForkJoinPool.commonPool-worker-1] c.m.v.c.m.DynamicPooledDataSourceManagerMBean [Slf4jMLog.java:204] - MBean: com.mchange.v2.c3p0:type=PooledDataSource,identityToken=1hgf02xax154uutvs3hejq|257cb981,name=1hgf02xax154uutvs3hejq|257cb981 registered.
2023-07-27 00:10:18,879 INFO [ForkJoinPool.commonPool-worker-1] o.h.o.c.p.c3p0 [C3P0ConnectionProvider.java:191] - HHH10001007: JDBC isolation level: <unknown>
2023-07-27 00:10:18,900 INFO [ForkJoinPool.commonPool-worker-1] c.m.v.c.i.AbstractPoolBackedDataSource [Slf4jMLog.java:212] - Initializing c3p0 pool... com.mchange.v2.c3p0.PoolBackedDataSource@d4671543 [ connectionPoolDataSource -> com.mchange.v2.c3p0.WrapperConnectionPoolDataSource@eb59c958 [ acquireIncrement -> 1, acquireRetryAttempts -> 30, acquireRetryDelay -> 1000, autoCommitOnClose -> false, automaticTestTable -> null, breakAfterAcquireFailure -> false, checkoutTimeout -> 0, connectionCustomizerClassName -> null, connectionTesterClassName -> com.mchange.v2.c3p0.impl.DefaultConnectionTester, contextClassLoaderSource -> caller, debugUnreturnedConnectionStackTraces -> false, factoryClassLocation -> null, forceIgnoreUnresolvedTransactions -> false, forceSynchronousCheckins -> false, identityToken -> 1hgf02xax154uutvs3hejq|3c7a13b0, idleConnectionTestPeriod -> 300, initialPoolSize -> 5, maxAdministrativeTaskTime -> 0, maxConnectionAge -> 0, maxIdleTime -> 1800, maxIdleTimeExcessConnections -> 0, maxPoolSize -> 20, maxStatements -> 50, maxStatementsPerConnection -> 0, minPoolSize -> 5, nestedDataSource -> com.mchange.v2.c3p0.DriverManagerDataSource@d5bacbb6 [ description -> null, driverClass -> null, factoryClassLocation -> null, forceUseNamedDriverClass -> false, identityToken -> 1hgf02xax154uutvs3hejq|175fc5be, jdbcUrl -> jdbc:h2:file:./datafiles/testdb;DB_CLOSE_DELAY=-1;DB_CLOSE_ON_EXIT=FALSE, properties -> {password=******, user=******} ], preferredTestQuery -> null, privilegeSpawnedThreads -> false, propertyCycle -> 0, statementCacheNumDeferredCloseThreads -> 0, testConnectionOnCheckin -> false, testConnectionOnCheckout -> false, unreturnedConnectionTimeout -> 0, usesTraditionalReflectiveProxies -> false; userOverrides: {} ], dataSourceName -> null, extensions -> {}, factoryClassLocation -> null, identityToken -> 1hgf02xax154uutvs3hejq|257cb981, numHelperThreads -> 3 ]
2023-07-27 00:10:18,914 DEBUG [ForkJoinPool.commonPool-worker-1] c.m.v.c.MConfig [Slf4jMLog.java:207] - The configuration file for resource identifier '/mchange-commons.properties' could not be found. Skipping.
2023-07-27 00:10:18,915 DEBUG [ForkJoinPool.commonPool-worker-1] c.m.v.c.MConfig [Slf4jMLog.java:207] - The configuration file for resource identifier '/mchange-log.properties' could not be found. Skipping.
2023-07-27 00:10:18,915 DEBUG [ForkJoinPool.commonPool-worker-1] c.m.v.c.MConfig [Slf4jMLog.java:207] - The configuration file for resource identifier '/c3p0.properties' could not be found. Skipping.
2023-07-27 00:10:18,916 DEBUG [ForkJoinPool.commonPool-worker-1] c.m.v.c.MConfig [Slf4jMLog.java:207] - The configuration file for resource identifier 'hocon:/reference,/application,/c3p0,/' could not be found. Skipping.
2023-07-27 00:10:18,917 DEBUG [ForkJoinPool.commonPool-worker-1] c.m.v.r.BasicResourcePool [Slf4jMLog.java:204] - com.mchange.v2.resourcepool.BasicResourcePool@52795ee9 config: [start -> 5; min -> 5; max -> 20; inc -> 1; num_acq_attempts -> 30; acq_attempt_delay -> 1000; check_idle_resources_delay -> 300000; max_resource_age -> 0; max_idle_time -> 1800000; excess_max_idle_time -> 0; destroy_unreturned_resc_time -> 0; expiration_enforcement_delay -> 450000; break_on_acquisition_failure -> false; debug_store_checkout_exceptions -> false; force_synchronous_checkins -> false]
2023-07-27 00:10:18,918 DEBUG [ForkJoinPool.commonPool-worker-1] c.m.v.c.i.C3P0PooledConnectionPoolManager [Slf4jMLog.java:204] - Created new pool for auth, username (masked): 'de******'.
2023-07-27 00:10:18,918 DEBUG [ForkJoinPool.commonPool-worker-1] c.m.v.r.BasicResourcePool [Slf4jMLog.java:204] - acquire test -- pool size: 0; target_pool_size: 5; desired target? 1
2023-07-27 00:10:18,918 DEBUG [ForkJoinPool.commonPool-worker-1] c.m.v.r.BasicResourcePool [Slf4jMLog.java:204] - awaitAvailable(): [unknown]
