2023-07-27 00:00:46,058 INFO [ForkJoinPool.commonPool-worker-1] c.m.v.c.C3P0Registry [Slf4jMLog.java:212] - Initializing c3p0-0.9.5.5 [built 11-December-2019 22:18:33 -0800; debug? true; trace: 10]
2023-07-27 00:00:46,078 DEBUG [ForkJoinPool.commonPool-worker-1] c.m.v.c.m.DynamicPooledDataSourceManagerMBean [Slf4jMLog.java:204] - MBean: com.mchange.v2.c3p0:type=PooledDataSource,identityToken=1hgf02xax154ikukx51uuu|48feee54,name=1hgf02xax154ikukx51uuu|48feee54 registered.
2023-07-27 00:00:46,095 DEBUG [ForkJoinPool.commonPool-worker-1] c.m.v.c.m.DynamicPooledDataSourceManagerMBean [Slf4jMLog.java:204] - MBean: com.mchange.v2.c3p0:type=PooledDataSource,identityToken=1hgf02xax154ikukx51uuu|48feee54,name=1hgf02xax154ikukx51uuu|48feee54 unregistered, in order to be reregistered after update.
2023-07-27 00:00:46,096 DEBUG [ForkJoinPool.commonPool-worker-1] c.m.v.c.m.DynamicPooledDataSourceManagerMBean [Slf4jMLog.java:204] - MBean: com.mchange.v2.c3p0:type=PooledDataSource,identityToken=1hgf02xax154ikukx51uuu|48feee54,name=1hgf02xax154ikukx51uuu|48feee54 registered.
2023-07-27 00:00:46,102 INFO [ForkJoinPool.commonPool-worker-1] o.h.o.c.p.c3p0 [C3P0ConnectionProvider.java:191] - HHH10001007: JDBC isolation level: <unknown>
2023-07-27 00:00:46,120 INFO [ForkJoinPool.commonPool-worker-1] c.m.v.c.i.AbstractPoolBackedDataSource [Slf4jMLog.java:212] - Initializing c3p0 pool... com.mchange.v2.c3p0.PoolBackedDataSource@cef81ef3 [ connectionPoolDataSource -> com.mchange.v2.c3p0.WrapperConnectionPoolDataSource@22ce100e [ acquireIncrement -> 1, acquireRetryAttempts -> 30, acquireRetryDelay -> 1000, autoCommitOnClose -> false, automaticTestTable -> null, breakAfterAcquireFailure -> false, checkoutTimeout -> 0, connectionCustomizerClassName -> null, connectionTesterClassName -> com.mchange.v2.c3p0.impl.DefaultConnectionTester, contextClassLoaderSource -> caller, debugUnreturnedConnectionStackTraces -> false, factoryClassLocation -> null, forceIgnoreUnresolvedTransactions -> false, forceSynchronousCheckins -> false, identityToken -> 1hgf02xax154ikukx51uuu|566eb768, idleConnectionTestPeriod -> 300, initialPoolSize -> 5, maxAdministrativeTaskTime -> 0, maxConnectionAge -> 0, maxIdleTime -> 1800, maxIdleTimeExcessConnections -> 0, maxPoolSize -> 20, maxStatements -> 50, maxStatementsPerConnection -> 0, minPoolSize -> 5, nestedDataSource -> com.mchange.v2.c3p0.DriverManagerDataSource@ec1b970a [ description -> null, driverClass -> null, factoryClassLocation -> null, forceUseNamedDriverClass -> false, identityToken -> 1hgf02xax154ikukx51uuu|7861c4ec, jdbcUrl -> jdbc:h2:file:./datafiles/testdb;DB_CLOSE_DELAY=-1;DB_CLOSE_ON_EXIT=FALSE, properties -> {password=******, user=******} ], preferredTestQuery -> null, privilegeSpawnedThreads -> false, propertyCycle -> 0, statementCacheNumDeferredCloseThreads -> 0, testConnectionOnCheckin -> false, testConnectionOnCheckout -> false, unreturnedConnectionTimeout -> 0, usesTraditionalReflectiveProxies -> false; userOverrides: {} ], dataSourceName -> null, extensions -> {}, factoryClassLocation -> null, identityToken -> 1hgf02xax154ikukx51uuu|48feee54, numHelperThreads -> 3 ]
2023-07-27 00:00:46,133 DEBUG [ForkJoinPool.commonPool-worker-1] c.m.v.c.MConfig [Slf4jMLog.java:207] - The configuration file for resource identifier '/mchange-commons.properties' could not be found. Skipping.
2023-07-27 00:00:46,133 DEBUG [ForkJoinPool.commonPool-worker-1] c.m.v.c.MConfig [Slf4jMLog.java:207] - The configuration file for resource identifier '/mchange-log.properties' could not be found. Skipping.
2023-07-27 00:00:46,133 DEBUG [ForkJoinPool.commonPool-worker-1] c.m.v.c.MConfig [Slf4jMLog.java:207] - The configuration file for resource identifier '/c3p0.properties' could not be found. Skipping.
2023-07-27 00:00:46,133 DEBUG [ForkJoinPool.commonPool-worker-1] c.m.v.c.MConfig [Slf4jMLog.java:207] - The configuration file for resource identifier 'hocon:/reference,/application,/c3p0,/' could not be found. Skipping.
2023-07-27 00:00:46,135 DEBUG [ForkJoinPool.commonPool-worker-1] c.m.v.r.BasicResourcePool [Slf4jMLog.java:204] - com.mchange.v2.resourcepool.BasicResourcePool@43e324af config: [start -> 5; min -> 5; max -> 20; inc -> 1; num_acq_attempts -> 30; acq_attempt_delay -> 1000; check_idle_resources_delay -> 300000; max_resource_age -> 0; max_idle_time -> 1800000; excess_max_idle_time -> 0; destroy_unreturned_resc_time -> 0; expiration_enforcement_delay -> 450000; break_on_acquisition_failure -> false; debug_store_checkout_exceptions -> false; force_synchronous_checkins -> false]
2023-07-27 00:00:46,135 DEBUG [ForkJoinPool.commonPool-worker-1] c.m.v.c.i.C3P0PooledConnectionPoolManager [Slf4jMLog.java:204] - Created new pool for auth, username (masked): 'de******'.
2023-07-27 00:00:46,135 DEBUG [ForkJoinPool.commonPool-worker-1] c.m.v.r.BasicResourcePool [Slf4jMLog.java:204] - acquire test -- pool size: 0; target_pool_size: 5; desired target? 1
2023-07-27 00:00:46,135 DEBUG [ForkJoinPool.commonPool-worker-1] c.m.v.r.BasicResourcePool [Slf4jMLog.java:204] - awaitAvailable(): [unknown]
2023-07-27 00:00:46,493 DEBUG [ForkJoinPool.commonPool-worker-1] o.h.e.j.e.i.JdbcEnvironmentInitiator [JdbcEnvironmentInitiator.java:156] - Database ->
       name : H2
    version : 2.2.220 (2023-07-04)
      major : 2
      minor : 2
2023-07-27 00:00:46,494 DEBUG [ForkJoinPool.commonPool-worker-1] o.h.e.j.e.i.JdbcEnvironmentInitiator [JdbcEnvironmentInitiator.java:167] - Driver ->
       name : H2 JDBC Driver
    version : 2.2.220 (2023-07-04)
      major : 2
      minor : 2
2023-07-27 00:00:46,494 DEBUG [ForkJoinPool.commonPool-worker-1] o.h.e.j.e.i.JdbcEnvironmentInitiator [DelegatingBasicLogger.java:389] - JDBC version : 4.2
2023-07-27 00:00:46,524 DEBUG [ForkJoinPool.commonPool-worker-1] o.h.o.dialect [DialectFactoryImpl.java:93] - HHH035001: Using dialect: org.hibernate.dialect.H2Dialect, version: 2.2.220
2023-07-27 00:00:46,531 DEBUG [ForkJoinPool.commonPool-worker-1] o.h.e.j.e.s.IdentifierHelperBuilder [IdentifierHelperBuilder.java:116] - JDBC driver metadata reported database stores quoted identifiers in neither upper, lower nor mixed case
2023-07-27 00:00:46,554 DEBUG [ForkJoinPool.commonPool-worker-1] o.h.t.d.j.s.JdbcTypeRegistry [JdbcTypeRegistry.java:56] - addDescriptor(NCharTypeDescriptor) replaced previous registration(CharTypeDescriptor)
2023-07-27 00:00:46,555 DEBUG [ForkJoinPool.commonPool-worker-1] o.h.t.d.j.s.JdbcTypeRegistry [JdbcTypeRegistry.java:56] - addDescriptor(NVarcharTypeDescriptor) replaced previous registration(VarcharTypeDescriptor)
2023-07-27 00:00:46,556 DEBUG [ForkJoinPool.commonPool-worker-1] o.h.t.d.j.s.JdbcTypeRegistry [JdbcTypeRegistry.java:56] - addDescriptor(LongNVarcharTypeDescriptor) replaced previous registration(LongVarcharTypeDescriptor)
2023-07-27 00:00:46,560 DEBUG [ForkJoinPool.commonPool-worker-1] o.h.t.d.j.s.JdbcTypeRegistry [JdbcTypeRegistry.java:56] - addDescriptor(NClobTypeDescriptor(DEFAULT)) replaced previous registration(ClobTypeDescriptor(DEFAULT))
2023-07-27 00:00:46,561 DEBUG [ForkJoinPool.commonPool-worker-1] o.h.t.d.j.s.JdbcTypeRegistry [JdbcTypeRegistry.java:64] - addDescriptor(2005, ClobTypeDescriptor(STREAM_BINDING)) replaced previous registration(ClobTypeDescriptor(DEFAULT))
2023-07-27 00:00:46,566 DEBUG [ForkJoinPool.commonPool-worker-1] o.h.t.d.j.s.JdbcTypeRegistry [JdbcTypeRegistry.java:56] - addDescriptor(TimestampUtcDescriptor) replaced previous registration(TimestampUtcDescriptor)
2023-07-27 00:00:46,571 DEBUG [ForkJoinPool.commonPool-worker-1] o.h.t.d.j.s.JdbcTypeRegistry [JdbcTypeRegistry.java:64] - addDescriptor(3100, NumericTypeDescriptor) replaced previous registration(org.hibernate.dialect.H2DurationIntervalSecondJdbcType@6e09e0d2)
2023-07-27 00:00:46,577 DEBUG [ForkJoinPool.commonPool-worker-1] o.h.t.s.TypeConfiguration$Scope [TypeConfiguration.java:191] - Scoping TypeConfiguration [org.hibernate.type.spi.TypeConfiguration@68fa4ae6] to MetadataBuildingContext [org.hibernate.boot.internal.MetadataBuildingContextRootImpl@3b55f9ef]
2023-07-27 00:00:46,621 DEBUG [ForkJoinPool.commonPool-worker-1] o.h.b.m.r.Namespace [Namespace.java:64] - Created database namespace [logicalName=Name{catalog=null, schema=null}, physicalName=Name{catalog=null, schema=null}]
2023-07-27 00:00:46,654 DEBUG [ForkJoinPool.commonPool-worker-1] o.h.b.m.i.EntityBinder [EntityBinder.java:206] - Binding entity from annotated class: de.fhdw.freefeser.app.databases.entities.AppChatbot
2023-07-27 00:00:46,664 DEBUG [ForkJoinPool.commonPool-worker-1] o.h.b.m.i.EntityBinder [EntityBinder.java:1224] - Import with entity name AppChatbot
2023-07-27 00:00:46,671 DEBUG [ForkJoinPool.commonPool-worker-1] o.h.b.m.i.EntityBinder [EntityBinder.java:1769] - Bind entity de.fhdw.freefeser.app.databases.entities.AppChatbot on table AppChatbot
2023-07-27 00:00:46,680 DEBUG [ForkJoinPool.commonPool-worker-1] o.h.b.m.i.AnnotatedColumn [AnnotatedColumn.java:249] - Binding column: AnnotatedDiscriminatorColumn(column='DTYPE')
2023-07-27 00:00:46,699 DEBUG [ForkJoinPool.commonPool-worker-1] o.h.b.m.i.AnnotatedColumn [AnnotatedColumn.java:249] - Binding column: AnnotatedColumn()
2023-07-27 00:00:46,700 DEBUG [ForkJoinPool.commonPool-worker-1] o.h.b.i.ClassLoaderAccessImpl [ClassLoaderAccessImpl.java:60] - Not known whether passed class name [de.fhdw.freefeser.app.databases.entities.AppChatbot] is safe
2023-07-27 00:00:46,700 DEBUG [ForkJoinPool.commonPool-worker-1] o.h.b.i.ClassLoaderAccessImpl [ClassLoaderAccessImpl.java:62] - No temp ClassLoader provided; using live ClassLoader for loading potentially unsafe class : de.fhdw.freefeser.app.databases.entities.AppChatbot
2023-07-27 00:00:46,704 DEBUG [ForkJoinPool.commonPool-worker-1] o.h.b.m.i.PropertyBinder [PropertyBinder.java:248] - MetadataSourceProcessor property id with lazy=false
2023-07-27 00:00:46,713 DEBUG [ForkJoinPool.commonPool-worker-1] o.h.b.m.i.AbstractPropertyHolder [AbstractPropertyHolder.java:107] - Attempting to locate auto-apply AttributeConverter for property [de.fhdw.freefeser.app.databases.entities.AppChatbot:id]
2023-07-27 00:00:46,722 DEBUG [ForkJoinPool.commonPool-worker-1] o.h.b.m.i.BasicValueBinder [BasicValueBinder.java:1196] - building BasicValue for id
2023-07-27 00:00:46,728 DEBUG [ForkJoinPool.commonPool-worker-1] o.h.m.BasicValue [BasicValue.java:259] - Skipping column re-registration: AppChatbot.id
2023-07-27 00:00:46,732 DEBUG [ForkJoinPool.commonPool-worker-1] o.h.b.m.i.PropertyBinder [PropertyBinder.java:388] - Building property id
2023-07-27 00:00:46,738 DEBUG [ForkJoinPool.commonPool-worker-1] o.h.b.m.i.BinderHelper [GeneratorBinder.java:73] - #makeIdGenerator(BasicValue([Column(id)]), id, org.hibernate.id.UUIDGenerator, , ...)
2023-07-27 00:00:46,742 DEBUG [ForkJoinPool.commonPool-worker-1] o.h.b.m.i.AnnotatedColumn [AnnotatedColumn.java:249] - Binding column: AnnotatedColumn()
2023-07-27 00:00:46,743 DEBUG [ForkJoinPool.commonPool-worker-1] o.h.b.m.i.PropertyBinder [PropertyBinder.java:248] - MetadataSourceProcessor property active with lazy=false
2023-07-27 00:00:46,743 DEBUG [ForkJoinPool.commonPool-worker-1] o.h.b.m.i.AbstractPropertyHolder [AbstractPropertyHolder.java:107] - Attempting to locate auto-apply AttributeConverter for property [de.fhdw.freefeser.app.databases.entities.AppChatbot:active]
2023-07-27 00:00:46,744 DEBUG [ForkJoinPool.commonPool-worker-1] o.h.b.m.i.BasicValueBinder [BasicValueBinder.java:1196] - building BasicValue for active
2023-07-27 00:00:46,745 DEBUG [ForkJoinPool.commonPool-worker-1] o.h.m.BasicValue [BasicValue.java:259] - Skipping column re-registration: AppChatbot.active
2023-07-27 00:00:46,745 DEBUG [ForkJoinPool.commonPool-worker-1] o.h.b.m.i.PropertyBinder [PropertyBinder.java:388] - Building property active
2023-07-27 00:00:46,747 DEBUG [ForkJoinPool.commonPool-worker-1] o.h.b.m.i.AnnotatedColumn [AnnotatedColumn.java:249] - Binding column: AnnotatedColumn()
2023-07-27 00:00:46,748 DEBUG [ForkJoinPool.commonPool-worker-1] o.h.b.m.i.PropertyBinder [PropertyBinder.java:248] - MetadataSourceProcessor property botname with lazy=false
2023-07-27 00:00:46,748 DEBUG [ForkJoinPool.commonPool-worker-1] o.h.b.m.i.AbstractPropertyHolder [AbstractPropertyHolder.java:107] - Attempting to locate auto-apply AttributeConverter for property [de.fhdw.freefeser.app.databases.entities.AppChatbot:botname]
2023-07-27 00:00:46,749 DEBUG [ForkJoinPool.commonPool-worker-1] o.h.b.m.i.BasicValueBinder [BasicValueBinder.java:1196] - building BasicValue for botname
2023-07-27 00:00:46,749 DEBUG [ForkJoinPool.commonPool-worker-1] o.h.m.BasicValue [BasicValue.java:259] - Skipping column re-registration: AppChatbot.botname
2023-07-27 00:00:46,750 DEBUG [ForkJoinPool.commonPool-worker-1] o.h.b.m.i.PropertyBinder [PropertyBinder.java:388] - Building property botname
2023-07-27 00:00:46,758 DEBUG [ForkJoinPool.commonPool-worker-1] o.h.b.m.i.EntityBinder [EntityBinder.java:206] - Binding entity from annotated class: de.fhdw.freefeser.app.databases.entities.AppChatMessage
2023-07-27 00:00:46,759 DEBUG [ForkJoinPool.commonPool-worker-1] o.h.b.m.i.EntityBinder [EntityBinder.java:1224] - Import with entity name AppChatMessage
2023-07-27 00:00:46,759 DEBUG [ForkJoinPool.commonPool-worker-1] o.h.b.m.i.EntityBinder [EntityBinder.java:1769] - Bind entity de.fhdw.freefeser.app.databases.entities.AppChatMessage on table AppChatMessage
2023-07-27 00:00:46,759 DEBUG [ForkJoinPool.commonPool-worker-1] o.h.b.m.i.AnnotatedColumn [AnnotatedColumn.java:249] - Binding column: AnnotatedDiscriminatorColumn(column='DTYPE')
2023-07-27 00:00:46,768 DEBUG [ForkJoinPool.commonPool-worker-1] o.h.b.m.i.AnnotatedColumn [AnnotatedColumn.java:249] - Binding column: AnnotatedColumn(column='id')
2023-07-27 00:00:46,768 DEBUG [ForkJoinPool.commonPool-worker-1] o.h.b.i.ClassLoaderAccessImpl [ClassLoaderAccessImpl.java:60] - Not known whether passed class name [de.fhdw.freefeser.app.databases.entities.AppChatMessage] is safe
2023-07-27 00:00:46,768 DEBUG [ForkJoinPool.commonPool-worker-1] o.h.b.i.ClassLoaderAccessImpl [ClassLoaderAccessImpl.java:62] - No temp ClassLoader provided; using live ClassLoader for loading potentially unsafe class : de.fhdw.freefeser.app.databases.entities.AppChatMessage
2023-07-27 00:00:46,768 DEBUG [ForkJoinPool.commonPool-worker-1] o.h.b.m.i.PropertyBinder [PropertyBinder.java:248] - MetadataSourceProcessor property id with lazy=false
2023-07-27 00:00:46,769 DEBUG [ForkJoinPool.commonPool-worker-1] o.h.b.m.i.AbstractPropertyHolder [AbstractPropertyHolder.java:107] - Attempting to locate auto-apply AttributeConverter for property [de.fhdw.freefeser.app.databases.entities.AppChatMessage:id]
2023-07-27 00:00:46,769 DEBUG [ForkJoinPool.commonPool-worker-1] o.h.b.m.i.BasicValueBinder [BasicValueBinder.java:1196] - building BasicValue for id
2023-07-27 00:00:46,769 DEBUG [ForkJoinPool.commonPool-worker-1] o.h.m.BasicValue [BasicValue.java:259] - Skipping column re-registration: AppChatMessage.id
2023-07-27 00:00:46,769 DEBUG [ForkJoinPool.commonPool-worker-1] o.h.b.m.i.PropertyBinder [PropertyBinder.java:388] - Building property id
2023-07-27 00:00:46,769 DEBUG [ForkJoinPool.commonPool-worker-1] o.h.b.m.i.BinderHelper [GeneratorBinder.java:73] - #makeIdGenerator(BasicValue([Column(id)]), id, org.hibernate.id.UUIDGenerator, , ...)
2023-07-27 00:00:46,773 DEBUG [ForkJoinPool.commonPool-worker-1] o.h.b.m.i.AnnotatedColumn [AnnotatedColumn.java:249] - Binding column: AnnotatedJoinColumn()
2023-07-27 00:00:46,773 DEBUG [ForkJoinPool.commonPool-worker-1] o.h.b.m.i.AnnotatedColumn [AnnotatedColumn.java:249] - Binding column: AnnotatedColumn()
2023-07-27 00:00:46,784 DEBUG [ForkJoinPool.commonPool-worker-1] o.h.b.m.i.PropertyBinder [PropertyBinder.java:388] - Building property chatbot
2023-07-27 00:00:46,784 DEBUG [ForkJoinPool.commonPool-worker-1] o.h.b.m.i.AnnotatedColumn [AnnotatedColumn.java:249] - Binding column: AnnotatedColumn(column='text')
2023-07-27 00:00:46,785 DEBUG [ForkJoinPool.commonPool-worker-1] o.h.b.m.i.PropertyBinder [PropertyBinder.java:248] - MetadataSourceProcessor property text with lazy=false
2023-07-27 00:00:46,785 DEBUG [ForkJoinPool.commonPool-worker-1] o.h.b.m.i.AbstractPropertyHolder [AbstractPropertyHolder.java:107] - Attempting to locate auto-apply AttributeConverter for property [de.fhdw.freefeser.app.databases.entities.AppChatMessage:text]
2023-07-27 00:00:46,785 DEBUG [ForkJoinPool.commonPool-worker-1] o.h.b.m.i.BasicValueBinder [BasicValueBinder.java:1196] - building BasicValue for text
2023-07-27 00:00:46,785 DEBUG [ForkJoinPool.commonPool-worker-1] o.h.m.BasicValue [BasicValue.java:259] - Skipping column re-registration: AppChatMessage.text
2023-07-27 00:00:46,785 DEBUG [ForkJoinPool.commonPool-worker-1] o.h.b.m.i.PropertyBinder [PropertyBinder.java:388] - Building property text
2023-07-27 00:00:46,786 DEBUG [ForkJoinPool.commonPool-worker-1] o.h.b.m.i.AnnotatedColumn [AnnotatedColumn.java:249] - Binding column: AnnotatedColumn(column='timestamp')
2023-07-27 00:00:46,788 DEBUG [ForkJoinPool.commonPool-worker-1] o.h.b.m.i.PropertyBinder [PropertyBinder.java:248] - MetadataSourceProcessor property timestamp with lazy=false
2023-07-27 00:00:46,789 DEBUG [ForkJoinPool.commonPool-worker-1] o.h.b.m.i.AbstractPropertyHolder [AbstractPropertyHolder.java:107] - Attempting to locate auto-apply AttributeConverter for property [de.fhdw.freefeser.app.databases.entities.AppChatMessage:timestamp]
2023-07-27 00:00:46,789 DEBUG [ForkJoinPool.commonPool-worker-1] o.h.b.m.i.BasicValueBinder [BasicValueBinder.java:1196] - building BasicValue for timestamp
2023-07-27 00:00:46,789 DEBUG [ForkJoinPool.commonPool-worker-1] o.h.m.BasicValue [BasicValue.java:259] - Skipping column re-registration: AppChatMessage.timestamp
2023-07-27 00:00:46,789 DEBUG [ForkJoinPool.commonPool-worker-1] o.h.b.m.i.PropertyBinder [PropertyBinder.java:388] - Building property timestamp
2023-07-27 00:00:46,790 DEBUG [ForkJoinPool.commonPool-worker-1] o.h.b.m.i.AnnotatedColumn [AnnotatedColumn.java:249] - Binding column: AnnotatedJoinColumn()
2023-07-27 00:00:46,790 DEBUG [ForkJoinPool.commonPool-worker-1] o.h.b.m.i.AnnotatedColumn [AnnotatedColumn.java:249] - Binding column: AnnotatedColumn()
2023-07-27 00:00:46,791 DEBUG [ForkJoinPool.commonPool-worker-1] o.h.b.m.i.PropertyBinder [PropertyBinder.java:388] - Building property user
2023-07-27 00:00:46,792 DEBUG [ForkJoinPool.commonPool-worker-1] o.h.b.m.i.EntityBinder [EntityBinder.java:206] - Binding entity from annotated class: de.fhdw.freefeser.app.databases.entities.AppUser
2023-07-27 00:00:46,795 DEBUG [ForkJoinPool.commonPool-worker-1] o.h.b.m.i.EntityBinder [EntityBinder.java:1224] - Import with entity name AppUser
2023-07-27 00:00:46,796 DEBUG [ForkJoinPool.commonPool-worker-1] o.h.b.m.i.EntityBinder [EntityBinder.java:1769] - Bind entity de.fhdw.freefeser.app.databases.entities.AppUser on table AppUser
2023-07-27 00:00:46,797 DEBUG [ForkJoinPool.commonPool-worker-1] o.h.b.m.i.AnnotatedColumn [AnnotatedColumn.java:249] - Binding column: AnnotatedDiscriminatorColumn(column='DTYPE')
2023-07-27 00:00:46,799 DEBUG [ForkJoinPool.commonPool-worker-1] o.h.b.m.i.AnnotatedColumn [AnnotatedColumn.java:249] - Binding column: AnnotatedColumn()
2023-07-27 00:00:46,799 DEBUG [ForkJoinPool.commonPool-worker-1] o.h.b.i.ClassLoaderAccessImpl [ClassLoaderAccessImpl.java:60] - Not known whether passed class name [de.fhdw.freefeser.app.databases.entities.AppUser] is safe
2023-07-27 00:00:46,799 DEBUG [ForkJoinPool.commonPool-worker-1] o.h.b.i.ClassLoaderAccessImpl [ClassLoaderAccessImpl.java:62] - No temp ClassLoader provided; using live ClassLoader for loading potentially unsafe class : de.fhdw.freefeser.app.databases.entities.AppUser
2023-07-27 00:00:46,799 DEBUG [ForkJoinPool.commonPool-worker-1] o.h.b.m.i.PropertyBinder [PropertyBinder.java:248] - MetadataSourceProcessor property id with lazy=false
2023-07-27 00:00:46,799 DEBUG [ForkJoinPool.commonPool-worker-1] o.h.b.m.i.AbstractPropertyHolder [AbstractPropertyHolder.java:107] - Attempting to locate auto-apply AttributeConverter for property [de.fhdw.freefeser.app.databases.entities.AppUser:id]
2023-07-27 00:00:46,800 DEBUG [ForkJoinPool.commonPool-worker-1] o.h.b.m.i.BasicValueBinder [BasicValueBinder.java:1196] - building BasicValue for id
2023-07-27 00:00:46,800 DEBUG [ForkJoinPool.commonPool-worker-1] o.h.m.BasicValue [BasicValue.java:259] - Skipping column re-registration: AppUser.id
2023-07-27 00:00:46,800 DEBUG [ForkJoinPool.commonPool-worker-1] o.h.b.m.i.PropertyBinder [PropertyBinder.java:388] - Building property id
2023-07-27 00:00:46,800 DEBUG [ForkJoinPool.commonPool-worker-1] o.h.b.m.i.BinderHelper [GeneratorBinder.java:73] - #makeIdGenerator(BasicValue([Column(id)]), id, org.hibernate.id.UUIDGenerator, , ...)
2023-07-27 00:00:46,800 DEBUG [ForkJoinPool.commonPool-worker-1] o.h.b.m.i.AnnotatedColumn [AnnotatedColumn.java:249] - Binding column: AnnotatedColumn()
2023-07-27 00:00:46,801 DEBUG [ForkJoinPool.commonPool-worker-1] o.h.b.m.i.PropertyBinder [PropertyBinder.java:248] - MetadataSourceProcessor property password with lazy=false
2023-07-27 00:00:46,801 DEBUG [ForkJoinPool.commonPool-worker-1] o.h.b.m.i.AbstractPropertyHolder [AbstractPropertyHolder.java:107] - Attempting to locate auto-apply AttributeConverter for property [de.fhdw.freefeser.app.databases.entities.AppUser:password]
2023-07-27 00:00:46,801 DEBUG [ForkJoinPool.commonPool-worker-1] o.h.b.m.i.BasicValueBinder [BasicValueBinder.java:1196] - building BasicValue for password
2023-07-27 00:00:46,801 DEBUG [ForkJoinPool.commonPool-worker-1] o.h.m.BasicValue [BasicValue.java:259] - Skipping column re-registration: AppUser.password
2023-07-27 00:00:46,801 DEBUG [ForkJoinPool.commonPool-worker-1] o.h.b.m.i.PropertyBinder [PropertyBinder.java:388] - Building property password
2023-07-27 00:00:46,802 DEBUG [ForkJoinPool.commonPool-worker-1] o.h.b.m.i.AnnotatedColumn [AnnotatedColumn.java:249] - Binding column: AnnotatedColumn()
2023-07-27 00:00:46,802 DEBUG [ForkJoinPool.commonPool-worker-1] o.h.b.m.i.PropertyBinder [PropertyBinder.java:248] - MetadataSourceProcessor property username with lazy=false
2023-07-27 00:00:46,802 DEBUG [ForkJoinPool.commonPool-worker-1] o.h.b.m.i.AbstractPropertyHolder [AbstractPropertyHolder.java:107] - Attempting to locate auto-apply AttributeConverter for property [de.fhdw.freefeser.app.databases.entities.AppUser:username]
2023-07-27 00:00:46,802 DEBUG [ForkJoinPool.commonPool-worker-1] o.h.b.m.i.BasicValueBinder [BasicValueBinder.java:1196] - building BasicValue for username
2023-07-27 00:00:46,803 DEBUG [ForkJoinPool.commonPool-worker-1] o.h.m.BasicValue [BasicValue.java:259] - Skipping column re-registration: AppUser.username
2023-07-27 00:00:46,803 DEBUG [ForkJoinPool.commonPool-worker-1] o.h.b.m.i.PropertyBinder [PropertyBinder.java:388] - Building property username
2023-07-27 00:00:46,806 DEBUG [ForkJoinPool.commonPool-worker-1] o.h.b.m.i.BasicValueBinder [BasicValueBinder.java:1270] - Starting `BasicValueBinder#fillSimpleValue` for id
2023-07-27 00:00:46,811 DEBUG [ForkJoinPool.commonPool-worker-1] o.h.b.m.i.BasicValueBinder [BasicValueBinder.java:1270] - Starting `BasicValueBinder#fillSimpleValue` for active
2023-07-27 00:00:46,812 DEBUG [ForkJoinPool.commonPool-worker-1] o.h.b.m.i.BasicValueBinder [BasicValueBinder.java:1270] - Starting `BasicValueBinder#fillSimpleValue` for botname
2023-07-27 00:00:46,812 DEBUG [ForkJoinPool.commonPool-worker-1] o.h.b.m.i.BasicValueBinder [BasicValueBinder.java:1270] - Starting `BasicValueBinder#fillSimpleValue` for id
2023-07-27 00:00:46,812 DEBUG [ForkJoinPool.commonPool-worker-1] o.h.b.m.i.BasicValueBinder [BasicValueBinder.java:1270] - Starting `BasicValueBinder#fillSimpleValue` for text
2023-07-27 00:00:46,812 DEBUG [ForkJoinPool.commonPool-worker-1] o.h.b.m.i.BasicValueBinder [BasicValueBinder.java:1270] - Starting `BasicValueBinder#fillSimpleValue` for timestamp
2023-07-27 00:00:46,814 DEBUG [ForkJoinPool.commonPool-worker-1] o.h.b.m.i.BasicValueBinder [BasicValueBinder.java:1270] - Starting `BasicValueBinder#fillSimpleValue` for id
2023-07-27 00:00:46,814 DEBUG [ForkJoinPool.commonPool-worker-1] o.h.b.m.i.BasicValueBinder [BasicValueBinder.java:1270] - Starting `BasicValueBinder#fillSimpleValue` for password
2023-07-27 00:00:46,814 DEBUG [ForkJoinPool.commonPool-worker-1] o.h.b.m.i.BasicValueBinder [BasicValueBinder.java:1270] - Starting `BasicValueBinder#fillSimpleValue` for username
2023-07-27 00:00:46,822 DEBUG [ForkJoinPool.commonPool-worker-1] o.h.m.PrimaryKey [PrimaryKey.java:40] - Forcing column [id] to be non-null as it is part of the primary key for table [appchatbot]
2023-07-27 00:00:46,822 DEBUG [ForkJoinPool.commonPool-worker-1] o.h.m.PrimaryKey [PrimaryKey.java:40] - Forcing column [id] to be non-null as it is part of the primary key for table [appchatmessage]
2023-07-27 00:00:46,822 DEBUG [ForkJoinPool.commonPool-worker-1] o.h.m.PrimaryKey [PrimaryKey.java:40] - Forcing column [id] to be non-null as it is part of the primary key for table [appuser]
2023-07-27 00:00:46,825 DEBUG [ForkJoinPool.commonPool-worker-1] o.h.b.i.InFlightMetadataCollectorImpl [InFlightMetadataCollectorImpl.java:1991] - Resolving reference to class: de.fhdw.freefeser.app.databases.entities.AppChatbot
2023-07-27 00:00:46,828 DEBUG [ForkJoinPool.commonPool-worker-1] o.h.b.i.InFlightMetadataCollectorImpl [InFlightMetadataCollectorImpl.java:1991] - Resolving reference to class: de.fhdw.freefeser.app.databases.entities.AppUser
2023-07-27 00:00:46,842 DEBUG [ForkJoinPool.commonPool-worker-1] o.h.b.i.InFlightMetadataCollectorImpl [InFlightMetadataCollectorImpl.java:1991] - Resolving reference to class: de.fhdw.freefeser.app.databases.entities.AppChatbot
2023-07-27 00:00:46,842 DEBUG [ForkJoinPool.commonPool-worker-1] o.h.b.i.InFlightMetadataCollectorImpl [InFlightMetadataCollectorImpl.java:1991] - Resolving reference to class: de.fhdw.freefeser.app.databases.entities.AppUser
2023-07-27 00:00:46,862 INFO [ForkJoinPool.commonPool-worker-1] o.h.b.i.BytecodeProviderInitiator [BytecodeProviderInitiator.java:53] - HHH000021: Bytecode provider name : bytebuddy
