2023-07-27 00:03:12,106 DEBUG [ForkJoinPool.commonPool-worker-1] o.h.o.i.factory [StandardIdentifierGeneratorFactory.java:94] - Ignoring CDI for resolving IdentifierGenerator instances as extended or delayed CDI support was enabled
2023-07-27 00:03:12,114 DEBUG [ForkJoinPool.commonPool-worker-1] o.h.o.i.factory [StandardIdentifierGeneratorFactory.java:170] - Registering IdentifierGenerator strategy [uuid2] -> [org.hibernate.id.UUIDGenerator]
2023-07-27 00:03:12,114 DEBUG [ForkJoinPool.commonPool-worker-1] o.h.o.i.factory [StandardIdentifierGeneratorFactory.java:170] - Registering IdentifierGenerator strategy [guid] -> [org.hibernate.id.GUIDGenerator]
2023-07-27 00:03:12,115 DEBUG [ForkJoinPool.commonPool-worker-1] o.h.o.i.factory [StandardIdentifierGeneratorFactory.java:170] - Registering IdentifierGenerator strategy [uuid] -> [org.hibernate.id.UUIDHexGenerator]
2023-07-27 00:03:12,115 DEBUG [ForkJoinPool.commonPool-worker-1] o.h.o.i.factory [StandardIdentifierGeneratorFactory.java:170] - Registering IdentifierGenerator strategy [uuid.hex] -> [org.hibernate.id.UUIDHexGenerator]
2023-07-27 00:03:12,115 DEBUG [ForkJoinPool.commonPool-worker-1] o.h.o.i.factory [StandardIdentifierGeneratorFactory.java:170] - Registering IdentifierGenerator strategy [assigned] -> [org.hibernate.id.Assigned]
2023-07-27 00:03:12,116 DEBUG [ForkJoinPool.commonPool-worker-1] o.h.o.i.factory [StandardIdentifierGeneratorFactory.java:170] - Registering IdentifierGenerator strategy [identity] -> [org.hibernate.id.IdentityGenerator]
2023-07-27 00:03:12,116 DEBUG [ForkJoinPool.commonPool-worker-1] o.h.o.i.factory [StandardIdentifierGeneratorFactory.java:170] - Registering IdentifierGenerator strategy [select] -> [org.hibernate.id.SelectGenerator]
2023-07-27 00:03:12,117 DEBUG [ForkJoinPool.commonPool-worker-1] o.h.o.i.factory [StandardIdentifierGeneratorFactory.java:170] - Registering IdentifierGenerator strategy [sequence] -> [org.hibernate.id.enhanced.SequenceStyleGenerator]
2023-07-27 00:03:12,118 DEBUG [ForkJoinPool.commonPool-worker-1] o.h.o.i.factory [StandardIdentifierGeneratorFactory.java:170] - Registering IdentifierGenerator strategy [increment] -> [org.hibernate.id.IncrementGenerator]
2023-07-27 00:03:12,119 DEBUG [ForkJoinPool.commonPool-worker-1] o.h.o.i.factory [StandardIdentifierGeneratorFactory.java:170] - Registering IdentifierGenerator strategy [foreign] -> [org.hibernate.id.ForeignGenerator]
2023-07-27 00:03:12,119 DEBUG [ForkJoinPool.commonPool-worker-1] o.h.o.i.factory [StandardIdentifierGeneratorFactory.java:170] - Registering IdentifierGenerator strategy [enhanced-sequence] -> [org.hibernate.id.enhanced.SequenceStyleGenerator]
2023-07-27 00:03:12,119 DEBUG [ForkJoinPool.commonPool-worker-1] o.h.o.i.factory [StandardIdentifierGeneratorFactory.java:170] - Registering IdentifierGenerator strategy [enhanced-table] -> [org.hibernate.id.enhanced.TableGenerator]
2023-07-27 00:03:12,130 DEBUG [ForkJoinPool.commonPool-worker-1] o.h.c.i.RegionFactoryInitiator [RegionFactoryInitiator.java:117] - Cannot default RegionFactory based on registered strategies as `[]` RegionFactory strategies were registered
2023-07-27 00:03:12,131 DEBUG [ForkJoinPool.commonPool-worker-1] o.h.c.i.RegionFactoryInitiator [RegionFactoryInitiator.java:49] - Cache region factory : org.hibernate.cache.internal.NoCachingRegionFactory
2023-07-27 00:03:12,262 DEBUG [ForkJoinPool.commonPool-worker-1] o.h.t.BasicTypeRegistry [BasicTypeRegistry.java:410] - Adding type registration boolean -> org.hibernate.type.BasicTypeReference@856ad74
2023-07-27 00:03:12,264 DEBUG [ForkJoinPool.commonPool-worker-1] o.h.t.BasicTypeRegistry [BasicTypeRegistry.java:410] - Adding type registration boolean -> org.hibernate.type.BasicTypeReference@856ad74
2023-07-27 00:03:12,264 DEBUG [ForkJoinPool.commonPool-worker-1] o.h.t.BasicTypeRegistry [BasicTypeRegistry.java:410] - Adding type registration java.lang.Boolean -> org.hibernate.type.BasicTypeReference@856ad74
2023-07-27 00:03:12,264 DEBUG [ForkJoinPool.commonPool-worker-1] o.h.t.BasicTypeRegistry [BasicTypeRegistry.java:410] - Adding type registration numeric_boolean -> org.hibernate.type.BasicTypeReference@63cc3bab
2023-07-27 00:03:12,264 DEBUG [ForkJoinPool.commonPool-worker-1] o.h.t.BasicTypeRegistry [BasicTypeRegistry.java:410] - Adding type registration org.hibernate.type.NumericBooleanConverter -> org.hibernate.type.BasicTypeReference@63cc3bab
2023-07-27 00:03:12,264 DEBUG [ForkJoinPool.commonPool-worker-1] o.h.t.BasicTypeRegistry [BasicTypeRegistry.java:410] - Adding type registration true_false -> org.hibernate.type.BasicTypeReference@7ca13ad
2023-07-27 00:03:12,265 DEBUG [ForkJoinPool.commonPool-worker-1] o.h.t.BasicTypeRegistry [BasicTypeRegistry.java:410] - Adding type registration org.hibernate.type.TrueFalseConverter -> org.hibernate.type.BasicTypeReference@7ca13ad
2023-07-27 00:03:12,265 DEBUG [ForkJoinPool.commonPool-worker-1] o.h.t.BasicTypeRegistry [BasicTypeRegistry.java:410] - Adding type registration yes_no -> org.hibernate.type.BasicTypeReference@2d83765b
2023-07-27 00:03:12,265 DEBUG [ForkJoinPool.commonPool-worker-1] o.h.t.BasicTypeRegistry [BasicTypeRegistry.java:410] - Adding type registration org.hibernate.type.YesNoConverter -> org.hibernate.type.BasicTypeReference@2d83765b
2023-07-27 00:03:12,265 DEBUG [ForkJoinPool.commonPool-worker-1] o.h.t.BasicTypeRegistry [BasicTypeRegistry.java:410] - Adding type registration byte -> org.hibernate.type.BasicTypeReference@10035392
2023-07-27 00:03:12,265 DEBUG [ForkJoinPool.commonPool-worker-1] o.h.t.BasicTypeRegistry [BasicTypeRegistry.java:410] - Adding type registration byte -> org.hibernate.type.BasicTypeReference@10035392
2023-07-27 00:03:12,265 DEBUG [ForkJoinPool.commonPool-worker-1] o.h.t.BasicTypeRegistry [BasicTypeRegistry.java:410] - Adding type registration java.lang.Byte -> org.hibernate.type.BasicTypeReference@10035392
2023-07-27 00:03:12,266 DEBUG [ForkJoinPool.commonPool-worker-1] o.h.t.BasicTypeRegistry [BasicTypeRegistry.java:410] - Adding type registration binary -> org.hibernate.type.BasicTypeReference@1210235a
2023-07-27 00:03:12,266 DEBUG [ForkJoinPool.commonPool-worker-1] o.h.t.BasicTypeRegistry [BasicTypeRegistry.java:410] - Adding type registration byte[] -> org.hibernate.type.BasicTypeReference@1210235a
2023-07-27 00:03:12,266 DEBUG [ForkJoinPool.commonPool-worker-1] o.h.t.BasicTypeRegistry [BasicTypeRegistry.java:410] - Adding type registration [B -> org.hibernate.type.BasicTypeReference@1210235a
2023-07-27 00:03:12,266 DEBUG [ForkJoinPool.commonPool-worker-1] o.h.t.BasicTypeRegistry [BasicTypeRegistry.java:410] - Adding type registration binary_wrapper -> org.hibernate.type.BasicTypeReference@45100dce
2023-07-27 00:03:12,266 DEBUG [ForkJoinPool.commonPool-worker-1] o.h.t.BasicTypeRegistry [BasicTypeRegistry.java:410] - Adding type registration wrapper-binary -> org.hibernate.type.BasicTypeReference@45100dce
2023-07-27 00:03:12,267 DEBUG [ForkJoinPool.commonPool-worker-1] o.h.t.BasicTypeRegistry [BasicTypeRegistry.java:410] - Adding type registration image -> org.hibernate.type.BasicTypeReference@73979a99
2023-07-27 00:03:12,267 DEBUG [ForkJoinPool.commonPool-worker-1] o.h.t.BasicTypeRegistry [BasicTypeRegistry.java:410] - Adding type registration blob -> org.hibernate.type.BasicTypeReference@7902d8ba
2023-07-27 00:03:12,267 DEBUG [ForkJoinPool.commonPool-worker-1] o.h.t.BasicTypeRegistry [BasicTypeRegistry.java:410] - Adding type registration java.sql.Blob -> org.hibernate.type.BasicTypeReference@7902d8ba
2023-07-27 00:03:12,267 DEBUG [ForkJoinPool.commonPool-worker-1] o.h.t.BasicTypeRegistry [BasicTypeRegistry.java:410] - Adding type registration materialized_blob -> org.hibernate.type.BasicTypeReference@6a9b3e33
2023-07-27 00:03:12,267 DEBUG [ForkJoinPool.commonPool-worker-1] o.h.t.BasicTypeRegistry [BasicTypeRegistry.java:410] - Adding type registration materialized_blob_wrapper -> org.hibernate.type.BasicTypeReference@2f2030d3
2023-07-27 00:03:12,267 DEBUG [ForkJoinPool.commonPool-worker-1] o.h.t.BasicTypeRegistry [BasicTypeRegistry.java:410] - Adding type registration short -> org.hibernate.type.BasicTypeReference@602c34fc
2023-07-27 00:03:12,268 DEBUG [ForkJoinPool.commonPool-worker-1] o.h.t.BasicTypeRegistry [BasicTypeRegistry.java:410] - Adding type registration short -> org.hibernate.type.BasicTypeReference@602c34fc
2023-07-27 00:03:12,268 DEBUG [ForkJoinPool.commonPool-worker-1] o.h.t.BasicTypeRegistry [BasicTypeRegistry.java:410] - Adding type registration java.lang.Short -> org.hibernate.type.BasicTypeReference@602c34fc
2023-07-27 00:03:12,268 DEBUG [ForkJoinPool.commonPool-worker-1] o.h.t.BasicTypeRegistry [BasicTypeRegistry.java:410] - Adding type registration integer -> org.hibernate.type.BasicTypeReference@f04e74b
2023-07-27 00:03:12,268 DEBUG [ForkJoinPool.commonPool-worker-1] o.h.t.BasicTypeRegistry [BasicTypeRegistry.java:410] - Adding type registration int -> org.hibernate.type.BasicTypeReference@f04e74b
2023-07-27 00:03:12,268 DEBUG [ForkJoinPool.commonPool-worker-1] o.h.t.BasicTypeRegistry [BasicTypeRegistry.java:410] - Adding type registration java.lang.Integer -> org.hibernate.type.BasicTypeReference@f04e74b
2023-07-27 00:03:12,268 DEBUG [ForkJoinPool.commonPool-worker-1] o.h.t.BasicTypeRegistry [BasicTypeRegistry.java:410] - Adding type registration long -> org.hibernate.type.BasicTypeReference@3cdd2a3e
2023-07-27 00:03:12,268 DEBUG [ForkJoinPool.commonPool-worker-1] o.h.t.BasicTypeRegistry [BasicTypeRegistry.java:410] - Adding type registration long -> org.hibernate.type.BasicTypeReference@3cdd2a3e
2023-07-27 00:03:12,268 DEBUG [ForkJoinPool.commonPool-worker-1] o.h.t.BasicTypeRegistry [BasicTypeRegistry.java:410] - Adding type registration java.lang.Long -> org.hibernate.type.BasicTypeReference@3cdd2a3e
2023-07-27 00:03:12,268 DEBUG [ForkJoinPool.commonPool-worker-1] o.h.t.BasicTypeRegistry [BasicTypeRegistry.java:410] - Adding type registration float -> org.hibernate.type.BasicTypeReference@12d533de
2023-07-27 00:03:12,269 DEBUG [ForkJoinPool.commonPool-worker-1] o.h.t.BasicTypeRegistry [BasicTypeRegistry.java:410] - Adding type registration float -> org.hibernate.type.BasicTypeReference@12d533de
2023-07-27 00:03:12,269 DEBUG [ForkJoinPool.commonPool-worker-1] o.h.t.BasicTypeRegistry [BasicTypeRegistry.java:410] - Adding type registration java.lang.Float -> org.hibernate.type.BasicTypeReference@12d533de
2023-07-27 00:03:12,269 DEBUG [ForkJoinPool.commonPool-worker-1] o.h.t.BasicTypeRegistry [BasicTypeRegistry.java:410] - Adding type registration double -> org.hibernate.type.BasicTypeReference@13df6eac
2023-07-27 00:03:12,269 DEBUG [ForkJoinPool.commonPool-worker-1] o.h.t.BasicTypeRegistry [BasicTypeRegistry.java:410] - Adding type registration double -> org.hibernate.type.BasicTypeReference@13df6eac
2023-07-27 00:03:12,269 DEBUG [ForkJoinPool.commonPool-worker-1] o.h.t.BasicTypeRegistry [BasicTypeRegistry.java:410] - Adding type registration java.lang.Double -> org.hibernate.type.BasicTypeReference@13df6eac
2023-07-27 00:03:12,269 DEBUG [ForkJoinPool.commonPool-worker-1] o.h.t.BasicTypeRegistry [BasicTypeRegistry.java:410] - Adding type registration big_integer -> org.hibernate.type.BasicTypeReference@3bc9fd23
2023-07-27 00:03:12,269 DEBUG [ForkJoinPool.commonPool-worker-1] o.h.t.BasicTypeRegistry [BasicTypeRegistry.java:410] - Adding type registration java.math.BigInteger -> org.hibernate.type.BasicTypeReference@3bc9fd23
2023-07-27 00:03:12,269 DEBUG [ForkJoinPool.commonPool-worker-1] o.h.t.BasicTypeRegistry [BasicTypeRegistry.java:410] - Adding type registration big_decimal -> org.hibernate.type.BasicTypeReference@6e10bcbe
2023-07-27 00:03:12,269 DEBUG [ForkJoinPool.commonPool-worker-1] o.h.t.BasicTypeRegistry [BasicTypeRegistry.java:410] - Adding type registration java.math.BigDecimal -> org.hibernate.type.BasicTypeReference@6e10bcbe
2023-07-27 00:03:12,270 DEBUG [ForkJoinPool.commonPool-worker-1] o.h.t.BasicTypeRegistry [BasicTypeRegistry.java:410] - Adding type registration character -> org.hibernate.type.BasicTypeReference@55e02961
2023-07-27 00:03:12,270 DEBUG [ForkJoinPool.commonPool-worker-1] o.h.t.BasicTypeRegistry [BasicTypeRegistry.java:410] - Adding type registration char -> org.hibernate.type.BasicTypeReference@55e02961
2023-07-27 00:03:12,270 DEBUG [ForkJoinPool.commonPool-worker-1] o.h.t.BasicTypeRegistry [BasicTypeRegistry.java:410] - Adding type registration java.lang.Character -> org.hibernate.type.BasicTypeReference@55e02961
2023-07-27 00:03:12,270 DEBUG [ForkJoinPool.commonPool-worker-1] o.h.t.BasicTypeRegistry [BasicTypeRegistry.java:410] - Adding type registration character_nchar -> org.hibernate.type.BasicTypeReference@3d22877f
2023-07-27 00:03:12,270 DEBUG [ForkJoinPool.commonPool-worker-1] o.h.t.BasicTypeRegistry [BasicTypeRegistry.java:410] - Adding type registration string -> org.hibernate.type.BasicTypeReference@49f6451d
2023-07-27 00:03:12,270 DEBUG [ForkJoinPool.commonPool-worker-1] o.h.t.BasicTypeRegistry [BasicTypeRegistry.java:410] - Adding type registration java.lang.String -> org.hibernate.type.BasicTypeReference@49f6451d
2023-07-27 00:03:12,270 DEBUG [ForkJoinPool.commonPool-worker-1] o.h.t.BasicTypeRegistry [BasicTypeRegistry.java:410] - Adding type registration nstring -> org.hibernate.type.BasicTypeReference@2268e5d1
2023-07-27 00:03:12,270 DEBUG [ForkJoinPool.commonPool-worker-1] o.h.t.BasicTypeRegistry [BasicTypeRegistry.java:410] - Adding type registration characters -> org.hibernate.type.BasicTypeReference@76977bdc
2023-07-27 00:03:12,270 DEBUG [ForkJoinPool.commonPool-worker-1] o.h.t.BasicTypeRegistry [BasicTypeRegistry.java:410] - Adding type registration char[] -> org.hibernate.type.BasicTypeReference@76977bdc
2023-07-27 00:03:12,271 DEBUG [ForkJoinPool.commonPool-worker-1] o.h.t.BasicTypeRegistry [BasicTypeRegistry.java:410] - Adding type registration [C -> org.hibernate.type.BasicTypeReference@76977bdc
2023-07-27 00:03:12,271 DEBUG [ForkJoinPool.commonPool-worker-1] o.h.t.BasicTypeRegistry [BasicTypeRegistry.java:410] - Adding type registration wrapper-characters -> org.hibernate.type.BasicTypeReference@5fa7030e
2023-07-27 00:03:12,271 DEBUG [ForkJoinPool.commonPool-worker-1] o.h.t.BasicTypeRegistry [BasicTypeRegistry.java:410] - Adding type registration text -> org.hibernate.type.BasicTypeReference@24026b4a
2023-07-27 00:03:12,271 DEBUG [ForkJoinPool.commonPool-worker-1] o.h.t.BasicTypeRegistry [BasicTypeRegistry.java:410] - Adding type registration ntext -> org.hibernate.type.BasicTypeReference@41a15476
2023-07-27 00:03:12,271 DEBUG [ForkJoinPool.commonPool-worker-1] o.h.t.BasicTypeRegistry [BasicTypeRegistry.java:410] - Adding type registration clob -> org.hibernate.type.BasicTypeReference@ca58e05
2023-07-27 00:03:12,271 DEBUG [ForkJoinPool.commonPool-worker-1] o.h.t.BasicTypeRegistry [BasicTypeRegistry.java:410] - Adding type registration java.sql.Clob -> org.hibernate.type.BasicTypeReference@ca58e05
2023-07-27 00:03:12,271 DEBUG [ForkJoinPool.commonPool-worker-1] o.h.t.BasicTypeRegistry [BasicTypeRegistry.java:410] - Adding type registration nclob -> org.hibernate.type.BasicTypeReference@6bfd43ec
2023-07-27 00:03:12,271 DEBUG [ForkJoinPool.commonPool-worker-1] o.h.t.BasicTypeRegistry [BasicTypeRegistry.java:410] - Adding type registration java.sql.NClob -> org.hibernate.type.BasicTypeReference@6bfd43ec
2023-07-27 00:03:12,271 DEBUG [ForkJoinPool.commonPool-worker-1] o.h.t.BasicTypeRegistry [BasicTypeRegistry.java:410] - Adding type registration materialized_clob -> org.hibernate.type.BasicTypeReference@5c123de2
2023-07-27 00:03:12,271 DEBUG [ForkJoinPool.commonPool-worker-1] o.h.t.BasicTypeRegistry [BasicTypeRegistry.java:410] - Adding type registration materialized_clob_char_array -> org.hibernate.type.BasicTypeReference@175bd0f2
2023-07-27 00:03:12,271 DEBUG [ForkJoinPool.commonPool-worker-1] o.h.t.BasicTypeRegistry [BasicTypeRegistry.java:410] - Adding type registration materialized_clob_character_array -> org.hibernate.type.BasicTypeReference@37aea1ba
2023-07-27 00:03:12,272 DEBUG [ForkJoinPool.commonPool-worker-1] o.h.t.BasicTypeRegistry [BasicTypeRegistry.java:410] - Adding type registration materialized_nclob -> org.hibernate.type.BasicTypeReference@364d6680
2023-07-27 00:03:12,272 DEBUG [ForkJoinPool.commonPool-worker-1] o.h.t.BasicTypeRegistry [BasicTypeRegistry.java:410] - Adding type registration materialized_nclob_character_array -> org.hibernate.type.BasicTypeReference@7b7db086
2023-07-27 00:03:12,272 DEBUG [ForkJoinPool.commonPool-worker-1] o.h.t.BasicTypeRegistry [BasicTypeRegistry.java:410] - Adding type registration materialized_nclob_char_array -> org.hibernate.type.BasicTypeReference@3268335b
2023-07-27 00:03:12,272 DEBUG [ForkJoinPool.commonPool-worker-1] o.h.t.BasicTypeRegistry [BasicTypeRegistry.java:410] - Adding type registration Duration -> org.hibernate.type.BasicTypeReference@7089e7dd
2023-07-27 00:03:12,272 DEBUG [ForkJoinPool.commonPool-worker-1] o.h.t.BasicTypeRegistry [BasicTypeRegistry.java:410] - Adding type registration java.time.Duration -> org.hibernate.type.BasicTypeReference@7089e7dd
2023-07-27 00:03:12,272 DEBUG [ForkJoinPool.commonPool-worker-1] o.h.t.BasicTypeRegistry [BasicTypeRegistry.java:410] - Adding type registration LocalDateTime -> org.hibernate.type.BasicTypeReference@2dadf62a
2023-07-27 00:03:12,272 DEBUG [ForkJoinPool.commonPool-worker-1] o.h.t.BasicTypeRegistry [BasicTypeRegistry.java:410] - Adding type registration java.time.LocalDateTime -> org.hibernate.type.BasicTypeReference@2dadf62a
2023-07-27 00:03:12,272 DEBUG [ForkJoinPool.commonPool-worker-1] o.h.t.BasicTypeRegistry [BasicTypeRegistry.java:410] - Adding type registration LocalDate -> org.hibernate.type.BasicTypeReference@3b428a99
2023-07-27 00:03:12,272 DEBUG [ForkJoinPool.commonPool-worker-1] o.h.t.BasicTypeRegistry [BasicTypeRegistry.java:410] - Adding type registration java.time.LocalDate -> org.hibernate.type.BasicTypeReference@3b428a99
2023-07-27 00:03:12,272 DEBUG [ForkJoinPool.commonPool-worker-1] o.h.t.BasicTypeRegistry [BasicTypeRegistry.java:410] - Adding type registration LocalTime -> org.hibernate.type.BasicTypeReference@48c39441
2023-07-27 00:03:12,272 DEBUG [ForkJoinPool.commonPool-worker-1] o.h.t.BasicTypeRegistry [BasicTypeRegistry.java:410] - Adding type registration java.time.LocalTime -> org.hibernate.type.BasicTypeReference@48c39441
2023-07-27 00:03:12,272 DEBUG [ForkJoinPool.commonPool-worker-1] o.h.t.BasicTypeRegistry [BasicTypeRegistry.java:410] - Adding type registration OffsetDateTime -> org.hibernate.type.BasicTypeReference@774b258b
2023-07-27 00:03:12,273 DEBUG [ForkJoinPool.commonPool-worker-1] o.h.t.BasicTypeRegistry [BasicTypeRegistry.java:410] - Adding type registration java.time.OffsetDateTime -> org.hibernate.type.BasicTypeReference@774b258b
2023-07-27 00:03:12,273 DEBUG [ForkJoinPool.commonPool-worker-1] o.h.t.BasicTypeRegistry [BasicTypeRegistry.java:410] - Adding type registration OffsetDateTimeWithTimezone -> org.hibernate.type.BasicTypeReference@351591ee
2023-07-27 00:03:12,273 DEBUG [ForkJoinPool.commonPool-worker-1] o.h.t.BasicTypeRegistry [BasicTypeRegistry.java:410] - Adding type registration OffsetDateTimeWithoutTimezone -> org.hibernate.type.BasicTypeReference@1a2cc397
2023-07-27 00:03:12,273 DEBUG [ForkJoinPool.commonPool-worker-1] o.h.t.BasicTypeRegistry [BasicTypeRegistry.java:410] - Adding type registration OffsetTime -> org.hibernate.type.BasicTypeReference@4e193d0f
2023-07-27 00:03:12,273 DEBUG [ForkJoinPool.commonPool-worker-1] o.h.t.BasicTypeRegistry [BasicTypeRegistry.java:410] - Adding type registration java.time.OffsetTime -> org.hibernate.type.BasicTypeReference@4e193d0f
2023-07-27 00:03:12,273 DEBUG [ForkJoinPool.commonPool-worker-1] o.h.t.BasicTypeRegistry [BasicTypeRegistry.java:410] - Adding type registration OffsetTimeUtc -> org.hibernate.type.BasicTypeReference@60502e3a
2023-07-27 00:03:12,273 DEBUG [ForkJoinPool.commonPool-worker-1] o.h.t.BasicTypeRegistry [BasicTypeRegistry.java:410] - Adding type registration OffsetTimeWithTimezone -> org.hibernate.type.BasicTypeReference@7953593f
2023-07-27 00:03:12,273 DEBUG [ForkJoinPool.commonPool-worker-1] o.h.t.BasicTypeRegistry [BasicTypeRegistry.java:410] - Adding type registration OffsetTimeWithoutTimezone -> org.hibernate.type.BasicTypeReference@51f0df9
2023-07-27 00:03:12,273 DEBUG [ForkJoinPool.commonPool-worker-1] o.h.t.BasicTypeRegistry [BasicTypeRegistry.java:410] - Adding type registration ZonedDateTime -> org.hibernate.type.BasicTypeReference@269a910
2023-07-27 00:03:12,274 DEBUG [ForkJoinPool.commonPool-worker-1] o.h.t.BasicTypeRegistry [BasicTypeRegistry.java:410] - Adding type registration java.time.ZonedDateTime -> org.hibernate.type.BasicTypeReference@269a910
2023-07-27 00:03:12,274 DEBUG [ForkJoinPool.commonPool-worker-1] o.h.t.BasicTypeRegistry [BasicTypeRegistry.java:410] - Adding type registration ZonedDateTimeWithTimezone -> org.hibernate.type.BasicTypeReference@63a97699
2023-07-27 00:03:12,274 DEBUG [ForkJoinPool.commonPool-worker-1] o.h.t.BasicTypeRegistry [BasicTypeRegistry.java:410] - Adding type registration ZonedDateTimeWithoutTimezone -> org.hibernate.type.BasicTypeReference@505172
2023-07-27 00:03:12,274 DEBUG [ForkJoinPool.commonPool-worker-1] o.h.t.BasicTypeRegistry [BasicTypeRegistry.java:410] - Adding type registration date -> org.hibernate.type.BasicTypeReference@7d5df444
2023-07-27 00:03:12,274 DEBUG [ForkJoinPool.commonPool-worker-1] o.h.t.BasicTypeRegistry [BasicTypeRegistry.java:410] - Adding type registration java.sql.Date -> org.hibernate.type.BasicTypeReference@7d5df444
2023-07-27 00:03:12,274 DEBUG [ForkJoinPool.commonPool-worker-1] o.h.t.BasicTypeRegistry [BasicTypeRegistry.java:410] - Adding type registration time -> org.hibernate.type.BasicTypeReference@3233e3d6
2023-07-27 00:03:12,274 DEBUG [ForkJoinPool.commonPool-worker-1] o.h.t.BasicTypeRegistry [BasicTypeRegistry.java:410] - Adding type registration java.sql.Time -> org.hibernate.type.BasicTypeReference@3233e3d6
2023-07-27 00:03:12,275 DEBUG [ForkJoinPool.commonPool-worker-1] o.h.t.BasicTypeRegistry [BasicTypeRegistry.java:410] - Adding type registration timestamp -> org.hibernate.type.BasicTypeReference@1a8656b7
2023-07-27 00:03:12,275 DEBUG [ForkJoinPool.commonPool-worker-1] o.h.t.BasicTypeRegistry [BasicTypeRegistry.java:410] - Adding type registration java.sql.Timestamp -> org.hibernate.type.BasicTypeReference@1a8656b7
2023-07-27 00:03:12,275 DEBUG [ForkJoinPool.commonPool-worker-1] o.h.t.BasicTypeRegistry [BasicTypeRegistry.java:410] - Adding type registration java.util.Date -> org.hibernate.type.BasicTypeReference@1a8656b7
2023-07-27 00:03:12,275 DEBUG [ForkJoinPool.commonPool-worker-1] o.h.t.BasicTypeRegistry [BasicTypeRegistry.java:410] - Adding type registration calendar -> org.hibernate.type.BasicTypeReference@185f4f54
2023-07-27 00:03:12,275 DEBUG [ForkJoinPool.commonPool-worker-1] o.h.t.BasicTypeRegistry [BasicTypeRegistry.java:410] - Adding type registration java.util.Calendar -> org.hibernate.type.BasicTypeReference@185f4f54
2023-07-27 00:03:12,275 DEBUG [ForkJoinPool.commonPool-worker-1] o.h.t.BasicTypeRegistry [BasicTypeRegistry.java:410] - Adding type registration java.util.GregorianCalendar -> org.hibernate.type.BasicTypeReference@185f4f54
2023-07-27 00:03:12,275 DEBUG [ForkJoinPool.commonPool-worker-1] o.h.t.BasicTypeRegistry [BasicTypeRegistry.java:410] - Adding type registration calendar_date -> org.hibernate.type.BasicTypeReference@ab267cf
2023-07-27 00:03:12,275 DEBUG [ForkJoinPool.commonPool-worker-1] o.h.t.BasicTypeRegistry [BasicTypeRegistry.java:410] - Adding type registration calendar_time -> org.hibernate.type.BasicTypeReference@27b2181c
2023-07-27 00:03:12,276 DEBUG [ForkJoinPool.commonPool-worker-1] o.h.t.BasicTypeRegistry [BasicTypeRegistry.java:410] - Adding type registration instant -> org.hibernate.type.BasicTypeReference@fa9c1b3
2023-07-27 00:03:12,276 DEBUG [ForkJoinPool.commonPool-worker-1] o.h.t.BasicTypeRegistry [BasicTypeRegistry.java:410] - Adding type registration java.time.Instant -> org.hibernate.type.BasicTypeReference@fa9c1b3
2023-07-27 00:03:12,276 DEBUG [ForkJoinPool.commonPool-worker-1] o.h.t.BasicTypeRegistry [BasicTypeRegistry.java:410] - Adding type registration uuid -> org.hibernate.type.BasicTypeReference@6d6e0afd
2023-07-27 00:03:12,276 DEBUG [ForkJoinPool.commonPool-worker-1] o.h.t.BasicTypeRegistry [BasicTypeRegistry.java:410] - Adding type registration java.util.UUID -> org.hibernate.type.BasicTypeReference@6d6e0afd
2023-07-27 00:03:12,276 DEBUG [ForkJoinPool.commonPool-worker-1] o.h.t.BasicTypeRegistry [BasicTypeRegistry.java:410] - Adding type registration pg-uuid -> org.hibernate.type.BasicTypeReference@6d6e0afd
2023-07-27 00:03:12,276 DEBUG [ForkJoinPool.commonPool-worker-1] o.h.t.BasicTypeRegistry [BasicTypeRegistry.java:410] - Adding type registration uuid-binary -> org.hibernate.type.BasicTypeReference@747b8480
2023-07-27 00:03:12,276 DEBUG [ForkJoinPool.commonPool-worker-1] o.h.t.BasicTypeRegistry [BasicTypeRegistry.java:410] - Adding type registration uuid-char -> org.hibernate.type.BasicTypeReference@43be00eb
2023-07-27 00:03:12,277 DEBUG [ForkJoinPool.commonPool-worker-1] o.h.t.BasicTypeRegistry [BasicTypeRegistry.java:410] - Adding type registration class -> org.hibernate.type.BasicTypeReference@25be576
2023-07-27 00:03:12,277 DEBUG [ForkJoinPool.commonPool-worker-1] o.h.t.BasicTypeRegistry [BasicTypeRegistry.java:410] - Adding type registration java.lang.Class -> org.hibernate.type.BasicTypeReference@25be576
2023-07-27 00:03:12,277 DEBUG [ForkJoinPool.commonPool-worker-1] o.h.t.BasicTypeRegistry [BasicTypeRegistry.java:410] - Adding type registration currency -> org.hibernate.type.BasicTypeReference@3708f6d9
2023-07-27 00:03:12,277 DEBUG [ForkJoinPool.commonPool-worker-1] o.h.t.BasicTypeRegistry [BasicTypeRegistry.java:410] - Adding type registration Currency -> org.hibernate.type.BasicTypeReference@3708f6d9
2023-07-27 00:03:12,277 DEBUG [ForkJoinPool.commonPool-worker-1] o.h.t.BasicTypeRegistry [BasicTypeRegistry.java:410] - Adding type registration java.util.Currency -> org.hibernate.type.BasicTypeReference@3708f6d9
2023-07-27 00:03:12,277 DEBUG [ForkJoinPool.commonPool-worker-1] o.h.t.BasicTypeRegistry [BasicTypeRegistry.java:410] - Adding type registration locale -> org.hibernate.type.BasicTypeReference@482018b
2023-07-27 00:03:12,278 DEBUG [ForkJoinPool.commonPool-worker-1] o.h.t.BasicTypeRegistry [BasicTypeRegistry.java:410] - Adding type registration java.util.Locale -> org.hibernate.type.BasicTypeReference@482018b
2023-07-27 00:03:12,278 DEBUG [ForkJoinPool.commonPool-worker-1] o.h.t.BasicTypeRegistry [BasicTypeRegistry.java:410] - Adding type registration serializable -> org.hibernate.type.BasicTypeReference@59af3438
2023-07-27 00:03:12,278 DEBUG [ForkJoinPool.commonPool-worker-1] o.h.t.BasicTypeRegistry [BasicTypeRegistry.java:410] - Adding type registration java.io.Serializable -> org.hibernate.type.BasicTypeReference@59af3438
2023-07-27 00:03:12,278 DEBUG [ForkJoinPool.commonPool-worker-1] o.h.t.BasicTypeRegistry [BasicTypeRegistry.java:410] - Adding type registration timezone -> org.hibernate.type.BasicTypeReference@3fc79f11
2023-07-27 00:03:12,278 DEBUG [ForkJoinPool.commonPool-worker-1] o.h.t.BasicTypeRegistry [BasicTypeRegistry.java:410] - Adding type registration java.util.TimeZone -> org.hibernate.type.BasicTypeReference@3fc79f11
2023-07-27 00:03:12,278 DEBUG [ForkJoinPool.commonPool-worker-1] o.h.t.BasicTypeRegistry [BasicTypeRegistry.java:410] - Adding type registration ZoneOffset -> org.hibernate.type.BasicTypeReference@4f89180e
2023-07-27 00:03:12,278 DEBUG [ForkJoinPool.commonPool-worker-1] o.h.t.BasicTypeRegistry [BasicTypeRegistry.java:410] - Adding type registration java.time.ZoneOffset -> org.hibernate.type.BasicTypeReference@4f89180e
2023-07-27 00:03:12,279 DEBUG [ForkJoinPool.commonPool-worker-1] o.h.t.BasicTypeRegistry [BasicTypeRegistry.java:410] - Adding type registration url -> org.hibernate.type.BasicTypeReference@5b93d62d
2023-07-27 00:03:12,279 DEBUG [ForkJoinPool.commonPool-worker-1] o.h.t.BasicTypeRegistry [BasicTypeRegistry.java:410] - Adding type registration java.net.URL -> org.hibernate.type.BasicTypeReference@5b93d62d
2023-07-27 00:03:12,279 DEBUG [ForkJoinPool.commonPool-worker-1] o.h.t.BasicTypeRegistry [BasicTypeRegistry.java:410] - Adding type registration row_version -> org.hibernate.type.BasicTypeReference@7b3d2793
2023-07-27 00:03:12,283 DEBUG [ForkJoinPool.commonPool-worker-1] o.h.t.BasicTypeRegistry [BasicTypeRegistry.java:385] - Adding type registration object -> org.hibernate.type.JavaObjectType@46de3d38
2023-07-27 00:03:12,283 DEBUG [ForkJoinPool.commonPool-worker-1] o.h.t.BasicTypeRegistry [BasicTypeRegistry.java:385] - Adding type registration java.lang.Object -> org.hibernate.type.JavaObjectType@46de3d38
2023-07-27 00:03:12,285 DEBUG [ForkJoinPool.commonPool-worker-1] o.h.t.BasicTypeRegistry [BasicTypeRegistry.java:385] - Adding type registration null -> org.hibernate.type.NullType@61b01a15
2023-07-27 00:03:12,286 DEBUG [ForkJoinPool.commonPool-worker-1] o.h.t.BasicTypeRegistry [BasicTypeRegistry.java:410] - Adding type registration imm_date -> org.hibernate.type.BasicTypeReference@5df754af
2023-07-27 00:03:12,286 DEBUG [ForkJoinPool.commonPool-worker-1] o.h.t.BasicTypeRegistry [BasicTypeRegistry.java:410] - Adding type registration imm_time -> org.hibernate.type.BasicTypeReference@3e7cfbfd
2023-07-27 00:03:12,286 DEBUG [ForkJoinPool.commonPool-worker-1] o.h.t.BasicTypeRegistry [BasicTypeRegistry.java:410] - Adding type registration imm_timestamp -> org.hibernate.type.BasicTypeReference@29243679
2023-07-27 00:03:12,286 DEBUG [ForkJoinPool.commonPool-worker-1] o.h.t.BasicTypeRegistry [BasicTypeRegistry.java:410] - Adding type registration imm_calendar -> org.hibernate.type.BasicTypeReference@4825f1fa
2023-07-27 00:03:12,286 DEBUG [ForkJoinPool.commonPool-worker-1] o.h.t.BasicTypeRegistry [BasicTypeRegistry.java:410] - Adding type registration imm_calendar_date -> org.hibernate.type.BasicTypeReference@2f10967d
2023-07-27 00:03:12,286 DEBUG [ForkJoinPool.commonPool-worker-1] o.h.t.BasicTypeRegistry [BasicTypeRegistry.java:410] - Adding type registration imm_calendar_time -> org.hibernate.type.BasicTypeReference@76ea3371
2023-07-27 00:03:12,286 DEBUG [ForkJoinPool.commonPool-worker-1] o.h.t.BasicTypeRegistry [BasicTypeRegistry.java:410] - Adding type registration imm_binary -> org.hibernate.type.BasicTypeReference@7ef5442b
2023-07-27 00:03:12,287 DEBUG [ForkJoinPool.commonPool-worker-1] o.h.t.BasicTypeRegistry [BasicTypeRegistry.java:410] - Adding type registration imm_serializable -> org.hibernate.type.BasicTypeReference@19b8c02e
2023-07-27 00:03:12,312 INFO [ForkJoinPool.commonPool-worker-1] o.h.e.j.c.i.ConnectionProviderInitiator [ConnectionProviderInitiator.java:127] - HHH000130: Instantiating explicit connection provider: org.hibernate.c3p0.internal.C3P0ConnectionProvider
2023-07-27 00:03:12,314 INFO [ForkJoinPool.commonPool-worker-1] o.h.o.c.p.c3p0 [C3P0ConnectionProvider.java:111] - HHH010002: C3P0 using driver: org.h2.Driver at URL: jdbc:h2:file:./datafiles/testdb;DB_CLOSE_DELAY=-1;DB_CLOSE_ON_EXIT=FALSE
2023-07-27 00:03:12,315 INFO [ForkJoinPool.commonPool-worker-1] o.h.o.c.p.c3p0 [C3P0ConnectionProvider.java:112] - HHH10001001: Connection properties: {password=****, user=default}
2023-07-27 00:03:12,315 INFO [ForkJoinPool.commonPool-worker-1] o.h.o.c.p.c3p0 [C3P0ConnectionProvider.java:115] - HHH10001003: Autocommit mode: false
2023-07-27 00:03:12,335 INFO [MLog-Init-Reporter] c.m.v.l.MLog [Slf4jMLog.java:212] - MLog clients using slf4j logging.
2023-07-27 00:03:12,342 DEBUG [MLog-Init-Reporter] c.m.v.l.MLog [Slf4jMLog.java:207] - Reading VM config for path list /com/mchange/v2/log/default-mchange-log.properties, /mchange-commons.properties, /c3p0.properties, hocon:/reference,/application,/c3p0,/, /mchange-log.properties, /
2023-07-27 00:03:12,344 DEBUG [MLog-Init-Reporter] c.m.v.l.MLog [Slf4jMLog.java:207] - The configuration file for resource identifier '/mchange-commons.properties' could not be found. Skipping.
2023-07-27 00:03:12,344 DEBUG [MLog-Init-Reporter] c.m.v.l.MLog [Slf4jMLog.java:207] - The configuration file for resource identifier '/c3p0.properties' could not be found. Skipping.
2023-07-27 00:03:12,344 DEBUG [MLog-Init-Reporter] c.m.v.l.MLog [Slf4jMLog.java:207] - The configuration file for resource identifier 'hocon:/reference,/application,/c3p0,/' could not be found. Skipping.
2023-07-27 00:03:12,344 DEBUG [MLog-Init-Reporter] c.m.v.l.MLog [Slf4jMLog.java:207] - The configuration file for resource identifier '/mchange-log.properties' could not be found. Skipping.
2023-07-27 00:03:12,345 DEBUG [ForkJoinPool.commonPool-worker-1] c.m.v.c.MConfig [Slf4jMLog.java:207] - The configuration file for resource identifier '/mchange-commons.properties' could not be found. Skipping.
2023-07-27 00:03:12,346 DEBUG [ForkJoinPool.commonPool-worker-1] c.m.v.c.MConfig [Slf4jMLog.java:207] - The configuration file for resource identifier '/mchange-log.properties' could not be found. Skipping.
2023-07-27 00:03:12,347 DEBUG [ForkJoinPool.commonPool-worker-1] c.m.v.c.MConfig [Slf4jMLog.java:207] - The configuration file for resource identifier 'hocon:/reference,/application,/c3p0,/' could not be found. Skipping.
2023-07-27 00:03:12,347 DEBUG [ForkJoinPool.commonPool-worker-1] c.m.v.c.MConfig [Slf4jMLog.java:207] - The configuration file for resource identifier '/c3p0.properties' could not be found. Skipping.
2023-07-27 00:03:12,504 INFO [ForkJoinPool.commonPool-worker-1] c.m.v.c.C3P0Registry [Slf4jMLog.java:212] - Initializing c3p0-0.9.5.5 [built 11-December-2019 22:18:33 -0800; debug? true; trace: 10]
2023-07-27 00:03:12,520 DEBUG [ForkJoinPool.commonPool-worker-1] c.m.v.c.m.DynamicPooledDataSourceManagerMBean [Slf4jMLog.java:204] - MBean: com.mchange.v2.c3p0:type=PooledDataSource,identityToken=1hgf02xax154lpx4hmab3t|79106ee0,name=1hgf02xax154lpx4hmab3t|79106ee0 registered.
2023-07-27 00:03:12,536 DEBUG [ForkJoinPool.commonPool-worker-1] c.m.v.c.m.DynamicPooledDataSourceManagerMBean [Slf4jMLog.java:204] - MBean: com.mchange.v2.c3p0:type=PooledDataSource,identityToken=1hgf02xax154lpx4hmab3t|79106ee0,name=1hgf02xax154lpx4hmab3t|79106ee0 unregistered, in order to be reregistered after update.
2023-07-27 00:03:12,536 DEBUG [ForkJoinPool.commonPool-worker-1] c.m.v.c.m.DynamicPooledDataSourceManagerMBean [Slf4jMLog.java:204] - MBean: com.mchange.v2.c3p0:type=PooledDataSource,identityToken=1hgf02xax154lpx4hmab3t|79106ee0,name=1hgf02xax154lpx4hmab3t|79106ee0 registered.
2023-07-27 00:03:12,542 INFO [ForkJoinPool.commonPool-worker-1] o.h.o.c.p.c3p0 [C3P0ConnectionProvider.java:191] - HHH10001007: JDBC isolation level: <unknown>
2023-07-27 00:03:12,560 INFO [ForkJoinPool.commonPool-worker-1] c.m.v.c.i.AbstractPoolBackedDataSource [Slf4jMLog.java:212] - Initializing c3p0 pool... com.mchange.v2.c3p0.PoolBackedDataSource@6a700a68 [ connectionPoolDataSource -> com.mchange.v2.c3p0.WrapperConnectionPoolDataSource@300e3aa8 [ acquireIncrement -> 1, acquireRetryAttempts -> 30, acquireRetryDelay -> 1000, autoCommitOnClose -> false, automaticTestTable -> null, breakAfterAcquireFailure -> false, checkoutTimeout -> 0, connectionCustomizerClassName -> null, connectionTesterClassName -> com.mchange.v2.c3p0.impl.DefaultConnectionTester, contextClassLoaderSource -> caller, debugUnreturnedConnectionStackTraces -> false, factoryClassLocation -> null, forceIgnoreUnresolvedTransactions -> false, forceSynchronousCheckins -> false, identityToken -> 1hgf02xax154lpx4hmab3t|1ffb4a52, idleConnectionTestPeriod -> 300, initialPoolSize -> 5, maxAdministrativeTaskTime -> 0, maxConnectionAge -> 0, maxIdleTime -> 1800, maxIdleTimeExcessConnections -> 0, maxPoolSize -> 20, maxStatements -> 50, maxStatementsPerConnection -> 0, minPoolSize -> 5, nestedDataSource -> com.mchange.v2.c3p0.DriverManagerDataSource@286d1b4e [ description -> null, driverClass -> null, factoryClassLocation -> null, forceUseNamedDriverClass -> false, identityToken -> 1hgf02xax154lpx4hmab3t|32b42347, jdbcUrl -> jdbc:h2:file:./datafiles/testdb;DB_CLOSE_DELAY=-1;DB_CLOSE_ON_EXIT=FALSE, properties -> {password=******, user=******} ], preferredTestQuery -> null, privilegeSpawnedThreads -> false, propertyCycle -> 0, statementCacheNumDeferredCloseThreads -> 0, testConnectionOnCheckin -> false, testConnectionOnCheckout -> false, unreturnedConnectionTimeout -> 0, usesTraditionalReflectiveProxies -> false; userOverrides: {} ], dataSourceName -> null, extensions -> {}, factoryClassLocation -> null, identityToken -> 1hgf02xax154lpx4hmab3t|79106ee0, numHelperThreads -> 3 ]
2023-07-27 00:03:12,573 DEBUG [ForkJoinPool.commonPool-worker-1] c.m.v.c.MConfig [Slf4jMLog.java:207] - The configuration file for resource identifier '/mchange-commons.properties' could not be found. Skipping.
2023-07-27 00:03:12,574 DEBUG [ForkJoinPool.commonPool-worker-1] c.m.v.c.MConfig [Slf4jMLog.java:207] - The configuration file for resource identifier '/mchange-log.properties' could not be found. Skipping.
2023-07-27 00:03:12,574 DEBUG [ForkJoinPool.commonPool-worker-1] c.m.v.c.MConfig [Slf4jMLog.java:207] - The configuration file for resource identifier '/c3p0.properties' could not be found. Skipping.
2023-07-27 00:03:12,574 DEBUG [ForkJoinPool.commonPool-worker-1] c.m.v.c.MConfig [Slf4jMLog.java:207] - The configuration file for resource identifier 'hocon:/reference,/application,/c3p0,/' could not be found. Skipping.
2023-07-27 00:03:12,576 DEBUG [ForkJoinPool.commonPool-worker-1] c.m.v.r.BasicResourcePool [Slf4jMLog.java:204] - com.mchange.v2.resourcepool.BasicResourcePool@66b5d7fe config: [start -> 5; min -> 5; max -> 20; inc -> 1; num_acq_attempts -> 30; acq_attempt_delay -> 1000; check_idle_resources_delay -> 300000; max_resource_age -> 0; max_idle_time -> 1800000; excess_max_idle_time -> 0; destroy_unreturned_resc_time -> 0; expiration_enforcement_delay -> 450000; break_on_acquisition_failure -> false; debug_store_checkout_exceptions -> false; force_synchronous_checkins -> false]
2023-07-27 00:03:12,576 DEBUG [ForkJoinPool.commonPool-worker-1] c.m.v.c.i.C3P0PooledConnectionPoolManager [Slf4jMLog.java:204] - Created new pool for auth, username (masked): 'de******'.
2023-07-27 00:03:12,576 DEBUG [ForkJoinPool.commonPool-worker-1] c.m.v.r.BasicResourcePool [Slf4jMLog.java:204] - acquire test -- pool size: 0; target_pool_size: 5; desired target? 1
2023-07-27 00:03:12,577 DEBUG [ForkJoinPool.commonPool-worker-1] c.m.v.r.BasicResourcePool [Slf4jMLog.java:204] - awaitAvailable(): [unknown]
2023-07-27 00:03:12,869 DEBUG [ForkJoinPool.commonPool-worker-1] o.h.e.j.e.i.JdbcEnvironmentInitiator [JdbcEnvironmentInitiator.java:156] - Database ->
       name : H2
    version : 2.2.220 (2023-07-04)
      major : 2
      minor : 2
2023-07-27 00:03:12,870 DEBUG [ForkJoinPool.commonPool-worker-1] o.h.e.j.e.i.JdbcEnvironmentInitiator [JdbcEnvironmentInitiator.java:167] - Driver ->
       name : H2 JDBC Driver
    version : 2.2.220 (2023-07-04)
      major : 2
      minor : 2
2023-07-27 00:03:12,870 DEBUG [ForkJoinPool.commonPool-worker-1] o.h.e.j.e.i.JdbcEnvironmentInitiator [DelegatingBasicLogger.java:389] - JDBC version : 4.2
2023-07-27 00:03:12,887 DEBUG [ForkJoinPool.commonPool-worker-1] o.h.o.dialect [DialectFactoryImpl.java:93] - HHH035001: Using dialect: org.hibernate.dialect.H2Dialect, version: 2.2.220
2023-07-27 00:03:12,894 DEBUG [ForkJoinPool.commonPool-worker-1] o.h.e.j.e.s.IdentifierHelperBuilder [IdentifierHelperBuilder.java:116] - JDBC driver metadata reported database stores quoted identifiers in neither upper, lower nor mixed case
2023-07-27 00:03:12,910 DEBUG [ForkJoinPool.commonPool-worker-1] o.h.t.d.j.s.JdbcTypeRegistry [JdbcTypeRegistry.java:56] - addDescriptor(NCharTypeDescriptor) replaced previous registration(CharTypeDescriptor)
2023-07-27 00:03:12,911 DEBUG [ForkJoinPool.commonPool-worker-1] o.h.t.d.j.s.JdbcTypeRegistry [JdbcTypeRegistry.java:56] - addDescriptor(NVarcharTypeDescriptor) replaced previous registration(VarcharTypeDescriptor)
2023-07-27 00:03:12,912 DEBUG [ForkJoinPool.commonPool-worker-1] o.h.t.d.j.s.JdbcTypeRegistry [JdbcTypeRegistry.java:56] - addDescriptor(LongNVarcharTypeDescriptor) replaced previous registration(LongVarcharTypeDescriptor)
2023-07-27 00:03:12,914 DEBUG [ForkJoinPool.commonPool-worker-1] o.h.t.d.j.s.JdbcTypeRegistry [JdbcTypeRegistry.java:56] - addDescriptor(NClobTypeDescriptor(DEFAULT)) replaced previous registration(ClobTypeDescriptor(DEFAULT))
2023-07-27 00:03:12,915 DEBUG [ForkJoinPool.commonPool-worker-1] o.h.t.d.j.s.JdbcTypeRegistry [JdbcTypeRegistry.java:64] - addDescriptor(2005, ClobTypeDescriptor(STREAM_BINDING)) replaced previous registration(ClobTypeDescriptor(DEFAULT))
2023-07-27 00:03:12,917 DEBUG [ForkJoinPool.commonPool-worker-1] o.h.t.d.j.s.JdbcTypeRegistry [JdbcTypeRegistry.java:56] - addDescriptor(TimestampUtcDescriptor) replaced previous registration(TimestampUtcDescriptor)
2023-07-27 00:03:12,919 DEBUG [ForkJoinPool.commonPool-worker-1] o.h.t.d.j.s.JdbcTypeRegistry [JdbcTypeRegistry.java:64] - addDescriptor(3100, NumericTypeDescriptor) replaced previous registration(org.hibernate.dialect.H2DurationIntervalSecondJdbcType@bf4a7e)
2023-07-27 00:03:12,923 DEBUG [ForkJoinPool.commonPool-worker-1] o.h.t.s.TypeConfiguration$Scope [TypeConfiguration.java:191] - Scoping TypeConfiguration [org.hibernate.type.spi.TypeConfiguration@18ea2fe6] to MetadataBuildingContext [org.hibernate.boot.internal.MetadataBuildingContextRootImpl@210cfb10]
2023-07-27 00:03:12,956 DEBUG [ForkJoinPool.commonPool-worker-1] o.h.b.m.r.Namespace [Namespace.java:64] - Created database namespace [logicalName=Name{catalog=null, schema=null}, physicalName=Name{catalog=null, schema=null}]
2023-07-27 00:03:12,984 DEBUG [ForkJoinPool.commonPool-worker-1] o.h.b.m.i.EntityBinder [EntityBinder.java:206] - Binding entity from annotated class: de.fhdw.freefeser.app.databases.entities.AppChatbot
2023-07-27 00:03:12,991 DEBUG [ForkJoinPool.commonPool-worker-1] o.h.b.m.i.EntityBinder [EntityBinder.java:1224] - Import with entity name AppChatbot
2023-07-27 00:03:12,998 DEBUG [ForkJoinPool.commonPool-worker-1] o.h.b.m.i.EntityBinder [EntityBinder.java:1769] - Bind entity de.fhdw.freefeser.app.databases.entities.AppChatbot on table AppChatbot
