2023-07-27 00:10:19,255 DEBUG [ForkJoinPool.commonPool-worker-1] o.h.e.j.e.i.JdbcEnvironmentInitiator [JdbcEnvironmentInitiator.java:156] - Database ->
       name : H2
    version : 2.2.220 (2023-07-04)
      major : 2
      minor : 2
2023-07-27 00:10:19,257 DEBUG [ForkJoinPool.commonPool-worker-1] o.h.e.j.e.i.JdbcEnvironmentInitiator [JdbcEnvironmentInitiator.java:167] - Driver ->
       name : H2 JDBC Driver
    version : 2.2.220 (2023-07-04)
      major : 2
      minor : 2
2023-07-27 00:10:19,257 DEBUG [ForkJoinPool.commonPool-worker-1] o.h.e.j.e.i.JdbcEnvironmentInitiator [DelegatingBasicLogger.java:389] - JDBC version : 4.2
2023-07-27 00:10:19,288 DEBUG [ForkJoinPool.commonPool-worker-1] o.h.o.dialect [DialectFactoryImpl.java:93] - HHH035001: Using dialect: org.hibernate.dialect.H2Dialect, version: 2.2.220
2023-07-27 00:10:19,297 DEBUG [ForkJoinPool.commonPool-worker-1] o.h.e.j.e.s.IdentifierHelperBuilder [IdentifierHelperBuilder.java:116] - JDBC driver metadata reported database stores quoted identifiers in neither upper, lower nor mixed case
2023-07-27 00:10:19,318 DEBUG [ForkJoinPool.commonPool-worker-1] o.h.t.d.j.s.JdbcTypeRegistry [JdbcTypeRegistry.java:56] - addDescriptor(NCharTypeDescriptor) replaced previous registration(CharTypeDescriptor)
2023-07-27 00:10:19,318 DEBUG [ForkJoinPool.commonPool-worker-1] o.h.t.d.j.s.JdbcTypeRegistry [JdbcTypeRegistry.java:56] - addDescriptor(NVarcharTypeDescriptor) replaced previous registration(VarcharTypeDescriptor)
2023-07-27 00:10:19,319 DEBUG [ForkJoinPool.commonPool-worker-1] o.h.t.d.j.s.JdbcTypeRegistry [JdbcTypeRegistry.java:56] - addDescriptor(LongNVarcharTypeDescriptor) replaced previous registration(LongVarcharTypeDescriptor)
2023-07-27 00:10:19,322 DEBUG [ForkJoinPool.commonPool-worker-1] o.h.t.d.j.s.JdbcTypeRegistry [JdbcTypeRegistry.java:56] - addDescriptor(NClobTypeDescriptor(DEFAULT)) replaced previous registration(ClobTypeDescriptor(DEFAULT))
2023-07-27 00:10:19,323 DEBUG [ForkJoinPool.commonPool-worker-1] o.h.t.d.j.s.JdbcTypeRegistry [JdbcTypeRegistry.java:64] - addDescriptor(2005, ClobTypeDescriptor(STREAM_BINDING)) replaced previous registration(ClobTypeDescriptor(DEFAULT))
2023-07-27 00:10:19,325 DEBUG [ForkJoinPool.commonPool-worker-1] o.h.t.d.j.s.JdbcTypeRegistry [JdbcTypeRegistry.java:56] - addDescriptor(TimestampUtcDescriptor) replaced previous registration(TimestampUtcDescriptor)
2023-07-27 00:10:19,328 DEBUG [ForkJoinPool.commonPool-worker-1] o.h.t.d.j.s.JdbcTypeRegistry [JdbcTypeRegistry.java:64] - addDescriptor(3100, NumericTypeDescriptor) replaced previous registration(org.hibernate.dialect.H2DurationIntervalSecondJdbcType@7b1f7de8)
2023-07-27 00:10:19,335 DEBUG [ForkJoinPool.commonPool-worker-1] o.h.t.s.TypeConfiguration$Scope [TypeConfiguration.java:191] - Scoping TypeConfiguration [org.hibernate.type.spi.TypeConfiguration@7e6fea4e] to MetadataBuildingContext [org.hibernate.boot.internal.MetadataBuildingContextRootImpl@4d18a0e1]
2023-07-27 00:10:19,378 DEBUG [ForkJoinPool.commonPool-worker-1] o.h.b.m.r.Namespace [Namespace.java:64] - Created database namespace [logicalName=Name{catalog=null, schema=null}, physicalName=Name{catalog=null, schema=null}]
2023-07-27 00:10:19,416 DEBUG [ForkJoinPool.commonPool-worker-1] o.h.b.m.i.EntityBinder [EntityBinder.java:206] - Binding entity from annotated class: de.fhdw.freefeser.app.databases.entities.AppChatbot
2023-07-27 00:10:19,425 DEBUG [ForkJoinPool.commonPool-worker-1] o.h.b.m.i.EntityBinder [EntityBinder.java:1224] - Import with entity name AppChatbot
2023-07-27 00:10:19,434 DEBUG [ForkJoinPool.commonPool-worker-1] o.h.b.m.i.EntityBinder [EntityBinder.java:1769] - Bind entity de.fhdw.freefeser.app.databases.entities.AppChatbot on table AppChatbot
2023-07-27 00:10:19,444 DEBUG [ForkJoinPool.commonPool-worker-1] o.h.b.m.i.AnnotatedColumn [AnnotatedColumn.java:249] - Binding column: AnnotatedDiscriminatorColumn(column='DTYPE')
2023-07-27 00:10:19,464 DEBUG [ForkJoinPool.commonPool-worker-1] o.h.b.m.i.AnnotatedColumn [AnnotatedColumn.java:249] - Binding column: AnnotatedColumn()
2023-07-27 00:10:19,465 DEBUG [ForkJoinPool.commonPool-worker-1] o.h.b.i.ClassLoaderAccessImpl [ClassLoaderAccessImpl.java:60] - Not known whether passed class name [de.fhdw.freefeser.app.databases.entities.AppChatbot] is safe
2023-07-27 00:10:19,466 DEBUG [ForkJoinPool.commonPool-worker-1] o.h.b.i.ClassLoaderAccessImpl [ClassLoaderAccessImpl.java:62] - No temp ClassLoader provided; using live ClassLoader for loading potentially unsafe class : de.fhdw.freefeser.app.databases.entities.AppChatbot
2023-07-27 00:10:19,471 DEBUG [ForkJoinPool.commonPool-worker-1] o.h.b.m.i.PropertyBinder [PropertyBinder.java:248] - MetadataSourceProcessor property id with lazy=false
2023-07-27 00:10:19,478 DEBUG [ForkJoinPool.commonPool-worker-1] o.h.b.m.i.AbstractPropertyHolder [AbstractPropertyHolder.java:107] - Attempting to locate auto-apply AttributeConverter for property [de.fhdw.freefeser.app.databases.entities.AppChatbot:id]
2023-07-27 00:10:19,487 DEBUG [ForkJoinPool.commonPool-worker-1] o.h.b.m.i.BasicValueBinder [BasicValueBinder.java:1196] - building BasicValue for id
2023-07-27 00:10:19,493 DEBUG [ForkJoinPool.commonPool-worker-1] o.h.m.BasicValue [BasicValue.java:259] - Skipping column re-registration: AppChatbot.id
2023-07-27 00:10:19,495 DEBUG [ForkJoinPool.commonPool-worker-1] o.h.b.m.i.PropertyBinder [PropertyBinder.java:388] - Building property id
2023-07-27 00:10:19,500 DEBUG [ForkJoinPool.commonPool-worker-1] o.h.b.m.i.BinderHelper [GeneratorBinder.java:73] - #makeIdGenerator(BasicValue([Column(id)]), id, org.hibernate.id.UUIDGenerator, , ...)
2023-07-27 00:10:19,502 DEBUG [ForkJoinPool.commonPool-worker-1] o.h.b.m.i.AnnotatedColumn [AnnotatedColumn.java:249] - Binding column: AnnotatedColumn()
2023-07-27 00:10:19,504 DEBUG [ForkJoinPool.commonPool-worker-1] o.h.b.m.i.PropertyBinder [PropertyBinder.java:248] - MetadataSourceProcessor property active with lazy=false
2023-07-27 00:10:19,504 DEBUG [ForkJoinPool.commonPool-worker-1] o.h.b.m.i.AbstractPropertyHolder [AbstractPropertyHolder.java:107] - Attempting to locate auto-apply AttributeConverter for property [de.fhdw.freefeser.app.databases.entities.AppChatbot:active]
2023-07-27 00:10:19,504 DEBUG [ForkJoinPool.commonPool-worker-1] o.h.b.m.i.BasicValueBinder [BasicValueBinder.java:1196] - building BasicValue for active
2023-07-27 00:10:19,505 DEBUG [ForkJoinPool.commonPool-worker-1] o.h.m.BasicValue [BasicValue.java:259] - Skipping column re-registration: AppChatbot.active
2023-07-27 00:10:19,505 DEBUG [ForkJoinPool.commonPool-worker-1] o.h.b.m.i.PropertyBinder [PropertyBinder.java:388] - Building property active
2023-07-27 00:10:19,505 DEBUG [ForkJoinPool.commonPool-worker-1] o.h.b.m.i.AnnotatedColumn [AnnotatedColumn.java:249] - Binding column: AnnotatedColumn()
2023-07-27 00:10:19,506 DEBUG [ForkJoinPool.commonPool-worker-1] o.h.b.m.i.PropertyBinder [PropertyBinder.java:248] - MetadataSourceProcessor property botname with lazy=false
2023-07-27 00:10:19,506 DEBUG [ForkJoinPool.commonPool-worker-1] o.h.b.m.i.AbstractPropertyHolder [AbstractPropertyHolder.java:107] - Attempting to locate auto-apply AttributeConverter for property [de.fhdw.freefeser.app.databases.entities.AppChatbot:botname]
2023-07-27 00:10:19,506 DEBUG [ForkJoinPool.commonPool-worker-1] o.h.b.m.i.BasicValueBinder [BasicValueBinder.java:1196] - building BasicValue for botname
2023-07-27 00:10:19,506 DEBUG [ForkJoinPool.commonPool-worker-1] o.h.m.BasicValue [BasicValue.java:259] - Skipping column re-registration: AppChatbot.botname
2023-07-27 00:10:19,506 DEBUG [ForkJoinPool.commonPool-worker-1] o.h.b.m.i.PropertyBinder [PropertyBinder.java:388] - Building property botname
2023-07-27 00:10:19,516 DEBUG [ForkJoinPool.commonPool-worker-1] o.h.b.m.i.EntityBinder [EntityBinder.java:206] - Binding entity from annotated class: de.fhdw.freefeser.app.databases.entities.AppChatMessage
2023-07-27 00:10:19,517 DEBUG [ForkJoinPool.commonPool-worker-1] o.h.b.m.i.EntityBinder [EntityBinder.java:1224] - Import with entity name AppChatMessage
2023-07-27 00:10:19,518 DEBUG [ForkJoinPool.commonPool-worker-1] o.h.b.m.i.EntityBinder [EntityBinder.java:1769] - Bind entity de.fhdw.freefeser.app.databases.entities.AppChatMessage on table AppChatMessage
2023-07-27 00:10:19,519 DEBUG [ForkJoinPool.commonPool-worker-1] o.h.b.m.i.AnnotatedColumn [AnnotatedColumn.java:249] - Binding column: AnnotatedDiscriminatorColumn(column='DTYPE')
2023-07-27 00:10:19,527 DEBUG [ForkJoinPool.commonPool-worker-1] o.h.b.m.i.AnnotatedColumn [AnnotatedColumn.java:249] - Binding column: AnnotatedColumn(column='id')
2023-07-27 00:10:19,527 DEBUG [ForkJoinPool.commonPool-worker-1] o.h.b.i.ClassLoaderAccessImpl [ClassLoaderAccessImpl.java:60] - Not known whether passed class name [de.fhdw.freefeser.app.databases.entities.AppChatMessage] is safe
2023-07-27 00:10:19,528 DEBUG [ForkJoinPool.commonPool-worker-1] o.h.b.i.ClassLoaderAccessImpl [ClassLoaderAccessImpl.java:62] - No temp ClassLoader provided; using live ClassLoader for loading potentially unsafe class : de.fhdw.freefeser.app.databases.entities.AppChatMessage
2023-07-27 00:10:19,529 DEBUG [ForkJoinPool.commonPool-worker-1] o.h.b.m.i.PropertyBinder [PropertyBinder.java:248] - MetadataSourceProcessor property id with lazy=false
2023-07-27 00:10:19,529 DEBUG [ForkJoinPool.commonPool-worker-1] o.h.b.m.i.AbstractPropertyHolder [AbstractPropertyHolder.java:107] - Attempting to locate auto-apply AttributeConverter for property [de.fhdw.freefeser.app.databases.entities.AppChatMessage:id]
2023-07-27 00:10:19,529 DEBUG [ForkJoinPool.commonPool-worker-1] o.h.b.m.i.BasicValueBinder [BasicValueBinder.java:1196] - building BasicValue for id
2023-07-27 00:10:19,530 DEBUG [ForkJoinPool.commonPool-worker-1] o.h.m.BasicValue [BasicValue.java:259] - Skipping column re-registration: AppChatMessage.id
2023-07-27 00:10:19,530 DEBUG [ForkJoinPool.commonPool-worker-1] o.h.b.m.i.PropertyBinder [PropertyBinder.java:388] - Building property id
2023-07-27 00:10:19,531 DEBUG [ForkJoinPool.commonPool-worker-1] o.h.b.m.i.BinderHelper [GeneratorBinder.java:73] - #makeIdGenerator(BasicValue([Column(id)]), id, org.hibernate.id.UUIDGenerator, , ...)
2023-07-27 00:10:19,535 DEBUG [ForkJoinPool.commonPool-worker-1] o.h.b.m.i.AnnotatedColumn [AnnotatedColumn.java:249] - Binding column: AnnotatedJoinColumn()
2023-07-27 00:10:19,537 DEBUG [ForkJoinPool.commonPool-worker-1] o.h.b.m.i.AnnotatedColumn [AnnotatedColumn.java:249] - Binding column: AnnotatedColumn()
2023-07-27 00:10:19,544 DEBUG [ForkJoinPool.commonPool-worker-1] o.h.b.m.i.PropertyBinder [PropertyBinder.java:388] - Building property chatbot
2023-07-27 00:10:19,545 DEBUG [ForkJoinPool.commonPool-worker-1] o.h.b.m.i.AnnotatedColumn [AnnotatedColumn.java:249] - Binding column: AnnotatedColumn(column='text')
2023-07-27 00:10:19,545 DEBUG [ForkJoinPool.commonPool-worker-1] o.h.b.m.i.PropertyBinder [PropertyBinder.java:248] - MetadataSourceProcessor property text with lazy=false
2023-07-27 00:10:19,546 DEBUG [ForkJoinPool.commonPool-worker-1] o.h.b.m.i.AbstractPropertyHolder [AbstractPropertyHolder.java:107] - Attempting to locate auto-apply AttributeConverter for property [de.fhdw.freefeser.app.databases.entities.AppChatMessage:text]
2023-07-27 00:10:19,546 DEBUG [ForkJoinPool.commonPool-worker-1] o.h.b.m.i.BasicValueBinder [BasicValueBinder.java:1196] - building BasicValue for text
2023-07-27 00:10:19,546 DEBUG [ForkJoinPool.commonPool-worker-1] o.h.m.BasicValue [BasicValue.java:259] - Skipping column re-registration: AppChatMessage.text
2023-07-27 00:10:19,547 DEBUG [ForkJoinPool.commonPool-worker-1] o.h.b.m.i.PropertyBinder [PropertyBinder.java:388] - Building property text
2023-07-27 00:10:19,548 DEBUG [ForkJoinPool.commonPool-worker-1] o.h.b.m.i.AnnotatedColumn [AnnotatedColumn.java:249] - Binding column: AnnotatedColumn(column='timestamp')
2023-07-27 00:10:19,551 DEBUG [ForkJoinPool.commonPool-worker-1] o.h.b.m.i.PropertyBinder [PropertyBinder.java:248] - MetadataSourceProcessor property timestamp with lazy=false
2023-07-27 00:10:19,551 DEBUG [ForkJoinPool.commonPool-worker-1] o.h.b.m.i.AbstractPropertyHolder [AbstractPropertyHolder.java:107] - Attempting to locate auto-apply AttributeConverter for property [de.fhdw.freefeser.app.databases.entities.AppChatMessage:timestamp]
2023-07-27 00:10:19,553 DEBUG [ForkJoinPool.commonPool-worker-1] o.h.b.m.i.BasicValueBinder [BasicValueBinder.java:1196] - building BasicValue for timestamp
2023-07-27 00:10:19,554 DEBUG [ForkJoinPool.commonPool-worker-1] o.h.m.BasicValue [BasicValue.java:259] - Skipping column re-registration: AppChatMessage.timestamp
2023-07-27 00:10:19,555 DEBUG [ForkJoinPool.commonPool-worker-1] o.h.b.m.i.PropertyBinder [PropertyBinder.java:388] - Building property timestamp
2023-07-27 00:10:19,555 DEBUG [ForkJoinPool.commonPool-worker-1] o.h.b.m.i.AnnotatedColumn [AnnotatedColumn.java:249] - Binding column: AnnotatedJoinColumn()
2023-07-27 00:10:19,556 DEBUG [ForkJoinPool.commonPool-worker-1] o.h.b.m.i.AnnotatedColumn [AnnotatedColumn.java:249] - Binding column: AnnotatedColumn()
2023-07-27 00:10:19,556 DEBUG [ForkJoinPool.commonPool-worker-1] o.h.b.m.i.PropertyBinder [PropertyBinder.java:388] - Building property user
2023-07-27 00:10:19,557 DEBUG [ForkJoinPool.commonPool-worker-1] o.h.b.m.i.EntityBinder [EntityBinder.java:206] - Binding entity from annotated class: de.fhdw.freefeser.app.databases.entities.AppUser
2023-07-27 00:10:19,558 DEBUG [ForkJoinPool.commonPool-worker-1] o.h.b.m.i.EntityBinder [EntityBinder.java:1224] - Import with entity name AppUser
2023-07-27 00:10:19,558 DEBUG [ForkJoinPool.commonPool-worker-1] o.h.b.m.i.EntityBinder [EntityBinder.java:1769] - Bind entity de.fhdw.freefeser.app.databases.entities.AppUser on table AppUser
2023-07-27 00:10:19,558 DEBUG [ForkJoinPool.commonPool-worker-1] o.h.b.m.i.AnnotatedColumn [AnnotatedColumn.java:249] - Binding column: AnnotatedDiscriminatorColumn(column='DTYPE')
2023-07-27 00:10:19,559 DEBUG [ForkJoinPool.commonPool-worker-1] o.h.b.m.i.AnnotatedColumn [AnnotatedColumn.java:249] - Binding column: AnnotatedColumn()
2023-07-27 00:10:19,559 DEBUG [ForkJoinPool.commonPool-worker-1] o.h.b.i.ClassLoaderAccessImpl [ClassLoaderAccessImpl.java:60] - Not known whether passed class name [de.fhdw.freefeser.app.databases.entities.AppUser] is safe
2023-07-27 00:10:19,560 DEBUG [ForkJoinPool.commonPool-worker-1] o.h.b.i.ClassLoaderAccessImpl [ClassLoaderAccessImpl.java:62] - No temp ClassLoader provided; using live ClassLoader for loading potentially unsafe class : de.fhdw.freefeser.app.databases.entities.AppUser
2023-07-27 00:10:19,560 DEBUG [ForkJoinPool.commonPool-worker-1] o.h.b.m.i.PropertyBinder [PropertyBinder.java:248] - MetadataSourceProcessor property id with lazy=false
2023-07-27 00:10:19,560 DEBUG [ForkJoinPool.commonPool-worker-1] o.h.b.m.i.AbstractPropertyHolder [AbstractPropertyHolder.java:107] - Attempting to locate auto-apply AttributeConverter for property [de.fhdw.freefeser.app.databases.entities.AppUser:id]
2023-07-27 00:10:19,560 DEBUG [ForkJoinPool.commonPool-worker-1] o.h.b.m.i.BasicValueBinder [BasicValueBinder.java:1196] - building BasicValue for id
2023-07-27 00:10:19,561 DEBUG [ForkJoinPool.commonPool-worker-1] o.h.m.BasicValue [BasicValue.java:259] - Skipping column re-registration: AppUser.id
2023-07-27 00:10:19,561 DEBUG [ForkJoinPool.commonPool-worker-1] o.h.b.m.i.PropertyBinder [PropertyBinder.java:388] - Building property id
2023-07-27 00:10:19,562 DEBUG [ForkJoinPool.commonPool-worker-1] o.h.b.m.i.BinderHelper [GeneratorBinder.java:73] - #makeIdGenerator(BasicValue([Column(id)]), id, org.hibernate.id.UUIDGenerator, , ...)
2023-07-27 00:10:19,563 DEBUG [ForkJoinPool.commonPool-worker-1] o.h.b.m.i.AnnotatedColumn [AnnotatedColumn.java:249] - Binding column: AnnotatedColumn()
2023-07-27 00:10:19,563 DEBUG [ForkJoinPool.commonPool-worker-1] o.h.b.m.i.PropertyBinder [PropertyBinder.java:248] - MetadataSourceProcessor property password with lazy=false
2023-07-27 00:10:19,563 DEBUG [ForkJoinPool.commonPool-worker-1] o.h.b.m.i.AbstractPropertyHolder [AbstractPropertyHolder.java:107] - Attempting to locate auto-apply AttributeConverter for property [de.fhdw.freefeser.app.databases.entities.AppUser:password]
2023-07-27 00:10:19,565 DEBUG [ForkJoinPool.commonPool-worker-1] o.h.b.m.i.BasicValueBinder [BasicValueBinder.java:1196] - building BasicValue for password
2023-07-27 00:10:19,566 DEBUG [ForkJoinPool.commonPool-worker-1] o.h.m.BasicValue [BasicValue.java:259] - Skipping column re-registration: AppUser.password
2023-07-27 00:10:19,567 DEBUG [ForkJoinPool.commonPool-worker-1] o.h.b.m.i.PropertyBinder [PropertyBinder.java:388] - Building property password
2023-07-27 00:10:19,568 DEBUG [ForkJoinPool.commonPool-worker-1] o.h.b.m.i.AnnotatedColumn [AnnotatedColumn.java:249] - Binding column: AnnotatedColumn()
2023-07-27 00:10:19,569 DEBUG [ForkJoinPool.commonPool-worker-1] o.h.b.m.i.PropertyBinder [PropertyBinder.java:248] - MetadataSourceProcessor property username with lazy=false
2023-07-27 00:10:19,569 DEBUG [ForkJoinPool.commonPool-worker-1] o.h.b.m.i.AbstractPropertyHolder [AbstractPropertyHolder.java:107] - Attempting to locate auto-apply AttributeConverter for property [de.fhdw.freefeser.app.databases.entities.AppUser:username]
2023-07-27 00:10:19,570 DEBUG [ForkJoinPool.commonPool-worker-1] o.h.b.m.i.BasicValueBinder [BasicValueBinder.java:1196] - building BasicValue for username
2023-07-27 00:10:19,571 DEBUG [ForkJoinPool.commonPool-worker-1] o.h.m.BasicValue [BasicValue.java:259] - Skipping column re-registration: AppUser.username
2023-07-27 00:10:19,571 DEBUG [ForkJoinPool.commonPool-worker-1] o.h.b.m.i.PropertyBinder [PropertyBinder.java:388] - Building property username
2023-07-27 00:10:19,574 DEBUG [ForkJoinPool.commonPool-worker-1] o.h.b.m.i.BasicValueBinder [BasicValueBinder.java:1270] - Starting `BasicValueBinder#fillSimpleValue` for id
2023-07-27 00:10:19,577 DEBUG [ForkJoinPool.commonPool-worker-1] o.h.b.m.i.BasicValueBinder [BasicValueBinder.java:1270] - Starting `BasicValueBinder#fillSimpleValue` for active
2023-07-27 00:10:19,578 DEBUG [ForkJoinPool.commonPool-worker-1] o.h.b.m.i.BasicValueBinder [BasicValueBinder.java:1270] - Starting `BasicValueBinder#fillSimpleValue` for botname
2023-07-27 00:10:19,578 DEBUG [ForkJoinPool.commonPool-worker-1] o.h.b.m.i.BasicValueBinder [BasicValueBinder.java:1270] - Starting `BasicValueBinder#fillSimpleValue` for id
2023-07-27 00:10:19,578 DEBUG [ForkJoinPool.commonPool-worker-1] o.h.b.m.i.BasicValueBinder [BasicValueBinder.java:1270] - Starting `BasicValueBinder#fillSimpleValue` for text
2023-07-27 00:10:19,578 DEBUG [ForkJoinPool.commonPool-worker-1] o.h.b.m.i.BasicValueBinder [BasicValueBinder.java:1270] - Starting `BasicValueBinder#fillSimpleValue` for timestamp
2023-07-27 00:10:19,579 DEBUG [ForkJoinPool.commonPool-worker-1] o.h.b.m.i.BasicValueBinder [BasicValueBinder.java:1270] - Starting `BasicValueBinder#fillSimpleValue` for id
2023-07-27 00:10:19,579 DEBUG [ForkJoinPool.commonPool-worker-1] o.h.b.m.i.BasicValueBinder [BasicValueBinder.java:1270] - Starting `BasicValueBinder#fillSimpleValue` for password
2023-07-27 00:10:19,579 DEBUG [ForkJoinPool.commonPool-worker-1] o.h.b.m.i.BasicValueBinder [BasicValueBinder.java:1270] - Starting `BasicValueBinder#fillSimpleValue` for username
2023-07-27 00:10:19,591 DEBUG [ForkJoinPool.commonPool-worker-1] o.h.m.PrimaryKey [PrimaryKey.java:40] - Forcing column [id] to be non-null as it is part of the primary key for table [appchatbot]
2023-07-27 00:10:19,591 DEBUG [ForkJoinPool.commonPool-worker-1] o.h.m.PrimaryKey [PrimaryKey.java:40] - Forcing column [id] to be non-null as it is part of the primary key for table [appchatmessage]
2023-07-27 00:10:19,591 DEBUG [ForkJoinPool.commonPool-worker-1] o.h.m.PrimaryKey [PrimaryKey.java:40] - Forcing column [id] to be non-null as it is part of the primary key for table [appuser]
2023-07-27 00:10:19,596 DEBUG [ForkJoinPool.commonPool-worker-1] o.h.b.i.InFlightMetadataCollectorImpl [InFlightMetadataCollectorImpl.java:1991] - Resolving reference to class: de.fhdw.freefeser.app.databases.entities.AppChatbot
2023-07-27 00:10:19,600 DEBUG [ForkJoinPool.commonPool-worker-1] o.h.b.i.InFlightMetadataCollectorImpl [InFlightMetadataCollectorImpl.java:1991] - Resolving reference to class: de.fhdw.freefeser.app.databases.entities.AppUser
2023-07-27 00:10:19,620 DEBUG [ForkJoinPool.commonPool-worker-1] o.h.b.i.InFlightMetadataCollectorImpl [InFlightMetadataCollectorImpl.java:1991] - Resolving reference to class: de.fhdw.freefeser.app.databases.entities.AppChatbot
2023-07-27 00:10:19,621 DEBUG [ForkJoinPool.commonPool-worker-1] o.h.b.i.InFlightMetadataCollectorImpl [InFlightMetadataCollectorImpl.java:1991] - Resolving reference to class: de.fhdw.freefeser.app.databases.entities.AppUser
2023-07-27 00:10:19,650 INFO [ForkJoinPool.commonPool-worker-1] o.h.b.i.BytecodeProviderInitiator [BytecodeProviderInitiator.java:53] - HHH000021: Bytecode provider name : bytebuddy
2023-07-27 00:10:19,867 DEBUG [ForkJoinPool.commonPool-worker-1] o.h.i.SessionFactoryImpl [SessionFactoryImpl.java:208] - Building session factory
2023-07-27 00:10:19,920 DEBUG [ForkJoinPool.commonPool-worker-1] o.h.s.i.SessionFactoryServiceRegistryImpl [SessionFactoryServiceRegistryImpl.java:91] - EventListenerRegistry access via ServiceRegistry is deprecated.  Use `sessionFactory.getEventEngine().getListenerRegistry()` instead
2023-07-27 00:10:19,921 DEBUG [ForkJoinPool.commonPool-worker-1] o.h.i.SessionFactoryImpl [SessionFactoryImpl.java:225] - Instantiating SessionFactory with settings: {hibernate.format_sql=true, java.specification.version=20, sun.cpu.isalist=amd64, hibernate.c3p0.idle_test_period=300, sun.jnu.encoding=Cp1252, hibernate.dialect=org.hibernate.dialect.H2Dialect, hibernate.c3p0.min_size=5, java.class.path=C:\Users\phili\OneDrive - bib & FHDW\Softwaremodelling and Architecture\FreeFeser\freefeser-app\target\classes;C:\Users\phili\OneDrive - bib & FHDW\Softwaremodelling and Architecture\FreeFeser\freefeser-api\target\classes;C:\Users\phili\.m2\repository\org\hibernate\orm\hibernate-core\6.2.6.Final\hibernate-core-6.2.6.Final.jar;C:\Users\phili\.m2\repository\jakarta\persistence\jakarta.persistence-api\3.1.0\jakarta.persistence-api-3.1.0.jar;C:\Users\phili\.m2\repository\jakarta\transaction\jakarta.transaction-api\2.0.1\jakarta.transaction-api-2.0.1.jar;C:\Users\phili\.m2\repository\org\jboss\logging\jboss-logging\3.5.0.Final\jboss-logging-3.5.0.Final.jar;C:\Users\phili\.m2\repository\org\hibernate\common\hibernate-commons-annotations\6.0.6.Final\hibernate-commons-annotations-6.0.6.Final.jar;C:\Users\phili\.m2\repository\io\smallrye\jandex\3.0.5\jandex-3.0.5.jar;C:\Users\phili\.m2\repository\com\fasterxml\classmate\1.5.1\classmate-1.5.1.jar;C:\Users\phili\.m2\repository\net\bytebuddy\byte-buddy\1.12.18\byte-buddy-1.12.18.jar;C:\Users\phili\.m2\repository\jakarta\xml\bind\jakarta.xml.bind-api\4.0.0\jakarta.xml.bind-api-4.0.0.jar;C:\Users\phili\.m2\repository\jakarta\activation\jakarta.activation-api\2.1.0\jakarta.activation-api-2.1.0.jar;C:\Users\phili\.m2\repository\org\glassfish\jaxb\jaxb-runtime\4.0.2\jaxb-runtime-4.0.2.jar;C:\Users\phili\.m2\repository\org\glassfish\jaxb\jaxb-core\4.0.2\jaxb-core-4.0.2.jar;C:\Users\phili\.m2\repository\org\eclipse\angus\angus-activation\2.0.0\angus-activation-2.0.0.jar;C:\Users\phili\.m2\repository\org\glassfish\jaxb\txw2\4.0.2\txw2-4.0.2.jar;C:\Users\phili\.m2\repository\com\sun\istack\istack-commons-runtime\4.1.1\istack-commons-runtime-4.1.1.jar;C:\Users\phili\.m2\repository\jakarta\inject\jakarta.inject-api\2.0.1\jakarta.inject-api-2.0.1.jar;C:\Users\phili\.m2\repository\org\antlr\antlr4-runtime\4.10.1\antlr4-runtime-4.10.1.jar;C:\Users\phili\.m2\repository\org\hibernate\orm\hibernate-c3p0\6.2.6.Final\hibernate-c3p0-6.2.6.Final.jar;C:\Users\phili\.m2\repository\com\mchange\c3p0\0.9.5.5\c3p0-0.9.5.5.jar;C:\Users\phili\.m2\repository\com\mchange\mchange-commons-java\0.2.19\mchange-commons-java-0.2.19.jar;C:\Users\phili\.m2\repository\com\h2database\h2\2.2.220\h2-2.2.220.jar;C:\Users\phili\.m2\repository\com\google\code\gson\gson\2.10.1\gson-2.10.1.jar;C:\Users\phili\.m2\repository\org\slf4j\slf4j-api\2.0.7\slf4j-api-2.0.7.jar;C:\Users\phili\.m2\repository\ch\qos\logback\logback-classic\1.4.8\logback-classic-1.4.8.jar;C:\Users\phili\.m2\repository\ch\qos\logback\logback-core\1.4.8\logback-core-1.4.8.jar;C:\Users\phili\.m2\repository\edu\stanford\nlp\stanford-corenlp\4.4.0\stanford-corenlp-4.4.0.jar;C:\Users\phili\.m2\repository\com\apple\AppleJavaExtensions\1.4\AppleJavaExtensions-1.4.jar;C:\Users\phili\.m2\repository\de\jollyday\jollyday\0.4.9\jollyday-0.4.9.jar;C:\Users\phili\.m2\repository\org\apache\commons\commons-lang3\3.3.1\commons-lang3-3.3.1.jar;C:\Users\phili\.m2\repository\org\apache\lucene\lucene-queryparser\7.5.0\lucene-queryparser-7.5.0.jar;C:\Users\phili\.m2\repository\org\apache\lucene\lucene-queries\7.5.0\lucene-queries-7.5.0.jar;C:\Users\phili\.m2\repository\org\apache\lucene\lucene-sandbox\7.5.0\lucene-sandbox-7.5.0.jar;C:\Users\phili\.m2\repository\org\apache\lucene\lucene-analyzers-common\7.5.0\lucene-analyzers-common-7.5.0.jar;C:\Users\phili\.m2\repository\org\apache\lucene\lucene-core\7.5.0\lucene-core-7.5.0.jar;C:\Users\phili\.m2\repository\javax\servlet\javax.servlet-api\3.0.1\javax.servlet-api-3.0.1.jar;C:\Users\phili\.m2\repository\xom\xom\1.3.7\xom-1.3.7.jar;C:\Users\phili\.m2\repository\xerces\xercesImpl\2.8.0\xercesImpl-2.8.0.jar;C:\Users\phili\.m2\repository\xml-apis\xml-apis\1.3.03\xml-apis-1.3.03.jar;C:\Users\phili\.m2\repository\xalan\xalan\2.7.2\xalan-2.7.2.jar;C:\Users\phili\.m2\repository\xalan\serializer\2.7.2\serializer-2.7.2.jar;C:\Users\phili\.m2\repository\joda-time\joda-time\2.10.5\joda-time-2.10.5.jar;C:\Users\phili\.m2\repository\org\ejml\ejml-core\0.39\ejml-core-0.39.jar;C:\Users\phili\.m2\repository\com\google\code\findbugs\jsr305\3.0.2\jsr305-3.0.2.jar;C:\Users\phili\.m2\repository\org\ejml\ejml-ddense\0.39\ejml-ddense-0.39.jar;C:\Users\phili\.m2\repository\org\ejml\ejml-simple\0.39\ejml-simple-0.39.jar;C:\Users\phili\.m2\repository\org\ejml\ejml-fdense\0.39\ejml-fdense-0.39.jar;C:\Users\phili\.m2\repository\org\ejml\ejml-cdense\0.39\ejml-cdense-0.39.jar;C:\Users\phili\.m2\repository\org\ejml\ejml-zdense\0.39\ejml-zdense-0.39.jar;C:\Users\phili\.m2\repository\org\ejml\ejml-dsparse\0.39\ejml-dsparse-0.39.jar;C:\Users\phili\.m2\repository\org\ejml\ejml-fsparse\0.39\ejml-fsparse-0.39.jar;C:\Users\phili\.m2\repository\org\glassfish\javax.json\1.0.4\javax.json-1.0.4.jar;C:\Users\phili\.m2\repository\com\google\protobuf\protobuf-java\3.11.4\protobuf-java-3.11.4.jar;C:\Users\phili\.m2\repository\javax\activation\javax.activation-api\1.2.0\javax.activation-api-1.2.0.jar;C:\Users\phili\.m2\repository\javax\xml\bind\jaxb-api\2.4.0-b180830.0359\jaxb-api-2.4.0-b180830.0359.jar;C:\Users\phili\.m2\repository\com\sun\xml\bind\jaxb-core\2.3.0.1\jaxb-core-2.3.0.1.jar;C:\Users\phili\.m2\repository\com\sun\xml\bind\jaxb-impl\2.4.0-b180830.0438\jaxb-impl-2.4.0-b180830.0438.jar;C:\Users\phili\.m2\repository\edu\stanford\nlp\stanford-corenlp\4.4.0\stanford-corenlp-4.4.0-models.jar;C:\Users\phili\.m2\repository\edu\stanford\nlp\stanford-corenlp\4.4.0\stanford-corenlp-4.4.0-models-german.jar;C:\Users\phili\.m2\repository\edu\stanford\nlp\stanford-corenlp\4.4.0\stanford-corenlp-4.4.0-models-english.jar;C:\Users\phili\AppData\Local\JetBrains\Toolbox\apps\IDEA-U\ch-0\231.8109.175\lib\idea_rt.jar, java.vm.vendor=Oracle Corporation, sun.arch.data.model=64, user.variant=, java.vendor.url=https://java.oracle.com/, user.timezone=Europe/Berlin, java.vm.specification.version=20, os.name=Windows 11, hibernate.c3p0.acquire_increment=1, sun.java.launcher=SUN_STANDARD, user.country=DE, sun.boot.library.path=C:\Users\phili\.jdks\openjdk-20\bin, sun.java.command=de.fhdw.freefeser.app.FreeFeserApp, hibernate.use_sql_comments=true, hibernate.connection.provider_class=org.hibernate.c3p0.internal.C3P0ConnectionProvider, jdk.debug=release, sun.cpu.endian=little, user.home=C:\Users\phili, hibernate.c3p0.max_statements=50, user.language=de, sun.stderr.encoding=UTF-8, java.specification.vendor=Oracle Corporation, java.version.date=2023-03-21, java.home=C:\Users\phili\.jdks\openjdk-20, file.separator=\, java.vm.compressedOopsMode=Zero based, sun.stdout.encoding=UTF-8, line.separator=
, hibernate.c3p0.timeout=1800, java.vm.specification.vendor=Oracle Corporation, java.specification.name=Java Platform API Specification, intellij.debug.agent=true, hibernate.hbm2ddl.auto=update, user.script=, sun.management.compiler=HotSpot 64-Bit Tiered Compilers, hibernate.c3p0.max_size=20, java.runtime.version=20+36-2344, user.name=phili, stdout.encoding=UTF-8, path.separator=;, hibernate.connection.username=****, os.version=10.0, java.runtime.name=OpenJDK Runtime Environment, hibernate.connection.url=jdbc:h2:file:./datafiles/testdb;DB_CLOSE_DELAY=-1;DB_CLOSE_ON_EXIT=FALSE, file.encoding=UTF-8, java.vm.name=OpenJDK 64-Bit Server VM, hibernate.show_sql=true, hibernate.current_session_context_class=thread, hibernate.connection.driver_class=org.h2.Driver, java.vendor.url.bug=https://bugreport.java.com/bugreport/, java.io.tmpdir=C:\Users\phili\AppData\Local\Temp\, java.version=20, jboss.modules.system.pkgs=com.intellij.rt, user.dir=C:\Users\phili\OneDrive - bib & FHDW\Softwaremodelling and Architecture\FreeFeser, os.arch=amd64, java.vm.specification.name=Java Virtual Machine Specification, hibernate.connection.password=****, sun.os.patch.level=, hibernate.boot.CfgXmlAccessService.key=org.hibernate.boot.cfgxml.spi.LoadedConfig@789bc3d8, native.encoding=Cp1252, java.library.path=C:\Users\phili\.jdks\openjdk-20\bin;C:\WINDOWS\Sun\Java\bin;C:\WINDOWS\system32;C:\WINDOWS;C:\Windows\system32;C:\Windows;C:\Windows\System32\Wbem;C:\Windows\System32\WindowsPowerShell\v1.0\;C:\Windows\System32\OpenSSH\;C:\Program Files (x86)\NVIDIA Corporation\PhysX\Common;C:\Program Files\NVIDIA Corporation\NVIDIA NvDLISR;C:\WINDOWS\system32;C:\WINDOWS;C:\WINDOWS\System32\Wbem;C:\WINDOWS\System32\WindowsPowerShell\v1.0\;C:\WINDOWS\System32\OpenSSH\;C:\Program Files\Git\cmd;C:\Users\phili\AppData\Roaming\nvm;C:\Program Files\nodejs;C:\Program Files\dotnet\;C:\Program Files\WireGuard\;C:\Users\phili\AppData\Local\Microsoft\WindowsApps;C:\Users\phili\AppData\Local\JetBrains\Toolbox\scripts;C:\Users\phili\AppData\Local\Programs\Microsoft VS Code\bin;C:\Users\phili\.dotnet\tools;C:\Users\phili\.jdks\openjdk-19.0.2\bin;., stderr.encoding=UTF-8, java.vendor=Oracle Corporation, java.vm.info=mixed mode, sharing, java.vm.version=20+36-2344, hibernate.bytecode.use_reflection_optimizer=true, sun.io.unicode.encoding=UnicodeLittle, java.class.version=64.0}
2023-07-27 00:10:19,926 DEBUG [ForkJoinPool.commonPool-worker-1] o.h.i.SessionFactoryImpl [SessionFactoryImpl.java:239] - Session factory constructed with filter configurations : {}
2023-07-27 00:10:19,971 DEBUG [ForkJoinPool.commonPool-worker-1] o.h.q.s.f.SqmFunctionRegistry [SqmFunctionRegistry.java:90] - Registered SqmFunctionTemplate [NamedSqmFunctionTemplate(max)] under max; prior registration was null
2023-07-27 00:10:19,972 DEBUG [ForkJoinPool.commonPool-worker-1] o.h.q.s.f.SqmFunctionRegistry [SqmFunctionRegistry.java:90] - Registered SqmFunctionTemplate [NamedSqmFunctionTemplate(min)] under min; prior registration was null
2023-07-27 00:10:19,974 DEBUG [ForkJoinPool.commonPool-worker-1] o.h.q.s.f.SqmFunctionRegistry [SqmFunctionRegistry.java:90] - Registered SqmFunctionTemplate [NamedSqmFunctionTemplate(sum)] under sum; prior registration was null
2023-07-27 00:10:19,975 DEBUG [ForkJoinPool.commonPool-worker-1] o.h.q.s.f.SqmFunctionRegistry [SqmFunctionRegistry.java:90] - Registered SqmFunctionTemplate [NamedSqmFunctionTemplate(avg)] under avg; prior registration was null
2023-07-27 00:10:19,976 DEBUG [ForkJoinPool.commonPool-worker-1] o.h.q.s.f.SqmFunctionRegistry [SqmFunctionRegistry.java:90] - Registered SqmFunctionTemplate [org.hibernate.dialect.function.CountFunction@313f6ef1] under count; prior registration was null
2023-07-27 00:10:19,978 DEBUG [ForkJoinPool.commonPool-worker-1] o.h.q.s.f.SqmFunctionRegistry [SqmFunctionRegistry.java:90] - Registered SqmFunctionTemplate [org.hibernate.dialect.function.EveryAnyEmulation@71b250c0] under every; prior registration was null
2023-07-27 00:10:19,979 DEBUG [ForkJoinPool.commonPool-worker-1] o.h.q.s.f.SqmFunctionRegistry [SqmFunctionRegistry.java:90] - Registered SqmFunctionTemplate [org.hibernate.dialect.function.EveryAnyEmulation@161e4016] under any; prior registration was null
2023-07-27 00:10:19,979 DEBUG [ForkJoinPool.commonPool-worker-1] o.h.q.s.f.SqmFunctionRegistry [SqmFunctionRegistry.java:90] - Registered SqmFunctionTemplate [NamedSqmFunctionTemplate(floor)] under floor; prior registration was null
2023-07-27 00:10:19,980 DEBUG [ForkJoinPool.commonPool-worker-1] o.h.q.s.f.SqmFunctionRegistry [SqmFunctionRegistry.java:90] - Registered SqmFunctionTemplate [NamedSqmFunctionTemplate(ceiling)] under ceiling; prior registration was null
2023-07-27 00:10:19,980 DEBUG [ForkJoinPool.commonPool-worker-1] o.h.q.s.f.SqmFunctionRegistry [SqmFunctionRegistry.java:90] - Registered SqmFunctionTemplate [NamedSqmFunctionTemplate(mod)] under mod; prior registration was null
2023-07-27 00:10:19,980 DEBUG [ForkJoinPool.commonPool-worker-1] o.h.q.s.f.SqmFunctionRegistry [SqmFunctionRegistry.java:90] - Registered SqmFunctionTemplate [NamedSqmFunctionTemplate(abs)] under abs; prior registration was null
2023-07-27 00:10:19,980 DEBUG [ForkJoinPool.commonPool-worker-1] o.h.q.s.f.SqmFunctionRegistry [SqmFunctionRegistry.java:90] - Registered SqmFunctionTemplate [NamedSqmFunctionTemplate(sign)] under sign; prior registration was null
2023-07-27 00:10:19,980 DEBUG [ForkJoinPool.commonPool-worker-1] o.h.q.s.f.SqmFunctionRegistry [SqmFunctionRegistry.java:90] - Registered SqmFunctionTemplate [NamedSqmFunctionTemplate(sqrt)] under sqrt; prior registration was null
2023-07-27 00:10:19,980 DEBUG [ForkJoinPool.commonPool-worker-1] o.h.q.s.f.SqmFunctionRegistry [SqmFunctionRegistry.java:90] - Registered SqmFunctionTemplate [NamedSqmFunctionTemplate(ln)] under ln; prior registration was null
2023-07-27 00:10:19,980 DEBUG [ForkJoinPool.commonPool-worker-1] o.h.q.s.f.SqmFunctionRegistry [SqmFunctionRegistry.java:90] - Registered SqmFunctionTemplate [NamedSqmFunctionTemplate(exp)] under exp; prior registration was null
2023-07-27 00:10:19,981 DEBUG [ForkJoinPool.commonPool-worker-1] o.h.q.s.f.SqmFunctionRegistry [SqmFunctionRegistry.java:90] - Registered SqmFunctionTemplate [NamedSqmFunctionTemplate(power)] under power; prior registration was null
2023-07-27 00:10:19,981 DEBUG [ForkJoinPool.commonPool-worker-1] o.h.q.s.f.SqmFunctionRegistry [SqmFunctionRegistry.java:90] - Registered SqmFunctionTemplate [NamedSqmFunctionTemplate(round)] under round; prior registration was null
2023-07-27 00:10:19,981 DEBUG [ForkJoinPool.commonPool-worker-1] o.h.q.s.f.SqmFunctionRegistry [SqmFunctionRegistry.java:90] - Registered SqmFunctionTemplate [NamedSqmFunctionTemplate(sin)] under sin; prior registration was null
2023-07-27 00:10:19,981 DEBUG [ForkJoinPool.commonPool-worker-1] o.h.q.s.f.SqmFunctionRegistry [SqmFunctionRegistry.java:90] - Registered SqmFunctionTemplate [NamedSqmFunctionTemplate(cos)] under cos; prior registration was null
2023-07-27 00:10:19,982 DEBUG [ForkJoinPool.commonPool-worker-1] o.h.q.s.f.SqmFunctionRegistry [SqmFunctionRegistry.java:90] - Registered SqmFunctionTemplate [NamedSqmFunctionTemplate(tan)] under tan; prior registration was null
2023-07-27 00:10:19,982 DEBUG [ForkJoinPool.commonPool-worker-1] o.h.q.s.f.SqmFunctionRegistry [SqmFunctionRegistry.java:90] - Registered SqmFunctionTemplate [NamedSqmFunctionTemplate(asin)] under asin; prior registration was null
2023-07-27 00:10:19,982 DEBUG [ForkJoinPool.commonPool-worker-1] o.h.q.s.f.SqmFunctionRegistry [SqmFunctionRegistry.java:90] - Registered SqmFunctionTemplate [NamedSqmFunctionTemplate(acos)] under acos; prior registration was null
2023-07-27 00:10:19,983 DEBUG [ForkJoinPool.commonPool-worker-1] o.h.q.s.f.SqmFunctionRegistry [SqmFunctionRegistry.java:90] - Registered SqmFunctionTemplate [NamedSqmFunctionTemplate(atan)] under atan; prior registration was null
2023-07-27 00:10:19,983 DEBUG [ForkJoinPool.commonPool-worker-1] o.h.q.s.f.SqmFunctionRegistry [SqmFunctionRegistry.java:90] - Registered SqmFunctionTemplate [NamedSqmFunctionTemplate(atan2)] under atan2; prior registration was null
2023-07-27 00:10:19,985 DEBUG [ForkJoinPool.commonPool-worker-1] o.h.q.s.f.SqmFunctionRegistry [SqmFunctionRegistry.java:90] - Registered SqmFunctionTemplate [org.hibernate.query.sqm.function.PatternBasedSqmFunctionDescriptor@208b03a8] under sinh; prior registration was null
2023-07-27 00:10:19,986 DEBUG [ForkJoinPool.commonPool-worker-1] o.h.q.s.f.SqmFunctionRegistry [SqmFunctionRegistry.java:90] - Registered SqmFunctionTemplate [org.hibernate.query.sqm.function.PatternBasedSqmFunctionDescriptor@4bbd909d] under cosh; prior registration was null
2023-07-27 00:10:19,986 DEBUG [ForkJoinPool.commonPool-worker-1] o.h.q.s.f.SqmFunctionRegistry [SqmFunctionRegistry.java:90] - Registered SqmFunctionTemplate [org.hibernate.query.sqm.function.PatternBasedSqmFunctionDescriptor@157cd3eb] under tanh; prior registration was null
2023-07-27 00:10:19,987 DEBUG [ForkJoinPool.commonPool-worker-1] o.h.q.s.f.SqmFunctionRegistry [SqmFunctionRegistry.java:90] - Registered SqmFunctionTemplate [org.hibernate.query.sqm.function.PatternBasedSqmFunctionDescriptor@4a5ecdb8] under pi; prior registration was null
2023-07-27 00:10:19,987 DEBUG [ForkJoinPool.commonPool-worker-1] o.h.q.s.f.SqmFunctionRegistry [SqmFunctionRegistry.java:90] - Registered SqmFunctionTemplate [org.hibernate.query.sqm.function.PatternBasedSqmFunctionDescriptor@32300118] under log; prior registration was null
2023-07-27 00:10:19,988 DEBUG [ForkJoinPool.commonPool-worker-1] o.h.q.s.f.SqmFunctionRegistry [SqmFunctionRegistry.java:90] - Registered SqmFunctionTemplate [NamedSqmFunctionTemplate(coalesce)] under coalesce; prior registration was null
2023-07-27 00:10:19,988 DEBUG [ForkJoinPool.commonPool-worker-1] o.h.q.s.f.SqmFunctionRegistry [SqmFunctionRegistry.java:90] - Registered SqmFunctionTemplate [NamedSqmFunctionTemplate(nullif)] under nullif; prior registration was null
2023-07-27 00:10:19,988 DEBUG [ForkJoinPool.commonPool-worker-1] o.h.q.s.f.SqmFunctionRegistry [SqmFunctionRegistry.java:90] - Registered SqmFunctionTemplate [NamedSqmFunctionTemplate(left)] under left; prior registration was null
2023-07-27 00:10:19,988 DEBUG [ForkJoinPool.commonPool-worker-1] o.h.q.s.f.SqmFunctionRegistry [SqmFunctionRegistry.java:90] - Registered SqmFunctionTemplate [NamedSqmFunctionTemplate(right)] under right; prior registration was null
2023-07-27 00:10:19,988 DEBUG [ForkJoinPool.commonPool-worker-1] o.h.q.s.f.SqmFunctionRegistry [SqmFunctionRegistry.java:90] - Registered SqmFunctionTemplate [NamedSqmFunctionTemplate(replace)] under replace; prior registration was null
2023-07-27 00:10:19,989 DEBUG [ForkJoinPool.commonPool-worker-1] o.h.q.s.f.SqmFunctionRegistry [SqmFunctionRegistry.java:90] - Registered SqmFunctionTemplate [NamedSqmFunctionTemplate(concat)] under concat; prior registration was null
2023-07-27 00:10:19,989 DEBUG [ForkJoinPool.commonPool-worker-1] o.h.q.s.f.SqmFunctionRegistry [SqmFunctionRegistry.java:90] - Registered SqmFunctionTemplate [NamedSqmFunctionTemplate(lower)] under lower; prior registration was null
2023-07-27 00:10:19,989 DEBUG [ForkJoinPool.commonPool-worker-1] o.h.q.s.f.SqmFunctionRegistry [SqmFunctionRegistry.java:90] - Registered SqmFunctionTemplate [NamedSqmFunctionTemplate(upper)] under upper; prior registration was null
2023-07-27 00:10:19,989 DEBUG [ForkJoinPool.commonPool-worker-1] o.h.q.s.f.SqmFunctionRegistry [SqmFunctionRegistry.java:90] - Registered SqmFunctionTemplate [NamedSqmFunctionTemplate(substring)] under substring; prior registration was null
2023-07-27 00:10:19,989 DEBUG [ForkJoinPool.commonPool-worker-1] o.h.q.s.f.SqmFunctionRegistry [SqmFunctionRegistry.java:90] - Registered SqmFunctionTemplate [NamedSqmFunctionTemplate(locate)] under locate; prior registration was null
2023-07-27 00:10:19,989 DEBUG [ForkJoinPool.commonPool-worker-1] o.h.q.s.f.SqmFunctionRegistry [SqmFunctionRegistry.java:90] - Registered SqmFunctionTemplate [NamedSqmFunctionTemplate(character_length)] under character_length; prior registration was null
2023-07-27 00:10:19,989 DEBUG [ForkJoinPool.commonPool-worker-1] o.h.q.s.f.SqmFunctionRegistry [SqmFunctionRegistry.java:307] - Registering alternate key : length -> character_length
2023-07-27 00:10:19,990 DEBUG [ForkJoinPool.commonPool-worker-1] o.h.q.s.f.SqmFunctionRegistry [SqmFunctionRegistry.java:90] - Registered SqmFunctionTemplate [org.hibernate.dialect.function.LocatePositionEmulation@3ef9702c] under position; prior registration was null
2023-07-27 00:10:19,991 DEBUG [ForkJoinPool.commonPool-worker-1] o.h.q.s.f.SqmFunctionRegistry [SqmFunctionRegistry.java:90] - Registered SqmFunctionTemplate [org.hibernate.dialect.function.InsertSubstringOverlayEmulation@4784f154] under overlay; prior registration was null
2023-07-27 00:10:19,993 DEBUG [ForkJoinPool.commonPool-worker-1] o.h.q.s.f.SqmFunctionRegistry [SqmFunctionRegistry.java:90] - Registered SqmFunctionTemplate [org.hibernate.dialect.function.TrimFunction@35153ad9] under trim; prior registration was null
2023-07-27 00:10:19,994 DEBUG [ForkJoinPool.commonPool-worker-1] o.h.q.s.f.SqmFunctionRegistry [SqmFunctionRegistry.java:90] - Registered SqmFunctionTemplate [org.hibernate.dialect.function.CastFunction@3d7ba7e3] under cast; prior registration was null
2023-07-27 00:10:19,994 DEBUG [ForkJoinPool.commonPool-worker-1] o.h.q.s.f.SqmFunctionRegistry [SqmFunctionRegistry.java:90] - Registered SqmFunctionTemplate [org.hibernate.query.sqm.function.PatternBasedSqmFunctionDescriptor@6c0e0fdc] under collate; prior registration was null
2023-07-27 00:10:19,996 DEBUG [ForkJoinPool.commonPool-worker-1] o.h.q.s.f.SqmFunctionRegistry [SqmFunctionRegistry.java:90] - Registered SqmFunctionTemplate [org.hibernate.dialect.function.ExtractFunction@42652dc3] under extract; prior registration was null
2023-07-27 00:10:19,996 DEBUG [ForkJoinPool.commonPool-worker-1] o.h.q.s.f.SqmFunctionRegistry [SqmFunctionRegistry.java:90] - Registered SqmFunctionTemplate [NamedSqmFunctionTemplate(least)] under least; prior registration was null
2023-07-27 00:10:19,996 DEBUG [ForkJoinPool.commonPool-worker-1] o.h.q.s.f.SqmFunctionRegistry [SqmFunctionRegistry.java:90] - Registered SqmFunctionTemplate [NamedSqmFunctionTemplate(greatest)] under greatest; prior registration was null
2023-07-27 00:10:19,997 DEBUG [ForkJoinPool.commonPool-worker-1] o.h.q.s.f.SqmFunctionRegistry [SqmFunctionRegistry.java:90] - Registered SqmFunctionTemplate [org.hibernate.dialect.function.CoalesceIfnullEmulation@433256fd] under ifnull; prior registration was null
2023-07-27 00:10:19,997 DEBUG [ForkJoinPool.commonPool-worker-1] o.h.q.s.f.SqmFunctionRegistry [SqmFunctionRegistry.java:90] - Registered SqmFunctionTemplate [NamedSqmFunctionTemplate(lpad)] under lpad; prior registration was null
2023-07-27 00:10:19,997 DEBUG [ForkJoinPool.commonPool-worker-1] o.h.q.s.f.SqmFunctionRegistry [SqmFunctionRegistry.java:90] - Registered SqmFunctionTemplate [NamedSqmFunctionTemplate(rpad)] under rpad; prior registration was null
2023-07-27 00:10:19,998 DEBUG [ForkJoinPool.commonPool-worker-1] o.h.q.s.f.SqmFunctionRegistry [SqmFunctionRegistry.java:90] - Registered SqmFunctionTemplate [org.hibernate.dialect.function.LpadRpadPadEmulation@59819b3c] under pad; prior registration was null
2023-07-27 00:10:19,998 DEBUG [ForkJoinPool.commonPool-worker-1] o.h.q.s.f.SqmFunctionRegistry [SqmFunctionRegistry.java:90] - Registered SqmFunctionTemplate [org.hibernate.dialect.function.CastStrEmulation@74a80593] under str; prior registration was null
