2023-07-27 00:25:14,085 DEBUG [ForkJoinPool.commonPool-worker-1] o.h.t.BasicTypeRegistry [BasicTypeRegistry.java:410] - Adding type registration boolean -> org.hibernate.type.BasicTypeReference@6db3c0b9
2023-07-27 00:25:14,094 DEBUG [ForkJoinPool.commonPool-worker-1] o.h.t.BasicTypeRegistry [BasicTypeRegistry.java:410] - Adding type registration boolean -> org.hibernate.type.BasicTypeReference@6db3c0b9
2023-07-27 00:25:14,094 DEBUG [ForkJoinPool.commonPool-worker-1] o.h.t.BasicTypeRegistry [BasicTypeRegistry.java:410] - Adding type registration java.lang.Boolean -> org.hibernate.type.BasicTypeReference@6db3c0b9
2023-07-27 00:25:14,095 DEBUG [ForkJoinPool.commonPool-worker-1] o.h.t.BasicTypeRegistry [BasicTypeRegistry.java:410] - Adding type registration numeric_boolean -> org.hibernate.type.BasicTypeReference@567533ee
2023-07-27 00:25:14,095 DEBUG [ForkJoinPool.commonPool-worker-1] o.h.t.BasicTypeRegistry [BasicTypeRegistry.java:410] - Adding type registration org.hibernate.type.NumericBooleanConverter -> org.hibernate.type.BasicTypeReference@567533ee
2023-07-27 00:25:14,095 DEBUG [ForkJoinPool.commonPool-worker-1] o.h.t.BasicTypeRegistry [BasicTypeRegistry.java:410] - Adding type registration true_false -> org.hibernate.type.BasicTypeReference@24d7f018
2023-07-27 00:25:14,097 DEBUG [ForkJoinPool.commonPool-worker-1] o.h.t.BasicTypeRegistry [BasicTypeRegistry.java:410] - Adding type registration org.hibernate.type.TrueFalseConverter -> org.hibernate.type.BasicTypeReference@24d7f018
2023-07-27 00:25:14,097 DEBUG [ForkJoinPool.commonPool-worker-1] o.h.t.BasicTypeRegistry [BasicTypeRegistry.java:410] - Adding type registration yes_no -> org.hibernate.type.BasicTypeReference@653a47b5
2023-07-27 00:25:14,097 DEBUG [ForkJoinPool.commonPool-worker-1] o.h.t.BasicTypeRegistry [BasicTypeRegistry.java:410] - Adding type registration org.hibernate.type.YesNoConverter -> org.hibernate.type.BasicTypeReference@653a47b5
2023-07-27 00:25:14,097 DEBUG [ForkJoinPool.commonPool-worker-1] o.h.t.BasicTypeRegistry [BasicTypeRegistry.java:410] - Adding type registration byte -> org.hibernate.type.BasicTypeReference@16fff5a3
2023-07-27 00:25:14,097 DEBUG [ForkJoinPool.commonPool-worker-1] o.h.t.BasicTypeRegistry [BasicTypeRegistry.java:410] - Adding type registration byte -> org.hibernate.type.BasicTypeReference@16fff5a3
2023-07-27 00:25:14,097 DEBUG [ForkJoinPool.commonPool-worker-1] o.h.t.BasicTypeRegistry [BasicTypeRegistry.java:410] - Adding type registration java.lang.Byte -> org.hibernate.type.BasicTypeReference@16fff5a3
2023-07-27 00:25:14,097 DEBUG [ForkJoinPool.commonPool-worker-1] o.h.t.BasicTypeRegistry [BasicTypeRegistry.java:410] - Adding type registration binary -> org.hibernate.type.BasicTypeReference@696a5ed1
2023-07-27 00:25:14,097 DEBUG [ForkJoinPool.commonPool-worker-1] o.h.t.BasicTypeRegistry [BasicTypeRegistry.java:410] - Adding type registration byte[] -> org.hibernate.type.BasicTypeReference@696a5ed1
2023-07-27 00:25:14,097 DEBUG [ForkJoinPool.commonPool-worker-1] o.h.t.BasicTypeRegistry [BasicTypeRegistry.java:410] - Adding type registration [B -> org.hibernate.type.BasicTypeReference@696a5ed1
2023-07-27 00:25:14,099 DEBUG [ForkJoinPool.commonPool-worker-1] o.h.t.BasicTypeRegistry [BasicTypeRegistry.java:410] - Adding type registration binary_wrapper -> org.hibernate.type.BasicTypeReference@72a634d4
2023-07-27 00:25:14,099 DEBUG [ForkJoinPool.commonPool-worker-1] o.h.t.BasicTypeRegistry [BasicTypeRegistry.java:410] - Adding type registration wrapper-binary -> org.hibernate.type.BasicTypeReference@72a634d4
2023-07-27 00:25:14,099 DEBUG [ForkJoinPool.commonPool-worker-1] o.h.t.BasicTypeRegistry [BasicTypeRegistry.java:410] - Adding type registration image -> org.hibernate.type.BasicTypeReference@4516c2da
2023-07-27 00:25:14,099 DEBUG [ForkJoinPool.commonPool-worker-1] o.h.t.BasicTypeRegistry [BasicTypeRegistry.java:410] - Adding type registration blob -> org.hibernate.type.BasicTypeReference@2cad7536
2023-07-27 00:25:14,099 DEBUG [ForkJoinPool.commonPool-worker-1] o.h.t.BasicTypeRegistry [BasicTypeRegistry.java:410] - Adding type registration java.sql.Blob -> org.hibernate.type.BasicTypeReference@2cad7536
2023-07-27 00:25:14,099 DEBUG [ForkJoinPool.commonPool-worker-1] o.h.t.BasicTypeRegistry [BasicTypeRegistry.java:410] - Adding type registration materialized_blob -> org.hibernate.type.BasicTypeReference@170a2aa4
2023-07-27 00:25:14,099 DEBUG [ForkJoinPool.commonPool-worker-1] o.h.t.BasicTypeRegistry [BasicTypeRegistry.java:410] - Adding type registration materialized_blob_wrapper -> org.hibernate.type.BasicTypeReference@54c9ac05
2023-07-27 00:25:14,100 DEBUG [ForkJoinPool.commonPool-worker-1] o.h.t.BasicTypeRegistry [BasicTypeRegistry.java:410] - Adding type registration short -> org.hibernate.type.BasicTypeReference@273ab454
2023-07-27 00:25:14,100 DEBUG [ForkJoinPool.commonPool-worker-1] o.h.t.BasicTypeRegistry [BasicTypeRegistry.java:410] - Adding type registration short -> org.hibernate.type.BasicTypeReference@273ab454
2023-07-27 00:25:14,100 DEBUG [ForkJoinPool.commonPool-worker-1] o.h.t.BasicTypeRegistry [BasicTypeRegistry.java:410] - Adding type registration java.lang.Short -> org.hibernate.type.BasicTypeReference@273ab454
2023-07-27 00:25:14,101 DEBUG [ForkJoinPool.commonPool-worker-1] o.h.t.BasicTypeRegistry [BasicTypeRegistry.java:410] - Adding type registration integer -> org.hibernate.type.BasicTypeReference@60f96140
2023-07-27 00:25:14,101 DEBUG [ForkJoinPool.commonPool-worker-1] o.h.t.BasicTypeRegistry [BasicTypeRegistry.java:410] - Adding type registration int -> org.hibernate.type.BasicTypeReference@60f96140
2023-07-27 00:25:14,101 DEBUG [ForkJoinPool.commonPool-worker-1] o.h.t.BasicTypeRegistry [BasicTypeRegistry.java:410] - Adding type registration java.lang.Integer -> org.hibernate.type.BasicTypeReference@60f96140
2023-07-27 00:25:14,101 DEBUG [ForkJoinPool.commonPool-worker-1] o.h.t.BasicTypeRegistry [BasicTypeRegistry.java:410] - Adding type registration long -> org.hibernate.type.BasicTypeReference@266038f1
2023-07-27 00:25:14,101 DEBUG [ForkJoinPool.commonPool-worker-1] o.h.t.BasicTypeRegistry [BasicTypeRegistry.java:410] - Adding type registration long -> org.hibernate.type.BasicTypeReference@266038f1
2023-07-27 00:25:14,102 DEBUG [ForkJoinPool.commonPool-worker-1] o.h.t.BasicTypeRegistry [BasicTypeRegistry.java:410] - Adding type registration java.lang.Long -> org.hibernate.type.BasicTypeReference@266038f1
2023-07-27 00:25:14,102 DEBUG [ForkJoinPool.commonPool-worker-1] o.h.t.BasicTypeRegistry [BasicTypeRegistry.java:410] - Adding type registration float -> org.hibernate.type.BasicTypeReference@3fd001bc
2023-07-27 00:25:14,102 DEBUG [ForkJoinPool.commonPool-worker-1] o.h.t.BasicTypeRegistry [BasicTypeRegistry.java:410] - Adding type registration float -> org.hibernate.type.BasicTypeReference@3fd001bc
2023-07-27 00:25:14,102 DEBUG [ForkJoinPool.commonPool-worker-1] o.h.t.BasicTypeRegistry [BasicTypeRegistry.java:410] - Adding type registration java.lang.Float -> org.hibernate.type.BasicTypeReference@3fd001bc
2023-07-27 00:25:14,103 DEBUG [ForkJoinPool.commonPool-worker-1] o.h.t.BasicTypeRegistry [BasicTypeRegistry.java:410] - Adding type registration double -> org.hibernate.type.BasicTypeReference@4d3a9a06
2023-07-27 00:25:14,104 DEBUG [ForkJoinPool.commonPool-worker-1] o.h.t.BasicTypeRegistry [BasicTypeRegistry.java:410] - Adding type registration double -> org.hibernate.type.BasicTypeReference@4d3a9a06
2023-07-27 00:25:14,104 DEBUG [ForkJoinPool.commonPool-worker-1] o.h.t.BasicTypeRegistry [BasicTypeRegistry.java:410] - Adding type registration java.lang.Double -> org.hibernate.type.BasicTypeReference@4d3a9a06
2023-07-27 00:25:14,105 DEBUG [ForkJoinPool.commonPool-worker-1] o.h.t.BasicTypeRegistry [BasicTypeRegistry.java:410] - Adding type registration big_integer -> org.hibernate.type.BasicTypeReference@66621180
2023-07-27 00:25:14,105 DEBUG [ForkJoinPool.commonPool-worker-1] o.h.t.BasicTypeRegistry [BasicTypeRegistry.java:410] - Adding type registration java.math.BigInteger -> org.hibernate.type.BasicTypeReference@66621180
2023-07-27 00:25:14,105 DEBUG [ForkJoinPool.commonPool-worker-1] o.h.t.BasicTypeRegistry [BasicTypeRegistry.java:410] - Adding type registration big_decimal -> org.hibernate.type.BasicTypeReference@41620a0d
2023-07-27 00:25:14,106 DEBUG [ForkJoinPool.commonPool-worker-1] o.h.t.BasicTypeRegistry [BasicTypeRegistry.java:410] - Adding type registration java.math.BigDecimal -> org.hibernate.type.BasicTypeReference@41620a0d
2023-07-27 00:25:14,106 DEBUG [ForkJoinPool.commonPool-worker-1] o.h.t.BasicTypeRegistry [BasicTypeRegistry.java:410] - Adding type registration character -> org.hibernate.type.BasicTypeReference@7e802e7c
2023-07-27 00:25:14,106 DEBUG [ForkJoinPool.commonPool-worker-1] o.h.t.BasicTypeRegistry [BasicTypeRegistry.java:410] - Adding type registration char -> org.hibernate.type.BasicTypeReference@7e802e7c
2023-07-27 00:25:14,107 DEBUG [ForkJoinPool.commonPool-worker-1] o.h.t.BasicTypeRegistry [BasicTypeRegistry.java:410] - Adding type registration java.lang.Character -> org.hibernate.type.BasicTypeReference@7e802e7c
2023-07-27 00:25:14,107 DEBUG [ForkJoinPool.commonPool-worker-1] o.h.t.BasicTypeRegistry [BasicTypeRegistry.java:410] - Adding type registration character_nchar -> org.hibernate.type.BasicTypeReference@67737100
2023-07-27 00:25:14,107 DEBUG [ForkJoinPool.commonPool-worker-1] o.h.t.BasicTypeRegistry [BasicTypeRegistry.java:410] - Adding type registration string -> org.hibernate.type.BasicTypeReference@11eb927f
2023-07-27 00:25:14,107 DEBUG [ForkJoinPool.commonPool-worker-1] o.h.t.BasicTypeRegistry [BasicTypeRegistry.java:410] - Adding type registration java.lang.String -> org.hibernate.type.BasicTypeReference@11eb927f
2023-07-27 00:25:14,108 DEBUG [ForkJoinPool.commonPool-worker-1] o.h.t.BasicTypeRegistry [BasicTypeRegistry.java:410] - Adding type registration nstring -> org.hibernate.type.BasicTypeReference@4008d02d
2023-07-27 00:25:14,108 DEBUG [ForkJoinPool.commonPool-worker-1] o.h.t.BasicTypeRegistry [BasicTypeRegistry.java:410] - Adding type registration characters -> org.hibernate.type.BasicTypeReference@3f04e59e
2023-07-27 00:25:14,108 DEBUG [ForkJoinPool.commonPool-worker-1] o.h.t.BasicTypeRegistry [BasicTypeRegistry.java:410] - Adding type registration char[] -> org.hibernate.type.BasicTypeReference@3f04e59e
2023-07-27 00:25:14,108 DEBUG [ForkJoinPool.commonPool-worker-1] o.h.t.BasicTypeRegistry [BasicTypeRegistry.java:410] - Adding type registration [C -> org.hibernate.type.BasicTypeReference@3f04e59e
2023-07-27 00:25:14,109 DEBUG [ForkJoinPool.commonPool-worker-1] o.h.t.BasicTypeRegistry [BasicTypeRegistry.java:410] - Adding type registration wrapper-characters -> org.hibernate.type.BasicTypeReference@4383780f
2023-07-27 00:25:14,109 DEBUG [ForkJoinPool.commonPool-worker-1] o.h.t.BasicTypeRegistry [BasicTypeRegistry.java:410] - Adding type registration text -> org.hibernate.type.BasicTypeReference@e36726a
2023-07-27 00:25:14,109 DEBUG [ForkJoinPool.commonPool-worker-1] o.h.t.BasicTypeRegistry [BasicTypeRegistry.java:410] - Adding type registration ntext -> org.hibernate.type.BasicTypeReference@8b94239
2023-07-27 00:25:14,109 DEBUG [ForkJoinPool.commonPool-worker-1] o.h.t.BasicTypeRegistry [BasicTypeRegistry.java:410] - Adding type registration clob -> org.hibernate.type.BasicTypeReference@10097ea5
2023-07-27 00:25:14,109 DEBUG [ForkJoinPool.commonPool-worker-1] o.h.t.BasicTypeRegistry [BasicTypeRegistry.java:410] - Adding type registration java.sql.Clob -> org.hibernate.type.BasicTypeReference@10097ea5
2023-07-27 00:25:14,109 DEBUG [ForkJoinPool.commonPool-worker-1] o.h.t.BasicTypeRegistry [BasicTypeRegistry.java:410] - Adding type registration nclob -> org.hibernate.type.BasicTypeReference@48922fab
2023-07-27 00:25:14,109 DEBUG [ForkJoinPool.commonPool-worker-1] o.h.t.BasicTypeRegistry [BasicTypeRegistry.java:410] - Adding type registration java.sql.NClob -> org.hibernate.type.BasicTypeReference@48922fab
2023-07-27 00:25:14,110 DEBUG [ForkJoinPool.commonPool-worker-1] o.h.t.BasicTypeRegistry [BasicTypeRegistry.java:410] - Adding type registration materialized_clob -> org.hibernate.type.BasicTypeReference@758aa1f1
2023-07-27 00:25:14,110 DEBUG [ForkJoinPool.commonPool-worker-1] o.h.t.BasicTypeRegistry [BasicTypeRegistry.java:410] - Adding type registration materialized_clob_char_array -> org.hibernate.type.BasicTypeReference@37e09df3
2023-07-27 00:25:14,110 DEBUG [ForkJoinPool.commonPool-worker-1] o.h.t.BasicTypeRegistry [BasicTypeRegistry.java:410] - Adding type registration materialized_clob_character_array -> org.hibernate.type.BasicTypeReference@6cc731fc
2023-07-27 00:25:14,110 DEBUG [ForkJoinPool.commonPool-worker-1] o.h.t.BasicTypeRegistry [BasicTypeRegistry.java:410] - Adding type registration materialized_nclob -> org.hibernate.type.BasicTypeReference@35f1b4b8
2023-07-27 00:25:14,110 DEBUG [ForkJoinPool.commonPool-worker-1] o.h.t.BasicTypeRegistry [BasicTypeRegistry.java:410] - Adding type registration materialized_nclob_character_array -> org.hibernate.type.BasicTypeReference@15d41ede
2023-07-27 00:25:14,111 DEBUG [ForkJoinPool.commonPool-worker-1] o.h.t.BasicTypeRegistry [BasicTypeRegistry.java:410] - Adding type registration materialized_nclob_char_array -> org.hibernate.type.BasicTypeReference@26e80692
2023-07-27 00:25:14,111 DEBUG [ForkJoinPool.commonPool-worker-1] o.h.t.BasicTypeRegistry [BasicTypeRegistry.java:410] - Adding type registration Duration -> org.hibernate.type.BasicTypeReference@73758b62
2023-07-27 00:25:14,111 DEBUG [ForkJoinPool.commonPool-worker-1] o.h.t.BasicTypeRegistry [BasicTypeRegistry.java:410] - Adding type registration java.time.Duration -> org.hibernate.type.BasicTypeReference@73758b62
2023-07-27 00:25:14,111 DEBUG [ForkJoinPool.commonPool-worker-1] o.h.t.BasicTypeRegistry [BasicTypeRegistry.java:410] - Adding type registration LocalDateTime -> org.hibernate.type.BasicTypeReference@4b99a5c0
2023-07-27 00:25:14,112 DEBUG [ForkJoinPool.commonPool-worker-1] o.h.t.BasicTypeRegistry [BasicTypeRegistry.java:410] - Adding type registration java.time.LocalDateTime -> org.hibernate.type.BasicTypeReference@4b99a5c0
2023-07-27 00:25:14,112 DEBUG [ForkJoinPool.commonPool-worker-1] o.h.t.BasicTypeRegistry [BasicTypeRegistry.java:410] - Adding type registration LocalDate -> org.hibernate.type.BasicTypeReference@7e8e7083
2023-07-27 00:25:14,113 DEBUG [ForkJoinPool.commonPool-worker-1] o.h.t.BasicTypeRegistry [BasicTypeRegistry.java:410] - Adding type registration java.time.LocalDate -> org.hibernate.type.BasicTypeReference@7e8e7083
2023-07-27 00:25:14,114 DEBUG [ForkJoinPool.commonPool-worker-1] o.h.t.BasicTypeRegistry [BasicTypeRegistry.java:410] - Adding type registration LocalTime -> org.hibernate.type.BasicTypeReference@18b42556
2023-07-27 00:25:14,115 DEBUG [ForkJoinPool.commonPool-worker-1] o.h.t.BasicTypeRegistry [BasicTypeRegistry.java:410] - Adding type registration java.time.LocalTime -> org.hibernate.type.BasicTypeReference@18b42556
2023-07-27 00:25:14,115 DEBUG [ForkJoinPool.commonPool-worker-1] o.h.t.BasicTypeRegistry [BasicTypeRegistry.java:410] - Adding type registration OffsetDateTime -> org.hibernate.type.BasicTypeReference@474593b9
2023-07-27 00:25:14,116 DEBUG [ForkJoinPool.commonPool-worker-1] o.h.t.BasicTypeRegistry [BasicTypeRegistry.java:410] - Adding type registration java.time.OffsetDateTime -> org.hibernate.type.BasicTypeReference@474593b9
2023-07-27 00:25:14,116 DEBUG [ForkJoinPool.commonPool-worker-1] o.h.t.BasicTypeRegistry [BasicTypeRegistry.java:410] - Adding type registration OffsetDateTimeWithTimezone -> org.hibernate.type.BasicTypeReference@41f49934
2023-07-27 00:25:14,116 DEBUG [ForkJoinPool.commonPool-worker-1] o.h.t.BasicTypeRegistry [BasicTypeRegistry.java:410] - Adding type registration OffsetDateTimeWithoutTimezone -> org.hibernate.type.BasicTypeReference@4c73e3e1
2023-07-27 00:25:14,116 DEBUG [ForkJoinPool.commonPool-worker-1] o.h.t.BasicTypeRegistry [BasicTypeRegistry.java:410] - Adding type registration OffsetTime -> org.hibernate.type.BasicTypeReference@7554e1ac
2023-07-27 00:25:14,117 DEBUG [ForkJoinPool.commonPool-worker-1] o.h.t.BasicTypeRegistry [BasicTypeRegistry.java:410] - Adding type registration java.time.OffsetTime -> org.hibernate.type.BasicTypeReference@7554e1ac
2023-07-27 00:25:14,117 DEBUG [ForkJoinPool.commonPool-worker-1] o.h.t.BasicTypeRegistry [BasicTypeRegistry.java:410] - Adding type registration OffsetTimeUtc -> org.hibernate.type.BasicTypeReference@1e677ce4
2023-07-27 00:25:14,117 DEBUG [ForkJoinPool.commonPool-worker-1] o.h.t.BasicTypeRegistry [BasicTypeRegistry.java:410] - Adding type registration OffsetTimeWithTimezone -> org.hibernate.type.BasicTypeReference@7b3f7b25
2023-07-27 00:25:14,117 DEBUG [ForkJoinPool.commonPool-worker-1] o.h.t.BasicTypeRegistry [BasicTypeRegistry.java:410] - Adding type registration OffsetTimeWithoutTimezone -> org.hibernate.type.BasicTypeReference@2880f348
2023-07-27 00:25:14,117 DEBUG [ForkJoinPool.commonPool-worker-1] o.h.t.BasicTypeRegistry [BasicTypeRegistry.java:410] - Adding type registration ZonedDateTime -> org.hibernate.type.BasicTypeReference@7a8b3e75
2023-07-27 00:25:14,118 DEBUG [ForkJoinPool.commonPool-worker-1] o.h.t.BasicTypeRegistry [BasicTypeRegistry.java:410] - Adding type registration java.time.ZonedDateTime -> org.hibernate.type.BasicTypeReference@7a8b3e75
2023-07-27 00:25:14,118 DEBUG [ForkJoinPool.commonPool-worker-1] o.h.t.BasicTypeRegistry [BasicTypeRegistry.java:410] - Adding type registration ZonedDateTimeWithTimezone -> org.hibernate.type.BasicTypeReference@5f2efd9c
2023-07-27 00:25:14,118 DEBUG [ForkJoinPool.commonPool-worker-1] o.h.t.BasicTypeRegistry [BasicTypeRegistry.java:410] - Adding type registration ZonedDateTimeWithoutTimezone -> org.hibernate.type.BasicTypeReference@5f48530f
2023-07-27 00:25:14,118 DEBUG [ForkJoinPool.commonPool-worker-1] o.h.t.BasicTypeRegistry [BasicTypeRegistry.java:410] - Adding type registration date -> org.hibernate.type.BasicTypeReference@70fdf11d
2023-07-27 00:25:14,119 DEBUG [ForkJoinPool.commonPool-worker-1] o.h.t.BasicTypeRegistry [BasicTypeRegistry.java:410] - Adding type registration java.sql.Date -> org.hibernate.type.BasicTypeReference@70fdf11d
2023-07-27 00:25:14,119 DEBUG [ForkJoinPool.commonPool-worker-1] o.h.t.BasicTypeRegistry [BasicTypeRegistry.java:410] - Adding type registration time -> org.hibernate.type.BasicTypeReference@532601e1
2023-07-27 00:25:14,119 DEBUG [ForkJoinPool.commonPool-worker-1] o.h.t.BasicTypeRegistry [BasicTypeRegistry.java:410] - Adding type registration java.sql.Time -> org.hibernate.type.BasicTypeReference@532601e1
2023-07-27 00:25:14,119 DEBUG [ForkJoinPool.commonPool-worker-1] o.h.t.BasicTypeRegistry [BasicTypeRegistry.java:410] - Adding type registration timestamp -> org.hibernate.type.BasicTypeReference@7b4cd404
2023-07-27 00:25:14,119 DEBUG [ForkJoinPool.commonPool-worker-1] o.h.t.BasicTypeRegistry [BasicTypeRegistry.java:410] - Adding type registration java.sql.Timestamp -> org.hibernate.type.BasicTypeReference@7b4cd404
2023-07-27 00:25:14,121 DEBUG [ForkJoinPool.commonPool-worker-1] o.h.t.BasicTypeRegistry [BasicTypeRegistry.java:410] - Adding type registration java.util.Date -> org.hibernate.type.BasicTypeReference@7b4cd404
2023-07-27 00:25:14,121 DEBUG [ForkJoinPool.commonPool-worker-1] o.h.t.BasicTypeRegistry [BasicTypeRegistry.java:410] - Adding type registration calendar -> org.hibernate.type.BasicTypeReference@66813049
2023-07-27 00:25:14,121 DEBUG [ForkJoinPool.commonPool-worker-1] o.h.t.BasicTypeRegistry [BasicTypeRegistry.java:410] - Adding type registration java.util.Calendar -> org.hibernate.type.BasicTypeReference@66813049
2023-07-27 00:25:14,122 DEBUG [ForkJoinPool.commonPool-worker-1] o.h.t.BasicTypeRegistry [BasicTypeRegistry.java:410] - Adding type registration java.util.GregorianCalendar -> org.hibernate.type.BasicTypeReference@66813049
2023-07-27 00:25:14,123 DEBUG [ForkJoinPool.commonPool-worker-1] o.h.t.BasicTypeRegistry [BasicTypeRegistry.java:410] - Adding type registration calendar_date -> org.hibernate.type.BasicTypeReference@79eb409d
2023-07-27 00:25:14,124 DEBUG [ForkJoinPool.commonPool-worker-1] o.h.t.BasicTypeRegistry [BasicTypeRegistry.java:410] - Adding type registration calendar_time -> org.hibernate.type.BasicTypeReference@1aa17f48
2023-07-27 00:25:14,124 DEBUG [ForkJoinPool.commonPool-worker-1] o.h.t.BasicTypeRegistry [BasicTypeRegistry.java:410] - Adding type registration instant -> org.hibernate.type.BasicTypeReference@7d074ec
2023-07-27 00:25:14,125 DEBUG [ForkJoinPool.commonPool-worker-1] o.h.t.BasicTypeRegistry [BasicTypeRegistry.java:410] - Adding type registration java.time.Instant -> org.hibernate.type.BasicTypeReference@7d074ec
2023-07-27 00:25:14,125 DEBUG [ForkJoinPool.commonPool-worker-1] o.h.t.BasicTypeRegistry [BasicTypeRegistry.java:410] - Adding type registration uuid -> org.hibernate.type.BasicTypeReference@683c0f27
2023-07-27 00:25:14,125 DEBUG [ForkJoinPool.commonPool-worker-1] o.h.t.BasicTypeRegistry [BasicTypeRegistry.java:410] - Adding type registration java.util.UUID -> org.hibernate.type.BasicTypeReference@683c0f27
2023-07-27 00:25:14,126 DEBUG [ForkJoinPool.commonPool-worker-1] o.h.t.BasicTypeRegistry [BasicTypeRegistry.java:410] - Adding type registration pg-uuid -> org.hibernate.type.BasicTypeReference@683c0f27
2023-07-27 00:25:14,126 DEBUG [ForkJoinPool.commonPool-worker-1] o.h.t.BasicTypeRegistry [BasicTypeRegistry.java:410] - Adding type registration uuid-binary -> org.hibernate.type.BasicTypeReference@4b705515
2023-07-27 00:25:14,126 DEBUG [ForkJoinPool.commonPool-worker-1] o.h.t.BasicTypeRegistry [BasicTypeRegistry.java:410] - Adding type registration uuid-char -> org.hibernate.type.BasicTypeReference@5aba380c
2023-07-27 00:25:14,127 DEBUG [ForkJoinPool.commonPool-worker-1] o.h.t.BasicTypeRegistry [BasicTypeRegistry.java:410] - Adding type registration class -> org.hibernate.type.BasicTypeReference@5e4940a3
2023-07-27 00:25:14,128 DEBUG [ForkJoinPool.commonPool-worker-1] o.h.t.BasicTypeRegistry [BasicTypeRegistry.java:410] - Adding type registration java.lang.Class -> org.hibernate.type.BasicTypeReference@5e4940a3
2023-07-27 00:25:14,128 DEBUG [ForkJoinPool.commonPool-worker-1] o.h.t.BasicTypeRegistry [BasicTypeRegistry.java:410] - Adding type registration currency -> org.hibernate.type.BasicTypeReference@1f151652
2023-07-27 00:25:14,128 DEBUG [ForkJoinPool.commonPool-worker-1] o.h.t.BasicTypeRegistry [BasicTypeRegistry.java:410] - Adding type registration Currency -> org.hibernate.type.BasicTypeReference@1f151652
2023-07-27 00:25:14,129 DEBUG [ForkJoinPool.commonPool-worker-1] o.h.t.BasicTypeRegistry [BasicTypeRegistry.java:410] - Adding type registration java.util.Currency -> org.hibernate.type.BasicTypeReference@1f151652
2023-07-27 00:25:14,129 DEBUG [ForkJoinPool.commonPool-worker-1] o.h.t.BasicTypeRegistry [BasicTypeRegistry.java:410] - Adding type registration locale -> org.hibernate.type.BasicTypeReference@146427e4
2023-07-27 00:25:14,130 DEBUG [ForkJoinPool.commonPool-worker-1] o.h.t.BasicTypeRegistry [BasicTypeRegistry.java:410] - Adding type registration java.util.Locale -> org.hibernate.type.BasicTypeReference@146427e4
2023-07-27 00:25:14,131 DEBUG [ForkJoinPool.commonPool-worker-1] o.h.t.BasicTypeRegistry [BasicTypeRegistry.java:410] - Adding type registration serializable -> org.hibernate.type.BasicTypeReference@3c2193
2023-07-27 00:25:14,131 DEBUG [ForkJoinPool.commonPool-worker-1] o.h.t.BasicTypeRegistry [BasicTypeRegistry.java:410] - Adding type registration java.io.Serializable -> org.hibernate.type.BasicTypeReference@3c2193
2023-07-27 00:25:14,131 DEBUG [ForkJoinPool.commonPool-worker-1] o.h.t.BasicTypeRegistry [BasicTypeRegistry.java:410] - Adding type registration timezone -> org.hibernate.type.BasicTypeReference@77841707
2023-07-27 00:25:14,131 DEBUG [ForkJoinPool.commonPool-worker-1] o.h.t.BasicTypeRegistry [BasicTypeRegistry.java:410] - Adding type registration java.util.TimeZone -> org.hibernate.type.BasicTypeReference@77841707
2023-07-27 00:25:14,131 DEBUG [ForkJoinPool.commonPool-worker-1] o.h.t.BasicTypeRegistry [BasicTypeRegistry.java:410] - Adding type registration ZoneOffset -> org.hibernate.type.BasicTypeReference@40142823
2023-07-27 00:25:14,132 DEBUG [ForkJoinPool.commonPool-worker-1] o.h.t.BasicTypeRegistry [BasicTypeRegistry.java:410] - Adding type registration java.time.ZoneOffset -> org.hibernate.type.BasicTypeReference@40142823
2023-07-27 00:25:14,132 DEBUG [ForkJoinPool.commonPool-worker-1] o.h.t.BasicTypeRegistry [BasicTypeRegistry.java:410] - Adding type registration url -> org.hibernate.type.BasicTypeReference@75fa6cc2
2023-07-27 00:25:14,132 DEBUG [ForkJoinPool.commonPool-worker-1] o.h.t.BasicTypeRegistry [BasicTypeRegistry.java:410] - Adding type registration java.net.URL -> org.hibernate.type.BasicTypeReference@75fa6cc2
2023-07-27 00:25:14,132 DEBUG [ForkJoinPool.commonPool-worker-1] o.h.t.BasicTypeRegistry [BasicTypeRegistry.java:410] - Adding type registration row_version -> org.hibernate.type.BasicTypeReference@14abeb57
2023-07-27 00:25:14,143 DEBUG [ForkJoinPool.commonPool-worker-1] o.h.t.BasicTypeRegistry [BasicTypeRegistry.java:385] - Adding type registration object -> org.hibernate.type.JavaObjectType@7143515b
2023-07-27 00:25:14,144 DEBUG [ForkJoinPool.commonPool-worker-1] o.h.t.BasicTypeRegistry [BasicTypeRegistry.java:385] - Adding type registration java.lang.Object -> org.hibernate.type.JavaObjectType@7143515b
2023-07-27 00:25:14,148 DEBUG [ForkJoinPool.commonPool-worker-1] o.h.t.BasicTypeRegistry [BasicTypeRegistry.java:385] - Adding type registration null -> org.hibernate.type.NullType@639ff900
2023-07-27 00:25:14,149 DEBUG [ForkJoinPool.commonPool-worker-1] o.h.t.BasicTypeRegistry [BasicTypeRegistry.java:410] - Adding type registration imm_date -> org.hibernate.type.BasicTypeReference@683bacef
2023-07-27 00:25:14,149 DEBUG [ForkJoinPool.commonPool-worker-1] o.h.t.BasicTypeRegistry [BasicTypeRegistry.java:410] - Adding type registration imm_time -> org.hibernate.type.BasicTypeReference@93d3492
2023-07-27 00:25:14,150 DEBUG [ForkJoinPool.commonPool-worker-1] o.h.t.BasicTypeRegistry [BasicTypeRegistry.java:410] - Adding type registration imm_timestamp -> org.hibernate.type.BasicTypeReference@242b16dd
2023-07-27 00:25:14,150 DEBUG [ForkJoinPool.commonPool-worker-1] o.h.t.BasicTypeRegistry [BasicTypeRegistry.java:410] - Adding type registration imm_calendar -> org.hibernate.type.BasicTypeReference@3860bca1
2023-07-27 00:25:14,150 DEBUG [ForkJoinPool.commonPool-worker-1] o.h.t.BasicTypeRegistry [BasicTypeRegistry.java:410] - Adding type registration imm_calendar_date -> org.hibernate.type.BasicTypeReference@d893396
2023-07-27 00:25:14,150 DEBUG [ForkJoinPool.commonPool-worker-1] o.h.t.BasicTypeRegistry [BasicTypeRegistry.java:410] - Adding type registration imm_calendar_time -> org.hibernate.type.BasicTypeReference@6df01f11
2023-07-27 00:25:14,150 DEBUG [ForkJoinPool.commonPool-worker-1] o.h.t.BasicTypeRegistry [BasicTypeRegistry.java:410] - Adding type registration imm_binary -> org.hibernate.type.BasicTypeReference@1111718c
2023-07-27 00:25:14,151 DEBUG [ForkJoinPool.commonPool-worker-1] o.h.t.BasicTypeRegistry [BasicTypeRegistry.java:410] - Adding type registration imm_serializable -> org.hibernate.type.BasicTypeReference@2ca942bb
2023-07-27 00:25:14,191 INFO [ForkJoinPool.commonPool-worker-1] o.h.e.j.c.i.ConnectionProviderInitiator [ConnectionProviderInitiator.java:127] - HHH000130: Instantiating explicit connection provider: org.hibernate.c3p0.internal.C3P0ConnectionProvider
2023-07-27 00:25:14,196 INFO [ForkJoinPool.commonPool-worker-1] o.h.o.c.p.c3p0 [C3P0ConnectionProvider.java:111] - HHH010002: C3P0 using driver: org.h2.Driver at URL: jdbc:h2:file:./datafiles/testdb;DB_CLOSE_DELAY=-1;DB_CLOSE_ON_EXIT=FALSE
2023-07-27 00:25:14,196 INFO [ForkJoinPool.commonPool-worker-1] o.h.o.c.p.c3p0 [C3P0ConnectionProvider.java:112] - HHH10001001: Connection properties: {password=****, user=default}
2023-07-27 00:25:14,196 INFO [ForkJoinPool.commonPool-worker-1] o.h.o.c.p.c3p0 [C3P0ConnectionProvider.java:115] - HHH10001003: Autocommit mode: false
2023-07-27 00:25:14,218 INFO [MLog-Init-Reporter] c.m.v.l.MLog [Slf4jMLog.java:212] - MLog clients using slf4j logging.
2023-07-27 00:25:14,227 DEBUG [MLog-Init-Reporter] c.m.v.l.MLog [Slf4jMLog.java:207] - Reading VM config for path list /com/mchange/v2/log/default-mchange-log.properties, /mchange-commons.properties, /c3p0.properties, hocon:/reference,/application,/c3p0,/, /mchange-log.properties, /
2023-07-27 00:25:14,227 DEBUG [MLog-Init-Reporter] c.m.v.l.MLog [Slf4jMLog.java:207] - The configuration file for resource identifier '/mchange-commons.properties' could not be found. Skipping.
2023-07-27 00:25:14,228 DEBUG [MLog-Init-Reporter] c.m.v.l.MLog [Slf4jMLog.java:207] - The configuration file for resource identifier '/c3p0.properties' could not be found. Skipping.
2023-07-27 00:25:14,228 DEBUG [MLog-Init-Reporter] c.m.v.l.MLog [Slf4jMLog.java:207] - The configuration file for resource identifier 'hocon:/reference,/application,/c3p0,/' could not be found. Skipping.
2023-07-27 00:25:14,228 DEBUG [MLog-Init-Reporter] c.m.v.l.MLog [Slf4jMLog.java:207] - The configuration file for resource identifier '/mchange-log.properties' could not be found. Skipping.
2023-07-27 00:25:14,230 DEBUG [ForkJoinPool.commonPool-worker-1] c.m.v.c.MConfig [Slf4jMLog.java:207] - The configuration file for resource identifier '/mchange-commons.properties' could not be found. Skipping.
2023-07-27 00:25:14,231 DEBUG [ForkJoinPool.commonPool-worker-1] c.m.v.c.MConfig [Slf4jMLog.java:207] - The configuration file for resource identifier '/mchange-log.properties' could not be found. Skipping.
2023-07-27 00:25:14,231 DEBUG [ForkJoinPool.commonPool-worker-1] c.m.v.c.MConfig [Slf4jMLog.java:207] - The configuration file for resource identifier 'hocon:/reference,/application,/c3p0,/' could not be found. Skipping.
2023-07-27 00:25:14,231 DEBUG [ForkJoinPool.commonPool-worker-1] c.m.v.c.MConfig [Slf4jMLog.java:207] - The configuration file for resource identifier '/c3p0.properties' could not be found. Skipping.
2023-07-27 00:25:14,462 INFO [ForkJoinPool.commonPool-worker-1] c.m.v.c.C3P0Registry [Slf4jMLog.java:212] - Initializing c3p0-0.9.5.5 [built 11-December-2019 22:18:33 -0800; debug? true; trace: 10]
2023-07-27 00:25:14,487 DEBUG [ForkJoinPool.commonPool-worker-1] c.m.v.c.m.DynamicPooledDataSourceManagerMBean [Slf4jMLog.java:204] - MBean: com.mchange.v2.c3p0:type=PooledDataSource,identityToken=1hgf02xax155e1w918qg4xa|24976468,name=1hgf02xax155e1w918qg4xa|24976468 registered.
2023-07-27 00:25:14,506 DEBUG [ForkJoinPool.commonPool-worker-1] c.m.v.c.m.DynamicPooledDataSourceManagerMBean [Slf4jMLog.java:204] - MBean: com.mchange.v2.c3p0:type=PooledDataSource,identityToken=1hgf02xax155e1w918qg4xa|24976468,name=1hgf02xax155e1w918qg4xa|24976468 unregistered, in order to be reregistered after update.
2023-07-27 00:25:14,506 DEBUG [ForkJoinPool.commonPool-worker-1] c.m.v.c.m.DynamicPooledDataSourceManagerMBean [Slf4jMLog.java:204] - MBean: com.mchange.v2.c3p0:type=PooledDataSource,identityToken=1hgf02xax155e1w918qg4xa|24976468,name=1hgf02xax155e1w918qg4xa|24976468 registered.
2023-07-27 00:25:14,515 INFO [ForkJoinPool.commonPool-worker-1] o.h.o.c.p.c3p0 [C3P0ConnectionProvider.java:191] - HHH10001007: JDBC isolation level: <unknown>
2023-07-27 00:25:14,535 INFO [ForkJoinPool.commonPool-worker-1] c.m.v.c.i.AbstractPoolBackedDataSource [Slf4jMLog.java:212] - Initializing c3p0 pool... com.mchange.v2.c3p0.PoolBackedDataSource@e0162e9b [ connectionPoolDataSource -> com.mchange.v2.c3p0.WrapperConnectionPoolDataSource@a0d65308 [ acquireIncrement -> 1, acquireRetryAttempts -> 30, acquireRetryDelay -> 1000, autoCommitOnClose -> false, automaticTestTable -> null, breakAfterAcquireFailure -> false, checkoutTimeout -> 0, connectionCustomizerClassName -> null, connectionTesterClassName -> com.mchange.v2.c3p0.impl.DefaultConnectionTester, contextClassLoaderSource -> caller, debugUnreturnedConnectionStackTraces -> false, factoryClassLocation -> null, forceIgnoreUnresolvedTransactions -> false, forceSynchronousCheckins -> false, identityToken -> 1hgf02xax155e1w918qg4xa|11b3e5d6, idleConnectionTestPeriod -> 300, initialPoolSize -> 5, maxAdministrativeTaskTime -> 0, maxConnectionAge -> 0, maxIdleTime -> 1800, maxIdleTimeExcessConnections -> 0, maxPoolSize -> 20, maxStatements -> 50, maxStatementsPerConnection -> 0, minPoolSize -> 5, nestedDataSource -> com.mchange.v2.c3p0.DriverManagerDataSource@fe2fee5a [ description -> null, driverClass -> null, factoryClassLocation -> null, forceUseNamedDriverClass -> false, identityToken -> 1hgf02xax155e1w918qg4xa|4e124bcd, jdbcUrl -> jdbc:h2:file:./datafiles/testdb;DB_CLOSE_DELAY=-1;DB_CLOSE_ON_EXIT=FALSE, properties -> {password=******, user=******} ], preferredTestQuery -> null, privilegeSpawnedThreads -> false, propertyCycle -> 0, statementCacheNumDeferredCloseThreads -> 0, testConnectionOnCheckin -> false, testConnectionOnCheckout -> false, unreturnedConnectionTimeout -> 0, usesTraditionalReflectiveProxies -> false; userOverrides: {} ], dataSourceName -> null, extensions -> {}, factoryClassLocation -> null, identityToken -> 1hgf02xax155e1w918qg4xa|24976468, numHelperThreads -> 3 ]
2023-07-27 00:25:14,552 DEBUG [ForkJoinPool.commonPool-worker-1] c.m.v.c.MConfig [Slf4jMLog.java:207] - The configuration file for resource identifier '/mchange-commons.properties' could not be found. Skipping.
2023-07-27 00:25:14,552 DEBUG [ForkJoinPool.commonPool-worker-1] c.m.v.c.MConfig [Slf4jMLog.java:207] - The configuration file for resource identifier '/mchange-log.properties' could not be found. Skipping.
2023-07-27 00:25:14,552 DEBUG [ForkJoinPool.commonPool-worker-1] c.m.v.c.MConfig [Slf4jMLog.java:207] - The configuration file for resource identifier '/c3p0.properties' could not be found. Skipping.
2023-07-27 00:25:14,552 DEBUG [ForkJoinPool.commonPool-worker-1] c.m.v.c.MConfig [Slf4jMLog.java:207] - The configuration file for resource identifier 'hocon:/reference,/application,/c3p0,/' could not be found. Skipping.
2023-07-27 00:25:14,554 DEBUG [ForkJoinPool.commonPool-worker-1] c.m.v.r.BasicResourcePool [Slf4jMLog.java:204] - com.mchange.v2.resourcepool.BasicResourcePool@2d324a0c config: [start -> 5; min -> 5; max -> 20; inc -> 1; num_acq_attempts -> 30; acq_attempt_delay -> 1000; check_idle_resources_delay -> 300000; max_resource_age -> 0; max_idle_time -> 1800000; excess_max_idle_time -> 0; destroy_unreturned_resc_time -> 0; expiration_enforcement_delay -> 450000; break_on_acquisition_failure -> false; debug_store_checkout_exceptions -> false; force_synchronous_checkins -> false]
2023-07-27 00:25:14,554 DEBUG [ForkJoinPool.commonPool-worker-1] c.m.v.c.i.C3P0PooledConnectionPoolManager [Slf4jMLog.java:204] - Created new pool for auth, username (masked): 'de******'.
2023-07-27 00:25:14,554 DEBUG [ForkJoinPool.commonPool-worker-1] c.m.v.r.BasicResourcePool [Slf4jMLog.java:204] - acquire test -- pool size: 0; target_pool_size: 5; desired target? 1
2023-07-27 00:25:14,554 DEBUG [ForkJoinPool.commonPool-worker-1] c.m.v.r.BasicResourcePool [Slf4jMLog.java:204] - awaitAvailable(): [unknown]
2023-07-27 00:25:14,929 DEBUG [ForkJoinPool.commonPool-worker-1] o.h.e.j.e.i.JdbcEnvironmentInitiator [JdbcEnvironmentInitiator.java:156] - Database ->
       name : H2
    version : 2.2.220 (2023-07-04)
      major : 2
      minor : 2
2023-07-27 00:25:14,929 DEBUG [ForkJoinPool.commonPool-worker-1] o.h.e.j.e.i.JdbcEnvironmentInitiator [JdbcEnvironmentInitiator.java:167] - Driver ->
       name : H2 JDBC Driver
    version : 2.2.220 (2023-07-04)
      major : 2
      minor : 2
2023-07-27 00:25:14,929 DEBUG [ForkJoinPool.commonPool-worker-1] o.h.e.j.e.i.JdbcEnvironmentInitiator [DelegatingBasicLogger.java:389] - JDBC version : 4.2
2023-07-27 00:25:14,954 DEBUG [ForkJoinPool.commonPool-worker-1] o.h.o.dialect [DialectFactoryImpl.java:93] - HHH035001: Using dialect: org.hibernate.dialect.H2Dialect, version: 2.2.220
2023-07-27 00:25:14,962 DEBUG [ForkJoinPool.commonPool-worker-1] o.h.e.j.e.s.IdentifierHelperBuilder [IdentifierHelperBuilder.java:116] - JDBC driver metadata reported database stores quoted identifiers in neither upper, lower nor mixed case
2023-07-27 00:25:14,987 DEBUG [ForkJoinPool.commonPool-worker-1] o.h.t.d.j.s.JdbcTypeRegistry [JdbcTypeRegistry.java:56] - addDescriptor(NCharTypeDescriptor) replaced previous registration(CharTypeDescriptor)
2023-07-27 00:25:14,987 DEBUG [ForkJoinPool.commonPool-worker-1] o.h.t.d.j.s.JdbcTypeRegistry [JdbcTypeRegistry.java:56] - addDescriptor(NVarcharTypeDescriptor) replaced previous registration(VarcharTypeDescriptor)
2023-07-27 00:25:14,989 DEBUG [ForkJoinPool.commonPool-worker-1] o.h.t.d.j.s.JdbcTypeRegistry [JdbcTypeRegistry.java:56] - addDescriptor(LongNVarcharTypeDescriptor) replaced previous registration(LongVarcharTypeDescriptor)
2023-07-27 00:25:14,993 DEBUG [ForkJoinPool.commonPool-worker-1] o.h.t.d.j.s.JdbcTypeRegistry [JdbcTypeRegistry.java:56] - addDescriptor(NClobTypeDescriptor(DEFAULT)) replaced previous registration(ClobTypeDescriptor(DEFAULT))
2023-07-27 00:25:14,994 DEBUG [ForkJoinPool.commonPool-worker-1] o.h.t.d.j.s.JdbcTypeRegistry [JdbcTypeRegistry.java:64] - addDescriptor(2005, ClobTypeDescriptor(STREAM_BINDING)) replaced previous registration(ClobTypeDescriptor(DEFAULT))
2023-07-27 00:25:14,998 DEBUG [ForkJoinPool.commonPool-worker-1] o.h.t.d.j.s.JdbcTypeRegistry [JdbcTypeRegistry.java:56] - addDescriptor(TimestampUtcDescriptor) replaced previous registration(TimestampUtcDescriptor)
