2023-07-27 00:11:48,171 INFO [ForkJoinPool.commonPool-worker-1] c.m.v.c.C3P0Registry [Slf4jMLog.java:212] - Initializing c3p0-0.9.5.5 [built 11-December-2019 22:18:33 -0800; debug? true; trace: 10]
2023-07-27 00:11:48,194 DEBUG [ForkJoinPool.commonPool-worker-1] c.m.v.c.m.DynamicPooledDataSourceManagerMBean [Slf4jMLog.java:204] - MBean: com.mchange.v2.c3p0:type=PooledDataSource,identityToken=1hgf02xax154wrr7pbr9tc|1b9ea74d,name=1hgf02xax154wrr7pbr9tc|1b9ea74d registered.
2023-07-27 00:11:48,214 DEBUG [ForkJoinPool.commonPool-worker-1] c.m.v.c.m.DynamicPooledDataSourceManagerMBean [Slf4jMLog.java:204] - MBean: com.mchange.v2.c3p0:type=PooledDataSource,identityToken=1hgf02xax154wrr7pbr9tc|1b9ea74d,name=1hgf02xax154wrr7pbr9tc|1b9ea74d unregistered, in order to be reregistered after update.
2023-07-27 00:11:48,215 DEBUG [ForkJoinPool.commonPool-worker-1] c.m.v.c.m.DynamicPooledDataSourceManagerMBean [Slf4jMLog.java:204] - MBean: com.mchange.v2.c3p0:type=PooledDataSource,identityToken=1hgf02xax154wrr7pbr9tc|1b9ea74d,name=1hgf02xax154wrr7pbr9tc|1b9ea74d registered.
2023-07-27 00:11:48,222 INFO [ForkJoinPool.commonPool-worker-1] o.h.o.c.p.c3p0 [C3P0ConnectionProvider.java:191] - HHH10001007: JDBC isolation level: <unknown>
2023-07-27 00:11:48,242 INFO [ForkJoinPool.commonPool-worker-1] c.m.v.c.i.AbstractPoolBackedDataSource [Slf4jMLog.java:212] - Initializing c3p0 pool... com.mchange.v2.c3p0.PoolBackedDataSource@e53e4661 [ connectionPoolDataSource -> com.mchange.v2.c3p0.WrapperConnectionPoolDataSource@60e7bc1d [ acquireIncrement -> 1, acquireRetryAttempts -> 30, acquireRetryDelay -> 1000, autoCommitOnClose -> false, automaticTestTable -> null, breakAfterAcquireFailure -> false, checkoutTimeout -> 0, connectionCustomizerClassName -> null, connectionTesterClassName -> com.mchange.v2.c3p0.impl.DefaultConnectionTester, contextClassLoaderSource -> caller, debugUnreturnedConnectionStackTraces -> false, factoryClassLocation -> null, forceIgnoreUnresolvedTransactions -> false, forceSynchronousCheckins -> false, identityToken -> 1hgf02xax154wrr7pbr9tc|7af34f42, idleConnectionTestPeriod -> 300, initialPoolSize -> 5, maxAdministrativeTaskTime -> 0, maxConnectionAge -> 0, maxIdleTime -> 1800, maxIdleTimeExcessConnections -> 0, maxPoolSize -> 20, maxStatements -> 50, maxStatementsPerConnection -> 0, minPoolSize -> 5, nestedDataSource -> com.mchange.v2.c3p0.DriverManagerDataSource@84500d06 [ description -> null, driverClass -> null, factoryClassLocation -> null, forceUseNamedDriverClass -> false, identityToken -> 1hgf02xax154wrr7pbr9tc|5f03700a, jdbcUrl -> jdbc:h2:file:./datafiles/testdb;DB_CLOSE_DELAY=-1;DB_CLOSE_ON_EXIT=FALSE, properties -> {password=******, user=******} ], preferredTestQuery -> null, privilegeSpawnedThreads -> false, propertyCycle -> 0, statementCacheNumDeferredCloseThreads -> 0, testConnectionOnCheckin -> false, testConnectionOnCheckout -> false, unreturnedConnectionTimeout -> 0, usesTraditionalReflectiveProxies -> false; userOverrides: {} ], dataSourceName -> null, extensions -> {}, factoryClassLocation -> null, identityToken -> 1hgf02xax154wrr7pbr9tc|1b9ea74d, numHelperThreads -> 3 ]
2023-07-27 00:11:48,257 DEBUG [ForkJoinPool.commonPool-worker-1] c.m.v.c.MConfig [Slf4jMLog.java:207] - The configuration file for resource identifier '/mchange-commons.properties' could not be found. Skipping.
2023-07-27 00:11:48,258 DEBUG [ForkJoinPool.commonPool-worker-1] c.m.v.c.MConfig [Slf4jMLog.java:207] - The configuration file for resource identifier '/mchange-log.properties' could not be found. Skipping.
2023-07-27 00:11:48,258 DEBUG [ForkJoinPool.commonPool-worker-1] c.m.v.c.MConfig [Slf4jMLog.java:207] - The configuration file for resource identifier '/c3p0.properties' could not be found. Skipping.
2023-07-27 00:11:48,259 DEBUG [ForkJoinPool.commonPool-worker-1] c.m.v.c.MConfig [Slf4jMLog.java:207] - The configuration file for resource identifier 'hocon:/reference,/application,/c3p0,/' could not be found. Skipping.
2023-07-27 00:11:48,260 DEBUG [ForkJoinPool.commonPool-worker-1] c.m.v.r.BasicResourcePool [Slf4jMLog.java:204] - com.mchange.v2.resourcepool.BasicResourcePool@411224c9 config: [start -> 5; min -> 5; max -> 20; inc -> 1; num_acq_attempts -> 30; acq_attempt_delay -> 1000; check_idle_resources_delay -> 300000; max_resource_age -> 0; max_idle_time -> 1800000; excess_max_idle_time -> 0; destroy_unreturned_resc_time -> 0; expiration_enforcement_delay -> 450000; break_on_acquisition_failure -> false; debug_store_checkout_exceptions -> false; force_synchronous_checkins -> false]
2023-07-27 00:11:48,261 DEBUG [ForkJoinPool.commonPool-worker-1] c.m.v.c.i.C3P0PooledConnectionPoolManager [Slf4jMLog.java:204] - Created new pool for auth, username (masked): 'de******'.
2023-07-27 00:11:48,261 DEBUG [ForkJoinPool.commonPool-worker-1] c.m.v.r.BasicResourcePool [Slf4jMLog.java:204] - acquire test -- pool size: 0; target_pool_size: 5; desired target? 1
2023-07-27 00:11:48,261 DEBUG [ForkJoinPool.commonPool-worker-1] c.m.v.r.BasicResourcePool [Slf4jMLog.java:204] - awaitAvailable(): [unknown]
2023-07-27 00:11:48,625 DEBUG [ForkJoinPool.commonPool-worker-1] o.h.e.j.e.i.JdbcEnvironmentInitiator [JdbcEnvironmentInitiator.java:156] - Database ->
       name : H2
    version : 2.2.220 (2023-07-04)
      major : 2
      minor : 2
2023-07-27 00:11:48,625 DEBUG [ForkJoinPool.commonPool-worker-1] o.h.e.j.e.i.JdbcEnvironmentInitiator [JdbcEnvironmentInitiator.java:167] - Driver ->
       name : H2 JDBC Driver
    version : 2.2.220 (2023-07-04)
      major : 2
      minor : 2
2023-07-27 00:11:48,626 DEBUG [ForkJoinPool.commonPool-worker-1] o.h.e.j.e.i.JdbcEnvironmentInitiator [DelegatingBasicLogger.java:389] - JDBC version : 4.2
2023-07-27 00:11:48,649 DEBUG [ForkJoinPool.commonPool-worker-1] o.h.o.dialect [DialectFactoryImpl.java:93] - HHH035001: Using dialect: org.hibernate.dialect.H2Dialect, version: 2.2.220
2023-07-27 00:11:48,659 DEBUG [ForkJoinPool.commonPool-worker-1] o.h.e.j.e.s.IdentifierHelperBuilder [IdentifierHelperBuilder.java:116] - JDBC driver metadata reported database stores quoted identifiers in neither upper, lower nor mixed case
2023-07-27 00:11:48,685 DEBUG [ForkJoinPool.commonPool-worker-1] o.h.t.d.j.s.JdbcTypeRegistry [JdbcTypeRegistry.java:56] - addDescriptor(NCharTypeDescriptor) replaced previous registration(CharTypeDescriptor)
2023-07-27 00:11:48,685 DEBUG [ForkJoinPool.commonPool-worker-1] o.h.t.d.j.s.JdbcTypeRegistry [JdbcTypeRegistry.java:56] - addDescriptor(NVarcharTypeDescriptor) replaced previous registration(VarcharTypeDescriptor)
2023-07-27 00:11:48,686 DEBUG [ForkJoinPool.commonPool-worker-1] o.h.t.d.j.s.JdbcTypeRegistry [JdbcTypeRegistry.java:56] - addDescriptor(LongNVarcharTypeDescriptor) replaced previous registration(LongVarcharTypeDescriptor)
2023-07-27 00:11:48,691 DEBUG [ForkJoinPool.commonPool-worker-1] o.h.t.d.j.s.JdbcTypeRegistry [JdbcTypeRegistry.java:56] - addDescriptor(NClobTypeDescriptor(DEFAULT)) replaced previous registration(ClobTypeDescriptor(DEFAULT))
2023-07-27 00:11:48,691 DEBUG [ForkJoinPool.commonPool-worker-1] o.h.t.d.j.s.JdbcTypeRegistry [JdbcTypeRegistry.java:64] - addDescriptor(2005, ClobTypeDescriptor(STREAM_BINDING)) replaced previous registration(ClobTypeDescriptor(DEFAULT))
2023-07-27 00:11:48,695 DEBUG [ForkJoinPool.commonPool-worker-1] o.h.t.d.j.s.JdbcTypeRegistry [JdbcTypeRegistry.java:56] - addDescriptor(TimestampUtcDescriptor) replaced previous registration(TimestampUtcDescriptor)
2023-07-27 00:11:48,699 DEBUG [ForkJoinPool.commonPool-worker-1] o.h.t.d.j.s.JdbcTypeRegistry [JdbcTypeRegistry.java:64] - addDescriptor(3100, NumericTypeDescriptor) replaced previous registration(org.hibernate.dialect.H2DurationIntervalSecondJdbcType@7993b40c)
2023-07-27 00:11:48,704 DEBUG [ForkJoinPool.commonPool-worker-1] o.h.t.s.TypeConfiguration$Scope [TypeConfiguration.java:191] - Scoping TypeConfiguration [org.hibernate.type.spi.TypeConfiguration@13006588] to MetadataBuildingContext [org.hibernate.boot.internal.MetadataBuildingContextRootImpl@4c08c451]
2023-07-27 00:11:48,749 DEBUG [ForkJoinPool.commonPool-worker-1] o.h.b.m.r.Namespace [Namespace.java:64] - Created database namespace [logicalName=Name{catalog=null, schema=null}, physicalName=Name{catalog=null, schema=null}]
2023-07-27 00:11:48,794 DEBUG [ForkJoinPool.commonPool-worker-1] o.h.b.m.i.EntityBinder [EntityBinder.java:206] - Binding entity from annotated class: de.fhdw.freefeser.app.databases.entities.AppChatbot
2023-07-27 00:11:48,806 DEBUG [ForkJoinPool.commonPool-worker-1] o.h.b.m.i.EntityBinder [EntityBinder.java:1224] - Import with entity name AppChatbot
2023-07-27 00:11:48,818 DEBUG [ForkJoinPool.commonPool-worker-1] o.h.b.m.i.EntityBinder [EntityBinder.java:1769] - Bind entity de.fhdw.freefeser.app.databases.entities.AppChatbot on table AppChatbot
2023-07-27 00:11:48,830 DEBUG [ForkJoinPool.commonPool-worker-1] o.h.b.m.i.AnnotatedColumn [AnnotatedColumn.java:249] - Binding column: AnnotatedDiscriminatorColumn(column='DTYPE')
2023-07-27 00:11:48,861 DEBUG [ForkJoinPool.commonPool-worker-1] o.h.b.m.i.AnnotatedColumn [AnnotatedColumn.java:249] - Binding column: AnnotatedColumn()
2023-07-27 00:11:48,862 DEBUG [ForkJoinPool.commonPool-worker-1] o.h.b.i.ClassLoaderAccessImpl [ClassLoaderAccessImpl.java:60] - Not known whether passed class name [de.fhdw.freefeser.app.databases.entities.AppChatbot] is safe
2023-07-27 00:11:48,863 DEBUG [ForkJoinPool.commonPool-worker-1] o.h.b.i.ClassLoaderAccessImpl [ClassLoaderAccessImpl.java:62] - No temp ClassLoader provided; using live ClassLoader for loading potentially unsafe class : de.fhdw.freefeser.app.databases.entities.AppChatbot
2023-07-27 00:11:48,869 DEBUG [ForkJoinPool.commonPool-worker-1] o.h.b.m.i.PropertyBinder [PropertyBinder.java:248] - MetadataSourceProcessor property id with lazy=false
2023-07-27 00:11:48,877 DEBUG [ForkJoinPool.commonPool-worker-1] o.h.b.m.i.AbstractPropertyHolder [AbstractPropertyHolder.java:107] - Attempting to locate auto-apply AttributeConverter for property [de.fhdw.freefeser.app.databases.entities.AppChatbot:id]
2023-07-27 00:11:48,886 DEBUG [ForkJoinPool.commonPool-worker-1] o.h.b.m.i.BasicValueBinder [BasicValueBinder.java:1196] - building BasicValue for id
2023-07-27 00:11:48,896 DEBUG [ForkJoinPool.commonPool-worker-1] o.h.m.BasicValue [BasicValue.java:259] - Skipping column re-registration: AppChatbot.id
2023-07-27 00:11:48,899 DEBUG [ForkJoinPool.commonPool-worker-1] o.h.b.m.i.PropertyBinder [PropertyBinder.java:388] - Building property id
2023-07-27 00:11:48,905 DEBUG [ForkJoinPool.commonPool-worker-1] o.h.b.m.i.BinderHelper [GeneratorBinder.java:73] - #makeIdGenerator(BasicValue([Column(id)]), id, org.hibernate.id.UUIDGenerator, , ...)
2023-07-27 00:11:48,908 DEBUG [ForkJoinPool.commonPool-worker-1] o.h.b.m.i.AnnotatedColumn [AnnotatedColumn.java:249] - Binding column: AnnotatedColumn()
2023-07-27 00:11:48,909 DEBUG [ForkJoinPool.commonPool-worker-1] o.h.b.m.i.PropertyBinder [PropertyBinder.java:248] - MetadataSourceProcessor property active with lazy=false
2023-07-27 00:11:48,910 DEBUG [ForkJoinPool.commonPool-worker-1] o.h.b.m.i.AbstractPropertyHolder [AbstractPropertyHolder.java:107] - Attempting to locate auto-apply AttributeConverter for property [de.fhdw.freefeser.app.databases.entities.AppChatbot:active]
2023-07-27 00:11:48,910 DEBUG [ForkJoinPool.commonPool-worker-1] o.h.b.m.i.BasicValueBinder [BasicValueBinder.java:1196] - building BasicValue for active
2023-07-27 00:11:48,911 DEBUG [ForkJoinPool.commonPool-worker-1] o.h.m.BasicValue [BasicValue.java:259] - Skipping column re-registration: AppChatbot.active
2023-07-27 00:11:48,912 DEBUG [ForkJoinPool.commonPool-worker-1] o.h.b.m.i.PropertyBinder [PropertyBinder.java:388] - Building property active
2023-07-27 00:11:48,914 DEBUG [ForkJoinPool.commonPool-worker-1] o.h.b.m.i.AnnotatedColumn [AnnotatedColumn.java:249] - Binding column: AnnotatedColumn()
2023-07-27 00:11:48,915 DEBUG [ForkJoinPool.commonPool-worker-1] o.h.b.m.i.PropertyBinder [PropertyBinder.java:248] - MetadataSourceProcessor property botname with lazy=false
2023-07-27 00:11:48,915 DEBUG [ForkJoinPool.commonPool-worker-1] o.h.b.m.i.AbstractPropertyHolder [AbstractPropertyHolder.java:107] - Attempting to locate auto-apply AttributeConverter for property [de.fhdw.freefeser.app.databases.entities.AppChatbot:botname]
2023-07-27 00:11:48,916 DEBUG [ForkJoinPool.commonPool-worker-1] o.h.b.m.i.BasicValueBinder [BasicValueBinder.java:1196] - building BasicValue for botname
2023-07-27 00:11:48,916 DEBUG [ForkJoinPool.commonPool-worker-1] o.h.m.BasicValue [BasicValue.java:259] - Skipping column re-registration: AppChatbot.botname
2023-07-27 00:11:48,917 DEBUG [ForkJoinPool.commonPool-worker-1] o.h.b.m.i.PropertyBinder [PropertyBinder.java:388] - Building property botname
2023-07-27 00:11:48,931 DEBUG [ForkJoinPool.commonPool-worker-1] o.h.b.m.i.EntityBinder [EntityBinder.java:206] - Binding entity from annotated class: de.fhdw.freefeser.app.databases.entities.AppChatMessage
2023-07-27 00:11:48,931 DEBUG [ForkJoinPool.commonPool-worker-1] o.h.b.m.i.EntityBinder [EntityBinder.java:1224] - Import with entity name AppChatMessage
2023-07-27 00:11:48,932 DEBUG [ForkJoinPool.commonPool-worker-1] o.h.b.m.i.EntityBinder [EntityBinder.java:1769] - Bind entity de.fhdw.freefeser.app.databases.entities.AppChatMessage on table AppChatMessage
2023-07-27 00:11:48,934 DEBUG [ForkJoinPool.commonPool-worker-1] o.h.b.m.i.AnnotatedColumn [AnnotatedColumn.java:249] - Binding column: AnnotatedDiscriminatorColumn(column='DTYPE')
2023-07-27 00:11:48,944 DEBUG [ForkJoinPool.commonPool-worker-1] o.h.b.m.i.AnnotatedColumn [AnnotatedColumn.java:249] - Binding column: AnnotatedColumn(column='id')
2023-07-27 00:11:48,944 DEBUG [ForkJoinPool.commonPool-worker-1] o.h.b.i.ClassLoaderAccessImpl [ClassLoaderAccessImpl.java:60] - Not known whether passed class name [de.fhdw.freefeser.app.databases.entities.AppChatMessage] is safe
2023-07-27 00:11:48,944 DEBUG [ForkJoinPool.commonPool-worker-1] o.h.b.i.ClassLoaderAccessImpl [ClassLoaderAccessImpl.java:62] - No temp ClassLoader provided; using live ClassLoader for loading potentially unsafe class : de.fhdw.freefeser.app.databases.entities.AppChatMessage
2023-07-27 00:11:48,944 DEBUG [ForkJoinPool.commonPool-worker-1] o.h.b.m.i.PropertyBinder [PropertyBinder.java:248] - MetadataSourceProcessor property id with lazy=false
2023-07-27 00:11:48,944 DEBUG [ForkJoinPool.commonPool-worker-1] o.h.b.m.i.AbstractPropertyHolder [AbstractPropertyHolder.java:107] - Attempting to locate auto-apply AttributeConverter for property [de.fhdw.freefeser.app.databases.entities.AppChatMessage:id]
2023-07-27 00:11:48,945 DEBUG [ForkJoinPool.commonPool-worker-1] o.h.b.m.i.BasicValueBinder [BasicValueBinder.java:1196] - building BasicValue for id
2023-07-27 00:11:48,945 DEBUG [ForkJoinPool.commonPool-worker-1] o.h.m.BasicValue [BasicValue.java:259] - Skipping column re-registration: AppChatMessage.id
2023-07-27 00:11:48,945 DEBUG [ForkJoinPool.commonPool-worker-1] o.h.b.m.i.PropertyBinder [PropertyBinder.java:388] - Building property id
2023-07-27 00:11:48,945 DEBUG [ForkJoinPool.commonPool-worker-1] o.h.b.m.i.BinderHelper [GeneratorBinder.java:73] - #makeIdGenerator(BasicValue([Column(id)]), id, org.hibernate.id.UUIDGenerator, , ...)
2023-07-27 00:11:48,948 DEBUG [ForkJoinPool.commonPool-worker-1] o.h.b.m.i.AnnotatedColumn [AnnotatedColumn.java:249] - Binding column: AnnotatedJoinColumn()
2023-07-27 00:11:48,948 DEBUG [ForkJoinPool.commonPool-worker-1] o.h.b.m.i.AnnotatedColumn [AnnotatedColumn.java:249] - Binding column: AnnotatedColumn()
2023-07-27 00:11:48,955 DEBUG [ForkJoinPool.commonPool-worker-1] o.h.b.m.i.PropertyBinder [PropertyBinder.java:388] - Building property chatbot
2023-07-27 00:11:48,956 DEBUG [ForkJoinPool.commonPool-worker-1] o.h.b.m.i.AnnotatedColumn [AnnotatedColumn.java:249] - Binding column: AnnotatedColumn(column='text')
2023-07-27 00:11:48,956 DEBUG [ForkJoinPool.commonPool-worker-1] o.h.b.m.i.PropertyBinder [PropertyBinder.java:248] - MetadataSourceProcessor property text with lazy=false
2023-07-27 00:11:48,957 DEBUG [ForkJoinPool.commonPool-worker-1] o.h.b.m.i.AbstractPropertyHolder [AbstractPropertyHolder.java:107] - Attempting to locate auto-apply AttributeConverter for property [de.fhdw.freefeser.app.databases.entities.AppChatMessage:text]
2023-07-27 00:11:48,957 DEBUG [ForkJoinPool.commonPool-worker-1] o.h.b.m.i.BasicValueBinder [BasicValueBinder.java:1196] - building BasicValue for text
2023-07-27 00:11:48,957 DEBUG [ForkJoinPool.commonPool-worker-1] o.h.m.BasicValue [BasicValue.java:259] - Skipping column re-registration: AppChatMessage.text
2023-07-27 00:11:48,957 DEBUG [ForkJoinPool.commonPool-worker-1] o.h.b.m.i.PropertyBinder [PropertyBinder.java:388] - Building property text
2023-07-27 00:11:48,958 DEBUG [ForkJoinPool.commonPool-worker-1] o.h.b.m.i.AnnotatedColumn [AnnotatedColumn.java:249] - Binding column: AnnotatedColumn(column='timestamp')
2023-07-27 00:11:48,959 DEBUG [ForkJoinPool.commonPool-worker-1] o.h.b.m.i.PropertyBinder [PropertyBinder.java:248] - MetadataSourceProcessor property timestamp with lazy=false
2023-07-27 00:11:48,959 DEBUG [ForkJoinPool.commonPool-worker-1] o.h.b.m.i.AbstractPropertyHolder [AbstractPropertyHolder.java:107] - Attempting to locate auto-apply AttributeConverter for property [de.fhdw.freefeser.app.databases.entities.AppChatMessage:timestamp]
2023-07-27 00:11:48,960 DEBUG [ForkJoinPool.commonPool-worker-1] o.h.b.m.i.BasicValueBinder [BasicValueBinder.java:1196] - building BasicValue for timestamp
2023-07-27 00:11:48,960 DEBUG [ForkJoinPool.commonPool-worker-1] o.h.m.BasicValue [BasicValue.java:259] - Skipping column re-registration: AppChatMessage.timestamp
2023-07-27 00:11:48,960 DEBUG [ForkJoinPool.commonPool-worker-1] o.h.b.m.i.PropertyBinder [PropertyBinder.java:388] - Building property timestamp
2023-07-27 00:11:48,960 DEBUG [ForkJoinPool.commonPool-worker-1] o.h.b.m.i.AnnotatedColumn [AnnotatedColumn.java:249] - Binding column: AnnotatedJoinColumn()
2023-07-27 00:11:48,960 DEBUG [ForkJoinPool.commonPool-worker-1] o.h.b.m.i.AnnotatedColumn [AnnotatedColumn.java:249] - Binding column: AnnotatedColumn()
2023-07-27 00:11:48,961 DEBUG [ForkJoinPool.commonPool-worker-1] o.h.b.m.i.PropertyBinder [PropertyBinder.java:388] - Building property user
2023-07-27 00:11:48,961 DEBUG [ForkJoinPool.commonPool-worker-1] o.h.b.m.i.EntityBinder [EntityBinder.java:206] - Binding entity from annotated class: de.fhdw.freefeser.app.databases.entities.AppUser
2023-07-27 00:11:48,962 DEBUG [ForkJoinPool.commonPool-worker-1] o.h.b.m.i.EntityBinder [EntityBinder.java:1224] - Import with entity name AppUser
2023-07-27 00:11:48,962 DEBUG [ForkJoinPool.commonPool-worker-1] o.h.b.m.i.EntityBinder [EntityBinder.java:1769] - Bind entity de.fhdw.freefeser.app.databases.entities.AppUser on table AppUser
2023-07-27 00:11:48,963 DEBUG [ForkJoinPool.commonPool-worker-1] o.h.b.m.i.AnnotatedColumn [AnnotatedColumn.java:249] - Binding column: AnnotatedDiscriminatorColumn(column='DTYPE')
2023-07-27 00:11:48,964 DEBUG [ForkJoinPool.commonPool-worker-1] o.h.b.m.i.AnnotatedColumn [AnnotatedColumn.java:249] - Binding column: AnnotatedColumn()
2023-07-27 00:11:48,964 DEBUG [ForkJoinPool.commonPool-worker-1] o.h.b.i.ClassLoaderAccessImpl [ClassLoaderAccessImpl.java:60] - Not known whether passed class name [de.fhdw.freefeser.app.databases.entities.AppUser] is safe
2023-07-27 00:11:48,964 DEBUG [ForkJoinPool.commonPool-worker-1] o.h.b.i.ClassLoaderAccessImpl [ClassLoaderAccessImpl.java:62] - No temp ClassLoader provided; using live ClassLoader for loading potentially unsafe class : de.fhdw.freefeser.app.databases.entities.AppUser
2023-07-27 00:11:48,964 DEBUG [ForkJoinPool.commonPool-worker-1] o.h.b.m.i.PropertyBinder [PropertyBinder.java:248] - MetadataSourceProcessor property id with lazy=false
2023-07-27 00:11:48,964 DEBUG [ForkJoinPool.commonPool-worker-1] o.h.b.m.i.AbstractPropertyHolder [AbstractPropertyHolder.java:107] - Attempting to locate auto-apply AttributeConverter for property [de.fhdw.freefeser.app.databases.entities.AppUser:id]
2023-07-27 00:11:48,965 DEBUG [ForkJoinPool.commonPool-worker-1] o.h.b.m.i.BasicValueBinder [BasicValueBinder.java:1196] - building BasicValue for id
2023-07-27 00:11:48,965 DEBUG [ForkJoinPool.commonPool-worker-1] o.h.m.BasicValue [BasicValue.java:259] - Skipping column re-registration: AppUser.id
2023-07-27 00:11:48,965 DEBUG [ForkJoinPool.commonPool-worker-1] o.h.b.m.i.PropertyBinder [PropertyBinder.java:388] - Building property id
2023-07-27 00:11:48,965 DEBUG [ForkJoinPool.commonPool-worker-1] o.h.b.m.i.BinderHelper [GeneratorBinder.java:73] - #makeIdGenerator(BasicValue([Column(id)]), id, org.hibernate.id.UUIDGenerator, , ...)
2023-07-27 00:11:48,965 DEBUG [ForkJoinPool.commonPool-worker-1] o.h.b.m.i.AnnotatedColumn [AnnotatedColumn.java:249] - Binding column: AnnotatedColumn()
2023-07-27 00:11:48,966 DEBUG [ForkJoinPool.commonPool-worker-1] o.h.b.m.i.PropertyBinder [PropertyBinder.java:248] - MetadataSourceProcessor property password with lazy=false
2023-07-27 00:11:48,966 DEBUG [ForkJoinPool.commonPool-worker-1] o.h.b.m.i.AbstractPropertyHolder [AbstractPropertyHolder.java:107] - Attempting to locate auto-apply AttributeConverter for property [de.fhdw.freefeser.app.databases.entities.AppUser:password]
2023-07-27 00:11:48,966 DEBUG [ForkJoinPool.commonPool-worker-1] o.h.b.m.i.BasicValueBinder [BasicValueBinder.java:1196] - building BasicValue for password
2023-07-27 00:11:48,966 DEBUG [ForkJoinPool.commonPool-worker-1] o.h.m.BasicValue [BasicValue.java:259] - Skipping column re-registration: AppUser.password
2023-07-27 00:11:48,966 DEBUG [ForkJoinPool.commonPool-worker-1] o.h.b.m.i.PropertyBinder [PropertyBinder.java:388] - Building property password
2023-07-27 00:11:48,966 DEBUG [ForkJoinPool.commonPool-worker-1] o.h.b.m.i.AnnotatedColumn [AnnotatedColumn.java:249] - Binding column: AnnotatedColumn()
2023-07-27 00:11:48,967 DEBUG [ForkJoinPool.commonPool-worker-1] o.h.b.m.i.PropertyBinder [PropertyBinder.java:248] - MetadataSourceProcessor property username with lazy=false
2023-07-27 00:11:48,967 DEBUG [ForkJoinPool.commonPool-worker-1] o.h.b.m.i.AbstractPropertyHolder [AbstractPropertyHolder.java:107] - Attempting to locate auto-apply AttributeConverter for property [de.fhdw.freefeser.app.databases.entities.AppUser:username]
2023-07-27 00:11:48,967 DEBUG [ForkJoinPool.commonPool-worker-1] o.h.b.m.i.BasicValueBinder [BasicValueBinder.java:1196] - building BasicValue for username
2023-07-27 00:11:48,967 DEBUG [ForkJoinPool.commonPool-worker-1] o.h.m.BasicValue [BasicValue.java:259] - Skipping column re-registration: AppUser.username
2023-07-27 00:11:48,967 DEBUG [ForkJoinPool.commonPool-worker-1] o.h.b.m.i.PropertyBinder [PropertyBinder.java:388] - Building property username
2023-07-27 00:11:48,969 DEBUG [ForkJoinPool.commonPool-worker-1] o.h.b.m.i.BasicValueBinder [BasicValueBinder.java:1270] - Starting `BasicValueBinder#fillSimpleValue` for id
2023-07-27 00:11:48,970 DEBUG [ForkJoinPool.commonPool-worker-1] o.h.b.m.i.BasicValueBinder [BasicValueBinder.java:1270] - Starting `BasicValueBinder#fillSimpleValue` for active
2023-07-27 00:11:48,971 DEBUG [ForkJoinPool.commonPool-worker-1] o.h.b.m.i.BasicValueBinder [BasicValueBinder.java:1270] - Starting `BasicValueBinder#fillSimpleValue` for botname
2023-07-27 00:11:48,971 DEBUG [ForkJoinPool.commonPool-worker-1] o.h.b.m.i.BasicValueBinder [BasicValueBinder.java:1270] - Starting `BasicValueBinder#fillSimpleValue` for id
2023-07-27 00:11:48,971 DEBUG [ForkJoinPool.commonPool-worker-1] o.h.b.m.i.BasicValueBinder [BasicValueBinder.java:1270] - Starting `BasicValueBinder#fillSimpleValue` for text
2023-07-27 00:11:48,971 DEBUG [ForkJoinPool.commonPool-worker-1] o.h.b.m.i.BasicValueBinder [BasicValueBinder.java:1270] - Starting `BasicValueBinder#fillSimpleValue` for timestamp
2023-07-27 00:11:48,971 DEBUG [ForkJoinPool.commonPool-worker-1] o.h.b.m.i.BasicValueBinder [BasicValueBinder.java:1270] - Starting `BasicValueBinder#fillSimpleValue` for id
2023-07-27 00:11:48,971 DEBUG [ForkJoinPool.commonPool-worker-1] o.h.b.m.i.BasicValueBinder [BasicValueBinder.java:1270] - Starting `BasicValueBinder#fillSimpleValue` for password
2023-07-27 00:11:48,971 DEBUG [ForkJoinPool.commonPool-worker-1] o.h.b.m.i.BasicValueBinder [BasicValueBinder.java:1270] - Starting `BasicValueBinder#fillSimpleValue` for username
2023-07-27 00:11:48,981 DEBUG [ForkJoinPool.commonPool-worker-1] o.h.m.PrimaryKey [PrimaryKey.java:40] - Forcing column [id] to be non-null as it is part of the primary key for table [appchatbot]
2023-07-27 00:11:48,982 DEBUG [ForkJoinPool.commonPool-worker-1] o.h.m.PrimaryKey [PrimaryKey.java:40] - Forcing column [id] to be non-null as it is part of the primary key for table [appchatmessage]
2023-07-27 00:11:48,982 DEBUG [ForkJoinPool.commonPool-worker-1] o.h.m.PrimaryKey [PrimaryKey.java:40] - Forcing column [id] to be non-null as it is part of the primary key for table [appuser]
2023-07-27 00:11:48,985 DEBUG [ForkJoinPool.commonPool-worker-1] o.h.b.i.InFlightMetadataCollectorImpl [InFlightMetadataCollectorImpl.java:1991] - Resolving reference to class: de.fhdw.freefeser.app.databases.entities.AppChatbot
2023-07-27 00:11:48,989 DEBUG [ForkJoinPool.commonPool-worker-1] o.h.b.i.InFlightMetadataCollectorImpl [InFlightMetadataCollectorImpl.java:1991] - Resolving reference to class: de.fhdw.freefeser.app.databases.entities.AppUser
