2023-07-27 00:25:13,353 DEBUG [ForkJoinPool.commonPool-worker-1] o.j.logging [LoggerProviders.java:152] - Logging Provider: org.jboss.logging.Slf4jLoggerProvider
2023-07-27 00:25:13,375 DEBUG [ForkJoinPool.commonPool-worker-1] o.h.i.i.IntegratorServiceImpl [IntegratorServiceImpl.java:45] - Adding Integrator [org.hibernate.boot.beanvalidation.BeanValidationIntegrator].
2023-07-27 00:25:13,381 DEBUG [ForkJoinPool.commonPool-worker-1] o.h.i.i.IntegratorServiceImpl [IntegratorServiceImpl.java:45] - Adding Integrator [org.hibernate.cache.internal.CollectionCacheInvalidator].
2023-07-27 00:25:13,415 INFO [ForkJoinPool.commonPool-worker-1] o.h.Version [Version.java:44] - HHH000412: Hibernate ORM core version 6.2.6.Final
2023-07-27 00:25:13,422 DEBUG [ForkJoinPool.commonPool-worker-1] o.h.c.Environment [Environment.java:174] - HHH000206: hibernate.properties not found
2023-07-27 00:25:13,424 INFO [ForkJoinPool.commonPool-worker-1] o.h.c.Environment [Environment.java:191] - HHH000406: Using bytecode reflection optimizer
2023-07-27 00:25:13,473 DEBUG [ForkJoinPool.commonPool-worker-1] o.h.b.j.i.s.LocalXmlResourceResolver [LocalXmlResourceResolver.java:86] - Checking public/system identifiers `-//Hibernate/Hibernate Configuration DTD 3.0//EN`/`http://www.hibernate.org/dtd/hibernate-configuration-3.0.dtd` as DTD references
2023-07-27 00:25:13,479 DEBUG [ForkJoinPool.commonPool-worker-1] o.h.b.c.i.JaxbCfgProcessor [JaxbCfgProcessor.java:115] - cfg.xml document did not define namespaces; wrapping in custom event reader to introduce namespace information
2023-07-27 00:25:13,858 DEBUG [ForkJoinPool.commonPool-worker-1] o.h.o.i.factory [StandardIdentifierGeneratorFactory.java:94] - Ignoring CDI for resolving IdentifierGenerator instances as extended or delayed CDI support was enabled
2023-07-27 00:25:13,864 DEBUG [ForkJoinPool.commonPool-worker-1] o.h.o.i.factory [StandardIdentifierGeneratorFactory.java:170] - Registering IdentifierGenerator strategy [uuid2] -> [org.hibernate.id.UUIDGenerator]
2023-07-27 00:25:13,865 DEBUG [ForkJoinPool.commonPool-worker-1] o.h.o.i.factory [StandardIdentifierGeneratorFactory.java:170] - Registering IdentifierGenerator strategy [guid] -> [org.hibernate.id.GUIDGenerator]
2023-07-27 00:25:13,866 DEBUG [ForkJoinPool.commonPool-worker-1] o.h.o.i.factory [StandardIdentifierGeneratorFactory.java:170] - Registering IdentifierGenerator strategy [uuid] -> [org.hibernate.id.UUIDHexGenerator]
2023-07-27 00:25:13,866 DEBUG [ForkJoinPool.commonPool-worker-1] o.h.o.i.factory [StandardIdentifierGeneratorFactory.java:170] - Registering IdentifierGenerator strategy [uuid.hex] -> [org.hibernate.id.UUIDHexGenerator]
2023-07-27 00:25:13,867 DEBUG [ForkJoinPool.commonPool-worker-1] o.h.o.i.factory [StandardIdentifierGeneratorFactory.java:170] - Registering IdentifierGenerator strategy [assigned] -> [org.hibernate.id.Assigned]
2023-07-27 00:25:13,868 DEBUG [ForkJoinPool.commonPool-worker-1] o.h.o.i.factory [StandardIdentifierGeneratorFactory.java:170] - Registering IdentifierGenerator strategy [identity] -> [org.hibernate.id.IdentityGenerator]
2023-07-27 00:25:13,869 DEBUG [ForkJoinPool.commonPool-worker-1] o.h.o.i.factory [StandardIdentifierGeneratorFactory.java:170] - Registering IdentifierGenerator strategy [select] -> [org.hibernate.id.SelectGenerator]
2023-07-27 00:25:13,870 DEBUG [ForkJoinPool.commonPool-worker-1] o.h.o.i.factory [StandardIdentifierGeneratorFactory.java:170] - Registering IdentifierGenerator strategy [sequence] -> [org.hibernate.id.enhanced.SequenceStyleGenerator]
2023-07-27 00:25:13,871 DEBUG [ForkJoinPool.commonPool-worker-1] o.h.o.i.factory [StandardIdentifierGeneratorFactory.java:170] - Registering IdentifierGenerator strategy [increment] -> [org.hibernate.id.IncrementGenerator]
2023-07-27 00:25:13,872 DEBUG [ForkJoinPool.commonPool-worker-1] o.h.o.i.factory [StandardIdentifierGeneratorFactory.java:170] - Registering IdentifierGenerator strategy [foreign] -> [org.hibernate.id.ForeignGenerator]
2023-07-27 00:25:13,872 DEBUG [ForkJoinPool.commonPool-worker-1] o.h.o.i.factory [StandardIdentifierGeneratorFactory.java:170] - Registering IdentifierGenerator strategy [enhanced-sequence] -> [org.hibernate.id.enhanced.SequenceStyleGenerator]
2023-07-27 00:25:13,874 DEBUG [ForkJoinPool.commonPool-worker-1] o.h.o.i.factory [StandardIdentifierGeneratorFactory.java:170] - Registering IdentifierGenerator strategy [enhanced-table] -> [org.hibernate.id.enhanced.TableGenerator]
2023-07-27 00:25:13,888 DEBUG [ForkJoinPool.commonPool-worker-1] o.h.c.i.RegionFactoryInitiator [RegionFactoryInitiator.java:117] - Cannot default RegionFactory based on registered strategies as `[]` RegionFactory strategies were registered
2023-07-27 00:25:13,890 DEBUG [ForkJoinPool.commonPool-worker-1] o.h.c.i.RegionFactoryInitiator [RegionFactoryInitiator.java:49] - Cache region factory : org.hibernate.cache.internal.NoCachingRegionFactory
