2023-07-27 00:02:45,074 DEBUG [ForkJoinPool.commonPool-worker-2] o.h.o.s.a.create [SqlAliasBaseImpl.java:34] - Created new SQL alias : a1_0
2023-07-27 00:02:45,077 DEBUG [ForkJoinPool.commonPool-worker-2] o.h.o.s.a.create [SimpleFromClauseAccessImpl.java:98] - Registration of TableGroup [StandardTableGroup(de.fhdw.freefeser.app.databases.entities.AppUser(u))] with identifierForTableGroup [de.fhdw.freefeser.app.databases.entities.AppUser] for NavigablePath [de.fhdw.freefeser.app.databases.entities.AppUser] 
2023-07-27 00:02:45,091 DEBUG [ForkJoinPool.commonPool-worker-2] o.h.q.s.s.BaseSqmToSqlAstConverter [BaseSqmToSqlAstConverter.java:5718] - Determining mapping-model type for SqmParameter : SqmNamedParameter(username)
2023-07-27 00:02:45,094 DEBUG [ForkJoinPool.commonPool-worker-2] o.h.q.s.s.BaseSqmToSqlAstConverter [BaseSqmToSqlAstConverter.java:5608] - Determining mapping-model type for SqmPath : SqmBasicValuedSimplePath(de.fhdw.freefeser.app.databases.entities.AppUser(u).username) 
2023-07-27 00:02:45,101 DEBUG [ForkJoinPool.commonPool-worker-2] o.h.o.r.g.AST [DomainResultGraphPrinter.java:70] - DomainResult Graph:
 \-EntityResultImpl [de.fhdw.freefeser.app.databases.entities.AppUser(u)]
 |  +-BasicFetch [de.fhdw.freefeser.app.databases.entities.AppUser(u).password]
 |  \-BasicFetch [de.fhdw.freefeser.app.databases.entities.AppUser(u).username]

2023-07-27 00:02:45,101 DEBUG [ForkJoinPool.commonPool-worker-2] o.h.o.s.a.tree [SqlTreePrinter.java:46] - SQL AST Tree:
    SelectStatement {
      FromClause {
        StandardTableGroup (a1 : de.fhdw.freefeser.app.databases.entities.AppUser(u)) {
          primaryTableReference : AppUser as a1_0
        }
      }
    }

2023-07-27 00:02:45,113 DEBUG [ForkJoinPool.commonPool-worker-2] o.h.o.s.exec [JdbcSelectExecutorStandardImpl.java:455] - Skipping reading Query result cache data: cache-enabled = false, cache-mode = NORMAL
2023-07-27 00:02:45,122 DEBUG [ForkJoinPool.commonPool-worker-2] o.h.o.results [ResultsHelper.java:148] - Initializer list
2023-07-27 00:02:45,124 DEBUG [ForkJoinPool.commonPool-worker-2] o.h.o.results [ResultsHelper.java:150] -     de.fhdw.freefeser.app.databases.entities.AppUser(u) -> EntityResultInitializer(de.fhdw.freefeser.app.databases.entities.AppUser(u))@908725978 (SingleTableEntityPersister(de.fhdw.freefeser.app.databases.entities.AppUser))
2023-07-27 00:02:45,128 DEBUG [ForkJoinPool.commonPool-worker-2] o.h.SQL [SqlStatementLogger.java:133] - 
    /* 
FROM
    AppUser u 
WHERE
    u.username = :username */ select
        a1_0.id,
        a1_0.password,
        a1_0.username 
    from
        AppUser a1_0 
    where
        a1_0.username=?
2023-07-27 00:02:45,132 DEBUG [ForkJoinPool.commonPool-worker-2] o.h.o.results [BasicResultAssembler.java:62] - Extracted JDBC value [0] - [4a4ade9b-b889-47b4-9167-3d3396f77540]
2023-07-27 00:02:45,132 DEBUG [ForkJoinPool.commonPool-worker-2] o.h.o.r.l.entity [AbstractEntityInitializer.java:299] - (EntityResultInitializer) Hydrated EntityKey (de.fhdw.freefeser.app.databases.entities.AppUser(u)): 4a4ade9b-b889-47b4-9167-3d3396f77540
2023-07-27 00:02:45,134 DEBUG [ForkJoinPool.commonPool-worker-2] o.h.o.r.l.entity [AbstractEntityInitializer.java:678] - (EntityResultInitializer) Created new entity instance [de.fhdw.freefeser.app.databases.entities.AppUser(u)#4a4ade9b-b889-47b4-9167-3d3396f77540] : 1941196057
2023-07-27 00:02:45,134 DEBUG [ForkJoinPool.commonPool-worker-2] o.h.o.results [BasicResultAssembler.java:62] - Extracted JDBC value [1] - [password1]
2023-07-27 00:02:45,134 DEBUG [ForkJoinPool.commonPool-worker-2] o.h.o.results [BasicResultAssembler.java:62] - Extracted JDBC value [2] - [user1]
2023-07-27 00:02:45,135 DEBUG [ForkJoinPool.commonPool-worker-2] o.h.o.r.l.entity [AbstractEntityInitializer.java:878] - (EntityResultInitializer) Done materializing entityInstance : de.fhdw.freefeser.app.databases.entities.AppUser(u)#4a4ade9b-b889-47b4-9167-3d3396f77540
2023-07-27 00:02:45,135 DEBUG [ForkJoinPool.commonPool-worker-2] o.h.o.r.loading [StandardRowReader.java:93] - Calling top-level assembler (0 / 1) : org.hibernate.sql.results.graph.entity.internal.EntityAssembler@5adef061
2023-07-27 00:02:45,135 DEBUG [ForkJoinPool.commonPool-worker-2] o.h.o.results [BasicResultAssembler.java:62] - Extracted JDBC value [0] - [8fa8ae0a-ab3b-4477-a232-9cb0bdccd933]
2023-07-27 00:02:45,135 DEBUG [ForkJoinPool.commonPool-worker-2] o.h.o.r.l.entity [AbstractEntityInitializer.java:299] - (EntityResultInitializer) Hydrated EntityKey (de.fhdw.freefeser.app.databases.entities.AppUser(u)): 8fa8ae0a-ab3b-4477-a232-9cb0bdccd933
2023-07-27 00:02:45,136 DEBUG [ForkJoinPool.commonPool-worker-2] o.h.o.r.l.entity [AbstractEntityInitializer.java:678] - (EntityResultInitializer) Created new entity instance [de.fhdw.freefeser.app.databases.entities.AppUser(u)#8fa8ae0a-ab3b-4477-a232-9cb0bdccd933] : 1039039562
2023-07-27 00:02:45,136 DEBUG [ForkJoinPool.commonPool-worker-2] o.h.o.results [BasicResultAssembler.java:62] - Extracted JDBC value [1] - [password1]
2023-07-27 00:02:45,136 DEBUG [ForkJoinPool.commonPool-worker-2] o.h.o.results [BasicResultAssembler.java:62] - Extracted JDBC value [2] - [user1]
2023-07-27 00:02:45,136 DEBUG [ForkJoinPool.commonPool-worker-2] o.h.o.r.l.entity [AbstractEntityInitializer.java:878] - (EntityResultInitializer) Done materializing entityInstance : de.fhdw.freefeser.app.databases.entities.AppUser(u)#8fa8ae0a-ab3b-4477-a232-9cb0bdccd933
2023-07-27 00:02:45,136 DEBUG [ForkJoinPool.commonPool-worker-2] o.h.o.r.loading [StandardRowReader.java:93] - Calling top-level assembler (0 / 1) : org.hibernate.sql.results.graph.entity.internal.EntityAssembler@5adef061
2023-07-27 00:02:45,137 DEBUG [ForkJoinPool.commonPool-worker-2] o.h.r.j.i.LogicalConnectionManagedImpl [LogicalConnectionManagedImpl.java:179] - Initiating JDBC connection release from afterTransaction
2023-07-27 00:02:45,137 DEBUG [ForkJoinPool.commonPool-worker-2] o.h.r.j.i.LogicalConnectionManagedImpl [LogicalConnectionManagedImpl.java:179] - Initiating JDBC connection release from afterTransaction
